[2024-12-08T05:19:26.409+0000] {local_task_job_runner.py:123} INFO - ::group::Pre task execution logs
[2024-12-08T05:19:26.466+0000] {taskinstance.py:2613} INFO - Dependencies all met for dep_context=non-requeueable deps ti=<TaskInstance: fetch_and_store_amazon_books.fetch_book_data scheduled__2024-10-23T00:00:00+00:00 [queued]>
[2024-12-08T05:19:26.504+0000] {taskinstance.py:2613} INFO - Dependencies all met for dep_context=requeueable deps ti=<TaskInstance: fetch_and_store_amazon_books.fetch_book_data scheduled__2024-10-23T00:00:00+00:00 [queued]>
[2024-12-08T05:19:26.507+0000] {taskinstance.py:2866} INFO - Starting attempt 1 of 2
[2024-12-08T05:19:26.664+0000] {taskinstance.py:2889} INFO - Executing <Task(PythonOperator): fetch_book_data> on 2024-10-23 00:00:00+00:00
[2024-12-08T05:19:26.721+0000] {warnings.py:112} WARNING - /home/***/.local/lib/python3.12/site-packages/***/task/task_runner/standard_task_runner.py:70: DeprecationWarning: This process (pid=1773) is multi-threaded, use of fork() may lead to deadlocks in the child.
  pid = os.fork()

[2024-12-08T05:19:26.734+0000] {standard_task_runner.py:72} INFO - Started process 1799 to run task
[2024-12-08T05:19:26.746+0000] {standard_task_runner.py:104} INFO - Running: ['***', 'tasks', 'run', 'fetch_and_store_amazon_books', 'fetch_book_data', 'scheduled__2024-10-23T00:00:00+00:00', '--job-id', '385', '--raw', '--subdir', 'DAGS_FOLDER/app.py', '--cfg-path', '/tmp/tmpqqtvpgkg']
[2024-12-08T05:19:26.752+0000] {standard_task_runner.py:105} INFO - Job 385: Subtask fetch_book_data
[2024-12-08T05:19:26.957+0000] {task_command.py:467} INFO - Running <TaskInstance: fetch_and_store_amazon_books.fetch_book_data scheduled__2024-10-23T00:00:00+00:00 [running]> on host 2b2f4f7613f2
[2024-12-08T05:19:27.310+0000] {taskinstance.py:3132} INFO - Exporting env vars: AIRFLOW_CTX_DAG_OWNER='***' AIRFLOW_CTX_DAG_ID='fetch_and_store_amazon_books' AIRFLOW_CTX_TASK_ID='fetch_book_data' AIRFLOW_CTX_EXECUTION_DATE='2024-10-23T00:00:00+00:00' AIRFLOW_CTX_TRY_NUMBER='1' AIRFLOW_CTX_DAG_RUN_ID='scheduled__2024-10-23T00:00:00+00:00'
[2024-12-08T05:19:27.319+0000] {logging_mixin.py:190} INFO - Task instance is in running state
[2024-12-08T05:19:27.336+0000] {logging_mixin.py:190} INFO -  Previous state of the Task instance: queued
[2024-12-08T05:19:27.337+0000] {logging_mixin.py:190} INFO - Current task name:fetch_book_data state:running start_date:2024-12-08 05:19:26.470911+00:00
[2024-12-08T05:19:27.338+0000] {logging_mixin.py:190} INFO - Dag name:fetch_and_store_amazon_books and current dag run status:running
[2024-12-08T05:19:27.339+0000] {taskinstance.py:731} INFO - ::endgroup::
[2024-12-08T05:19:33.114+0000] {python.py:240} INFO - Done. Returned value was: None
[2024-12-08T05:19:33.131+0000] {taskinstance.py:340} INFO - ::group::Post task execution logs
[2024-12-08T05:19:33.132+0000] {taskinstance.py:352} INFO - Marking task as SUCCESS. dag_id=fetch_and_store_amazon_books, task_id=fetch_book_data, run_id=scheduled__2024-10-23T00:00:00+00:00, execution_date=20241023T000000, start_date=20241208T051926, end_date=20241208T051933
[2024-12-08T05:19:33.159+0000] {logging_mixin.py:190} INFO - Task instance in success state
[2024-12-08T05:19:33.160+0000] {logging_mixin.py:190} INFO -  Previous state of the Task instance: running
[2024-12-08T05:19:33.166+0000] {logging_mixin.py:190} INFO - Dag name:fetch_and_store_amazon_books queued_at:2024-12-08 05:19:22.257558+00:00
[2024-12-08T05:19:33.167+0000] {logging_mixin.py:190} INFO - Task hostname:2b2f4f7613f2 operator:PythonOperator
[2024-12-08T05:19:33.230+0000] {local_task_job_runner.py:266} INFO - Task exited with return code 0
[2024-12-08T05:19:33.299+0000] {taskinstance.py:3895} INFO - 1 downstream tasks scheduled from follow-on schedule check
[2024-12-08T05:19:33.308+0000] {local_task_job_runner.py:245} INFO - ::endgroup::
