[2024-12-08T05:16:18.438+0000] {local_task_job_runner.py:123} INFO - ::group::Pre task execution logs
[2024-12-08T05:16:18.478+0000] {taskinstance.py:2613} INFO - Dependencies all met for dep_context=non-requeueable deps ti=<TaskInstance: fetch_and_store_amazon_books.create_table scheduled__2024-08-03T00:00:00+00:00 [queued]>
[2024-12-08T05:16:18.497+0000] {taskinstance.py:2613} INFO - Dependencies all met for dep_context=requeueable deps ti=<TaskInstance: fetch_and_store_amazon_books.create_table scheduled__2024-08-03T00:00:00+00:00 [queued]>
[2024-12-08T05:16:18.498+0000] {taskinstance.py:2866} INFO - Starting attempt 1 of 2
[2024-12-08T05:16:18.532+0000] {taskinstance.py:2889} INFO - Executing <Task(PostgresOperator): create_table> on 2024-08-03 00:00:00+00:00
[2024-12-08T05:16:18.546+0000] {warnings.py:112} WARNING - /home/***/.local/lib/python3.12/site-packages/***/task/task_runner/standard_task_runner.py:70: DeprecationWarning: This process (pid=795) is multi-threaded, use of fork() may lead to deadlocks in the child.
  pid = os.fork()

[2024-12-08T05:16:18.549+0000] {standard_task_runner.py:72} INFO - Started process 805 to run task
[2024-12-08T05:16:18.550+0000] {standard_task_runner.py:104} INFO - Running: ['***', 'tasks', 'run', 'fetch_and_store_amazon_books', 'create_table', 'scheduled__2024-08-03T00:00:00+00:00', '--job-id', '149', '--raw', '--subdir', 'DAGS_FOLDER/app.py', '--cfg-path', '/tmp/tmpiwzjjxn2']
[2024-12-08T05:16:18.553+0000] {standard_task_runner.py:105} INFO - Job 149: Subtask create_table
[2024-12-08T05:16:18.637+0000] {task_command.py:467} INFO - Running <TaskInstance: fetch_and_store_amazon_books.create_table scheduled__2024-08-03T00:00:00+00:00 [running]> on host 2b2f4f7613f2
[2024-12-08T05:16:18.791+0000] {taskinstance.py:3132} INFO - Exporting env vars: AIRFLOW_CTX_DAG_OWNER='***' AIRFLOW_CTX_DAG_ID='fetch_and_store_amazon_books' AIRFLOW_CTX_TASK_ID='create_table' AIRFLOW_CTX_EXECUTION_DATE='2024-08-03T00:00:00+00:00' AIRFLOW_CTX_TRY_NUMBER='1' AIRFLOW_CTX_DAG_RUN_ID='scheduled__2024-08-03T00:00:00+00:00'
[2024-12-08T05:16:18.794+0000] {logging_mixin.py:190} INFO - Task instance is in running state
[2024-12-08T05:16:18.795+0000] {logging_mixin.py:190} INFO -  Previous state of the Task instance: queued
[2024-12-08T05:16:18.796+0000] {logging_mixin.py:190} INFO - Current task name:create_table state:running start_date:2024-12-08 05:16:18.479317+00:00
[2024-12-08T05:16:18.796+0000] {logging_mixin.py:190} INFO - Dag name:fetch_and_store_amazon_books and current dag run status:running
[2024-12-08T05:16:18.797+0000] {taskinstance.py:731} INFO - ::endgroup::
[2024-12-08T05:16:18.798+0000] {sql.py:278} INFO - Executing: 
    CREATE TABLE IF NOT EXISTS books (
        id SERIAL PRIMARY KEY,
        title TEXT NOT NULL,
        authors TEXT,
        price TEXT,
        rating TEXT
    );
    
[2024-12-08T05:16:18.812+0000] {base.py:84} INFO - Retrieving connection 'books_connection'
[2024-12-08T05:16:18.826+0000] {base.py:84} INFO - Retrieving connection 'books_connection'
[2024-12-08T05:16:18.832+0000] {sql.py:544} INFO - Running statement: 
    CREATE TABLE IF NOT EXISTS books (
        id SERIAL PRIMARY KEY,
        title TEXT NOT NULL,
        authors TEXT,
        price TEXT,
        rating TEXT
    );
    , parameters: None
[2024-12-08T05:16:18.853+0000] {taskinstance.py:340} INFO - ::group::Post task execution logs
[2024-12-08T05:16:18.854+0000] {taskinstance.py:352} INFO - Marking task as SUCCESS. dag_id=fetch_and_store_amazon_books, task_id=create_table, run_id=scheduled__2024-08-03T00:00:00+00:00, execution_date=20240803T000000, start_date=20241208T051618, end_date=20241208T051618
[2024-12-08T05:16:18.872+0000] {logging_mixin.py:190} INFO - Task instance in success state
[2024-12-08T05:16:18.873+0000] {logging_mixin.py:190} INFO -  Previous state of the Task instance: running
[2024-12-08T05:16:18.874+0000] {logging_mixin.py:190} INFO - Dag name:fetch_and_store_amazon_books queued_at:2024-12-08 05:16:03.480905+00:00
[2024-12-08T05:16:18.874+0000] {logging_mixin.py:190} INFO - Task hostname:2b2f4f7613f2 operator:PostgresOperator
[2024-12-08T05:16:18.928+0000] {local_task_job_runner.py:266} INFO - Task exited with return code 0
[2024-12-08T05:16:18.960+0000] {taskinstance.py:3895} INFO - 1 downstream tasks scheduled from follow-on schedule check
[2024-12-08T05:16:18.962+0000] {local_task_job_runner.py:245} INFO - ::endgroup::
