[2024-12-08T05:18:13.685+0000] {local_task_job_runner.py:123} INFO - ::group::Pre task execution logs
[2024-12-08T05:18:13.756+0000] {taskinstance.py:2613} INFO - Dependencies all met for dep_context=non-requeueable deps ti=<TaskInstance: fetch_and_store_amazon_books.fetch_book_data scheduled__2024-09-23T00:00:00+00:00 [queued]>
[2024-12-08T05:18:13.827+0000] {taskinstance.py:2613} INFO - Dependencies all met for dep_context=requeueable deps ti=<TaskInstance: fetch_and_store_amazon_books.fetch_book_data scheduled__2024-09-23T00:00:00+00:00 [queued]>
[2024-12-08T05:18:13.834+0000] {taskinstance.py:2866} INFO - Starting attempt 1 of 2
[2024-12-08T05:18:13.915+0000] {taskinstance.py:2889} INFO - Executing <Task(PythonOperator): fetch_book_data> on 2024-09-23 00:00:00+00:00
[2024-12-08T05:18:13.939+0000] {warnings.py:112} WARNING - /home/***/.local/lib/python3.12/site-packages/***/task/task_runner/standard_task_runner.py:70: DeprecationWarning: This process (pid=1398) is multi-threaded, use of fork() may lead to deadlocks in the child.
  pid = os.fork()

[2024-12-08T05:18:13.949+0000] {standard_task_runner.py:72} INFO - Started process 1426 to run task
[2024-12-08T05:18:13.957+0000] {standard_task_runner.py:104} INFO - Running: ['***', 'tasks', 'run', 'fetch_and_store_amazon_books', 'fetch_book_data', 'scheduled__2024-09-23T00:00:00+00:00', '--job-id', '294', '--raw', '--subdir', 'DAGS_FOLDER/app.py', '--cfg-path', '/tmp/tmp07l43hrw']
[2024-12-08T05:18:13.964+0000] {standard_task_runner.py:105} INFO - Job 294: Subtask fetch_book_data
[2024-12-08T05:18:14.111+0000] {task_command.py:467} INFO - Running <TaskInstance: fetch_and_store_amazon_books.fetch_book_data scheduled__2024-09-23T00:00:00+00:00 [running]> on host 2b2f4f7613f2
[2024-12-08T05:18:14.554+0000] {taskinstance.py:3132} INFO - Exporting env vars: AIRFLOW_CTX_DAG_OWNER='***' AIRFLOW_CTX_DAG_ID='fetch_and_store_amazon_books' AIRFLOW_CTX_TASK_ID='fetch_book_data' AIRFLOW_CTX_EXECUTION_DATE='2024-09-23T00:00:00+00:00' AIRFLOW_CTX_TRY_NUMBER='1' AIRFLOW_CTX_DAG_RUN_ID='scheduled__2024-09-23T00:00:00+00:00'
[2024-12-08T05:18:14.559+0000] {logging_mixin.py:190} INFO - Task instance is in running state
[2024-12-08T05:18:14.560+0000] {logging_mixin.py:190} INFO -  Previous state of the Task instance: queued
[2024-12-08T05:18:14.561+0000] {logging_mixin.py:190} INFO - Current task name:fetch_book_data state:running start_date:2024-12-08 05:18:13.763692+00:00
[2024-12-08T05:18:14.563+0000] {logging_mixin.py:190} INFO - Dag name:fetch_and_store_amazon_books and current dag run status:running
[2024-12-08T05:18:14.566+0000] {taskinstance.py:731} INFO - ::endgroup::
[2024-12-08T05:18:19.847+0000] {python.py:240} INFO - Done. Returned value was: None
[2024-12-08T05:18:19.871+0000] {taskinstance.py:340} INFO - ::group::Post task execution logs
[2024-12-08T05:18:19.878+0000] {taskinstance.py:352} INFO - Marking task as SUCCESS. dag_id=fetch_and_store_amazon_books, task_id=fetch_book_data, run_id=scheduled__2024-09-23T00:00:00+00:00, execution_date=20240923T000000, start_date=20241208T051813, end_date=20241208T051819
[2024-12-08T05:18:19.906+0000] {logging_mixin.py:190} INFO - Task instance in success state
[2024-12-08T05:18:19.909+0000] {logging_mixin.py:190} INFO -  Previous state of the Task instance: running
[2024-12-08T05:18:19.910+0000] {logging_mixin.py:190} INFO - Dag name:fetch_and_store_amazon_books queued_at:2024-12-08 05:18:08.214985+00:00
[2024-12-08T05:18:19.911+0000] {logging_mixin.py:190} INFO - Task hostname:2b2f4f7613f2 operator:PythonOperator
[2024-12-08T05:18:19.968+0000] {local_task_job_runner.py:266} INFO - Task exited with return code 0
[2024-12-08T05:18:20.049+0000] {taskinstance.py:3895} INFO - 1 downstream tasks scheduled from follow-on schedule check
[2024-12-08T05:18:20.063+0000] {local_task_job_runner.py:245} INFO - ::endgroup::
