[2024-12-08T05:13:15.093+0000] {processor.py:186} INFO - Started process (PID=1305) to work on /opt/airflow/dags/app.py
[2024-12-08T05:13:15.094+0000] {processor.py:914} INFO - Processing file /opt/airflow/dags/app.py for tasks to queue
[2024-12-08T05:13:15.096+0000] {logging_mixin.py:190} INFO - [2024-12-08T05:13:15.096+0000] {dagbag.py:588} INFO - Filling up the DagBag from /opt/airflow/dags/app.py
[2024-12-08T05:13:15.359+0000] {processor.py:925} INFO - DAG(s) 'fetch_and_store_amazon_books' retrieved from /opt/airflow/dags/app.py
[2024-12-08T05:13:15.493+0000] {logging_mixin.py:190} INFO - [2024-12-08T05:13:15.493+0000] {dag.py:3239} INFO - Sync 1 DAGs
[2024-12-08T05:13:15.517+0000] {logging_mixin.py:190} INFO - [2024-12-08T05:13:15.517+0000] {dag.py:4180} INFO - Setting next_dagrun for fetch_and_store_amazon_books to 2024-06-20 00:00:00+00:00, run_after=2024-06-21 00:00:00+00:00
[2024-12-08T05:13:15.543+0000] {processor.py:208} INFO - Processing /opt/airflow/dags/app.py took 0.457 seconds
[2024-12-08T05:13:45.979+0000] {processor.py:186} INFO - Started process (PID=1366) to work on /opt/airflow/dags/app.py
[2024-12-08T05:13:45.980+0000] {processor.py:914} INFO - Processing file /opt/airflow/dags/app.py for tasks to queue
[2024-12-08T05:13:45.982+0000] {logging_mixin.py:190} INFO - [2024-12-08T05:13:45.982+0000] {dagbag.py:588} INFO - Filling up the DagBag from /opt/airflow/dags/app.py
[2024-12-08T05:13:46.152+0000] {processor.py:925} INFO - DAG(s) 'fetch_and_store_amazon_books' retrieved from /opt/airflow/dags/app.py
[2024-12-08T05:13:46.174+0000] {logging_mixin.py:190} INFO - [2024-12-08T05:13:46.174+0000] {dag.py:3239} INFO - Sync 1 DAGs
[2024-12-08T05:13:46.202+0000] {logging_mixin.py:190} INFO - [2024-12-08T05:13:46.202+0000] {dag.py:4180} INFO - Setting next_dagrun for fetch_and_store_amazon_books to 2024-06-20 00:00:00+00:00, run_after=2024-06-21 00:00:00+00:00
[2024-12-08T05:13:46.224+0000] {processor.py:208} INFO - Processing /opt/airflow/dags/app.py took 0.253 seconds
[2024-12-08T05:13:49.881+0000] {processor.py:186} INFO - Started process (PID=1416) to work on /opt/airflow/dags/app.py
[2024-12-08T05:13:49.883+0000] {processor.py:914} INFO - Processing file /opt/airflow/dags/app.py for tasks to queue
[2024-12-08T05:13:49.886+0000] {logging_mixin.py:190} INFO - [2024-12-08T05:13:49.885+0000] {dagbag.py:588} INFO - Filling up the DagBag from /opt/airflow/dags/app.py
[2024-12-08T05:13:50.077+0000] {processor.py:925} INFO - DAG(s) 'fetch_and_store_amazon_books' retrieved from /opt/airflow/dags/app.py
[2024-12-08T05:13:50.204+0000] {logging_mixin.py:190} INFO - [2024-12-08T05:13:50.203+0000] {dag.py:3239} INFO - Sync 1 DAGs
[2024-12-08T05:13:50.229+0000] {logging_mixin.py:190} INFO - [2024-12-08T05:13:50.229+0000] {dag.py:4180} INFO - Setting next_dagrun for fetch_and_store_amazon_books to 2024-06-20 00:00:00+00:00, run_after=2024-06-21 00:00:00+00:00
[2024-12-08T05:13:50.253+0000] {processor.py:208} INFO - Processing /opt/airflow/dags/app.py took 0.385 seconds
[2024-12-08T05:14:31.044+0000] {processor.py:186} INFO - Started process (PID=1474) to work on /opt/airflow/dags/app.py
[2024-12-08T05:14:31.293+0000] {processor.py:914} INFO - Processing file /opt/airflow/dags/app.py for tasks to queue
[2024-12-08T05:14:31.295+0000] {logging_mixin.py:190} INFO - [2024-12-08T05:14:31.295+0000] {dagbag.py:588} INFO - Filling up the DagBag from /opt/airflow/dags/app.py
[2024-12-08T05:14:31.482+0000] {processor.py:925} INFO - DAG(s) 'fetch_and_store_amazon_books' retrieved from /opt/airflow/dags/app.py
[2024-12-08T05:14:31.511+0000] {logging_mixin.py:190} INFO - [2024-12-08T05:14:31.511+0000] {dag.py:3239} INFO - Sync 1 DAGs
[2024-12-08T05:14:31.609+0000] {processor.py:208} INFO - Processing /opt/airflow/dags/app.py took 0.573 seconds
[2024-12-08T05:15:01.688+0000] {processor.py:186} INFO - Started process (PID=1579) to work on /opt/airflow/dags/app.py
[2024-12-08T05:15:01.689+0000] {processor.py:914} INFO - Processing file /opt/airflow/dags/app.py for tasks to queue
[2024-12-08T05:15:01.691+0000] {logging_mixin.py:190} INFO - [2024-12-08T05:15:01.691+0000] {dagbag.py:588} INFO - Filling up the DagBag from /opt/airflow/dags/app.py
[2024-12-08T05:15:01.854+0000] {processor.py:925} INFO - DAG(s) 'fetch_and_store_amazon_books' retrieved from /opt/airflow/dags/app.py
[2024-12-08T05:15:01.878+0000] {logging_mixin.py:190} INFO - [2024-12-08T05:15:01.878+0000] {dag.py:3239} INFO - Sync 1 DAGs
[2024-12-08T05:15:01.912+0000] {logging_mixin.py:190} INFO - [2024-12-08T05:15:01.911+0000] {dag.py:4180} INFO - Setting next_dagrun for fetch_and_store_amazon_books to 2024-07-05 00:00:00+00:00, run_after=2024-07-06 00:00:00+00:00
[2024-12-08T05:15:01.937+0000] {processor.py:208} INFO - Processing /opt/airflow/dags/app.py took 0.257 seconds
[2024-12-08T05:15:32.016+0000] {processor.py:186} INFO - Started process (PID=1676) to work on /opt/airflow/dags/app.py
[2024-12-08T05:15:32.018+0000] {processor.py:914} INFO - Processing file /opt/airflow/dags/app.py for tasks to queue
[2024-12-08T05:15:32.021+0000] {logging_mixin.py:190} INFO - [2024-12-08T05:15:32.020+0000] {dagbag.py:588} INFO - Filling up the DagBag from /opt/airflow/dags/app.py
[2024-12-08T05:15:32.300+0000] {processor.py:925} INFO - DAG(s) 'fetch_and_store_amazon_books' retrieved from /opt/airflow/dags/app.py
[2024-12-08T05:15:32.344+0000] {logging_mixin.py:190} INFO - [2024-12-08T05:15:32.343+0000] {dag.py:3239} INFO - Sync 1 DAGs
[2024-12-08T05:15:32.430+0000] {logging_mixin.py:190} INFO - [2024-12-08T05:15:32.430+0000] {dag.py:4180} INFO - Setting next_dagrun for fetch_and_store_amazon_books to 2024-07-20 00:00:00+00:00, run_after=2024-07-21 00:00:00+00:00
[2024-12-08T05:15:32.489+0000] {processor.py:208} INFO - Processing /opt/airflow/dags/app.py took 0.487 seconds
[2024-12-08T05:16:02.927+0000] {processor.py:186} INFO - Started process (PID=1773) to work on /opt/airflow/dags/app.py
[2024-12-08T05:16:02.930+0000] {processor.py:914} INFO - Processing file /opt/airflow/dags/app.py for tasks to queue
[2024-12-08T05:16:02.934+0000] {logging_mixin.py:190} INFO - [2024-12-08T05:16:02.933+0000] {dagbag.py:588} INFO - Filling up the DagBag from /opt/airflow/dags/app.py
[2024-12-08T05:16:03.292+0000] {processor.py:925} INFO - DAG(s) 'fetch_and_store_amazon_books' retrieved from /opt/airflow/dags/app.py
[2024-12-08T05:16:03.343+0000] {logging_mixin.py:190} INFO - [2024-12-08T05:16:03.342+0000] {dag.py:3239} INFO - Sync 1 DAGs
[2024-12-08T05:16:03.399+0000] {logging_mixin.py:190} INFO - [2024-12-08T05:16:03.399+0000] {dag.py:4180} INFO - Setting next_dagrun for fetch_and_store_amazon_books to 2024-08-03 00:00:00+00:00, run_after=2024-08-04 00:00:00+00:00
[2024-12-08T05:16:03.437+0000] {processor.py:208} INFO - Processing /opt/airflow/dags/app.py took 0.535 seconds
[2024-12-08T05:16:33.886+0000] {processor.py:186} INFO - Started process (PID=1879) to work on /opt/airflow/dags/app.py
[2024-12-08T05:16:33.896+0000] {processor.py:914} INFO - Processing file /opt/airflow/dags/app.py for tasks to queue
[2024-12-08T05:16:33.902+0000] {logging_mixin.py:190} INFO - [2024-12-08T05:16:33.901+0000] {dagbag.py:588} INFO - Filling up the DagBag from /opt/airflow/dags/app.py
[2024-12-08T05:16:34.250+0000] {processor.py:925} INFO - DAG(s) 'fetch_and_store_amazon_books' retrieved from /opt/airflow/dags/app.py
[2024-12-08T05:16:34.317+0000] {logging_mixin.py:190} INFO - [2024-12-08T05:16:34.315+0000] {dag.py:3239} INFO - Sync 1 DAGs
[2024-12-08T05:16:34.379+0000] {logging_mixin.py:190} INFO - [2024-12-08T05:16:34.379+0000] {dag.py:4180} INFO - Setting next_dagrun for fetch_and_store_amazon_books to 2024-08-18 00:00:00+00:00, run_after=2024-08-19 00:00:00+00:00
[2024-12-08T05:16:34.431+0000] {processor.py:208} INFO - Processing /opt/airflow/dags/app.py took 0.560 seconds
[2024-12-08T05:17:05.653+0000] {processor.py:186} INFO - Started process (PID=1979) to work on /opt/airflow/dags/app.py
[2024-12-08T05:17:05.654+0000] {processor.py:914} INFO - Processing file /opt/airflow/dags/app.py for tasks to queue
[2024-12-08T05:17:05.657+0000] {logging_mixin.py:190} INFO - [2024-12-08T05:17:05.656+0000] {dagbag.py:588} INFO - Filling up the DagBag from /opt/airflow/dags/app.py
[2024-12-08T05:17:05.982+0000] {processor.py:925} INFO - DAG(s) 'fetch_and_store_amazon_books' retrieved from /opt/airflow/dags/app.py
[2024-12-08T05:17:06.041+0000] {logging_mixin.py:190} INFO - [2024-12-08T05:17:06.040+0000] {dag.py:3239} INFO - Sync 1 DAGs
[2024-12-08T05:17:06.124+0000] {logging_mixin.py:190} INFO - [2024-12-08T05:17:06.124+0000] {dag.py:4180} INFO - Setting next_dagrun for fetch_and_store_amazon_books to 2024-09-01 00:00:00+00:00, run_after=2024-09-02 00:00:00+00:00
[2024-12-08T05:17:06.176+0000] {processor.py:208} INFO - Processing /opt/airflow/dags/app.py took 0.536 seconds
[2024-12-08T05:17:36.892+0000] {processor.py:186} INFO - Started process (PID=2093) to work on /opt/airflow/dags/app.py
[2024-12-08T05:17:36.894+0000] {processor.py:914} INFO - Processing file /opt/airflow/dags/app.py for tasks to queue
[2024-12-08T05:17:36.896+0000] {logging_mixin.py:190} INFO - [2024-12-08T05:17:36.896+0000] {dagbag.py:588} INFO - Filling up the DagBag from /opt/airflow/dags/app.py
[2024-12-08T05:17:37.157+0000] {processor.py:925} INFO - DAG(s) 'fetch_and_store_amazon_books' retrieved from /opt/airflow/dags/app.py
[2024-12-08T05:17:37.207+0000] {logging_mixin.py:190} INFO - [2024-12-08T05:17:37.201+0000] {dag.py:3239} INFO - Sync 1 DAGs
[2024-12-08T05:17:37.304+0000] {logging_mixin.py:190} INFO - [2024-12-08T05:17:37.304+0000] {dag.py:4180} INFO - Setting next_dagrun for fetch_and_store_amazon_books to 2024-09-15 00:00:00+00:00, run_after=2024-09-16 00:00:00+00:00
[2024-12-08T05:17:37.373+0000] {processor.py:208} INFO - Processing /opt/airflow/dags/app.py took 0.492 seconds
[2024-12-08T05:18:07.585+0000] {processor.py:186} INFO - Started process (PID=2195) to work on /opt/airflow/dags/app.py
[2024-12-08T05:18:07.586+0000] {processor.py:914} INFO - Processing file /opt/airflow/dags/app.py for tasks to queue
[2024-12-08T05:18:07.588+0000] {logging_mixin.py:190} INFO - [2024-12-08T05:18:07.588+0000] {dagbag.py:588} INFO - Filling up the DagBag from /opt/airflow/dags/app.py
[2024-12-08T05:18:07.758+0000] {processor.py:925} INFO - DAG(s) 'fetch_and_store_amazon_books' retrieved from /opt/airflow/dags/app.py
[2024-12-08T05:18:07.786+0000] {logging_mixin.py:190} INFO - [2024-12-08T05:18:07.785+0000] {dag.py:3239} INFO - Sync 1 DAGs
[2024-12-08T05:18:07.816+0000] {logging_mixin.py:190} INFO - [2024-12-08T05:18:07.816+0000] {dag.py:4180} INFO - Setting next_dagrun for fetch_and_store_amazon_books to 2024-09-22 00:00:00+00:00, run_after=2024-09-23 00:00:00+00:00
[2024-12-08T05:18:07.842+0000] {processor.py:208} INFO - Processing /opt/airflow/dags/app.py took 0.265 seconds
[2024-12-08T05:18:42.280+0000] {processor.py:186} INFO - Started process (PID=2300) to work on /opt/airflow/dags/app.py
[2024-12-08T05:18:42.317+0000] {processor.py:914} INFO - Processing file /opt/airflow/dags/app.py for tasks to queue
[2024-12-08T05:18:42.320+0000] {logging_mixin.py:190} INFO - [2024-12-08T05:18:42.319+0000] {dagbag.py:588} INFO - Filling up the DagBag from /opt/airflow/dags/app.py
[2024-12-08T05:18:42.590+0000] {processor.py:925} INFO - DAG(s) 'fetch_and_store_amazon_books' retrieved from /opt/airflow/dags/app.py
[2024-12-08T05:18:42.626+0000] {logging_mixin.py:190} INFO - [2024-12-08T05:18:42.626+0000] {dag.py:3239} INFO - Sync 1 DAGs
[2024-12-08T05:18:42.669+0000] {logging_mixin.py:190} INFO - [2024-12-08T05:18:42.669+0000] {dag.py:4180} INFO - Setting next_dagrun for fetch_and_store_amazon_books to 2024-10-07 00:00:00+00:00, run_after=2024-10-08 00:00:00+00:00
[2024-12-08T05:18:42.703+0000] {processor.py:208} INFO - Processing /opt/airflow/dags/app.py took 0.434 seconds
[2024-12-08T05:19:13.002+0000] {processor.py:186} INFO - Started process (PID=2405) to work on /opt/airflow/dags/app.py
[2024-12-08T05:19:13.004+0000] {processor.py:914} INFO - Processing file /opt/airflow/dags/app.py for tasks to queue
[2024-12-08T05:19:13.007+0000] {logging_mixin.py:190} INFO - [2024-12-08T05:19:13.006+0000] {dagbag.py:588} INFO - Filling up the DagBag from /opt/airflow/dags/app.py
[2024-12-08T05:19:13.350+0000] {processor.py:925} INFO - DAG(s) 'fetch_and_store_amazon_books' retrieved from /opt/airflow/dags/app.py
[2024-12-08T05:19:13.396+0000] {logging_mixin.py:190} INFO - [2024-12-08T05:19:13.394+0000] {dag.py:3239} INFO - Sync 1 DAGs
[2024-12-08T05:19:13.449+0000] {logging_mixin.py:190} INFO - [2024-12-08T05:19:13.448+0000] {dag.py:4180} INFO - Setting next_dagrun for fetch_and_store_amazon_books to 2024-10-22 00:00:00+00:00, run_after=2024-10-23 00:00:00+00:00
[2024-12-08T05:19:13.529+0000] {processor.py:208} INFO - Processing /opt/airflow/dags/app.py took 0.547 seconds
[2024-12-08T05:19:45.588+0000] {processor.py:186} INFO - Started process (PID=2505) to work on /opt/airflow/dags/app.py
[2024-12-08T05:19:45.591+0000] {processor.py:914} INFO - Processing file /opt/airflow/dags/app.py for tasks to queue
[2024-12-08T05:19:45.594+0000] {logging_mixin.py:190} INFO - [2024-12-08T05:19:45.593+0000] {dagbag.py:588} INFO - Filling up the DagBag from /opt/airflow/dags/app.py
[2024-12-08T05:19:45.900+0000] {processor.py:925} INFO - DAG(s) 'fetch_and_store_amazon_books' retrieved from /opt/airflow/dags/app.py
[2024-12-08T05:19:45.959+0000] {logging_mixin.py:190} INFO - [2024-12-08T05:19:45.958+0000] {dag.py:3239} INFO - Sync 1 DAGs
[2024-12-08T05:19:46.060+0000] {processor.py:208} INFO - Processing /opt/airflow/dags/app.py took 0.485 seconds
[2024-12-08T05:20:16.356+0000] {processor.py:186} INFO - Started process (PID=2574) to work on /opt/airflow/dags/app.py
[2024-12-08T05:20:16.358+0000] {processor.py:914} INFO - Processing file /opt/airflow/dags/app.py for tasks to queue
[2024-12-08T05:20:16.361+0000] {logging_mixin.py:190} INFO - [2024-12-08T05:20:16.360+0000] {dagbag.py:588} INFO - Filling up the DagBag from /opt/airflow/dags/app.py
[2024-12-08T05:20:16.704+0000] {processor.py:925} INFO - DAG(s) 'fetch_and_store_amazon_books' retrieved from /opt/airflow/dags/app.py
[2024-12-08T05:20:16.776+0000] {logging_mixin.py:190} INFO - [2024-12-08T05:20:16.775+0000] {dag.py:3239} INFO - Sync 1 DAGs
[2024-12-08T05:20:16.835+0000] {logging_mixin.py:190} INFO - [2024-12-08T05:20:16.834+0000] {dag.py:4180} INFO - Setting next_dagrun for fetch_and_store_amazon_books to 2024-11-19 00:00:00+00:00, run_after=2024-11-20 00:00:00+00:00
[2024-12-08T05:20:16.921+0000] {processor.py:208} INFO - Processing /opt/airflow/dags/app.py took 0.579 seconds
[2024-12-08T05:20:47.698+0000] {processor.py:186} INFO - Started process (PID=2657) to work on /opt/airflow/dags/app.py
[2024-12-08T05:20:47.699+0000] {processor.py:914} INFO - Processing file /opt/airflow/dags/app.py for tasks to queue
[2024-12-08T05:20:47.701+0000] {logging_mixin.py:190} INFO - [2024-12-08T05:20:47.700+0000] {dagbag.py:588} INFO - Filling up the DagBag from /opt/airflow/dags/app.py
[2024-12-08T05:20:47.862+0000] {processor.py:925} INFO - DAG(s) 'fetch_and_store_amazon_books' retrieved from /opt/airflow/dags/app.py
[2024-12-08T05:20:47.889+0000] {logging_mixin.py:190} INFO - [2024-12-08T05:20:47.888+0000] {dag.py:3239} INFO - Sync 1 DAGs
[2024-12-08T05:20:48.139+0000] {processor.py:208} INFO - Processing /opt/airflow/dags/app.py took 0.448 seconds
[2024-12-08T05:21:19.014+0000] {processor.py:186} INFO - Started process (PID=2723) to work on /opt/airflow/dags/app.py
[2024-12-08T05:21:19.015+0000] {processor.py:914} INFO - Processing file /opt/airflow/dags/app.py for tasks to queue
[2024-12-08T05:21:19.016+0000] {logging_mixin.py:190} INFO - [2024-12-08T05:21:19.016+0000] {dagbag.py:588} INFO - Filling up the DagBag from /opt/airflow/dags/app.py
[2024-12-08T05:21:19.159+0000] {processor.py:925} INFO - DAG(s) 'fetch_and_store_amazon_books' retrieved from /opt/airflow/dags/app.py
[2024-12-08T05:21:19.184+0000] {logging_mixin.py:190} INFO - [2024-12-08T05:21:19.183+0000] {dag.py:3239} INFO - Sync 1 DAGs
[2024-12-08T05:21:19.432+0000] {processor.py:208} INFO - Processing /opt/airflow/dags/app.py took 0.426 seconds
[2024-12-08T05:21:49.858+0000] {processor.py:186} INFO - Started process (PID=2787) to work on /opt/airflow/dags/app.py
[2024-12-08T05:21:49.860+0000] {processor.py:914} INFO - Processing file /opt/airflow/dags/app.py for tasks to queue
[2024-12-08T05:21:49.861+0000] {logging_mixin.py:190} INFO - [2024-12-08T05:21:49.861+0000] {dagbag.py:588} INFO - Filling up the DagBag from /opt/airflow/dags/app.py
[2024-12-08T05:21:50.020+0000] {processor.py:925} INFO - DAG(s) 'fetch_and_store_amazon_books' retrieved from /opt/airflow/dags/app.py
[2024-12-08T05:21:50.045+0000] {logging_mixin.py:190} INFO - [2024-12-08T05:21:50.044+0000] {dag.py:3239} INFO - Sync 1 DAGs
[2024-12-08T05:21:50.285+0000] {processor.py:208} INFO - Processing /opt/airflow/dags/app.py took 0.433 seconds
[2024-12-08T05:22:21.344+0000] {processor.py:186} INFO - Started process (PID=2859) to work on /opt/airflow/dags/app.py
[2024-12-08T05:22:21.345+0000] {processor.py:914} INFO - Processing file /opt/airflow/dags/app.py for tasks to queue
[2024-12-08T05:22:21.347+0000] {logging_mixin.py:190} INFO - [2024-12-08T05:22:21.347+0000] {dagbag.py:588} INFO - Filling up the DagBag from /opt/airflow/dags/app.py
[2024-12-08T05:22:21.509+0000] {processor.py:925} INFO - DAG(s) 'fetch_and_store_amazon_books' retrieved from /opt/airflow/dags/app.py
[2024-12-08T05:22:21.536+0000] {logging_mixin.py:190} INFO - [2024-12-08T05:22:21.536+0000] {dag.py:3239} INFO - Sync 1 DAGs
[2024-12-08T05:22:21.792+0000] {processor.py:208} INFO - Processing /opt/airflow/dags/app.py took 0.459 seconds
[2024-12-08T05:22:52.193+0000] {processor.py:186} INFO - Started process (PID=2923) to work on /opt/airflow/dags/app.py
[2024-12-08T05:22:52.194+0000] {processor.py:914} INFO - Processing file /opt/airflow/dags/app.py for tasks to queue
[2024-12-08T05:22:52.196+0000] {logging_mixin.py:190} INFO - [2024-12-08T05:22:52.195+0000] {dagbag.py:588} INFO - Filling up the DagBag from /opt/airflow/dags/app.py
[2024-12-08T05:22:52.554+0000] {processor.py:925} INFO - DAG(s) 'fetch_and_store_amazon_books' retrieved from /opt/airflow/dags/app.py
[2024-12-08T05:22:52.573+0000] {logging_mixin.py:190} INFO - [2024-12-08T05:22:52.573+0000] {dag.py:3239} INFO - Sync 1 DAGs
[2024-12-08T05:22:52.616+0000] {processor.py:208} INFO - Processing /opt/airflow/dags/app.py took 0.431 seconds
[2024-12-08T05:23:22.822+0000] {processor.py:186} INFO - Started process (PID=2990) to work on /opt/airflow/dags/app.py
[2024-12-08T05:23:22.823+0000] {processor.py:914} INFO - Processing file /opt/airflow/dags/app.py for tasks to queue
[2024-12-08T05:23:22.825+0000] {logging_mixin.py:190} INFO - [2024-12-08T05:23:22.825+0000] {dagbag.py:588} INFO - Filling up the DagBag from /opt/airflow/dags/app.py
[2024-12-08T05:23:23.165+0000] {processor.py:925} INFO - DAG(s) 'fetch_and_store_amazon_books' retrieved from /opt/airflow/dags/app.py
[2024-12-08T05:23:23.188+0000] {logging_mixin.py:190} INFO - [2024-12-08T05:23:23.188+0000] {dag.py:3239} INFO - Sync 1 DAGs
[2024-12-08T05:23:23.246+0000] {processor.py:208} INFO - Processing /opt/airflow/dags/app.py took 0.432 seconds
[2024-12-08T05:23:53.432+0000] {processor.py:186} INFO - Started process (PID=3056) to work on /opt/airflow/dags/app.py
[2024-12-08T05:23:53.433+0000] {processor.py:914} INFO - Processing file /opt/airflow/dags/app.py for tasks to queue
[2024-12-08T05:23:53.434+0000] {logging_mixin.py:190} INFO - [2024-12-08T05:23:53.434+0000] {dagbag.py:588} INFO - Filling up the DagBag from /opt/airflow/dags/app.py
[2024-12-08T05:23:53.796+0000] {processor.py:925} INFO - DAG(s) 'fetch_and_store_amazon_books' retrieved from /opt/airflow/dags/app.py
[2024-12-08T05:23:53.817+0000] {logging_mixin.py:190} INFO - [2024-12-08T05:23:53.817+0000] {dag.py:3239} INFO - Sync 1 DAGs
[2024-12-08T05:23:53.866+0000] {processor.py:208} INFO - Processing /opt/airflow/dags/app.py took 0.441 seconds
[2024-12-08T05:24:24.442+0000] {processor.py:186} INFO - Started process (PID=3121) to work on /opt/airflow/dags/app.py
[2024-12-08T05:24:24.443+0000] {processor.py:914} INFO - Processing file /opt/airflow/dags/app.py for tasks to queue
[2024-12-08T05:24:24.445+0000] {logging_mixin.py:190} INFO - [2024-12-08T05:24:24.445+0000] {dagbag.py:588} INFO - Filling up the DagBag from /opt/airflow/dags/app.py
[2024-12-08T05:24:24.801+0000] {processor.py:925} INFO - DAG(s) 'fetch_and_store_amazon_books' retrieved from /opt/airflow/dags/app.py
[2024-12-08T05:24:24.823+0000] {logging_mixin.py:190} INFO - [2024-12-08T05:24:24.822+0000] {dag.py:3239} INFO - Sync 1 DAGs
[2024-12-08T05:24:24.869+0000] {processor.py:208} INFO - Processing /opt/airflow/dags/app.py took 0.434 seconds
[2024-12-08T05:24:55.396+0000] {processor.py:186} INFO - Started process (PID=3185) to work on /opt/airflow/dags/app.py
[2024-12-08T05:24:55.397+0000] {processor.py:914} INFO - Processing file /opt/airflow/dags/app.py for tasks to queue
[2024-12-08T05:24:55.399+0000] {logging_mixin.py:190} INFO - [2024-12-08T05:24:55.398+0000] {dagbag.py:588} INFO - Filling up the DagBag from /opt/airflow/dags/app.py
[2024-12-08T05:24:55.761+0000] {processor.py:925} INFO - DAG(s) 'fetch_and_store_amazon_books' retrieved from /opt/airflow/dags/app.py
[2024-12-08T05:24:55.784+0000] {logging_mixin.py:190} INFO - [2024-12-08T05:24:55.783+0000] {dag.py:3239} INFO - Sync 1 DAGs
[2024-12-08T05:24:55.811+0000] {logging_mixin.py:190} INFO - [2024-12-08T05:24:55.810+0000] {dag.py:4180} INFO - Setting next_dagrun for fetch_and_store_amazon_books to 2024-11-20 00:00:00+00:00, run_after=2024-11-21 00:00:00+00:00
[2024-12-08T05:24:55.837+0000] {processor.py:208} INFO - Processing /opt/airflow/dags/app.py took 0.449 seconds
[2024-12-08T05:25:26.860+0000] {processor.py:186} INFO - Started process (PID=3259) to work on /opt/airflow/dags/app.py
[2024-12-08T05:25:26.861+0000] {processor.py:914} INFO - Processing file /opt/airflow/dags/app.py for tasks to queue
[2024-12-08T05:25:26.863+0000] {logging_mixin.py:190} INFO - [2024-12-08T05:25:26.863+0000] {dagbag.py:588} INFO - Filling up the DagBag from /opt/airflow/dags/app.py
[2024-12-08T05:25:27.397+0000] {processor.py:925} INFO - DAG(s) 'fetch_and_store_amazon_books' retrieved from /opt/airflow/dags/app.py
[2024-12-08T05:25:27.431+0000] {logging_mixin.py:190} INFO - [2024-12-08T05:25:27.430+0000] {dag.py:3239} INFO - Sync 1 DAGs
[2024-12-08T05:25:27.474+0000] {logging_mixin.py:190} INFO - [2024-12-08T05:25:27.474+0000] {dag.py:4180} INFO - Setting next_dagrun for fetch_and_store_amazon_books to 2024-11-29 00:00:00+00:00, run_after=2024-11-30 00:00:00+00:00
[2024-12-08T05:25:27.510+0000] {processor.py:208} INFO - Processing /opt/airflow/dags/app.py took 0.661 seconds
[2024-12-08T05:26:00.188+0000] {processor.py:186} INFO - Started process (PID=3363) to work on /opt/airflow/dags/app.py
[2024-12-08T05:26:00.190+0000] {processor.py:914} INFO - Processing file /opt/airflow/dags/app.py for tasks to queue
[2024-12-08T05:26:00.199+0000] {logging_mixin.py:190} INFO - [2024-12-08T05:26:00.198+0000] {dagbag.py:588} INFO - Filling up the DagBag from /opt/airflow/dags/app.py
[2024-12-08T05:26:00.856+0000] {processor.py:925} INFO - DAG(s) 'fetch_and_store_amazon_books' retrieved from /opt/airflow/dags/app.py
[2024-12-08T05:26:00.920+0000] {logging_mixin.py:190} INFO - [2024-12-08T05:26:00.911+0000] {dag.py:3239} INFO - Sync 1 DAGs
[2024-12-08T05:26:00.993+0000] {logging_mixin.py:190} INFO - [2024-12-08T05:26:00.993+0000] {dag.py:4180} INFO - Setting next_dagrun for fetch_and_store_amazon_books to 2024-12-08 00:00:00+00:00, run_after=2024-12-09 00:00:00+00:00
[2024-12-08T05:26:01.050+0000] {processor.py:208} INFO - Processing /opt/airflow/dags/app.py took 0.878 seconds
[2024-12-08T05:26:31.301+0000] {processor.py:186} INFO - Started process (PID=3426) to work on /opt/airflow/dags/app.py
[2024-12-08T05:26:31.302+0000] {processor.py:914} INFO - Processing file /opt/airflow/dags/app.py for tasks to queue
[2024-12-08T05:26:31.305+0000] {logging_mixin.py:190} INFO - [2024-12-08T05:26:31.304+0000] {dagbag.py:588} INFO - Filling up the DagBag from /opt/airflow/dags/app.py
[2024-12-08T05:26:31.812+0000] {processor.py:925} INFO - DAG(s) 'fetch_and_store_amazon_books' retrieved from /opt/airflow/dags/app.py
[2024-12-08T05:26:31.838+0000] {logging_mixin.py:190} INFO - [2024-12-08T05:26:31.838+0000] {dag.py:3239} INFO - Sync 1 DAGs
[2024-12-08T05:26:31.869+0000] {logging_mixin.py:190} INFO - [2024-12-08T05:26:31.869+0000] {dag.py:4180} INFO - Setting next_dagrun for fetch_and_store_amazon_books to 2024-12-08 00:00:00+00:00, run_after=2024-12-09 00:00:00+00:00
[2024-12-08T05:26:31.897+0000] {processor.py:208} INFO - Processing /opt/airflow/dags/app.py took 0.604 seconds
[2024-12-08T05:27:02.450+0000] {processor.py:186} INFO - Started process (PID=3489) to work on /opt/airflow/dags/app.py
[2024-12-08T05:27:02.452+0000] {processor.py:914} INFO - Processing file /opt/airflow/dags/app.py for tasks to queue
[2024-12-08T05:27:02.454+0000] {logging_mixin.py:190} INFO - [2024-12-08T05:27:02.453+0000] {dagbag.py:588} INFO - Filling up the DagBag from /opt/airflow/dags/app.py
[2024-12-08T05:27:02.814+0000] {processor.py:925} INFO - DAG(s) 'fetch_and_store_amazon_books' retrieved from /opt/airflow/dags/app.py
[2024-12-08T05:27:02.836+0000] {logging_mixin.py:190} INFO - [2024-12-08T05:27:02.835+0000] {dag.py:3239} INFO - Sync 1 DAGs
[2024-12-08T05:27:02.862+0000] {logging_mixin.py:190} INFO - [2024-12-08T05:27:02.862+0000] {dag.py:4180} INFO - Setting next_dagrun for fetch_and_store_amazon_books to 2024-12-08 00:00:00+00:00, run_after=2024-12-09 00:00:00+00:00
[2024-12-08T05:27:02.884+0000] {processor.py:208} INFO - Processing /opt/airflow/dags/app.py took 0.442 seconds
