[2024-12-08T05:03:15.049+0000] {processor.py:186} INFO - Started process (PID=69) to work on /opt/airflow/dags/dag.py
[2024-12-08T05:03:15.053+0000] {processor.py:914} INFO - Processing file /opt/airflow/dags/dag.py for tasks to queue
[2024-12-08T05:03:15.066+0000] {logging_mixin.py:190} INFO - [2024-12-08T05:03:15.065+0000] {dagbag.py:588} INFO - Filling up the DagBag from /opt/airflow/dags/dag.py
[2024-12-08T05:03:15.136+0000] {processor.py:925} INFO - DAG(s) 'fetch_and_store_amazon_books' retrieved from /opt/airflow/dags/dag.py
[2024-12-08T05:03:15.683+0000] {logging_mixin.py:190} INFO - [2024-12-08T05:03:15.682+0000] {override.py:1911} INFO - Created Permission View: can read on DAG:fetch_and_store_amazon_books
[2024-12-08T05:03:15.699+0000] {logging_mixin.py:190} INFO - [2024-12-08T05:03:15.699+0000] {override.py:1911} INFO - Created Permission View: can edit on DAG:fetch_and_store_amazon_books
[2024-12-08T05:03:15.707+0000] {logging_mixin.py:190} INFO - [2024-12-08T05:03:15.707+0000] {override.py:1911} INFO - Created Permission View: can delete on DAG:fetch_and_store_amazon_books
[2024-12-08T05:03:15.717+0000] {logging_mixin.py:190} INFO - [2024-12-08T05:03:15.717+0000] {override.py:1911} INFO - Created Permission View: can read on DAG Run:fetch_and_store_amazon_books
[2024-12-08T05:03:15.725+0000] {logging_mixin.py:190} INFO - [2024-12-08T05:03:15.725+0000] {override.py:1911} INFO - Created Permission View: menu access on DAG Run:fetch_and_store_amazon_books
[2024-12-08T05:03:15.733+0000] {logging_mixin.py:190} INFO - [2024-12-08T05:03:15.733+0000] {override.py:1911} INFO - Created Permission View: can delete on DAG Run:fetch_and_store_amazon_books
[2024-12-08T05:03:15.742+0000] {logging_mixin.py:190} INFO - [2024-12-08T05:03:15.742+0000] {override.py:1911} INFO - Created Permission View: can create on DAG Run:fetch_and_store_amazon_books
[2024-12-08T05:03:15.743+0000] {logging_mixin.py:190} INFO - [2024-12-08T05:03:15.743+0000] {dag.py:3239} INFO - Sync 1 DAGs
[2024-12-08T05:03:15.772+0000] {logging_mixin.py:190} INFO - [2024-12-08T05:03:15.772+0000] {dag.py:3262} INFO - Creating ORM DAG for fetch_and_store_amazon_books
[2024-12-08T05:03:15.790+0000] {logging_mixin.py:190} INFO - [2024-12-08T05:03:15.789+0000] {dag.py:4180} INFO - Setting next_dagrun for fetch_and_store_amazon_books to None, run_after=None
[2024-12-08T05:03:15.819+0000] {processor.py:208} INFO - Processing /opt/airflow/dags/dag.py took 0.801 seconds
[2024-12-08T05:03:35.955+0000] {processor.py:186} INFO - Started process (PID=133) to work on /opt/airflow/dags/dag.py
[2024-12-08T05:03:35.956+0000] {processor.py:914} INFO - Processing file /opt/airflow/dags/dag.py for tasks to queue
[2024-12-08T05:03:35.959+0000] {logging_mixin.py:190} INFO - [2024-12-08T05:03:35.959+0000] {dagbag.py:588} INFO - Filling up the DagBag from /opt/airflow/dags/dag.py
[2024-12-08T05:03:36.004+0000] {processor.py:925} INFO - DAG(s) 'fetch_and_store_amazon_books' retrieved from /opt/airflow/dags/dag.py
[2024-12-08T05:03:36.016+0000] {logging_mixin.py:190} INFO - [2024-12-08T05:03:36.016+0000] {dag.py:3239} INFO - Sync 1 DAGs
[2024-12-08T05:03:36.039+0000] {logging_mixin.py:190} INFO - [2024-12-08T05:03:36.039+0000] {dag.py:4180} INFO - Setting next_dagrun for fetch_and_store_amazon_books to None, run_after=None
[2024-12-08T05:03:36.064+0000] {processor.py:208} INFO - Processing /opt/airflow/dags/dag.py took 0.116 seconds
[2024-12-08T05:04:06.360+0000] {processor.py:186} INFO - Started process (PID=197) to work on /opt/airflow/dags/dag.py
[2024-12-08T05:04:06.361+0000] {processor.py:914} INFO - Processing file /opt/airflow/dags/dag.py for tasks to queue
[2024-12-08T05:04:06.364+0000] {logging_mixin.py:190} INFO - [2024-12-08T05:04:06.364+0000] {dagbag.py:588} INFO - Filling up the DagBag from /opt/airflow/dags/dag.py
[2024-12-08T05:04:06.389+0000] {processor.py:925} INFO - DAG(s) 'fetch_and_store_amazon_books' retrieved from /opt/airflow/dags/dag.py
[2024-12-08T05:04:06.409+0000] {logging_mixin.py:190} INFO - [2024-12-08T05:04:06.408+0000] {dag.py:3239} INFO - Sync 1 DAGs
[2024-12-08T05:04:06.434+0000] {logging_mixin.py:190} INFO - [2024-12-08T05:04:06.433+0000] {dag.py:4180} INFO - Setting next_dagrun for fetch_and_store_amazon_books to None, run_after=None
[2024-12-08T05:04:06.455+0000] {processor.py:208} INFO - Processing /opt/airflow/dags/dag.py took 0.102 seconds
[2024-12-08T05:04:36.794+0000] {processor.py:186} INFO - Started process (PID=261) to work on /opt/airflow/dags/dag.py
[2024-12-08T05:04:36.795+0000] {processor.py:914} INFO - Processing file /opt/airflow/dags/dag.py for tasks to queue
[2024-12-08T05:04:36.798+0000] {logging_mixin.py:190} INFO - [2024-12-08T05:04:36.798+0000] {dagbag.py:588} INFO - Filling up the DagBag from /opt/airflow/dags/dag.py
[2024-12-08T05:04:36.825+0000] {processor.py:925} INFO - DAG(s) 'fetch_and_store_amazon_books' retrieved from /opt/airflow/dags/dag.py
[2024-12-08T05:04:36.939+0000] {logging_mixin.py:190} INFO - [2024-12-08T05:04:36.938+0000] {dag.py:3239} INFO - Sync 1 DAGs
[2024-12-08T05:04:36.964+0000] {logging_mixin.py:190} INFO - [2024-12-08T05:04:36.964+0000] {dag.py:4180} INFO - Setting next_dagrun for fetch_and_store_amazon_books to None, run_after=None
[2024-12-08T05:04:36.990+0000] {processor.py:208} INFO - Processing /opt/airflow/dags/dag.py took 0.203 seconds
[2024-12-08T05:05:07.588+0000] {processor.py:186} INFO - Started process (PID=325) to work on /opt/airflow/dags/dag.py
[2024-12-08T05:05:07.589+0000] {processor.py:914} INFO - Processing file /opt/airflow/dags/dag.py for tasks to queue
[2024-12-08T05:05:07.592+0000] {logging_mixin.py:190} INFO - [2024-12-08T05:05:07.591+0000] {dagbag.py:588} INFO - Filling up the DagBag from /opt/airflow/dags/dag.py
[2024-12-08T05:05:07.616+0000] {processor.py:925} INFO - DAG(s) 'fetch_and_store_amazon_books' retrieved from /opt/airflow/dags/dag.py
[2024-12-08T05:05:07.637+0000] {logging_mixin.py:190} INFO - [2024-12-08T05:05:07.637+0000] {dag.py:3239} INFO - Sync 1 DAGs
[2024-12-08T05:05:07.664+0000] {logging_mixin.py:190} INFO - [2024-12-08T05:05:07.664+0000] {dag.py:4180} INFO - Setting next_dagrun for fetch_and_store_amazon_books to None, run_after=None
[2024-12-08T05:05:07.689+0000] {processor.py:208} INFO - Processing /opt/airflow/dags/dag.py took 0.108 seconds
[2024-12-08T05:05:37.820+0000] {processor.py:186} INFO - Started process (PID=389) to work on /opt/airflow/dags/dag.py
[2024-12-08T05:05:37.821+0000] {processor.py:914} INFO - Processing file /opt/airflow/dags/dag.py for tasks to queue
[2024-12-08T05:05:37.824+0000] {logging_mixin.py:190} INFO - [2024-12-08T05:05:37.824+0000] {dagbag.py:588} INFO - Filling up the DagBag from /opt/airflow/dags/dag.py
[2024-12-08T05:05:37.850+0000] {processor.py:925} INFO - DAG(s) 'fetch_and_store_amazon_books' retrieved from /opt/airflow/dags/dag.py
[2024-12-08T05:05:37.873+0000] {logging_mixin.py:190} INFO - [2024-12-08T05:05:37.873+0000] {dag.py:3239} INFO - Sync 1 DAGs
[2024-12-08T05:05:37.902+0000] {logging_mixin.py:190} INFO - [2024-12-08T05:05:37.902+0000] {dag.py:4180} INFO - Setting next_dagrun for fetch_and_store_amazon_books to None, run_after=None
[2024-12-08T05:05:37.926+0000] {processor.py:208} INFO - Processing /opt/airflow/dags/dag.py took 0.114 seconds
[2024-12-08T05:06:08.513+0000] {processor.py:186} INFO - Started process (PID=453) to work on /opt/airflow/dags/dag.py
[2024-12-08T05:06:08.515+0000] {processor.py:914} INFO - Processing file /opt/airflow/dags/dag.py for tasks to queue
[2024-12-08T05:06:08.518+0000] {logging_mixin.py:190} INFO - [2024-12-08T05:06:08.517+0000] {dagbag.py:588} INFO - Filling up the DagBag from /opt/airflow/dags/dag.py
[2024-12-08T05:06:08.544+0000] {processor.py:925} INFO - DAG(s) 'fetch_and_store_amazon_books' retrieved from /opt/airflow/dags/dag.py
[2024-12-08T05:06:08.573+0000] {logging_mixin.py:190} INFO - [2024-12-08T05:06:08.573+0000] {dag.py:3239} INFO - Sync 1 DAGs
[2024-12-08T05:06:08.601+0000] {logging_mixin.py:190} INFO - [2024-12-08T05:06:08.600+0000] {dag.py:4180} INFO - Setting next_dagrun for fetch_and_store_amazon_books to None, run_after=None
[2024-12-08T05:06:08.623+0000] {processor.py:208} INFO - Processing /opt/airflow/dags/dag.py took 0.118 seconds
[2024-12-08T05:06:39.381+0000] {processor.py:186} INFO - Started process (PID=517) to work on /opt/airflow/dags/dag.py
[2024-12-08T05:06:39.382+0000] {processor.py:914} INFO - Processing file /opt/airflow/dags/dag.py for tasks to queue
[2024-12-08T05:06:39.385+0000] {logging_mixin.py:190} INFO - [2024-12-08T05:06:39.384+0000] {dagbag.py:588} INFO - Filling up the DagBag from /opt/airflow/dags/dag.py
[2024-12-08T05:06:39.410+0000] {processor.py:925} INFO - DAG(s) 'fetch_and_store_amazon_books' retrieved from /opt/airflow/dags/dag.py
[2024-12-08T05:06:39.429+0000] {logging_mixin.py:190} INFO - [2024-12-08T05:06:39.429+0000] {dag.py:3239} INFO - Sync 1 DAGs
[2024-12-08T05:06:39.452+0000] {logging_mixin.py:190} INFO - [2024-12-08T05:06:39.452+0000] {dag.py:4180} INFO - Setting next_dagrun for fetch_and_store_amazon_books to None, run_after=None
[2024-12-08T05:06:39.472+0000] {processor.py:208} INFO - Processing /opt/airflow/dags/dag.py took 0.099 seconds
[2024-12-08T05:07:10.498+0000] {processor.py:186} INFO - Started process (PID=581) to work on /opt/airflow/dags/dag.py
[2024-12-08T05:07:10.500+0000] {processor.py:914} INFO - Processing file /opt/airflow/dags/dag.py for tasks to queue
[2024-12-08T05:07:10.503+0000] {logging_mixin.py:190} INFO - [2024-12-08T05:07:10.503+0000] {dagbag.py:588} INFO - Filling up the DagBag from /opt/airflow/dags/dag.py
[2024-12-08T05:07:10.538+0000] {processor.py:925} INFO - DAG(s) 'fetch_and_store_amazon_books' retrieved from /opt/airflow/dags/dag.py
[2024-12-08T05:07:10.560+0000] {logging_mixin.py:190} INFO - [2024-12-08T05:07:10.559+0000] {dag.py:3239} INFO - Sync 1 DAGs
[2024-12-08T05:07:10.591+0000] {logging_mixin.py:190} INFO - [2024-12-08T05:07:10.590+0000] {dag.py:4180} INFO - Setting next_dagrun for fetch_and_store_amazon_books to None, run_after=None
[2024-12-08T05:07:10.619+0000] {processor.py:208} INFO - Processing /opt/airflow/dags/dag.py took 0.129 seconds
[2024-12-08T05:07:41.488+0000] {processor.py:186} INFO - Started process (PID=645) to work on /opt/airflow/dags/dag.py
[2024-12-08T05:07:41.490+0000] {processor.py:914} INFO - Processing file /opt/airflow/dags/dag.py for tasks to queue
[2024-12-08T05:07:41.494+0000] {logging_mixin.py:190} INFO - [2024-12-08T05:07:41.493+0000] {dagbag.py:588} INFO - Filling up the DagBag from /opt/airflow/dags/dag.py
[2024-12-08T05:07:41.526+0000] {processor.py:925} INFO - DAG(s) 'fetch_and_store_amazon_books' retrieved from /opt/airflow/dags/dag.py
[2024-12-08T05:07:41.556+0000] {logging_mixin.py:190} INFO - [2024-12-08T05:07:41.556+0000] {dag.py:3239} INFO - Sync 1 DAGs
[2024-12-08T05:07:41.593+0000] {logging_mixin.py:190} INFO - [2024-12-08T05:07:41.592+0000] {dag.py:4180} INFO - Setting next_dagrun for fetch_and_store_amazon_books to None, run_after=None
[2024-12-08T05:07:41.632+0000] {processor.py:208} INFO - Processing /opt/airflow/dags/dag.py took 0.153 seconds
[2024-12-08T05:08:11.846+0000] {processor.py:186} INFO - Started process (PID=709) to work on /opt/airflow/dags/dag.py
[2024-12-08T05:08:11.848+0000] {processor.py:914} INFO - Processing file /opt/airflow/dags/dag.py for tasks to queue
[2024-12-08T05:08:11.851+0000] {logging_mixin.py:190} INFO - [2024-12-08T05:08:11.851+0000] {dagbag.py:588} INFO - Filling up the DagBag from /opt/airflow/dags/dag.py
[2024-12-08T05:08:11.885+0000] {processor.py:925} INFO - DAG(s) 'fetch_and_store_amazon_books' retrieved from /opt/airflow/dags/dag.py
[2024-12-08T05:08:11.930+0000] {logging_mixin.py:190} INFO - [2024-12-08T05:08:11.929+0000] {dag.py:3239} INFO - Sync 1 DAGs
[2024-12-08T05:08:11.978+0000] {logging_mixin.py:190} INFO - [2024-12-08T05:08:11.977+0000] {dag.py:4180} INFO - Setting next_dagrun for fetch_and_store_amazon_books to None, run_after=None
[2024-12-08T05:08:12.017+0000] {processor.py:208} INFO - Processing /opt/airflow/dags/dag.py took 0.178 seconds
[2024-12-08T05:08:42.631+0000] {processor.py:186} INFO - Started process (PID=773) to work on /opt/airflow/dags/dag.py
[2024-12-08T05:08:42.632+0000] {processor.py:914} INFO - Processing file /opt/airflow/dags/dag.py for tasks to queue
[2024-12-08T05:08:42.635+0000] {logging_mixin.py:190} INFO - [2024-12-08T05:08:42.635+0000] {dagbag.py:588} INFO - Filling up the DagBag from /opt/airflow/dags/dag.py
[2024-12-08T05:08:42.664+0000] {processor.py:925} INFO - DAG(s) 'fetch_and_store_amazon_books' retrieved from /opt/airflow/dags/dag.py
[2024-12-08T05:08:42.684+0000] {logging_mixin.py:190} INFO - [2024-12-08T05:08:42.683+0000] {dag.py:3239} INFO - Sync 1 DAGs
[2024-12-08T05:08:42.713+0000] {logging_mixin.py:190} INFO - [2024-12-08T05:08:42.712+0000] {dag.py:4180} INFO - Setting next_dagrun for fetch_and_store_amazon_books to None, run_after=None
[2024-12-08T05:08:42.738+0000] {processor.py:208} INFO - Processing /opt/airflow/dags/dag.py took 0.113 seconds
[2024-12-08T05:09:13.115+0000] {processor.py:186} INFO - Started process (PID=837) to work on /opt/airflow/dags/dag.py
[2024-12-08T05:09:13.116+0000] {processor.py:914} INFO - Processing file /opt/airflow/dags/dag.py for tasks to queue
[2024-12-08T05:09:13.121+0000] {logging_mixin.py:190} INFO - [2024-12-08T05:09:13.120+0000] {dagbag.py:588} INFO - Filling up the DagBag from /opt/airflow/dags/dag.py
[2024-12-08T05:09:13.157+0000] {processor.py:925} INFO - DAG(s) 'fetch_and_store_amazon_books' retrieved from /opt/airflow/dags/dag.py
[2024-12-08T05:09:13.178+0000] {logging_mixin.py:190} INFO - [2024-12-08T05:09:13.178+0000] {dag.py:3239} INFO - Sync 1 DAGs
[2024-12-08T05:09:13.204+0000] {logging_mixin.py:190} INFO - [2024-12-08T05:09:13.204+0000] {dag.py:4180} INFO - Setting next_dagrun for fetch_and_store_amazon_books to None, run_after=None
[2024-12-08T05:09:13.230+0000] {processor.py:208} INFO - Processing /opt/airflow/dags/dag.py took 0.125 seconds
[2024-12-08T05:09:44.231+0000] {processor.py:186} INFO - Started process (PID=901) to work on /opt/airflow/dags/dag.py
[2024-12-08T05:09:44.232+0000] {processor.py:914} INFO - Processing file /opt/airflow/dags/dag.py for tasks to queue
[2024-12-08T05:09:44.235+0000] {logging_mixin.py:190} INFO - [2024-12-08T05:09:44.235+0000] {dagbag.py:588} INFO - Filling up the DagBag from /opt/airflow/dags/dag.py
[2024-12-08T05:09:44.262+0000] {processor.py:925} INFO - DAG(s) 'fetch_and_store_amazon_books' retrieved from /opt/airflow/dags/dag.py
[2024-12-08T05:09:44.280+0000] {logging_mixin.py:190} INFO - [2024-12-08T05:09:44.280+0000] {dag.py:3239} INFO - Sync 1 DAGs
[2024-12-08T05:09:44.304+0000] {logging_mixin.py:190} INFO - [2024-12-08T05:09:44.304+0000] {dag.py:4180} INFO - Setting next_dagrun for fetch_and_store_amazon_books to None, run_after=None
[2024-12-08T05:09:44.326+0000] {processor.py:208} INFO - Processing /opt/airflow/dags/dag.py took 0.101 seconds
[2024-12-08T05:10:14.433+0000] {processor.py:186} INFO - Started process (PID=965) to work on /opt/airflow/dags/dag.py
[2024-12-08T05:10:14.434+0000] {processor.py:914} INFO - Processing file /opt/airflow/dags/dag.py for tasks to queue
[2024-12-08T05:10:14.437+0000] {logging_mixin.py:190} INFO - [2024-12-08T05:10:14.436+0000] {dagbag.py:588} INFO - Filling up the DagBag from /opt/airflow/dags/dag.py
[2024-12-08T05:10:14.463+0000] {processor.py:925} INFO - DAG(s) 'fetch_and_store_amazon_books' retrieved from /opt/airflow/dags/dag.py
[2024-12-08T05:10:14.482+0000] {logging_mixin.py:190} INFO - [2024-12-08T05:10:14.482+0000] {dag.py:3239} INFO - Sync 1 DAGs
[2024-12-08T05:10:14.505+0000] {logging_mixin.py:190} INFO - [2024-12-08T05:10:14.505+0000] {dag.py:4180} INFO - Setting next_dagrun for fetch_and_store_amazon_books to None, run_after=None
[2024-12-08T05:10:14.526+0000] {processor.py:208} INFO - Processing /opt/airflow/dags/dag.py took 0.100 seconds
[2024-12-08T05:10:44.821+0000] {processor.py:186} INFO - Started process (PID=1029) to work on /opt/airflow/dags/dag.py
[2024-12-08T05:10:44.823+0000] {processor.py:914} INFO - Processing file /opt/airflow/dags/dag.py for tasks to queue
[2024-12-08T05:10:44.825+0000] {logging_mixin.py:190} INFO - [2024-12-08T05:10:44.825+0000] {dagbag.py:588} INFO - Filling up the DagBag from /opt/airflow/dags/dag.py
[2024-12-08T05:10:44.852+0000] {processor.py:925} INFO - DAG(s) 'fetch_and_store_amazon_books' retrieved from /opt/airflow/dags/dag.py
[2024-12-08T05:10:44.874+0000] {logging_mixin.py:190} INFO - [2024-12-08T05:10:44.874+0000] {dag.py:3239} INFO - Sync 1 DAGs
[2024-12-08T05:10:44.905+0000] {logging_mixin.py:190} INFO - [2024-12-08T05:10:44.904+0000] {dag.py:4180} INFO - Setting next_dagrun for fetch_and_store_amazon_books to None, run_after=None
[2024-12-08T05:10:45.046+0000] {processor.py:208} INFO - Processing /opt/airflow/dags/dag.py took 0.233 seconds
[2024-12-08T05:11:15.220+0000] {processor.py:186} INFO - Started process (PID=1093) to work on /opt/airflow/dags/dag.py
[2024-12-08T05:11:15.222+0000] {processor.py:914} INFO - Processing file /opt/airflow/dags/dag.py for tasks to queue
[2024-12-08T05:11:15.224+0000] {logging_mixin.py:190} INFO - [2024-12-08T05:11:15.224+0000] {dagbag.py:588} INFO - Filling up the DagBag from /opt/airflow/dags/dag.py
[2024-12-08T05:11:15.251+0000] {processor.py:925} INFO - DAG(s) 'fetch_and_store_amazon_books' retrieved from /opt/airflow/dags/dag.py
[2024-12-08T05:11:15.271+0000] {logging_mixin.py:190} INFO - [2024-12-08T05:11:15.270+0000] {dag.py:3239} INFO - Sync 1 DAGs
[2024-12-08T05:11:15.295+0000] {logging_mixin.py:190} INFO - [2024-12-08T05:11:15.295+0000] {dag.py:4180} INFO - Setting next_dagrun for fetch_and_store_amazon_books to None, run_after=None
[2024-12-08T05:11:15.317+0000] {processor.py:208} INFO - Processing /opt/airflow/dags/dag.py took 0.103 seconds
