[2024-12-08T04:04:57.743+0000] {processor.py:186} INFO - Started process (PID=127) to work on /home/airflow/.local/lib/python3.12/site-packages/airflow/example_dags/example_display_name.py
[2024-12-08T04:04:57.744+0000] {processor.py:914} INFO - Processing file /home/airflow/.local/lib/python3.12/site-packages/airflow/example_dags/example_display_name.py for tasks to queue
[2024-12-08T04:04:57.748+0000] {logging_mixin.py:190} INFO - [2024-12-08T04:04:57.747+0000] {dagbag.py:588} INFO - Filling up the DagBag from /home/airflow/.local/lib/python3.12/site-packages/airflow/example_dags/example_display_name.py
[2024-12-08T04:04:57.758+0000] {processor.py:925} INFO - DAG(s) 'example_display_name' retrieved from /home/airflow/.local/lib/python3.12/site-packages/airflow/example_dags/example_display_name.py
[2024-12-08T04:04:57.782+0000] {logging_mixin.py:190} INFO - [2024-12-08T04:04:57.781+0000] {dag.py:3239} INFO - Sync 1 DAGs
[2024-12-08T04:04:57.803+0000] {logging_mixin.py:190} INFO - [2024-12-08T04:04:57.803+0000] {dag.py:4180} INFO - Setting next_dagrun for example_display_name to None, run_after=None
[2024-12-08T04:04:57.828+0000] {processor.py:208} INFO - Processing /home/airflow/.local/lib/python3.12/site-packages/airflow/example_dags/example_display_name.py took 0.092 seconds
[2024-12-08T04:05:31.150+0000] {processor.py:186} INFO - Started process (PID=190) to work on /home/airflow/.local/lib/python3.12/site-packages/airflow/example_dags/example_display_name.py
[2024-12-08T04:05:31.152+0000] {processor.py:914} INFO - Processing file /home/airflow/.local/lib/python3.12/site-packages/airflow/example_dags/example_display_name.py for tasks to queue
[2024-12-08T04:05:31.155+0000] {logging_mixin.py:190} INFO - [2024-12-08T04:05:31.154+0000] {dagbag.py:588} INFO - Filling up the DagBag from /home/airflow/.local/lib/python3.12/site-packages/airflow/example_dags/example_display_name.py
[2024-12-08T04:05:31.164+0000] {processor.py:925} INFO - DAG(s) 'example_display_name' retrieved from /home/airflow/.local/lib/python3.12/site-packages/airflow/example_dags/example_display_name.py
[2024-12-08T04:05:31.188+0000] {logging_mixin.py:190} INFO - [2024-12-08T04:05:31.188+0000] {dag.py:3239} INFO - Sync 1 DAGs
[2024-12-08T04:05:31.208+0000] {logging_mixin.py:190} INFO - [2024-12-08T04:05:31.208+0000] {dag.py:4180} INFO - Setting next_dagrun for example_display_name to None, run_after=None
[2024-12-08T04:05:31.235+0000] {processor.py:208} INFO - Processing /home/airflow/.local/lib/python3.12/site-packages/airflow/example_dags/example_display_name.py took 0.092 seconds
[2024-12-08T04:06:02.044+0000] {processor.py:186} INFO - Started process (PID=252) to work on /home/airflow/.local/lib/python3.12/site-packages/airflow/example_dags/example_display_name.py
[2024-12-08T04:06:02.046+0000] {processor.py:914} INFO - Processing file /home/airflow/.local/lib/python3.12/site-packages/airflow/example_dags/example_display_name.py for tasks to queue
[2024-12-08T04:06:02.049+0000] {logging_mixin.py:190} INFO - [2024-12-08T04:06:02.049+0000] {dagbag.py:588} INFO - Filling up the DagBag from /home/airflow/.local/lib/python3.12/site-packages/airflow/example_dags/example_display_name.py
[2024-12-08T04:06:02.058+0000] {processor.py:925} INFO - DAG(s) 'example_display_name' retrieved from /home/airflow/.local/lib/python3.12/site-packages/airflow/example_dags/example_display_name.py
[2024-12-08T04:06:02.083+0000] {logging_mixin.py:190} INFO - [2024-12-08T04:06:02.082+0000] {dag.py:3239} INFO - Sync 1 DAGs
[2024-12-08T04:06:02.102+0000] {logging_mixin.py:190} INFO - [2024-12-08T04:06:02.102+0000] {dag.py:4180} INFO - Setting next_dagrun for example_display_name to None, run_after=None
[2024-12-08T04:06:02.127+0000] {processor.py:208} INFO - Processing /home/airflow/.local/lib/python3.12/site-packages/airflow/example_dags/example_display_name.py took 0.090 seconds
[2024-12-08T04:06:33.503+0000] {processor.py:186} INFO - Started process (PID=316) to work on /home/airflow/.local/lib/python3.12/site-packages/airflow/example_dags/example_display_name.py
[2024-12-08T04:06:33.505+0000] {processor.py:914} INFO - Processing file /home/airflow/.local/lib/python3.12/site-packages/airflow/example_dags/example_display_name.py for tasks to queue
[2024-12-08T04:06:33.511+0000] {logging_mixin.py:190} INFO - [2024-12-08T04:06:33.510+0000] {dagbag.py:588} INFO - Filling up the DagBag from /home/airflow/.local/lib/python3.12/site-packages/airflow/example_dags/example_display_name.py
[2024-12-08T04:06:33.531+0000] {processor.py:925} INFO - DAG(s) 'example_display_name' retrieved from /home/airflow/.local/lib/python3.12/site-packages/airflow/example_dags/example_display_name.py
[2024-12-08T04:06:33.569+0000] {logging_mixin.py:190} INFO - [2024-12-08T04:06:33.568+0000] {dag.py:3239} INFO - Sync 1 DAGs
[2024-12-08T04:06:33.597+0000] {logging_mixin.py:190} INFO - [2024-12-08T04:06:33.596+0000] {dag.py:4180} INFO - Setting next_dagrun for example_display_name to None, run_after=None
[2024-12-08T04:06:33.633+0000] {processor.py:208} INFO - Processing /home/airflow/.local/lib/python3.12/site-packages/airflow/example_dags/example_display_name.py took 0.142 seconds
[2024-12-08T04:07:05.610+0000] {processor.py:186} INFO - Started process (PID=379) to work on /home/airflow/.local/lib/python3.12/site-packages/airflow/example_dags/example_display_name.py
[2024-12-08T04:07:05.613+0000] {processor.py:914} INFO - Processing file /home/airflow/.local/lib/python3.12/site-packages/airflow/example_dags/example_display_name.py for tasks to queue
[2024-12-08T04:07:05.617+0000] {logging_mixin.py:190} INFO - [2024-12-08T04:07:05.616+0000] {dagbag.py:588} INFO - Filling up the DagBag from /home/airflow/.local/lib/python3.12/site-packages/airflow/example_dags/example_display_name.py
[2024-12-08T04:07:05.626+0000] {processor.py:925} INFO - DAG(s) 'example_display_name' retrieved from /home/airflow/.local/lib/python3.12/site-packages/airflow/example_dags/example_display_name.py
[2024-12-08T04:07:05.649+0000] {logging_mixin.py:190} INFO - [2024-12-08T04:07:05.649+0000] {dag.py:3239} INFO - Sync 1 DAGs
[2024-12-08T04:07:05.666+0000] {logging_mixin.py:190} INFO - [2024-12-08T04:07:05.666+0000] {dag.py:4180} INFO - Setting next_dagrun for example_display_name to None, run_after=None
[2024-12-08T04:07:05.689+0000] {processor.py:208} INFO - Processing /home/airflow/.local/lib/python3.12/site-packages/airflow/example_dags/example_display_name.py took 0.089 seconds
[2024-12-08T04:07:36.417+0000] {processor.py:186} INFO - Started process (PID=442) to work on /home/airflow/.local/lib/python3.12/site-packages/airflow/example_dags/example_display_name.py
[2024-12-08T04:07:36.418+0000] {processor.py:914} INFO - Processing file /home/airflow/.local/lib/python3.12/site-packages/airflow/example_dags/example_display_name.py for tasks to queue
[2024-12-08T04:07:36.421+0000] {logging_mixin.py:190} INFO - [2024-12-08T04:07:36.421+0000] {dagbag.py:588} INFO - Filling up the DagBag from /home/airflow/.local/lib/python3.12/site-packages/airflow/example_dags/example_display_name.py
[2024-12-08T04:07:36.429+0000] {processor.py:925} INFO - DAG(s) 'example_display_name' retrieved from /home/airflow/.local/lib/python3.12/site-packages/airflow/example_dags/example_display_name.py
[2024-12-08T04:07:36.451+0000] {logging_mixin.py:190} INFO - [2024-12-08T04:07:36.451+0000] {dag.py:3239} INFO - Sync 1 DAGs
[2024-12-08T04:07:36.468+0000] {logging_mixin.py:190} INFO - [2024-12-08T04:07:36.468+0000] {dag.py:4180} INFO - Setting next_dagrun for example_display_name to None, run_after=None
[2024-12-08T04:07:36.491+0000] {processor.py:208} INFO - Processing /home/airflow/.local/lib/python3.12/site-packages/airflow/example_dags/example_display_name.py took 0.081 seconds
[2024-12-08T04:08:07.118+0000] {processor.py:186} INFO - Started process (PID=504) to work on /home/airflow/.local/lib/python3.12/site-packages/airflow/example_dags/example_display_name.py
[2024-12-08T04:08:07.119+0000] {processor.py:914} INFO - Processing file /home/airflow/.local/lib/python3.12/site-packages/airflow/example_dags/example_display_name.py for tasks to queue
[2024-12-08T04:08:07.122+0000] {logging_mixin.py:190} INFO - [2024-12-08T04:08:07.122+0000] {dagbag.py:588} INFO - Filling up the DagBag from /home/airflow/.local/lib/python3.12/site-packages/airflow/example_dags/example_display_name.py
[2024-12-08T04:08:07.131+0000] {processor.py:925} INFO - DAG(s) 'example_display_name' retrieved from /home/airflow/.local/lib/python3.12/site-packages/airflow/example_dags/example_display_name.py
[2024-12-08T04:08:07.153+0000] {logging_mixin.py:190} INFO - [2024-12-08T04:08:07.153+0000] {dag.py:3239} INFO - Sync 1 DAGs
[2024-12-08T04:08:07.169+0000] {logging_mixin.py:190} INFO - [2024-12-08T04:08:07.169+0000] {dag.py:4180} INFO - Setting next_dagrun for example_display_name to None, run_after=None
[2024-12-08T04:08:07.190+0000] {processor.py:208} INFO - Processing /home/airflow/.local/lib/python3.12/site-packages/airflow/example_dags/example_display_name.py took 0.082 seconds
[2024-12-08T04:08:38.161+0000] {processor.py:186} INFO - Started process (PID=567) to work on /home/airflow/.local/lib/python3.12/site-packages/airflow/example_dags/example_display_name.py
[2024-12-08T04:08:38.163+0000] {processor.py:914} INFO - Processing file /home/airflow/.local/lib/python3.12/site-packages/airflow/example_dags/example_display_name.py for tasks to queue
[2024-12-08T04:08:38.166+0000] {logging_mixin.py:190} INFO - [2024-12-08T04:08:38.166+0000] {dagbag.py:588} INFO - Filling up the DagBag from /home/airflow/.local/lib/python3.12/site-packages/airflow/example_dags/example_display_name.py
[2024-12-08T04:08:38.176+0000] {processor.py:925} INFO - DAG(s) 'example_display_name' retrieved from /home/airflow/.local/lib/python3.12/site-packages/airflow/example_dags/example_display_name.py
[2024-12-08T04:08:38.201+0000] {logging_mixin.py:190} INFO - [2024-12-08T04:08:38.201+0000] {dag.py:3239} INFO - Sync 1 DAGs
[2024-12-08T04:08:38.220+0000] {logging_mixin.py:190} INFO - [2024-12-08T04:08:38.220+0000] {dag.py:4180} INFO - Setting next_dagrun for example_display_name to None, run_after=None
[2024-12-08T04:08:38.245+0000] {processor.py:208} INFO - Processing /home/airflow/.local/lib/python3.12/site-packages/airflow/example_dags/example_display_name.py took 0.091 seconds
[2024-12-08T04:09:09.854+0000] {processor.py:186} INFO - Started process (PID=636) to work on /home/airflow/.local/lib/python3.12/site-packages/airflow/example_dags/example_display_name.py
[2024-12-08T04:09:09.856+0000] {processor.py:914} INFO - Processing file /home/airflow/.local/lib/python3.12/site-packages/airflow/example_dags/example_display_name.py for tasks to queue
[2024-12-08T04:09:09.862+0000] {logging_mixin.py:190} INFO - [2024-12-08T04:09:09.861+0000] {dagbag.py:588} INFO - Filling up the DagBag from /home/airflow/.local/lib/python3.12/site-packages/airflow/example_dags/example_display_name.py
[2024-12-08T04:09:09.877+0000] {processor.py:925} INFO - DAG(s) 'example_display_name' retrieved from /home/airflow/.local/lib/python3.12/site-packages/airflow/example_dags/example_display_name.py
[2024-12-08T04:09:09.913+0000] {logging_mixin.py:190} INFO - [2024-12-08T04:09:09.913+0000] {dag.py:3239} INFO - Sync 1 DAGs
[2024-12-08T04:09:09.937+0000] {logging_mixin.py:190} INFO - [2024-12-08T04:09:09.936+0000] {dag.py:4180} INFO - Setting next_dagrun for example_display_name to None, run_after=None
[2024-12-08T04:09:10.027+0000] {processor.py:208} INFO - Processing /home/airflow/.local/lib/python3.12/site-packages/airflow/example_dags/example_display_name.py took 0.186 seconds
[2024-12-08T04:09:40.916+0000] {processor.py:186} INFO - Started process (PID=699) to work on /home/airflow/.local/lib/python3.12/site-packages/airflow/example_dags/example_display_name.py
[2024-12-08T04:09:40.917+0000] {processor.py:914} INFO - Processing file /home/airflow/.local/lib/python3.12/site-packages/airflow/example_dags/example_display_name.py for tasks to queue
[2024-12-08T04:09:40.920+0000] {logging_mixin.py:190} INFO - [2024-12-08T04:09:40.920+0000] {dagbag.py:588} INFO - Filling up the DagBag from /home/airflow/.local/lib/python3.12/site-packages/airflow/example_dags/example_display_name.py
[2024-12-08T04:09:40.929+0000] {processor.py:925} INFO - DAG(s) 'example_display_name' retrieved from /home/airflow/.local/lib/python3.12/site-packages/airflow/example_dags/example_display_name.py
[2024-12-08T04:09:40.950+0000] {logging_mixin.py:190} INFO - [2024-12-08T04:09:40.950+0000] {dag.py:3239} INFO - Sync 1 DAGs
[2024-12-08T04:09:40.966+0000] {logging_mixin.py:190} INFO - [2024-12-08T04:09:40.966+0000] {dag.py:4180} INFO - Setting next_dagrun for example_display_name to None, run_after=None
[2024-12-08T04:09:40.987+0000] {processor.py:208} INFO - Processing /home/airflow/.local/lib/python3.12/site-packages/airflow/example_dags/example_display_name.py took 0.077 seconds
[2024-12-08T04:10:12.679+0000] {processor.py:186} INFO - Started process (PID=762) to work on /home/airflow/.local/lib/python3.12/site-packages/airflow/example_dags/example_display_name.py
[2024-12-08T04:10:12.680+0000] {processor.py:914} INFO - Processing file /home/airflow/.local/lib/python3.12/site-packages/airflow/example_dags/example_display_name.py for tasks to queue
[2024-12-08T04:10:12.683+0000] {logging_mixin.py:190} INFO - [2024-12-08T04:10:12.683+0000] {dagbag.py:588} INFO - Filling up the DagBag from /home/airflow/.local/lib/python3.12/site-packages/airflow/example_dags/example_display_name.py
[2024-12-08T04:10:12.694+0000] {processor.py:925} INFO - DAG(s) 'example_display_name' retrieved from /home/airflow/.local/lib/python3.12/site-packages/airflow/example_dags/example_display_name.py
[2024-12-08T04:10:12.720+0000] {logging_mixin.py:190} INFO - [2024-12-08T04:10:12.720+0000] {dag.py:3239} INFO - Sync 1 DAGs
[2024-12-08T04:10:12.739+0000] {logging_mixin.py:190} INFO - [2024-12-08T04:10:12.738+0000] {dag.py:4180} INFO - Setting next_dagrun for example_display_name to None, run_after=None
[2024-12-08T04:10:12.762+0000] {processor.py:208} INFO - Processing /home/airflow/.local/lib/python3.12/site-packages/airflow/example_dags/example_display_name.py took 0.092 seconds
[2024-12-08T04:10:45.859+0000] {processor.py:186} INFO - Started process (PID=825) to work on /home/airflow/.local/lib/python3.12/site-packages/airflow/example_dags/example_display_name.py
[2024-12-08T04:10:45.860+0000] {processor.py:914} INFO - Processing file /home/airflow/.local/lib/python3.12/site-packages/airflow/example_dags/example_display_name.py for tasks to queue
[2024-12-08T04:10:45.863+0000] {logging_mixin.py:190} INFO - [2024-12-08T04:10:45.863+0000] {dagbag.py:588} INFO - Filling up the DagBag from /home/airflow/.local/lib/python3.12/site-packages/airflow/example_dags/example_display_name.py
[2024-12-08T04:10:45.872+0000] {processor.py:925} INFO - DAG(s) 'example_display_name' retrieved from /home/airflow/.local/lib/python3.12/site-packages/airflow/example_dags/example_display_name.py
[2024-12-08T04:10:45.894+0000] {logging_mixin.py:190} INFO - [2024-12-08T04:10:45.894+0000] {dag.py:3239} INFO - Sync 1 DAGs
[2024-12-08T04:10:45.911+0000] {logging_mixin.py:190} INFO - [2024-12-08T04:10:45.911+0000] {dag.py:4180} INFO - Setting next_dagrun for example_display_name to None, run_after=None
[2024-12-08T04:10:45.934+0000] {processor.py:208} INFO - Processing /home/airflow/.local/lib/python3.12/site-packages/airflow/example_dags/example_display_name.py took 0.081 seconds
[2024-12-08T04:11:17.074+0000] {processor.py:186} INFO - Started process (PID=888) to work on /home/airflow/.local/lib/python3.12/site-packages/airflow/example_dags/example_display_name.py
[2024-12-08T04:11:17.076+0000] {processor.py:914} INFO - Processing file /home/airflow/.local/lib/python3.12/site-packages/airflow/example_dags/example_display_name.py for tasks to queue
[2024-12-08T04:11:17.081+0000] {logging_mixin.py:190} INFO - [2024-12-08T04:11:17.080+0000] {dagbag.py:588} INFO - Filling up the DagBag from /home/airflow/.local/lib/python3.12/site-packages/airflow/example_dags/example_display_name.py
[2024-12-08T04:11:17.093+0000] {processor.py:925} INFO - DAG(s) 'example_display_name' retrieved from /home/airflow/.local/lib/python3.12/site-packages/airflow/example_dags/example_display_name.py
[2024-12-08T04:11:17.127+0000] {logging_mixin.py:190} INFO - [2024-12-08T04:11:17.126+0000] {dag.py:3239} INFO - Sync 1 DAGs
[2024-12-08T04:11:17.150+0000] {logging_mixin.py:190} INFO - [2024-12-08T04:11:17.150+0000] {dag.py:4180} INFO - Setting next_dagrun for example_display_name to None, run_after=None
[2024-12-08T04:11:17.174+0000] {processor.py:208} INFO - Processing /home/airflow/.local/lib/python3.12/site-packages/airflow/example_dags/example_display_name.py took 0.108 seconds
[2024-12-08T04:11:47.806+0000] {processor.py:186} INFO - Started process (PID=951) to work on /home/airflow/.local/lib/python3.12/site-packages/airflow/example_dags/example_display_name.py
[2024-12-08T04:11:47.807+0000] {processor.py:914} INFO - Processing file /home/airflow/.local/lib/python3.12/site-packages/airflow/example_dags/example_display_name.py for tasks to queue
[2024-12-08T04:11:47.810+0000] {logging_mixin.py:190} INFO - [2024-12-08T04:11:47.810+0000] {dagbag.py:588} INFO - Filling up the DagBag from /home/airflow/.local/lib/python3.12/site-packages/airflow/example_dags/example_display_name.py
[2024-12-08T04:11:47.821+0000] {processor.py:925} INFO - DAG(s) 'example_display_name' retrieved from /home/airflow/.local/lib/python3.12/site-packages/airflow/example_dags/example_display_name.py
[2024-12-08T04:11:47.849+0000] {logging_mixin.py:190} INFO - [2024-12-08T04:11:47.849+0000] {dag.py:3239} INFO - Sync 1 DAGs
[2024-12-08T04:11:47.869+0000] {logging_mixin.py:190} INFO - [2024-12-08T04:11:47.868+0000] {dag.py:4180} INFO - Setting next_dagrun for example_display_name to None, run_after=None
[2024-12-08T04:11:47.895+0000] {processor.py:208} INFO - Processing /home/airflow/.local/lib/python3.12/site-packages/airflow/example_dags/example_display_name.py took 0.099 seconds
[2024-12-08T04:12:19.512+0000] {processor.py:186} INFO - Started process (PID=1014) to work on /home/airflow/.local/lib/python3.12/site-packages/airflow/example_dags/example_display_name.py
[2024-12-08T04:12:19.517+0000] {processor.py:914} INFO - Processing file /home/airflow/.local/lib/python3.12/site-packages/airflow/example_dags/example_display_name.py for tasks to queue
[2024-12-08T04:12:19.527+0000] {logging_mixin.py:190} INFO - [2024-12-08T04:12:19.526+0000] {dagbag.py:588} INFO - Filling up the DagBag from /home/airflow/.local/lib/python3.12/site-packages/airflow/example_dags/example_display_name.py
[2024-12-08T04:12:19.561+0000] {processor.py:925} INFO - DAG(s) 'example_display_name' retrieved from /home/airflow/.local/lib/python3.12/site-packages/airflow/example_dags/example_display_name.py
[2024-12-08T04:12:19.607+0000] {logging_mixin.py:190} INFO - [2024-12-08T04:12:19.607+0000] {dag.py:3239} INFO - Sync 1 DAGs
[2024-12-08T04:12:19.653+0000] {logging_mixin.py:190} INFO - [2024-12-08T04:12:19.652+0000] {dag.py:4180} INFO - Setting next_dagrun for example_display_name to None, run_after=None
[2024-12-08T04:12:19.702+0000] {processor.py:208} INFO - Processing /home/airflow/.local/lib/python3.12/site-packages/airflow/example_dags/example_display_name.py took 0.214 seconds
[2024-12-08T04:12:50.601+0000] {processor.py:186} INFO - Started process (PID=1078) to work on /home/airflow/.local/lib/python3.12/site-packages/airflow/example_dags/example_display_name.py
[2024-12-08T04:12:50.603+0000] {processor.py:914} INFO - Processing file /home/airflow/.local/lib/python3.12/site-packages/airflow/example_dags/example_display_name.py for tasks to queue
[2024-12-08T04:12:50.605+0000] {logging_mixin.py:190} INFO - [2024-12-08T04:12:50.605+0000] {dagbag.py:588} INFO - Filling up the DagBag from /home/airflow/.local/lib/python3.12/site-packages/airflow/example_dags/example_display_name.py
[2024-12-08T04:12:50.614+0000] {processor.py:925} INFO - DAG(s) 'example_display_name' retrieved from /home/airflow/.local/lib/python3.12/site-packages/airflow/example_dags/example_display_name.py
[2024-12-08T04:12:50.638+0000] {logging_mixin.py:190} INFO - [2024-12-08T04:12:50.638+0000] {dag.py:3239} INFO - Sync 1 DAGs
[2024-12-08T04:12:50.657+0000] {logging_mixin.py:190} INFO - [2024-12-08T04:12:50.657+0000] {dag.py:4180} INFO - Setting next_dagrun for example_display_name to None, run_after=None
[2024-12-08T04:12:50.679+0000] {processor.py:208} INFO - Processing /home/airflow/.local/lib/python3.12/site-packages/airflow/example_dags/example_display_name.py took 0.084 seconds
[2024-12-08T04:13:22.169+0000] {processor.py:186} INFO - Started process (PID=1141) to work on /home/airflow/.local/lib/python3.12/site-packages/airflow/example_dags/example_display_name.py
[2024-12-08T04:13:22.171+0000] {processor.py:914} INFO - Processing file /home/airflow/.local/lib/python3.12/site-packages/airflow/example_dags/example_display_name.py for tasks to queue
[2024-12-08T04:13:22.175+0000] {logging_mixin.py:190} INFO - [2024-12-08T04:13:22.174+0000] {dagbag.py:588} INFO - Filling up the DagBag from /home/airflow/.local/lib/python3.12/site-packages/airflow/example_dags/example_display_name.py
[2024-12-08T04:13:22.191+0000] {processor.py:925} INFO - DAG(s) 'example_display_name' retrieved from /home/airflow/.local/lib/python3.12/site-packages/airflow/example_dags/example_display_name.py
[2024-12-08T04:13:22.226+0000] {logging_mixin.py:190} INFO - [2024-12-08T04:13:22.225+0000] {dag.py:3239} INFO - Sync 1 DAGs
[2024-12-08T04:13:22.254+0000] {logging_mixin.py:190} INFO - [2024-12-08T04:13:22.254+0000] {dag.py:4180} INFO - Setting next_dagrun for example_display_name to None, run_after=None
[2024-12-08T04:13:22.293+0000] {processor.py:208} INFO - Processing /home/airflow/.local/lib/python3.12/site-packages/airflow/example_dags/example_display_name.py took 0.137 seconds
[2024-12-08T04:13:53.214+0000] {processor.py:186} INFO - Started process (PID=1203) to work on /home/airflow/.local/lib/python3.12/site-packages/airflow/example_dags/example_display_name.py
[2024-12-08T04:13:53.218+0000] {processor.py:914} INFO - Processing file /home/airflow/.local/lib/python3.12/site-packages/airflow/example_dags/example_display_name.py for tasks to queue
[2024-12-08T04:13:53.226+0000] {logging_mixin.py:190} INFO - [2024-12-08T04:13:53.225+0000] {dagbag.py:588} INFO - Filling up the DagBag from /home/airflow/.local/lib/python3.12/site-packages/airflow/example_dags/example_display_name.py
[2024-12-08T04:13:53.256+0000] {processor.py:925} INFO - DAG(s) 'example_display_name' retrieved from /home/airflow/.local/lib/python3.12/site-packages/airflow/example_dags/example_display_name.py
[2024-12-08T04:13:53.327+0000] {logging_mixin.py:190} INFO - [2024-12-08T04:13:53.326+0000] {dag.py:3239} INFO - Sync 1 DAGs
[2024-12-08T04:13:53.379+0000] {logging_mixin.py:190} INFO - [2024-12-08T04:13:53.378+0000] {dag.py:4180} INFO - Setting next_dagrun for example_display_name to None, run_after=None
[2024-12-08T04:13:53.414+0000] {processor.py:208} INFO - Processing /home/airflow/.local/lib/python3.12/site-packages/airflow/example_dags/example_display_name.py took 0.220 seconds
[2024-12-08T04:14:25.098+0000] {processor.py:186} INFO - Started process (PID=1266) to work on /home/airflow/.local/lib/python3.12/site-packages/airflow/example_dags/example_display_name.py
[2024-12-08T04:14:25.100+0000] {processor.py:914} INFO - Processing file /home/airflow/.local/lib/python3.12/site-packages/airflow/example_dags/example_display_name.py for tasks to queue
[2024-12-08T04:14:25.103+0000] {logging_mixin.py:190} INFO - [2024-12-08T04:14:25.103+0000] {dagbag.py:588} INFO - Filling up the DagBag from /home/airflow/.local/lib/python3.12/site-packages/airflow/example_dags/example_display_name.py
[2024-12-08T04:14:25.113+0000] {processor.py:925} INFO - DAG(s) 'example_display_name' retrieved from /home/airflow/.local/lib/python3.12/site-packages/airflow/example_dags/example_display_name.py
[2024-12-08T04:14:25.140+0000] {logging_mixin.py:190} INFO - [2024-12-08T04:14:25.140+0000] {dag.py:3239} INFO - Sync 1 DAGs
[2024-12-08T04:14:25.159+0000] {logging_mixin.py:190} INFO - [2024-12-08T04:14:25.159+0000] {dag.py:4180} INFO - Setting next_dagrun for example_display_name to None, run_after=None
[2024-12-08T04:14:25.183+0000] {processor.py:208} INFO - Processing /home/airflow/.local/lib/python3.12/site-packages/airflow/example_dags/example_display_name.py took 0.092 seconds
[2024-12-08T04:14:55.807+0000] {processor.py:186} INFO - Started process (PID=1329) to work on /home/airflow/.local/lib/python3.12/site-packages/airflow/example_dags/example_display_name.py
[2024-12-08T04:14:55.809+0000] {processor.py:914} INFO - Processing file /home/airflow/.local/lib/python3.12/site-packages/airflow/example_dags/example_display_name.py for tasks to queue
[2024-12-08T04:14:55.812+0000] {logging_mixin.py:190} INFO - [2024-12-08T04:14:55.812+0000] {dagbag.py:588} INFO - Filling up the DagBag from /home/airflow/.local/lib/python3.12/site-packages/airflow/example_dags/example_display_name.py
[2024-12-08T04:14:55.823+0000] {processor.py:925} INFO - DAG(s) 'example_display_name' retrieved from /home/airflow/.local/lib/python3.12/site-packages/airflow/example_dags/example_display_name.py
[2024-12-08T04:14:55.851+0000] {logging_mixin.py:190} INFO - [2024-12-08T04:14:55.851+0000] {dag.py:3239} INFO - Sync 1 DAGs
[2024-12-08T04:14:55.873+0000] {logging_mixin.py:190} INFO - [2024-12-08T04:14:55.873+0000] {dag.py:4180} INFO - Setting next_dagrun for example_display_name to None, run_after=None
[2024-12-08T04:14:55.899+0000] {processor.py:208} INFO - Processing /home/airflow/.local/lib/python3.12/site-packages/airflow/example_dags/example_display_name.py took 0.101 seconds
[2024-12-08T04:15:26.917+0000] {processor.py:186} INFO - Started process (PID=1392) to work on /home/airflow/.local/lib/python3.12/site-packages/airflow/example_dags/example_display_name.py
[2024-12-08T04:15:26.918+0000] {processor.py:914} INFO - Processing file /home/airflow/.local/lib/python3.12/site-packages/airflow/example_dags/example_display_name.py for tasks to queue
[2024-12-08T04:15:26.921+0000] {logging_mixin.py:190} INFO - [2024-12-08T04:15:26.920+0000] {dagbag.py:588} INFO - Filling up the DagBag from /home/airflow/.local/lib/python3.12/site-packages/airflow/example_dags/example_display_name.py
[2024-12-08T04:15:26.929+0000] {processor.py:925} INFO - DAG(s) 'example_display_name' retrieved from /home/airflow/.local/lib/python3.12/site-packages/airflow/example_dags/example_display_name.py
[2024-12-08T04:15:26.951+0000] {logging_mixin.py:190} INFO - [2024-12-08T04:15:26.951+0000] {dag.py:3239} INFO - Sync 1 DAGs
[2024-12-08T04:15:26.972+0000] {logging_mixin.py:190} INFO - [2024-12-08T04:15:26.972+0000] {dag.py:4180} INFO - Setting next_dagrun for example_display_name to None, run_after=None
[2024-12-08T04:15:26.997+0000] {processor.py:208} INFO - Processing /home/airflow/.local/lib/python3.12/site-packages/airflow/example_dags/example_display_name.py took 0.087 seconds
[2024-12-08T04:15:59.155+0000] {processor.py:186} INFO - Started process (PID=1455) to work on /home/airflow/.local/lib/python3.12/site-packages/airflow/example_dags/example_display_name.py
[2024-12-08T04:15:59.157+0000] {processor.py:914} INFO - Processing file /home/airflow/.local/lib/python3.12/site-packages/airflow/example_dags/example_display_name.py for tasks to queue
[2024-12-08T04:15:59.160+0000] {logging_mixin.py:190} INFO - [2024-12-08T04:15:59.159+0000] {dagbag.py:588} INFO - Filling up the DagBag from /home/airflow/.local/lib/python3.12/site-packages/airflow/example_dags/example_display_name.py
[2024-12-08T04:15:59.168+0000] {processor.py:925} INFO - DAG(s) 'example_display_name' retrieved from /home/airflow/.local/lib/python3.12/site-packages/airflow/example_dags/example_display_name.py
[2024-12-08T04:15:59.190+0000] {logging_mixin.py:190} INFO - [2024-12-08T04:15:59.190+0000] {dag.py:3239} INFO - Sync 1 DAGs
[2024-12-08T04:15:59.209+0000] {logging_mixin.py:190} INFO - [2024-12-08T04:15:59.209+0000] {dag.py:4180} INFO - Setting next_dagrun for example_display_name to None, run_after=None
[2024-12-08T04:15:59.231+0000] {processor.py:208} INFO - Processing /home/airflow/.local/lib/python3.12/site-packages/airflow/example_dags/example_display_name.py took 0.084 seconds
[2024-12-08T04:16:31.007+0000] {processor.py:186} INFO - Started process (PID=1518) to work on /home/airflow/.local/lib/python3.12/site-packages/airflow/example_dags/example_display_name.py
[2024-12-08T04:16:31.011+0000] {processor.py:914} INFO - Processing file /home/airflow/.local/lib/python3.12/site-packages/airflow/example_dags/example_display_name.py for tasks to queue
[2024-12-08T04:16:31.020+0000] {logging_mixin.py:190} INFO - [2024-12-08T04:16:31.019+0000] {dagbag.py:588} INFO - Filling up the DagBag from /home/airflow/.local/lib/python3.12/site-packages/airflow/example_dags/example_display_name.py
[2024-12-08T04:16:31.050+0000] {processor.py:925} INFO - DAG(s) 'example_display_name' retrieved from /home/airflow/.local/lib/python3.12/site-packages/airflow/example_dags/example_display_name.py
[2024-12-08T04:16:31.122+0000] {logging_mixin.py:190} INFO - [2024-12-08T04:16:31.121+0000] {dag.py:3239} INFO - Sync 1 DAGs
[2024-12-08T04:16:31.183+0000] {logging_mixin.py:190} INFO - [2024-12-08T04:16:31.183+0000] {dag.py:4180} INFO - Setting next_dagrun for example_display_name to None, run_after=None
[2024-12-08T04:16:31.231+0000] {processor.py:208} INFO - Processing /home/airflow/.local/lib/python3.12/site-packages/airflow/example_dags/example_display_name.py took 0.245 seconds
[2024-12-08T04:17:03.442+0000] {processor.py:186} INFO - Started process (PID=1581) to work on /home/airflow/.local/lib/python3.12/site-packages/airflow/example_dags/example_display_name.py
[2024-12-08T04:17:03.443+0000] {processor.py:914} INFO - Processing file /home/airflow/.local/lib/python3.12/site-packages/airflow/example_dags/example_display_name.py for tasks to queue
[2024-12-08T04:17:03.448+0000] {logging_mixin.py:190} INFO - [2024-12-08T04:17:03.447+0000] {dagbag.py:588} INFO - Filling up the DagBag from /home/airflow/.local/lib/python3.12/site-packages/airflow/example_dags/example_display_name.py
[2024-12-08T04:17:03.460+0000] {processor.py:925} INFO - DAG(s) 'example_display_name' retrieved from /home/airflow/.local/lib/python3.12/site-packages/airflow/example_dags/example_display_name.py
[2024-12-08T04:17:03.490+0000] {logging_mixin.py:190} INFO - [2024-12-08T04:17:03.490+0000] {dag.py:3239} INFO - Sync 1 DAGs
[2024-12-08T04:17:03.510+0000] {logging_mixin.py:190} INFO - [2024-12-08T04:17:03.510+0000] {dag.py:4180} INFO - Setting next_dagrun for example_display_name to None, run_after=None
[2024-12-08T04:17:03.534+0000] {processor.py:208} INFO - Processing /home/airflow/.local/lib/python3.12/site-packages/airflow/example_dags/example_display_name.py took 0.101 seconds
[2024-12-08T04:17:34.848+0000] {processor.py:186} INFO - Started process (PID=1645) to work on /home/airflow/.local/lib/python3.12/site-packages/airflow/example_dags/example_display_name.py
[2024-12-08T04:17:34.850+0000] {processor.py:914} INFO - Processing file /home/airflow/.local/lib/python3.12/site-packages/airflow/example_dags/example_display_name.py for tasks to queue
[2024-12-08T04:17:34.856+0000] {logging_mixin.py:190} INFO - [2024-12-08T04:17:34.855+0000] {dagbag.py:588} INFO - Filling up the DagBag from /home/airflow/.local/lib/python3.12/site-packages/airflow/example_dags/example_display_name.py
[2024-12-08T04:17:34.874+0000] {processor.py:925} INFO - DAG(s) 'example_display_name' retrieved from /home/airflow/.local/lib/python3.12/site-packages/airflow/example_dags/example_display_name.py
[2024-12-08T04:17:34.912+0000] {logging_mixin.py:190} INFO - [2024-12-08T04:17:34.911+0000] {dag.py:3239} INFO - Sync 1 DAGs
[2024-12-08T04:17:34.949+0000] {logging_mixin.py:190} INFO - [2024-12-08T04:17:34.949+0000] {dag.py:4180} INFO - Setting next_dagrun for example_display_name to None, run_after=None
[2024-12-08T04:17:34.996+0000] {processor.py:208} INFO - Processing /home/airflow/.local/lib/python3.12/site-packages/airflow/example_dags/example_display_name.py took 0.160 seconds
[2024-12-08T04:18:06.941+0000] {processor.py:186} INFO - Started process (PID=1711) to work on /home/airflow/.local/lib/python3.12/site-packages/airflow/example_dags/example_display_name.py
[2024-12-08T04:18:06.942+0000] {processor.py:914} INFO - Processing file /home/airflow/.local/lib/python3.12/site-packages/airflow/example_dags/example_display_name.py for tasks to queue
[2024-12-08T04:18:06.945+0000] {logging_mixin.py:190} INFO - [2024-12-08T04:18:06.944+0000] {dagbag.py:588} INFO - Filling up the DagBag from /home/airflow/.local/lib/python3.12/site-packages/airflow/example_dags/example_display_name.py
[2024-12-08T04:18:06.953+0000] {processor.py:925} INFO - DAG(s) 'example_display_name' retrieved from /home/airflow/.local/lib/python3.12/site-packages/airflow/example_dags/example_display_name.py
[2024-12-08T04:18:06.974+0000] {logging_mixin.py:190} INFO - [2024-12-08T04:18:06.974+0000] {dag.py:3239} INFO - Sync 1 DAGs
[2024-12-08T04:18:06.994+0000] {logging_mixin.py:190} INFO - [2024-12-08T04:18:06.994+0000] {dag.py:4180} INFO - Setting next_dagrun for example_display_name to None, run_after=None
[2024-12-08T04:18:07.015+0000] {processor.py:208} INFO - Processing /home/airflow/.local/lib/python3.12/site-packages/airflow/example_dags/example_display_name.py took 0.081 seconds
[2024-12-08T04:18:38.688+0000] {processor.py:186} INFO - Started process (PID=1773) to work on /home/airflow/.local/lib/python3.12/site-packages/airflow/example_dags/example_display_name.py
[2024-12-08T04:18:38.691+0000] {processor.py:914} INFO - Processing file /home/airflow/.local/lib/python3.12/site-packages/airflow/example_dags/example_display_name.py for tasks to queue
[2024-12-08T04:18:38.698+0000] {logging_mixin.py:190} INFO - [2024-12-08T04:18:38.697+0000] {dagbag.py:588} INFO - Filling up the DagBag from /home/airflow/.local/lib/python3.12/site-packages/airflow/example_dags/example_display_name.py
[2024-12-08T04:18:38.722+0000] {processor.py:925} INFO - DAG(s) 'example_display_name' retrieved from /home/airflow/.local/lib/python3.12/site-packages/airflow/example_dags/example_display_name.py
[2024-12-08T04:18:38.780+0000] {logging_mixin.py:190} INFO - [2024-12-08T04:18:38.779+0000] {dag.py:3239} INFO - Sync 1 DAGs
[2024-12-08T04:18:38.823+0000] {logging_mixin.py:190} INFO - [2024-12-08T04:18:38.822+0000] {dag.py:4180} INFO - Setting next_dagrun for example_display_name to None, run_after=None
[2024-12-08T04:18:38.880+0000] {processor.py:208} INFO - Processing /home/airflow/.local/lib/python3.12/site-packages/airflow/example_dags/example_display_name.py took 0.210 seconds
[2024-12-08T04:19:10.013+0000] {processor.py:186} INFO - Started process (PID=1836) to work on /home/airflow/.local/lib/python3.12/site-packages/airflow/example_dags/example_display_name.py
[2024-12-08T04:19:10.015+0000] {processor.py:914} INFO - Processing file /home/airflow/.local/lib/python3.12/site-packages/airflow/example_dags/example_display_name.py for tasks to queue
[2024-12-08T04:19:10.018+0000] {logging_mixin.py:190} INFO - [2024-12-08T04:19:10.017+0000] {dagbag.py:588} INFO - Filling up the DagBag from /home/airflow/.local/lib/python3.12/site-packages/airflow/example_dags/example_display_name.py
[2024-12-08T04:19:10.029+0000] {processor.py:925} INFO - DAG(s) 'example_display_name' retrieved from /home/airflow/.local/lib/python3.12/site-packages/airflow/example_dags/example_display_name.py
[2024-12-08T04:19:10.056+0000] {logging_mixin.py:190} INFO - [2024-12-08T04:19:10.056+0000] {dag.py:3239} INFO - Sync 1 DAGs
[2024-12-08T04:19:10.076+0000] {logging_mixin.py:190} INFO - [2024-12-08T04:19:10.076+0000] {dag.py:4180} INFO - Setting next_dagrun for example_display_name to None, run_after=None
[2024-12-08T04:19:10.103+0000] {processor.py:208} INFO - Processing /home/airflow/.local/lib/python3.12/site-packages/airflow/example_dags/example_display_name.py took 0.098 seconds
[2024-12-08T04:19:41.134+0000] {processor.py:186} INFO - Started process (PID=1905) to work on /home/airflow/.local/lib/python3.12/site-packages/airflow/example_dags/example_display_name.py
[2024-12-08T04:19:41.136+0000] {processor.py:914} INFO - Processing file /home/airflow/.local/lib/python3.12/site-packages/airflow/example_dags/example_display_name.py for tasks to queue
[2024-12-08T04:19:41.138+0000] {logging_mixin.py:190} INFO - [2024-12-08T04:19:41.138+0000] {dagbag.py:588} INFO - Filling up the DagBag from /home/airflow/.local/lib/python3.12/site-packages/airflow/example_dags/example_display_name.py
[2024-12-08T04:19:41.147+0000] {processor.py:925} INFO - DAG(s) 'example_display_name' retrieved from /home/airflow/.local/lib/python3.12/site-packages/airflow/example_dags/example_display_name.py
[2024-12-08T04:19:41.169+0000] {logging_mixin.py:190} INFO - [2024-12-08T04:19:41.169+0000] {dag.py:3239} INFO - Sync 1 DAGs
[2024-12-08T04:19:41.194+0000] {logging_mixin.py:190} INFO - [2024-12-08T04:19:41.194+0000] {dag.py:4180} INFO - Setting next_dagrun for example_display_name to None, run_after=None
[2024-12-08T04:19:41.217+0000] {processor.py:208} INFO - Processing /home/airflow/.local/lib/python3.12/site-packages/airflow/example_dags/example_display_name.py took 0.090 seconds
[2024-12-08T05:03:22.338+0000] {processor.py:186} INFO - Started process (PID=126) to work on /home/airflow/.local/lib/python3.12/site-packages/airflow/example_dags/example_display_name.py
[2024-12-08T05:03:22.339+0000] {processor.py:914} INFO - Processing file /home/airflow/.local/lib/python3.12/site-packages/airflow/example_dags/example_display_name.py for tasks to queue
[2024-12-08T05:03:22.344+0000] {logging_mixin.py:190} INFO - [2024-12-08T05:03:22.343+0000] {dagbag.py:588} INFO - Filling up the DagBag from /home/airflow/.local/lib/python3.12/site-packages/airflow/example_dags/example_display_name.py
[2024-12-08T05:03:22.354+0000] {processor.py:925} INFO - DAG(s) 'example_display_name' retrieved from /home/airflow/.local/lib/python3.12/site-packages/airflow/example_dags/example_display_name.py
[2024-12-08T05:03:22.382+0000] {logging_mixin.py:190} INFO - [2024-12-08T05:03:22.381+0000] {dag.py:3239} INFO - Sync 1 DAGs
[2024-12-08T05:03:22.399+0000] {logging_mixin.py:190} INFO - [2024-12-08T05:03:22.399+0000] {dag.py:4180} INFO - Setting next_dagrun for example_display_name to None, run_after=None
[2024-12-08T05:03:22.421+0000] {processor.py:208} INFO - Processing /home/airflow/.local/lib/python3.12/site-packages/airflow/example_dags/example_display_name.py took 0.092 seconds
[2024-12-08T05:03:53.332+0000] {processor.py:186} INFO - Started process (PID=189) to work on /home/airflow/.local/lib/python3.12/site-packages/airflow/example_dags/example_display_name.py
[2024-12-08T05:03:53.333+0000] {processor.py:914} INFO - Processing file /home/airflow/.local/lib/python3.12/site-packages/airflow/example_dags/example_display_name.py for tasks to queue
[2024-12-08T05:03:53.336+0000] {logging_mixin.py:190} INFO - [2024-12-08T05:03:53.336+0000] {dagbag.py:588} INFO - Filling up the DagBag from /home/airflow/.local/lib/python3.12/site-packages/airflow/example_dags/example_display_name.py
[2024-12-08T05:03:53.346+0000] {processor.py:925} INFO - DAG(s) 'example_display_name' retrieved from /home/airflow/.local/lib/python3.12/site-packages/airflow/example_dags/example_display_name.py
[2024-12-08T05:03:53.370+0000] {logging_mixin.py:190} INFO - [2024-12-08T05:03:53.369+0000] {dag.py:3239} INFO - Sync 1 DAGs
[2024-12-08T05:03:53.388+0000] {logging_mixin.py:190} INFO - [2024-12-08T05:03:53.388+0000] {dag.py:4180} INFO - Setting next_dagrun for example_display_name to None, run_after=None
[2024-12-08T05:03:53.411+0000] {processor.py:208} INFO - Processing /home/airflow/.local/lib/python3.12/site-packages/airflow/example_dags/example_display_name.py took 0.086 seconds
[2024-12-08T05:04:24.231+0000] {processor.py:186} INFO - Started process (PID=253) to work on /home/airflow/.local/lib/python3.12/site-packages/airflow/example_dags/example_display_name.py
[2024-12-08T05:04:24.232+0000] {processor.py:914} INFO - Processing file /home/airflow/.local/lib/python3.12/site-packages/airflow/example_dags/example_display_name.py for tasks to queue
[2024-12-08T05:04:24.235+0000] {logging_mixin.py:190} INFO - [2024-12-08T05:04:24.235+0000] {dagbag.py:588} INFO - Filling up the DagBag from /home/airflow/.local/lib/python3.12/site-packages/airflow/example_dags/example_display_name.py
[2024-12-08T05:04:24.244+0000] {processor.py:925} INFO - DAG(s) 'example_display_name' retrieved from /home/airflow/.local/lib/python3.12/site-packages/airflow/example_dags/example_display_name.py
[2024-12-08T05:04:24.265+0000] {logging_mixin.py:190} INFO - [2024-12-08T05:04:24.265+0000] {dag.py:3239} INFO - Sync 1 DAGs
[2024-12-08T05:04:24.283+0000] {logging_mixin.py:190} INFO - [2024-12-08T05:04:24.282+0000] {dag.py:4180} INFO - Setting next_dagrun for example_display_name to None, run_after=None
[2024-12-08T05:04:24.305+0000] {processor.py:208} INFO - Processing /home/airflow/.local/lib/python3.12/site-packages/airflow/example_dags/example_display_name.py took 0.081 seconds
[2024-12-08T05:04:56.325+0000] {processor.py:186} INFO - Started process (PID=317) to work on /home/airflow/.local/lib/python3.12/site-packages/airflow/example_dags/example_display_name.py
[2024-12-08T05:04:56.327+0000] {processor.py:914} INFO - Processing file /home/airflow/.local/lib/python3.12/site-packages/airflow/example_dags/example_display_name.py for tasks to queue
[2024-12-08T05:04:56.331+0000] {logging_mixin.py:190} INFO - [2024-12-08T05:04:56.331+0000] {dagbag.py:588} INFO - Filling up the DagBag from /home/airflow/.local/lib/python3.12/site-packages/airflow/example_dags/example_display_name.py
[2024-12-08T05:04:56.345+0000] {processor.py:925} INFO - DAG(s) 'example_display_name' retrieved from /home/airflow/.local/lib/python3.12/site-packages/airflow/example_dags/example_display_name.py
[2024-12-08T05:04:56.376+0000] {logging_mixin.py:190} INFO - [2024-12-08T05:04:56.376+0000] {dag.py:3239} INFO - Sync 1 DAGs
[2024-12-08T05:04:56.401+0000] {logging_mixin.py:190} INFO - [2024-12-08T05:04:56.401+0000] {dag.py:4180} INFO - Setting next_dagrun for example_display_name to None, run_after=None
[2024-12-08T05:04:56.432+0000] {processor.py:208} INFO - Processing /home/airflow/.local/lib/python3.12/site-packages/airflow/example_dags/example_display_name.py took 0.116 seconds
[2024-12-08T05:05:27.528+0000] {processor.py:186} INFO - Started process (PID=381) to work on /home/airflow/.local/lib/python3.12/site-packages/airflow/example_dags/example_display_name.py
[2024-12-08T05:05:27.529+0000] {processor.py:914} INFO - Processing file /home/airflow/.local/lib/python3.12/site-packages/airflow/example_dags/example_display_name.py for tasks to queue
[2024-12-08T05:05:27.532+0000] {logging_mixin.py:190} INFO - [2024-12-08T05:05:27.532+0000] {dagbag.py:588} INFO - Filling up the DagBag from /home/airflow/.local/lib/python3.12/site-packages/airflow/example_dags/example_display_name.py
[2024-12-08T05:05:27.540+0000] {processor.py:925} INFO - DAG(s) 'example_display_name' retrieved from /home/airflow/.local/lib/python3.12/site-packages/airflow/example_dags/example_display_name.py
[2024-12-08T05:05:27.562+0000] {logging_mixin.py:190} INFO - [2024-12-08T05:05:27.562+0000] {dag.py:3239} INFO - Sync 1 DAGs
[2024-12-08T05:05:27.579+0000] {logging_mixin.py:190} INFO - [2024-12-08T05:05:27.579+0000] {dag.py:4180} INFO - Setting next_dagrun for example_display_name to None, run_after=None
[2024-12-08T05:05:27.601+0000] {processor.py:208} INFO - Processing /home/airflow/.local/lib/python3.12/site-packages/airflow/example_dags/example_display_name.py took 0.079 seconds
[2024-12-08T05:05:59.154+0000] {processor.py:186} INFO - Started process (PID=445) to work on /home/airflow/.local/lib/python3.12/site-packages/airflow/example_dags/example_display_name.py
[2024-12-08T05:05:59.156+0000] {processor.py:914} INFO - Processing file /home/airflow/.local/lib/python3.12/site-packages/airflow/example_dags/example_display_name.py for tasks to queue
[2024-12-08T05:05:59.158+0000] {logging_mixin.py:190} INFO - [2024-12-08T05:05:59.158+0000] {dagbag.py:588} INFO - Filling up the DagBag from /home/airflow/.local/lib/python3.12/site-packages/airflow/example_dags/example_display_name.py
[2024-12-08T05:05:59.167+0000] {processor.py:925} INFO - DAG(s) 'example_display_name' retrieved from /home/airflow/.local/lib/python3.12/site-packages/airflow/example_dags/example_display_name.py
[2024-12-08T05:05:59.189+0000] {logging_mixin.py:190} INFO - [2024-12-08T05:05:59.189+0000] {dag.py:3239} INFO - Sync 1 DAGs
[2024-12-08T05:05:59.206+0000] {logging_mixin.py:190} INFO - [2024-12-08T05:05:59.206+0000] {dag.py:4180} INFO - Setting next_dagrun for example_display_name to None, run_after=None
[2024-12-08T05:05:59.228+0000] {processor.py:208} INFO - Processing /home/airflow/.local/lib/python3.12/site-packages/airflow/example_dags/example_display_name.py took 0.081 seconds
[2024-12-08T05:06:30.197+0000] {processor.py:186} INFO - Started process (PID=509) to work on /home/airflow/.local/lib/python3.12/site-packages/airflow/example_dags/example_display_name.py
[2024-12-08T05:06:30.198+0000] {processor.py:914} INFO - Processing file /home/airflow/.local/lib/python3.12/site-packages/airflow/example_dags/example_display_name.py for tasks to queue
[2024-12-08T05:06:30.201+0000] {logging_mixin.py:190} INFO - [2024-12-08T05:06:30.201+0000] {dagbag.py:588} INFO - Filling up the DagBag from /home/airflow/.local/lib/python3.12/site-packages/airflow/example_dags/example_display_name.py
[2024-12-08T05:06:30.210+0000] {processor.py:925} INFO - DAG(s) 'example_display_name' retrieved from /home/airflow/.local/lib/python3.12/site-packages/airflow/example_dags/example_display_name.py
[2024-12-08T05:06:30.230+0000] {logging_mixin.py:190} INFO - [2024-12-08T05:06:30.230+0000] {dag.py:3239} INFO - Sync 1 DAGs
[2024-12-08T05:06:30.246+0000] {logging_mixin.py:190} INFO - [2024-12-08T05:06:30.246+0000] {dag.py:4180} INFO - Setting next_dagrun for example_display_name to None, run_after=None
[2024-12-08T05:06:30.267+0000] {processor.py:208} INFO - Processing /home/airflow/.local/lib/python3.12/site-packages/airflow/example_dags/example_display_name.py took 0.077 seconds
[2024-12-08T05:07:01.933+0000] {processor.py:186} INFO - Started process (PID=573) to work on /home/airflow/.local/lib/python3.12/site-packages/airflow/example_dags/example_display_name.py
[2024-12-08T05:07:01.934+0000] {processor.py:914} INFO - Processing file /home/airflow/.local/lib/python3.12/site-packages/airflow/example_dags/example_display_name.py for tasks to queue
[2024-12-08T05:07:01.938+0000] {logging_mixin.py:190} INFO - [2024-12-08T05:07:01.937+0000] {dagbag.py:588} INFO - Filling up the DagBag from /home/airflow/.local/lib/python3.12/site-packages/airflow/example_dags/example_display_name.py
[2024-12-08T05:07:01.948+0000] {processor.py:925} INFO - DAG(s) 'example_display_name' retrieved from /home/airflow/.local/lib/python3.12/site-packages/airflow/example_dags/example_display_name.py
[2024-12-08T05:07:01.980+0000] {logging_mixin.py:190} INFO - [2024-12-08T05:07:01.979+0000] {dag.py:3239} INFO - Sync 1 DAGs
[2024-12-08T05:07:02.014+0000] {logging_mixin.py:190} INFO - [2024-12-08T05:07:02.013+0000] {dag.py:4180} INFO - Setting next_dagrun for example_display_name to None, run_after=None
[2024-12-08T05:07:02.047+0000] {processor.py:208} INFO - Processing /home/airflow/.local/lib/python3.12/site-packages/airflow/example_dags/example_display_name.py took 0.121 seconds
[2024-12-08T05:07:33.170+0000] {processor.py:186} INFO - Started process (PID=637) to work on /home/airflow/.local/lib/python3.12/site-packages/airflow/example_dags/example_display_name.py
[2024-12-08T05:07:33.171+0000] {processor.py:914} INFO - Processing file /home/airflow/.local/lib/python3.12/site-packages/airflow/example_dags/example_display_name.py for tasks to queue
[2024-12-08T05:07:33.174+0000] {logging_mixin.py:190} INFO - [2024-12-08T05:07:33.174+0000] {dagbag.py:588} INFO - Filling up the DagBag from /home/airflow/.local/lib/python3.12/site-packages/airflow/example_dags/example_display_name.py
[2024-12-08T05:07:33.183+0000] {processor.py:925} INFO - DAG(s) 'example_display_name' retrieved from /home/airflow/.local/lib/python3.12/site-packages/airflow/example_dags/example_display_name.py
[2024-12-08T05:07:33.206+0000] {logging_mixin.py:190} INFO - [2024-12-08T05:07:33.206+0000] {dag.py:3239} INFO - Sync 1 DAGs
[2024-12-08T05:07:33.223+0000] {logging_mixin.py:190} INFO - [2024-12-08T05:07:33.223+0000] {dag.py:4180} INFO - Setting next_dagrun for example_display_name to None, run_after=None
[2024-12-08T05:07:33.247+0000] {processor.py:208} INFO - Processing /home/airflow/.local/lib/python3.12/site-packages/airflow/example_dags/example_display_name.py took 0.085 seconds
[2024-12-08T05:08:04.628+0000] {processor.py:186} INFO - Started process (PID=701) to work on /home/airflow/.local/lib/python3.12/site-packages/airflow/example_dags/example_display_name.py
[2024-12-08T05:08:04.629+0000] {processor.py:914} INFO - Processing file /home/airflow/.local/lib/python3.12/site-packages/airflow/example_dags/example_display_name.py for tasks to queue
[2024-12-08T05:08:04.632+0000] {logging_mixin.py:190} INFO - [2024-12-08T05:08:04.632+0000] {dagbag.py:588} INFO - Filling up the DagBag from /home/airflow/.local/lib/python3.12/site-packages/airflow/example_dags/example_display_name.py
[2024-12-08T05:08:04.642+0000] {processor.py:925} INFO - DAG(s) 'example_display_name' retrieved from /home/airflow/.local/lib/python3.12/site-packages/airflow/example_dags/example_display_name.py
[2024-12-08T05:08:04.664+0000] {logging_mixin.py:190} INFO - [2024-12-08T05:08:04.664+0000] {dag.py:3239} INFO - Sync 1 DAGs
[2024-12-08T05:08:04.681+0000] {logging_mixin.py:190} INFO - [2024-12-08T05:08:04.680+0000] {dag.py:4180} INFO - Setting next_dagrun for example_display_name to None, run_after=None
[2024-12-08T05:08:04.703+0000] {processor.py:208} INFO - Processing /home/airflow/.local/lib/python3.12/site-packages/airflow/example_dags/example_display_name.py took 0.083 seconds
[2024-12-08T05:08:35.393+0000] {processor.py:186} INFO - Started process (PID=765) to work on /home/airflow/.local/lib/python3.12/site-packages/airflow/example_dags/example_display_name.py
[2024-12-08T05:08:35.394+0000] {processor.py:914} INFO - Processing file /home/airflow/.local/lib/python3.12/site-packages/airflow/example_dags/example_display_name.py for tasks to queue
[2024-12-08T05:08:35.397+0000] {logging_mixin.py:190} INFO - [2024-12-08T05:08:35.397+0000] {dagbag.py:588} INFO - Filling up the DagBag from /home/airflow/.local/lib/python3.12/site-packages/airflow/example_dags/example_display_name.py
[2024-12-08T05:08:35.407+0000] {processor.py:925} INFO - DAG(s) 'example_display_name' retrieved from /home/airflow/.local/lib/python3.12/site-packages/airflow/example_dags/example_display_name.py
[2024-12-08T05:08:35.430+0000] {logging_mixin.py:190} INFO - [2024-12-08T05:08:35.430+0000] {dag.py:3239} INFO - Sync 1 DAGs
[2024-12-08T05:08:35.447+0000] {logging_mixin.py:190} INFO - [2024-12-08T05:08:35.446+0000] {dag.py:4180} INFO - Setting next_dagrun for example_display_name to None, run_after=None
[2024-12-08T05:08:35.467+0000] {processor.py:208} INFO - Processing /home/airflow/.local/lib/python3.12/site-packages/airflow/example_dags/example_display_name.py took 0.082 seconds
[2024-12-08T05:09:07.669+0000] {processor.py:186} INFO - Started process (PID=830) to work on /home/airflow/.local/lib/python3.12/site-packages/airflow/example_dags/example_display_name.py
[2024-12-08T05:09:07.671+0000] {processor.py:914} INFO - Processing file /home/airflow/.local/lib/python3.12/site-packages/airflow/example_dags/example_display_name.py for tasks to queue
[2024-12-08T05:09:07.674+0000] {logging_mixin.py:190} INFO - [2024-12-08T05:09:07.674+0000] {dagbag.py:588} INFO - Filling up the DagBag from /home/airflow/.local/lib/python3.12/site-packages/airflow/example_dags/example_display_name.py
[2024-12-08T05:09:07.684+0000] {processor.py:925} INFO - DAG(s) 'example_display_name' retrieved from /home/airflow/.local/lib/python3.12/site-packages/airflow/example_dags/example_display_name.py
[2024-12-08T05:09:07.710+0000] {logging_mixin.py:190} INFO - [2024-12-08T05:09:07.709+0000] {dag.py:3239} INFO - Sync 1 DAGs
[2024-12-08T05:09:07.730+0000] {logging_mixin.py:190} INFO - [2024-12-08T05:09:07.730+0000] {dag.py:4180} INFO - Setting next_dagrun for example_display_name to None, run_after=None
[2024-12-08T05:09:07.758+0000] {processor.py:208} INFO - Processing /home/airflow/.local/lib/python3.12/site-packages/airflow/example_dags/example_display_name.py took 0.097 seconds
[2024-12-08T05:09:38.872+0000] {processor.py:186} INFO - Started process (PID=894) to work on /home/airflow/.local/lib/python3.12/site-packages/airflow/example_dags/example_display_name.py
[2024-12-08T05:09:38.873+0000] {processor.py:914} INFO - Processing file /home/airflow/.local/lib/python3.12/site-packages/airflow/example_dags/example_display_name.py for tasks to queue
[2024-12-08T05:09:38.875+0000] {logging_mixin.py:190} INFO - [2024-12-08T05:09:38.875+0000] {dagbag.py:588} INFO - Filling up the DagBag from /home/airflow/.local/lib/python3.12/site-packages/airflow/example_dags/example_display_name.py
[2024-12-08T05:09:38.884+0000] {processor.py:925} INFO - DAG(s) 'example_display_name' retrieved from /home/airflow/.local/lib/python3.12/site-packages/airflow/example_dags/example_display_name.py
[2024-12-08T05:09:38.905+0000] {logging_mixin.py:190} INFO - [2024-12-08T05:09:38.904+0000] {dag.py:3239} INFO - Sync 1 DAGs
[2024-12-08T05:09:38.920+0000] {logging_mixin.py:190} INFO - [2024-12-08T05:09:38.920+0000] {dag.py:4180} INFO - Setting next_dagrun for example_display_name to None, run_after=None
[2024-12-08T05:09:38.940+0000] {processor.py:208} INFO - Processing /home/airflow/.local/lib/python3.12/site-packages/airflow/example_dags/example_display_name.py took 0.075 seconds
[2024-12-08T05:10:10.008+0000] {processor.py:186} INFO - Started process (PID=958) to work on /home/airflow/.local/lib/python3.12/site-packages/airflow/example_dags/example_display_name.py
[2024-12-08T05:10:10.009+0000] {processor.py:914} INFO - Processing file /home/airflow/.local/lib/python3.12/site-packages/airflow/example_dags/example_display_name.py for tasks to queue
[2024-12-08T05:10:10.012+0000] {logging_mixin.py:190} INFO - [2024-12-08T05:10:10.012+0000] {dagbag.py:588} INFO - Filling up the DagBag from /home/airflow/.local/lib/python3.12/site-packages/airflow/example_dags/example_display_name.py
[2024-12-08T05:10:10.021+0000] {processor.py:925} INFO - DAG(s) 'example_display_name' retrieved from /home/airflow/.local/lib/python3.12/site-packages/airflow/example_dags/example_display_name.py
[2024-12-08T05:10:10.042+0000] {logging_mixin.py:190} INFO - [2024-12-08T05:10:10.042+0000] {dag.py:3239} INFO - Sync 1 DAGs
[2024-12-08T05:10:10.058+0000] {logging_mixin.py:190} INFO - [2024-12-08T05:10:10.057+0000] {dag.py:4180} INFO - Setting next_dagrun for example_display_name to None, run_after=None
[2024-12-08T05:10:10.077+0000] {processor.py:208} INFO - Processing /home/airflow/.local/lib/python3.12/site-packages/airflow/example_dags/example_display_name.py took 0.076 seconds
[2024-12-08T05:10:42.270+0000] {processor.py:186} INFO - Started process (PID=1022) to work on /home/airflow/.local/lib/python3.12/site-packages/airflow/example_dags/example_display_name.py
[2024-12-08T05:10:42.272+0000] {processor.py:914} INFO - Processing file /home/airflow/.local/lib/python3.12/site-packages/airflow/example_dags/example_display_name.py for tasks to queue
[2024-12-08T05:10:42.277+0000] {logging_mixin.py:190} INFO - [2024-12-08T05:10:42.276+0000] {dagbag.py:588} INFO - Filling up the DagBag from /home/airflow/.local/lib/python3.12/site-packages/airflow/example_dags/example_display_name.py
[2024-12-08T05:10:42.293+0000] {processor.py:925} INFO - DAG(s) 'example_display_name' retrieved from /home/airflow/.local/lib/python3.12/site-packages/airflow/example_dags/example_display_name.py
[2024-12-08T05:10:42.323+0000] {logging_mixin.py:190} INFO - [2024-12-08T05:10:42.323+0000] {dag.py:3239} INFO - Sync 1 DAGs
[2024-12-08T05:10:42.342+0000] {logging_mixin.py:190} INFO - [2024-12-08T05:10:42.342+0000] {dag.py:4180} INFO - Setting next_dagrun for example_display_name to None, run_after=None
[2024-12-08T05:10:42.368+0000] {processor.py:208} INFO - Processing /home/airflow/.local/lib/python3.12/site-packages/airflow/example_dags/example_display_name.py took 0.111 seconds
[2024-12-08T05:11:13.039+0000] {processor.py:186} INFO - Started process (PID=1085) to work on /home/airflow/.local/lib/python3.12/site-packages/airflow/example_dags/example_display_name.py
[2024-12-08T05:11:13.040+0000] {processor.py:914} INFO - Processing file /home/airflow/.local/lib/python3.12/site-packages/airflow/example_dags/example_display_name.py for tasks to queue
[2024-12-08T05:11:13.043+0000] {logging_mixin.py:190} INFO - [2024-12-08T05:11:13.043+0000] {dagbag.py:588} INFO - Filling up the DagBag from /home/airflow/.local/lib/python3.12/site-packages/airflow/example_dags/example_display_name.py
[2024-12-08T05:11:13.053+0000] {processor.py:925} INFO - DAG(s) 'example_display_name' retrieved from /home/airflow/.local/lib/python3.12/site-packages/airflow/example_dags/example_display_name.py
[2024-12-08T05:11:13.079+0000] {logging_mixin.py:190} INFO - [2024-12-08T05:11:13.079+0000] {dag.py:3239} INFO - Sync 1 DAGs
[2024-12-08T05:11:13.098+0000] {logging_mixin.py:190} INFO - [2024-12-08T05:11:13.097+0000] {dag.py:4180} INFO - Setting next_dagrun for example_display_name to None, run_after=None
[2024-12-08T05:11:13.121+0000] {processor.py:208} INFO - Processing /home/airflow/.local/lib/python3.12/site-packages/airflow/example_dags/example_display_name.py took 0.090 seconds
[2024-12-08T05:11:44.263+0000] {processor.py:186} INFO - Started process (PID=1149) to work on /home/airflow/.local/lib/python3.12/site-packages/airflow/example_dags/example_display_name.py
[2024-12-08T05:11:44.264+0000] {processor.py:914} INFO - Processing file /home/airflow/.local/lib/python3.12/site-packages/airflow/example_dags/example_display_name.py for tasks to queue
[2024-12-08T05:11:44.266+0000] {logging_mixin.py:190} INFO - [2024-12-08T05:11:44.265+0000] {dagbag.py:588} INFO - Filling up the DagBag from /home/airflow/.local/lib/python3.12/site-packages/airflow/example_dags/example_display_name.py
[2024-12-08T05:11:44.276+0000] {processor.py:925} INFO - DAG(s) 'example_display_name' retrieved from /home/airflow/.local/lib/python3.12/site-packages/airflow/example_dags/example_display_name.py
[2024-12-08T05:11:44.298+0000] {logging_mixin.py:190} INFO - [2024-12-08T05:11:44.298+0000] {dag.py:3239} INFO - Sync 1 DAGs
[2024-12-08T05:11:44.316+0000] {logging_mixin.py:190} INFO - [2024-12-08T05:11:44.315+0000] {dag.py:4180} INFO - Setting next_dagrun for example_display_name to None, run_after=None
[2024-12-08T05:11:44.337+0000] {processor.py:208} INFO - Processing /home/airflow/.local/lib/python3.12/site-packages/airflow/example_dags/example_display_name.py took 0.082 seconds
[2024-12-08T05:12:15.756+0000] {processor.py:186} INFO - Started process (PID=1212) to work on /home/airflow/.local/lib/python3.12/site-packages/airflow/example_dags/example_display_name.py
[2024-12-08T05:12:15.757+0000] {processor.py:914} INFO - Processing file /home/airflow/.local/lib/python3.12/site-packages/airflow/example_dags/example_display_name.py for tasks to queue
[2024-12-08T05:12:15.759+0000] {logging_mixin.py:190} INFO - [2024-12-08T05:12:15.759+0000] {dagbag.py:588} INFO - Filling up the DagBag from /home/airflow/.local/lib/python3.12/site-packages/airflow/example_dags/example_display_name.py
[2024-12-08T05:12:15.770+0000] {processor.py:925} INFO - DAG(s) 'example_display_name' retrieved from /home/airflow/.local/lib/python3.12/site-packages/airflow/example_dags/example_display_name.py
[2024-12-08T05:12:15.794+0000] {logging_mixin.py:190} INFO - [2024-12-08T05:12:15.794+0000] {dag.py:3239} INFO - Sync 1 DAGs
[2024-12-08T05:12:15.813+0000] {logging_mixin.py:190} INFO - [2024-12-08T05:12:15.813+0000] {dag.py:4180} INFO - Setting next_dagrun for example_display_name to None, run_after=None
[2024-12-08T05:12:15.835+0000] {processor.py:208} INFO - Processing /home/airflow/.local/lib/python3.12/site-packages/airflow/example_dags/example_display_name.py took 0.089 seconds
[2024-12-08T05:12:47.460+0000] {processor.py:186} INFO - Started process (PID=1275) to work on /home/airflow/.local/lib/python3.12/site-packages/airflow/example_dags/example_display_name.py
[2024-12-08T05:12:47.462+0000] {processor.py:914} INFO - Processing file /home/airflow/.local/lib/python3.12/site-packages/airflow/example_dags/example_display_name.py for tasks to queue
[2024-12-08T05:12:47.464+0000] {logging_mixin.py:190} INFO - [2024-12-08T05:12:47.464+0000] {dagbag.py:588} INFO - Filling up the DagBag from /home/airflow/.local/lib/python3.12/site-packages/airflow/example_dags/example_display_name.py
[2024-12-08T05:12:47.474+0000] {processor.py:925} INFO - DAG(s) 'example_display_name' retrieved from /home/airflow/.local/lib/python3.12/site-packages/airflow/example_dags/example_display_name.py
[2024-12-08T05:12:47.501+0000] {logging_mixin.py:190} INFO - [2024-12-08T05:12:47.500+0000] {dag.py:3239} INFO - Sync 1 DAGs
[2024-12-08T05:12:47.520+0000] {logging_mixin.py:190} INFO - [2024-12-08T05:12:47.520+0000] {dag.py:4180} INFO - Setting next_dagrun for example_display_name to None, run_after=None
[2024-12-08T05:12:47.544+0000] {processor.py:208} INFO - Processing /home/airflow/.local/lib/python3.12/site-packages/airflow/example_dags/example_display_name.py took 0.091 seconds
[2024-12-08T05:13:18.192+0000] {processor.py:186} INFO - Started process (PID=1339) to work on /home/airflow/.local/lib/python3.12/site-packages/airflow/example_dags/example_display_name.py
[2024-12-08T05:13:18.193+0000] {processor.py:914} INFO - Processing file /home/airflow/.local/lib/python3.12/site-packages/airflow/example_dags/example_display_name.py for tasks to queue
[2024-12-08T05:13:18.195+0000] {logging_mixin.py:190} INFO - [2024-12-08T05:13:18.195+0000] {dagbag.py:588} INFO - Filling up the DagBag from /home/airflow/.local/lib/python3.12/site-packages/airflow/example_dags/example_display_name.py
[2024-12-08T05:13:18.204+0000] {processor.py:925} INFO - DAG(s) 'example_display_name' retrieved from /home/airflow/.local/lib/python3.12/site-packages/airflow/example_dags/example_display_name.py
[2024-12-08T05:13:18.226+0000] {logging_mixin.py:190} INFO - [2024-12-08T05:13:18.226+0000] {dag.py:3239} INFO - Sync 1 DAGs
[2024-12-08T05:13:18.243+0000] {logging_mixin.py:190} INFO - [2024-12-08T05:13:18.243+0000] {dag.py:4180} INFO - Setting next_dagrun for example_display_name to None, run_after=None
[2024-12-08T05:13:18.264+0000] {processor.py:208} INFO - Processing /home/airflow/.local/lib/python3.12/site-packages/airflow/example_dags/example_display_name.py took 0.080 seconds
[2024-12-08T05:13:49.157+0000] {processor.py:186} INFO - Started process (PID=1409) to work on /home/airflow/.local/lib/python3.12/site-packages/airflow/example_dags/example_display_name.py
[2024-12-08T05:13:49.158+0000] {processor.py:914} INFO - Processing file /home/airflow/.local/lib/python3.12/site-packages/airflow/example_dags/example_display_name.py for tasks to queue
[2024-12-08T05:13:49.160+0000] {logging_mixin.py:190} INFO - [2024-12-08T05:13:49.160+0000] {dagbag.py:588} INFO - Filling up the DagBag from /home/airflow/.local/lib/python3.12/site-packages/airflow/example_dags/example_display_name.py
[2024-12-08T05:13:49.170+0000] {processor.py:925} INFO - DAG(s) 'example_display_name' retrieved from /home/airflow/.local/lib/python3.12/site-packages/airflow/example_dags/example_display_name.py
[2024-12-08T05:13:49.194+0000] {logging_mixin.py:190} INFO - [2024-12-08T05:13:49.193+0000] {dag.py:3239} INFO - Sync 1 DAGs
[2024-12-08T05:13:49.217+0000] {logging_mixin.py:190} INFO - [2024-12-08T05:13:49.217+0000] {dag.py:4180} INFO - Setting next_dagrun for example_display_name to None, run_after=None
[2024-12-08T05:13:49.241+0000] {processor.py:208} INFO - Processing /home/airflow/.local/lib/python3.12/site-packages/airflow/example_dags/example_display_name.py took 0.093 seconds
[2024-12-08T05:14:34.577+0000] {processor.py:186} INFO - Started process (PID=1485) to work on /home/airflow/.local/lib/python3.12/site-packages/airflow/example_dags/example_display_name.py
[2024-12-08T05:14:34.580+0000] {processor.py:914} INFO - Processing file /home/airflow/.local/lib/python3.12/site-packages/airflow/example_dags/example_display_name.py for tasks to queue
[2024-12-08T05:14:34.583+0000] {logging_mixin.py:190} INFO - [2024-12-08T05:14:34.582+0000] {dagbag.py:588} INFO - Filling up the DagBag from /home/airflow/.local/lib/python3.12/site-packages/airflow/example_dags/example_display_name.py
[2024-12-08T05:14:34.601+0000] {processor.py:925} INFO - DAG(s) 'example_display_name' retrieved from /home/airflow/.local/lib/python3.12/site-packages/airflow/example_dags/example_display_name.py
[2024-12-08T05:14:34.638+0000] {logging_mixin.py:190} INFO - [2024-12-08T05:14:34.637+0000] {dag.py:3239} INFO - Sync 1 DAGs
[2024-12-08T05:14:34.664+0000] {logging_mixin.py:190} INFO - [2024-12-08T05:14:34.663+0000] {dag.py:4180} INFO - Setting next_dagrun for example_display_name to None, run_after=None
[2024-12-08T05:14:34.691+0000] {processor.py:208} INFO - Processing /home/airflow/.local/lib/python3.12/site-packages/airflow/example_dags/example_display_name.py took 0.129 seconds
[2024-12-08T05:15:07.225+0000] {processor.py:186} INFO - Started process (PID=1590) to work on /home/airflow/.local/lib/python3.12/site-packages/airflow/example_dags/example_display_name.py
[2024-12-08T05:15:07.230+0000] {processor.py:914} INFO - Processing file /home/airflow/.local/lib/python3.12/site-packages/airflow/example_dags/example_display_name.py for tasks to queue
[2024-12-08T05:15:07.232+0000] {logging_mixin.py:190} INFO - [2024-12-08T05:15:07.231+0000] {dagbag.py:588} INFO - Filling up the DagBag from /home/airflow/.local/lib/python3.12/site-packages/airflow/example_dags/example_display_name.py
[2024-12-08T05:15:07.253+0000] {processor.py:925} INFO - DAG(s) 'example_display_name' retrieved from /home/airflow/.local/lib/python3.12/site-packages/airflow/example_dags/example_display_name.py
[2024-12-08T05:15:07.302+0000] {logging_mixin.py:190} INFO - [2024-12-08T05:15:07.301+0000] {dag.py:3239} INFO - Sync 1 DAGs
[2024-12-08T05:15:07.347+0000] {logging_mixin.py:190} INFO - [2024-12-08T05:15:07.346+0000] {dag.py:4180} INFO - Setting next_dagrun for example_display_name to None, run_after=None
[2024-12-08T05:15:07.408+0000] {processor.py:208} INFO - Processing /home/airflow/.local/lib/python3.12/site-packages/airflow/example_dags/example_display_name.py took 0.196 seconds
[2024-12-08T05:15:38.356+0000] {processor.py:186} INFO - Started process (PID=1694) to work on /home/airflow/.local/lib/python3.12/site-packages/airflow/example_dags/example_display_name.py
[2024-12-08T05:15:38.357+0000] {processor.py:914} INFO - Processing file /home/airflow/.local/lib/python3.12/site-packages/airflow/example_dags/example_display_name.py for tasks to queue
[2024-12-08T05:15:38.359+0000] {logging_mixin.py:190} INFO - [2024-12-08T05:15:38.359+0000] {dagbag.py:588} INFO - Filling up the DagBag from /home/airflow/.local/lib/python3.12/site-packages/airflow/example_dags/example_display_name.py
[2024-12-08T05:15:38.372+0000] {processor.py:925} INFO - DAG(s) 'example_display_name' retrieved from /home/airflow/.local/lib/python3.12/site-packages/airflow/example_dags/example_display_name.py
[2024-12-08T05:15:38.399+0000] {logging_mixin.py:190} INFO - [2024-12-08T05:15:38.399+0000] {dag.py:3239} INFO - Sync 1 DAGs
[2024-12-08T05:15:38.420+0000] {logging_mixin.py:190} INFO - [2024-12-08T05:15:38.419+0000] {dag.py:4180} INFO - Setting next_dagrun for example_display_name to None, run_after=None
[2024-12-08T05:15:38.444+0000] {processor.py:208} INFO - Processing /home/airflow/.local/lib/python3.12/site-packages/airflow/example_dags/example_display_name.py took 0.099 seconds
[2024-12-08T05:16:10.478+0000] {processor.py:186} INFO - Started process (PID=1800) to work on /home/airflow/.local/lib/python3.12/site-packages/airflow/example_dags/example_display_name.py
[2024-12-08T05:16:10.480+0000] {processor.py:914} INFO - Processing file /home/airflow/.local/lib/python3.12/site-packages/airflow/example_dags/example_display_name.py for tasks to queue
[2024-12-08T05:16:10.483+0000] {logging_mixin.py:190} INFO - [2024-12-08T05:16:10.482+0000] {dagbag.py:588} INFO - Filling up the DagBag from /home/airflow/.local/lib/python3.12/site-packages/airflow/example_dags/example_display_name.py
[2024-12-08T05:16:10.503+0000] {processor.py:925} INFO - DAG(s) 'example_display_name' retrieved from /home/airflow/.local/lib/python3.12/site-packages/airflow/example_dags/example_display_name.py
[2024-12-08T05:16:10.556+0000] {logging_mixin.py:190} INFO - [2024-12-08T05:16:10.555+0000] {dag.py:3239} INFO - Sync 1 DAGs
[2024-12-08T05:16:10.603+0000] {logging_mixin.py:190} INFO - [2024-12-08T05:16:10.603+0000] {dag.py:4180} INFO - Setting next_dagrun for example_display_name to None, run_after=None
[2024-12-08T05:16:10.656+0000] {processor.py:208} INFO - Processing /home/airflow/.local/lib/python3.12/site-packages/airflow/example_dags/example_display_name.py took 0.191 seconds
[2024-12-08T05:16:40.792+0000] {processor.py:186} INFO - Started process (PID=1910) to work on /home/airflow/.local/lib/python3.12/site-packages/airflow/example_dags/example_display_name.py
[2024-12-08T05:16:40.794+0000] {processor.py:914} INFO - Processing file /home/airflow/.local/lib/python3.12/site-packages/airflow/example_dags/example_display_name.py for tasks to queue
[2024-12-08T05:16:40.797+0000] {logging_mixin.py:190} INFO - [2024-12-08T05:16:40.796+0000] {dagbag.py:588} INFO - Filling up the DagBag from /home/airflow/.local/lib/python3.12/site-packages/airflow/example_dags/example_display_name.py
[2024-12-08T05:16:40.818+0000] {processor.py:925} INFO - DAG(s) 'example_display_name' retrieved from /home/airflow/.local/lib/python3.12/site-packages/airflow/example_dags/example_display_name.py
[2024-12-08T05:16:40.863+0000] {logging_mixin.py:190} INFO - [2024-12-08T05:16:40.863+0000] {dag.py:3239} INFO - Sync 1 DAGs
[2024-12-08T05:16:40.898+0000] {logging_mixin.py:190} INFO - [2024-12-08T05:16:40.897+0000] {dag.py:4180} INFO - Setting next_dagrun for example_display_name to None, run_after=None
[2024-12-08T05:16:40.946+0000] {processor.py:208} INFO - Processing /home/airflow/.local/lib/python3.12/site-packages/airflow/example_dags/example_display_name.py took 0.174 seconds
[2024-12-08T05:17:11.059+0000] {processor.py:186} INFO - Started process (PID=2011) to work on /home/airflow/.local/lib/python3.12/site-packages/airflow/example_dags/example_display_name.py
[2024-12-08T05:17:11.061+0000] {processor.py:914} INFO - Processing file /home/airflow/.local/lib/python3.12/site-packages/airflow/example_dags/example_display_name.py for tasks to queue
[2024-12-08T05:17:11.064+0000] {logging_mixin.py:190} INFO - [2024-12-08T05:17:11.063+0000] {dagbag.py:588} INFO - Filling up the DagBag from /home/airflow/.local/lib/python3.12/site-packages/airflow/example_dags/example_display_name.py
[2024-12-08T05:17:11.081+0000] {processor.py:925} INFO - DAG(s) 'example_display_name' retrieved from /home/airflow/.local/lib/python3.12/site-packages/airflow/example_dags/example_display_name.py
[2024-12-08T05:17:11.117+0000] {logging_mixin.py:190} INFO - [2024-12-08T05:17:11.116+0000] {dag.py:3239} INFO - Sync 1 DAGs
[2024-12-08T05:17:11.165+0000] {logging_mixin.py:190} INFO - [2024-12-08T05:17:11.164+0000] {dag.py:4180} INFO - Setting next_dagrun for example_display_name to None, run_after=None
[2024-12-08T05:17:11.206+0000] {processor.py:208} INFO - Processing /home/airflow/.local/lib/python3.12/site-packages/airflow/example_dags/example_display_name.py took 0.159 seconds
[2024-12-08T05:17:41.602+0000] {processor.py:186} INFO - Started process (PID=2117) to work on /home/airflow/.local/lib/python3.12/site-packages/airflow/example_dags/example_display_name.py
[2024-12-08T05:17:41.610+0000] {processor.py:914} INFO - Processing file /home/airflow/.local/lib/python3.12/site-packages/airflow/example_dags/example_display_name.py for tasks to queue
[2024-12-08T05:17:41.613+0000] {logging_mixin.py:190} INFO - [2024-12-08T05:17:41.612+0000] {dagbag.py:588} INFO - Filling up the DagBag from /home/airflow/.local/lib/python3.12/site-packages/airflow/example_dags/example_display_name.py
[2024-12-08T05:17:41.636+0000] {processor.py:925} INFO - DAG(s) 'example_display_name' retrieved from /home/airflow/.local/lib/python3.12/site-packages/airflow/example_dags/example_display_name.py
[2024-12-08T05:17:41.738+0000] {logging_mixin.py:190} INFO - [2024-12-08T05:17:41.737+0000] {dag.py:3239} INFO - Sync 1 DAGs
[2024-12-08T05:17:41.790+0000] {logging_mixin.py:190} INFO - [2024-12-08T05:17:41.790+0000] {dag.py:4180} INFO - Setting next_dagrun for example_display_name to None, run_after=None
[2024-12-08T05:17:41.851+0000] {processor.py:208} INFO - Processing /home/airflow/.local/lib/python3.12/site-packages/airflow/example_dags/example_display_name.py took 0.264 seconds
[2024-12-08T05:18:12.202+0000] {processor.py:186} INFO - Started process (PID=2215) to work on /home/airflow/.local/lib/python3.12/site-packages/airflow/example_dags/example_display_name.py
[2024-12-08T05:18:12.205+0000] {processor.py:914} INFO - Processing file /home/airflow/.local/lib/python3.12/site-packages/airflow/example_dags/example_display_name.py for tasks to queue
[2024-12-08T05:18:12.210+0000] {logging_mixin.py:190} INFO - [2024-12-08T05:18:12.210+0000] {dagbag.py:588} INFO - Filling up the DagBag from /home/airflow/.local/lib/python3.12/site-packages/airflow/example_dags/example_display_name.py
[2024-12-08T05:18:12.232+0000] {processor.py:925} INFO - DAG(s) 'example_display_name' retrieved from /home/airflow/.local/lib/python3.12/site-packages/airflow/example_dags/example_display_name.py
[2024-12-08T05:18:12.281+0000] {logging_mixin.py:190} INFO - [2024-12-08T05:18:12.281+0000] {dag.py:3239} INFO - Sync 1 DAGs
[2024-12-08T05:18:12.329+0000] {logging_mixin.py:190} INFO - [2024-12-08T05:18:12.328+0000] {dag.py:4180} INFO - Setting next_dagrun for example_display_name to None, run_after=None
[2024-12-08T05:18:12.404+0000] {processor.py:208} INFO - Processing /home/airflow/.local/lib/python3.12/site-packages/airflow/example_dags/example_display_name.py took 0.225 seconds
[2024-12-08T05:18:46.115+0000] {processor.py:186} INFO - Started process (PID=2326) to work on /home/airflow/.local/lib/python3.12/site-packages/airflow/example_dags/example_display_name.py
[2024-12-08T05:18:46.148+0000] {processor.py:914} INFO - Processing file /home/airflow/.local/lib/python3.12/site-packages/airflow/example_dags/example_display_name.py for tasks to queue
[2024-12-08T05:18:46.151+0000] {logging_mixin.py:190} INFO - [2024-12-08T05:18:46.150+0000] {dagbag.py:588} INFO - Filling up the DagBag from /home/airflow/.local/lib/python3.12/site-packages/airflow/example_dags/example_display_name.py
[2024-12-08T05:18:46.171+0000] {processor.py:925} INFO - DAG(s) 'example_display_name' retrieved from /home/airflow/.local/lib/python3.12/site-packages/airflow/example_dags/example_display_name.py
[2024-12-08T05:18:46.229+0000] {logging_mixin.py:190} INFO - [2024-12-08T05:18:46.227+0000] {dag.py:3239} INFO - Sync 1 DAGs
[2024-12-08T05:18:46.289+0000] {logging_mixin.py:190} INFO - [2024-12-08T05:18:46.288+0000] {dag.py:4180} INFO - Setting next_dagrun for example_display_name to None, run_after=None
[2024-12-08T05:18:46.347+0000] {processor.py:208} INFO - Processing /home/airflow/.local/lib/python3.12/site-packages/airflow/example_dags/example_display_name.py took 0.248 seconds
[2024-12-08T05:19:16.519+0000] {processor.py:186} INFO - Started process (PID=2431) to work on /home/airflow/.local/lib/python3.12/site-packages/airflow/example_dags/example_display_name.py
[2024-12-08T05:19:16.521+0000] {processor.py:914} INFO - Processing file /home/airflow/.local/lib/python3.12/site-packages/airflow/example_dags/example_display_name.py for tasks to queue
[2024-12-08T05:19:16.523+0000] {logging_mixin.py:190} INFO - [2024-12-08T05:19:16.522+0000] {dagbag.py:588} INFO - Filling up the DagBag from /home/airflow/.local/lib/python3.12/site-packages/airflow/example_dags/example_display_name.py
[2024-12-08T05:19:16.534+0000] {processor.py:925} INFO - DAG(s) 'example_display_name' retrieved from /home/airflow/.local/lib/python3.12/site-packages/airflow/example_dags/example_display_name.py
[2024-12-08T05:19:16.558+0000] {logging_mixin.py:190} INFO - [2024-12-08T05:19:16.558+0000] {dag.py:3239} INFO - Sync 1 DAGs
[2024-12-08T05:19:16.581+0000] {logging_mixin.py:190} INFO - [2024-12-08T05:19:16.580+0000] {dag.py:4180} INFO - Setting next_dagrun for example_display_name to None, run_after=None
[2024-12-08T05:19:16.617+0000] {processor.py:208} INFO - Processing /home/airflow/.local/lib/python3.12/site-packages/airflow/example_dags/example_display_name.py took 0.108 seconds
[2024-12-08T05:19:50.137+0000] {processor.py:186} INFO - Started process (PID=2530) to work on /home/airflow/.local/lib/python3.12/site-packages/airflow/example_dags/example_display_name.py
[2024-12-08T05:19:50.138+0000] {processor.py:914} INFO - Processing file /home/airflow/.local/lib/python3.12/site-packages/airflow/example_dags/example_display_name.py for tasks to queue
[2024-12-08T05:19:50.140+0000] {logging_mixin.py:190} INFO - [2024-12-08T05:19:50.140+0000] {dagbag.py:588} INFO - Filling up the DagBag from /home/airflow/.local/lib/python3.12/site-packages/airflow/example_dags/example_display_name.py
[2024-12-08T05:19:50.155+0000] {processor.py:925} INFO - DAG(s) 'example_display_name' retrieved from /home/airflow/.local/lib/python3.12/site-packages/airflow/example_dags/example_display_name.py
[2024-12-08T05:19:50.184+0000] {logging_mixin.py:190} INFO - [2024-12-08T05:19:50.184+0000] {dag.py:3239} INFO - Sync 1 DAGs
[2024-12-08T05:19:50.213+0000] {logging_mixin.py:190} INFO - [2024-12-08T05:19:50.212+0000] {dag.py:4180} INFO - Setting next_dagrun for example_display_name to None, run_after=None
[2024-12-08T05:19:50.245+0000] {processor.py:208} INFO - Processing /home/airflow/.local/lib/python3.12/site-packages/airflow/example_dags/example_display_name.py took 0.118 seconds
[2024-12-08T05:20:22.428+0000] {processor.py:186} INFO - Started process (PID=2614) to work on /home/airflow/.local/lib/python3.12/site-packages/airflow/example_dags/example_display_name.py
[2024-12-08T05:20:22.430+0000] {processor.py:914} INFO - Processing file /home/airflow/.local/lib/python3.12/site-packages/airflow/example_dags/example_display_name.py for tasks to queue
[2024-12-08T05:20:22.434+0000] {logging_mixin.py:190} INFO - [2024-12-08T05:20:22.433+0000] {dagbag.py:588} INFO - Filling up the DagBag from /home/airflow/.local/lib/python3.12/site-packages/airflow/example_dags/example_display_name.py
[2024-12-08T05:20:22.464+0000] {processor.py:925} INFO - DAG(s) 'example_display_name' retrieved from /home/airflow/.local/lib/python3.12/site-packages/airflow/example_dags/example_display_name.py
[2024-12-08T05:20:22.524+0000] {logging_mixin.py:190} INFO - [2024-12-08T05:20:22.524+0000] {dag.py:3239} INFO - Sync 1 DAGs
[2024-12-08T05:20:22.566+0000] {logging_mixin.py:190} INFO - [2024-12-08T05:20:22.565+0000] {dag.py:4180} INFO - Setting next_dagrun for example_display_name to None, run_after=None
[2024-12-08T05:20:22.620+0000] {processor.py:208} INFO - Processing /home/airflow/.local/lib/python3.12/site-packages/airflow/example_dags/example_display_name.py took 0.218 seconds
[2024-12-08T05:20:53.529+0000] {processor.py:186} INFO - Started process (PID=2689) to work on /home/airflow/.local/lib/python3.12/site-packages/airflow/example_dags/example_display_name.py
[2024-12-08T05:20:53.530+0000] {processor.py:914} INFO - Processing file /home/airflow/.local/lib/python3.12/site-packages/airflow/example_dags/example_display_name.py for tasks to queue
[2024-12-08T05:20:53.532+0000] {logging_mixin.py:190} INFO - [2024-12-08T05:20:53.532+0000] {dagbag.py:588} INFO - Filling up the DagBag from /home/airflow/.local/lib/python3.12/site-packages/airflow/example_dags/example_display_name.py
[2024-12-08T05:20:53.542+0000] {processor.py:925} INFO - DAG(s) 'example_display_name' retrieved from /home/airflow/.local/lib/python3.12/site-packages/airflow/example_dags/example_display_name.py
[2024-12-08T05:20:53.566+0000] {logging_mixin.py:190} INFO - [2024-12-08T05:20:53.566+0000] {dag.py:3239} INFO - Sync 1 DAGs
[2024-12-08T05:20:53.586+0000] {logging_mixin.py:190} INFO - [2024-12-08T05:20:53.586+0000] {dag.py:4180} INFO - Setting next_dagrun for example_display_name to None, run_after=None
[2024-12-08T05:20:53.609+0000] {processor.py:208} INFO - Processing /home/airflow/.local/lib/python3.12/site-packages/airflow/example_dags/example_display_name.py took 0.088 seconds
[2024-12-08T05:21:24.625+0000] {processor.py:186} INFO - Started process (PID=2753) to work on /home/airflow/.local/lib/python3.12/site-packages/airflow/example_dags/example_display_name.py
[2024-12-08T05:21:24.626+0000] {processor.py:914} INFO - Processing file /home/airflow/.local/lib/python3.12/site-packages/airflow/example_dags/example_display_name.py for tasks to queue
[2024-12-08T05:21:24.628+0000] {logging_mixin.py:190} INFO - [2024-12-08T05:21:24.628+0000] {dagbag.py:588} INFO - Filling up the DagBag from /home/airflow/.local/lib/python3.12/site-packages/airflow/example_dags/example_display_name.py
[2024-12-08T05:21:24.637+0000] {processor.py:925} INFO - DAG(s) 'example_display_name' retrieved from /home/airflow/.local/lib/python3.12/site-packages/airflow/example_dags/example_display_name.py
[2024-12-08T05:21:24.659+0000] {logging_mixin.py:190} INFO - [2024-12-08T05:21:24.658+0000] {dag.py:3239} INFO - Sync 1 DAGs
[2024-12-08T05:21:24.676+0000] {logging_mixin.py:190} INFO - [2024-12-08T05:21:24.676+0000] {dag.py:4180} INFO - Setting next_dagrun for example_display_name to None, run_after=None
[2024-12-08T05:21:24.696+0000] {processor.py:208} INFO - Processing /home/airflow/.local/lib/python3.12/site-packages/airflow/example_dags/example_display_name.py took 0.078 seconds
[2024-12-08T05:21:55.679+0000] {processor.py:186} INFO - Started process (PID=2817) to work on /home/airflow/.local/lib/python3.12/site-packages/airflow/example_dags/example_display_name.py
[2024-12-08T05:21:55.680+0000] {processor.py:914} INFO - Processing file /home/airflow/.local/lib/python3.12/site-packages/airflow/example_dags/example_display_name.py for tasks to queue
[2024-12-08T05:21:55.682+0000] {logging_mixin.py:190} INFO - [2024-12-08T05:21:55.682+0000] {dagbag.py:588} INFO - Filling up the DagBag from /home/airflow/.local/lib/python3.12/site-packages/airflow/example_dags/example_display_name.py
[2024-12-08T05:21:55.693+0000] {processor.py:925} INFO - DAG(s) 'example_display_name' retrieved from /home/airflow/.local/lib/python3.12/site-packages/airflow/example_dags/example_display_name.py
[2024-12-08T05:21:55.719+0000] {logging_mixin.py:190} INFO - [2024-12-08T05:21:55.718+0000] {dag.py:3239} INFO - Sync 1 DAGs
[2024-12-08T05:21:55.739+0000] {logging_mixin.py:190} INFO - [2024-12-08T05:21:55.738+0000] {dag.py:4180} INFO - Setting next_dagrun for example_display_name to None, run_after=None
[2024-12-08T05:21:55.761+0000] {processor.py:208} INFO - Processing /home/airflow/.local/lib/python3.12/site-packages/airflow/example_dags/example_display_name.py took 0.090 seconds
[2024-12-08T05:22:26.716+0000] {processor.py:186} INFO - Started process (PID=2881) to work on /home/airflow/.local/lib/python3.12/site-packages/airflow/example_dags/example_display_name.py
[2024-12-08T05:22:26.717+0000] {processor.py:914} INFO - Processing file /home/airflow/.local/lib/python3.12/site-packages/airflow/example_dags/example_display_name.py for tasks to queue
[2024-12-08T05:22:26.719+0000] {logging_mixin.py:190} INFO - [2024-12-08T05:22:26.718+0000] {dagbag.py:588} INFO - Filling up the DagBag from /home/airflow/.local/lib/python3.12/site-packages/airflow/example_dags/example_display_name.py
[2024-12-08T05:22:26.730+0000] {processor.py:925} INFO - DAG(s) 'example_display_name' retrieved from /home/airflow/.local/lib/python3.12/site-packages/airflow/example_dags/example_display_name.py
[2024-12-08T05:22:26.755+0000] {logging_mixin.py:190} INFO - [2024-12-08T05:22:26.754+0000] {dag.py:3239} INFO - Sync 1 DAGs
[2024-12-08T05:22:26.774+0000] {logging_mixin.py:190} INFO - [2024-12-08T05:22:26.774+0000] {dag.py:4180} INFO - Setting next_dagrun for example_display_name to None, run_after=None
[2024-12-08T05:22:26.795+0000] {processor.py:208} INFO - Processing /home/airflow/.local/lib/python3.12/site-packages/airflow/example_dags/example_display_name.py took 0.087 seconds
[2024-12-08T05:22:57.240+0000] {processor.py:186} INFO - Started process (PID=2945) to work on /home/airflow/.local/lib/python3.12/site-packages/airflow/example_dags/example_display_name.py
[2024-12-08T05:22:57.241+0000] {processor.py:914} INFO - Processing file /home/airflow/.local/lib/python3.12/site-packages/airflow/example_dags/example_display_name.py for tasks to queue
[2024-12-08T05:22:57.243+0000] {logging_mixin.py:190} INFO - [2024-12-08T05:22:57.242+0000] {dagbag.py:588} INFO - Filling up the DagBag from /home/airflow/.local/lib/python3.12/site-packages/airflow/example_dags/example_display_name.py
[2024-12-08T05:22:57.253+0000] {processor.py:925} INFO - DAG(s) 'example_display_name' retrieved from /home/airflow/.local/lib/python3.12/site-packages/airflow/example_dags/example_display_name.py
[2024-12-08T05:22:57.278+0000] {logging_mixin.py:190} INFO - [2024-12-08T05:22:57.277+0000] {dag.py:3239} INFO - Sync 1 DAGs
[2024-12-08T05:22:57.296+0000] {logging_mixin.py:190} INFO - [2024-12-08T05:22:57.296+0000] {dag.py:4180} INFO - Setting next_dagrun for example_display_name to None, run_after=None
[2024-12-08T05:22:57.317+0000] {processor.py:208} INFO - Processing /home/airflow/.local/lib/python3.12/site-packages/airflow/example_dags/example_display_name.py took 0.085 seconds
[2024-12-08T05:23:27.706+0000] {processor.py:186} INFO - Started process (PID=3008) to work on /home/airflow/.local/lib/python3.12/site-packages/airflow/example_dags/example_display_name.py
[2024-12-08T05:23:27.707+0000] {processor.py:914} INFO - Processing file /home/airflow/.local/lib/python3.12/site-packages/airflow/example_dags/example_display_name.py for tasks to queue
[2024-12-08T05:23:27.709+0000] {logging_mixin.py:190} INFO - [2024-12-08T05:23:27.709+0000] {dagbag.py:588} INFO - Filling up the DagBag from /home/airflow/.local/lib/python3.12/site-packages/airflow/example_dags/example_display_name.py
[2024-12-08T05:23:27.721+0000] {processor.py:925} INFO - DAG(s) 'example_display_name' retrieved from /home/airflow/.local/lib/python3.12/site-packages/airflow/example_dags/example_display_name.py
[2024-12-08T05:23:27.746+0000] {logging_mixin.py:190} INFO - [2024-12-08T05:23:27.745+0000] {dag.py:3239} INFO - Sync 1 DAGs
[2024-12-08T05:23:27.766+0000] {logging_mixin.py:190} INFO - [2024-12-08T05:23:27.766+0000] {dag.py:4180} INFO - Setting next_dagrun for example_display_name to None, run_after=None
[2024-12-08T05:23:27.790+0000] {processor.py:208} INFO - Processing /home/airflow/.local/lib/python3.12/site-packages/airflow/example_dags/example_display_name.py took 0.092 seconds
[2024-12-08T05:23:57.914+0000] {processor.py:186} INFO - Started process (PID=3072) to work on /home/airflow/.local/lib/python3.12/site-packages/airflow/example_dags/example_display_name.py
[2024-12-08T05:23:57.915+0000] {processor.py:914} INFO - Processing file /home/airflow/.local/lib/python3.12/site-packages/airflow/example_dags/example_display_name.py for tasks to queue
[2024-12-08T05:23:57.917+0000] {logging_mixin.py:190} INFO - [2024-12-08T05:23:57.916+0000] {dagbag.py:588} INFO - Filling up the DagBag from /home/airflow/.local/lib/python3.12/site-packages/airflow/example_dags/example_display_name.py
[2024-12-08T05:23:57.926+0000] {processor.py:925} INFO - DAG(s) 'example_display_name' retrieved from /home/airflow/.local/lib/python3.12/site-packages/airflow/example_dags/example_display_name.py
[2024-12-08T05:23:57.948+0000] {logging_mixin.py:190} INFO - [2024-12-08T05:23:57.948+0000] {dag.py:3239} INFO - Sync 1 DAGs
[2024-12-08T05:23:57.964+0000] {logging_mixin.py:190} INFO - [2024-12-08T05:23:57.964+0000] {dag.py:4180} INFO - Setting next_dagrun for example_display_name to None, run_after=None
[2024-12-08T05:23:57.986+0000] {processor.py:208} INFO - Processing /home/airflow/.local/lib/python3.12/site-packages/airflow/example_dags/example_display_name.py took 0.079 seconds
[2024-12-08T05:24:28.898+0000] {processor.py:186} INFO - Started process (PID=3136) to work on /home/airflow/.local/lib/python3.12/site-packages/airflow/example_dags/example_display_name.py
[2024-12-08T05:24:28.900+0000] {processor.py:914} INFO - Processing file /home/airflow/.local/lib/python3.12/site-packages/airflow/example_dags/example_display_name.py for tasks to queue
[2024-12-08T05:24:28.902+0000] {logging_mixin.py:190} INFO - [2024-12-08T05:24:28.902+0000] {dagbag.py:588} INFO - Filling up the DagBag from /home/airflow/.local/lib/python3.12/site-packages/airflow/example_dags/example_display_name.py
[2024-12-08T05:24:28.913+0000] {processor.py:925} INFO - DAG(s) 'example_display_name' retrieved from /home/airflow/.local/lib/python3.12/site-packages/airflow/example_dags/example_display_name.py
[2024-12-08T05:24:28.939+0000] {logging_mixin.py:190} INFO - [2024-12-08T05:24:28.939+0000] {dag.py:3239} INFO - Sync 1 DAGs
[2024-12-08T05:24:28.958+0000] {logging_mixin.py:190} INFO - [2024-12-08T05:24:28.958+0000] {dag.py:4180} INFO - Setting next_dagrun for example_display_name to None, run_after=None
[2024-12-08T05:24:28.981+0000] {processor.py:208} INFO - Processing /home/airflow/.local/lib/python3.12/site-packages/airflow/example_dags/example_display_name.py took 0.091 seconds
[2024-12-08T05:24:59.119+0000] {processor.py:186} INFO - Started process (PID=3204) to work on /home/airflow/.local/lib/python3.12/site-packages/airflow/example_dags/example_display_name.py
[2024-12-08T05:24:59.120+0000] {processor.py:914} INFO - Processing file /home/airflow/.local/lib/python3.12/site-packages/airflow/example_dags/example_display_name.py for tasks to queue
[2024-12-08T05:24:59.122+0000] {logging_mixin.py:190} INFO - [2024-12-08T05:24:59.121+0000] {dagbag.py:588} INFO - Filling up the DagBag from /home/airflow/.local/lib/python3.12/site-packages/airflow/example_dags/example_display_name.py
[2024-12-08T05:24:59.136+0000] {processor.py:925} INFO - DAG(s) 'example_display_name' retrieved from /home/airflow/.local/lib/python3.12/site-packages/airflow/example_dags/example_display_name.py
[2024-12-08T05:24:59.166+0000] {logging_mixin.py:190} INFO - [2024-12-08T05:24:59.166+0000] {dag.py:3239} INFO - Sync 1 DAGs
[2024-12-08T05:24:59.188+0000] {logging_mixin.py:190} INFO - [2024-12-08T05:24:59.187+0000] {dag.py:4180} INFO - Setting next_dagrun for example_display_name to None, run_after=None
[2024-12-08T05:24:59.212+0000] {processor.py:208} INFO - Processing /home/airflow/.local/lib/python3.12/site-packages/airflow/example_dags/example_display_name.py took 0.102 seconds
[2024-12-08T05:25:30.863+0000] {processor.py:186} INFO - Started process (PID=3294) to work on /home/airflow/.local/lib/python3.12/site-packages/airflow/example_dags/example_display_name.py
[2024-12-08T05:25:30.865+0000] {processor.py:914} INFO - Processing file /home/airflow/.local/lib/python3.12/site-packages/airflow/example_dags/example_display_name.py for tasks to queue
[2024-12-08T05:25:30.867+0000] {logging_mixin.py:190} INFO - [2024-12-08T05:25:30.866+0000] {dagbag.py:588} INFO - Filling up the DagBag from /home/airflow/.local/lib/python3.12/site-packages/airflow/example_dags/example_display_name.py
[2024-12-08T05:25:30.881+0000] {processor.py:925} INFO - DAG(s) 'example_display_name' retrieved from /home/airflow/.local/lib/python3.12/site-packages/airflow/example_dags/example_display_name.py
[2024-12-08T05:25:30.909+0000] {logging_mixin.py:190} INFO - [2024-12-08T05:25:30.908+0000] {dag.py:3239} INFO - Sync 1 DAGs
[2024-12-08T05:25:30.934+0000] {logging_mixin.py:190} INFO - [2024-12-08T05:25:30.933+0000] {dag.py:4180} INFO - Setting next_dagrun for example_display_name to None, run_after=None
[2024-12-08T05:25:30.961+0000] {processor.py:208} INFO - Processing /home/airflow/.local/lib/python3.12/site-packages/airflow/example_dags/example_display_name.py took 0.107 seconds
[2024-12-08T05:26:04.888+0000] {processor.py:186} INFO - Started process (PID=3392) to work on /home/airflow/.local/lib/python3.12/site-packages/airflow/example_dags/example_display_name.py
[2024-12-08T05:26:04.890+0000] {processor.py:914} INFO - Processing file /home/airflow/.local/lib/python3.12/site-packages/airflow/example_dags/example_display_name.py for tasks to queue
[2024-12-08T05:26:04.892+0000] {logging_mixin.py:190} INFO - [2024-12-08T05:26:04.892+0000] {dagbag.py:588} INFO - Filling up the DagBag from /home/airflow/.local/lib/python3.12/site-packages/airflow/example_dags/example_display_name.py
[2024-12-08T05:26:04.908+0000] {processor.py:925} INFO - DAG(s) 'example_display_name' retrieved from /home/airflow/.local/lib/python3.12/site-packages/airflow/example_dags/example_display_name.py
[2024-12-08T05:26:04.943+0000] {logging_mixin.py:190} INFO - [2024-12-08T05:26:04.942+0000] {dag.py:3239} INFO - Sync 1 DAGs
[2024-12-08T05:26:04.973+0000] {logging_mixin.py:190} INFO - [2024-12-08T05:26:04.973+0000] {dag.py:4180} INFO - Setting next_dagrun for example_display_name to None, run_after=None
[2024-12-08T05:26:05.006+0000] {processor.py:208} INFO - Processing /home/airflow/.local/lib/python3.12/site-packages/airflow/example_dags/example_display_name.py took 0.129 seconds
[2024-12-08T05:26:35.561+0000] {processor.py:186} INFO - Started process (PID=3456) to work on /home/airflow/.local/lib/python3.12/site-packages/airflow/example_dags/example_display_name.py
[2024-12-08T05:26:35.562+0000] {processor.py:914} INFO - Processing file /home/airflow/.local/lib/python3.12/site-packages/airflow/example_dags/example_display_name.py for tasks to queue
[2024-12-08T05:26:35.564+0000] {logging_mixin.py:190} INFO - [2024-12-08T05:26:35.564+0000] {dagbag.py:588} INFO - Filling up the DagBag from /home/airflow/.local/lib/python3.12/site-packages/airflow/example_dags/example_display_name.py
[2024-12-08T05:26:35.575+0000] {processor.py:925} INFO - DAG(s) 'example_display_name' retrieved from /home/airflow/.local/lib/python3.12/site-packages/airflow/example_dags/example_display_name.py
[2024-12-08T05:26:35.602+0000] {logging_mixin.py:190} INFO - [2024-12-08T05:26:35.601+0000] {dag.py:3239} INFO - Sync 1 DAGs
[2024-12-08T05:26:35.623+0000] {logging_mixin.py:190} INFO - [2024-12-08T05:26:35.622+0000] {dag.py:4180} INFO - Setting next_dagrun for example_display_name to None, run_after=None
[2024-12-08T05:26:35.646+0000] {processor.py:208} INFO - Processing /home/airflow/.local/lib/python3.12/site-packages/airflow/example_dags/example_display_name.py took 0.093 seconds
[2024-12-08T05:27:08.252+0000] {processor.py:186} INFO - Started process (PID=3520) to work on /home/airflow/.local/lib/python3.12/site-packages/airflow/example_dags/example_display_name.py
[2024-12-08T05:27:08.254+0000] {processor.py:914} INFO - Processing file /home/airflow/.local/lib/python3.12/site-packages/airflow/example_dags/example_display_name.py for tasks to queue
[2024-12-08T05:27:08.256+0000] {logging_mixin.py:190} INFO - [2024-12-08T05:27:08.255+0000] {dagbag.py:588} INFO - Filling up the DagBag from /home/airflow/.local/lib/python3.12/site-packages/airflow/example_dags/example_display_name.py
[2024-12-08T05:27:08.509+0000] {processor.py:925} INFO - DAG(s) 'example_display_name' retrieved from /home/airflow/.local/lib/python3.12/site-packages/airflow/example_dags/example_display_name.py
[2024-12-08T05:27:08.533+0000] {logging_mixin.py:190} INFO - [2024-12-08T05:27:08.533+0000] {dag.py:3239} INFO - Sync 1 DAGs
[2024-12-08T05:27:08.554+0000] {logging_mixin.py:190} INFO - [2024-12-08T05:27:08.553+0000] {dag.py:4180} INFO - Setting next_dagrun for example_display_name to None, run_after=None
[2024-12-08T05:27:08.578+0000] {processor.py:208} INFO - Processing /home/airflow/.local/lib/python3.12/site-packages/airflow/example_dags/example_display_name.py took 0.334 seconds
