[2024-12-08T04:04:54.003+0000] {processor.py:186} INFO - Started process (PID=95) to work on /home/airflow/.local/lib/python3.12/site-packages/airflow/example_dags/example_sla_dag.py
[2024-12-08T04:04:54.005+0000] {processor.py:914} INFO - Processing file /home/airflow/.local/lib/python3.12/site-packages/airflow/example_dags/example_sla_dag.py for tasks to queue
[2024-12-08T04:04:54.009+0000] {logging_mixin.py:190} INFO - [2024-12-08T04:04:54.009+0000] {dagbag.py:588} INFO - Filling up the DagBag from /home/airflow/.local/lib/python3.12/site-packages/airflow/example_dags/example_sla_dag.py
[2024-12-08T04:04:54.036+0000] {processor.py:925} INFO - DAG(s) 'example_sla_dag' retrieved from /home/airflow/.local/lib/python3.12/site-packages/airflow/example_dags/example_sla_dag.py
[2024-12-08T04:04:54.073+0000] {logging_mixin.py:190} INFO - [2024-12-08T04:04:54.073+0000] {dag.py:3239} INFO - Sync 1 DAGs
[2024-12-08T04:04:54.121+0000] {logging_mixin.py:190} INFO - [2024-12-08T04:04:54.120+0000] {dag.py:4180} INFO - Setting next_dagrun for example_sla_dag to 2024-12-08 04:02:00+00:00, run_after=2024-12-08 04:04:00+00:00
[2024-12-08T04:04:54.155+0000] {processor.py:208} INFO - Processing /home/airflow/.local/lib/python3.12/site-packages/airflow/example_dags/example_sla_dag.py took 0.161 seconds
[2024-12-08T04:05:27.144+0000] {processor.py:186} INFO - Started process (PID=158) to work on /home/airflow/.local/lib/python3.12/site-packages/airflow/example_dags/example_sla_dag.py
[2024-12-08T04:05:27.145+0000] {processor.py:914} INFO - Processing file /home/airflow/.local/lib/python3.12/site-packages/airflow/example_dags/example_sla_dag.py for tasks to queue
[2024-12-08T04:05:27.148+0000] {logging_mixin.py:190} INFO - [2024-12-08T04:05:27.148+0000] {dagbag.py:588} INFO - Filling up the DagBag from /home/airflow/.local/lib/python3.12/site-packages/airflow/example_dags/example_sla_dag.py
[2024-12-08T04:05:27.164+0000] {processor.py:925} INFO - DAG(s) 'example_sla_dag' retrieved from /home/airflow/.local/lib/python3.12/site-packages/airflow/example_dags/example_sla_dag.py
[2024-12-08T04:05:27.193+0000] {logging_mixin.py:190} INFO - [2024-12-08T04:05:27.193+0000] {dag.py:3239} INFO - Sync 1 DAGs
[2024-12-08T04:05:27.232+0000] {logging_mixin.py:190} INFO - [2024-12-08T04:05:27.232+0000] {dag.py:4180} INFO - Setting next_dagrun for example_sla_dag to 2024-12-08 04:02:00+00:00, run_after=2024-12-08 04:04:00+00:00
[2024-12-08T04:05:27.263+0000] {processor.py:208} INFO - Processing /home/airflow/.local/lib/python3.12/site-packages/airflow/example_dags/example_sla_dag.py took 0.127 seconds
[2024-12-08T04:05:57.586+0000] {processor.py:186} INFO - Started process (PID=221) to work on /home/airflow/.local/lib/python3.12/site-packages/airflow/example_dags/example_sla_dag.py
[2024-12-08T04:05:57.587+0000] {processor.py:914} INFO - Processing file /home/airflow/.local/lib/python3.12/site-packages/airflow/example_dags/example_sla_dag.py for tasks to queue
[2024-12-08T04:05:57.590+0000] {logging_mixin.py:190} INFO - [2024-12-08T04:05:57.590+0000] {dagbag.py:588} INFO - Filling up the DagBag from /home/airflow/.local/lib/python3.12/site-packages/airflow/example_dags/example_sla_dag.py
[2024-12-08T04:05:57.605+0000] {processor.py:925} INFO - DAG(s) 'example_sla_dag' retrieved from /home/airflow/.local/lib/python3.12/site-packages/airflow/example_dags/example_sla_dag.py
[2024-12-08T04:05:57.656+0000] {logging_mixin.py:190} INFO - [2024-12-08T04:05:57.655+0000] {dag.py:3239} INFO - Sync 1 DAGs
[2024-12-08T04:05:57.701+0000] {logging_mixin.py:190} INFO - [2024-12-08T04:05:57.701+0000] {dag.py:4180} INFO - Setting next_dagrun for example_sla_dag to 2024-12-08 04:02:00+00:00, run_after=2024-12-08 04:04:00+00:00
[2024-12-08T04:05:57.732+0000] {processor.py:208} INFO - Processing /home/airflow/.local/lib/python3.12/site-packages/airflow/example_dags/example_sla_dag.py took 0.154 seconds
[2024-12-08T04:06:29.205+0000] {processor.py:186} INFO - Started process (PID=283) to work on /home/airflow/.local/lib/python3.12/site-packages/airflow/example_dags/example_sla_dag.py
[2024-12-08T04:06:29.207+0000] {processor.py:914} INFO - Processing file /home/airflow/.local/lib/python3.12/site-packages/airflow/example_dags/example_sla_dag.py for tasks to queue
[2024-12-08T04:06:29.213+0000] {logging_mixin.py:190} INFO - [2024-12-08T04:06:29.212+0000] {dagbag.py:588} INFO - Filling up the DagBag from /home/airflow/.local/lib/python3.12/site-packages/airflow/example_dags/example_sla_dag.py
[2024-12-08T04:06:29.233+0000] {processor.py:925} INFO - DAG(s) 'example_sla_dag' retrieved from /home/airflow/.local/lib/python3.12/site-packages/airflow/example_dags/example_sla_dag.py
[2024-12-08T04:06:29.272+0000] {logging_mixin.py:190} INFO - [2024-12-08T04:06:29.272+0000] {dag.py:3239} INFO - Sync 1 DAGs
[2024-12-08T04:06:29.319+0000] {logging_mixin.py:190} INFO - [2024-12-08T04:06:29.318+0000] {dag.py:4180} INFO - Setting next_dagrun for example_sla_dag to 2024-12-08 04:04:00+00:00, run_after=2024-12-08 04:06:00+00:00
[2024-12-08T04:06:29.352+0000] {processor.py:208} INFO - Processing /home/airflow/.local/lib/python3.12/site-packages/airflow/example_dags/example_sla_dag.py took 0.157 seconds
[2024-12-08T04:07:00.410+0000] {processor.py:186} INFO - Started process (PID=346) to work on /home/airflow/.local/lib/python3.12/site-packages/airflow/example_dags/example_sla_dag.py
[2024-12-08T04:07:00.413+0000] {processor.py:914} INFO - Processing file /home/airflow/.local/lib/python3.12/site-packages/airflow/example_dags/example_sla_dag.py for tasks to queue
[2024-12-08T04:07:00.418+0000] {logging_mixin.py:190} INFO - [2024-12-08T04:07:00.417+0000] {dagbag.py:588} INFO - Filling up the DagBag from /home/airflow/.local/lib/python3.12/site-packages/airflow/example_dags/example_sla_dag.py
[2024-12-08T04:07:00.439+0000] {processor.py:925} INFO - DAG(s) 'example_sla_dag' retrieved from /home/airflow/.local/lib/python3.12/site-packages/airflow/example_dags/example_sla_dag.py
[2024-12-08T04:07:00.509+0000] {logging_mixin.py:190} INFO - [2024-12-08T04:07:00.508+0000] {dag.py:3239} INFO - Sync 1 DAGs
[2024-12-08T04:07:00.569+0000] {logging_mixin.py:190} INFO - [2024-12-08T04:07:00.569+0000] {dag.py:4180} INFO - Setting next_dagrun for example_sla_dag to 2024-12-08 04:04:00+00:00, run_after=2024-12-08 04:06:00+00:00
[2024-12-08T04:07:00.595+0000] {processor.py:208} INFO - Processing /home/airflow/.local/lib/python3.12/site-packages/airflow/example_dags/example_sla_dag.py took 0.198 seconds
[2024-12-08T04:07:30.677+0000] {processor.py:186} INFO - Started process (PID=409) to work on /home/airflow/.local/lib/python3.12/site-packages/airflow/example_dags/example_sla_dag.py
[2024-12-08T04:07:30.679+0000] {processor.py:914} INFO - Processing file /home/airflow/.local/lib/python3.12/site-packages/airflow/example_dags/example_sla_dag.py for tasks to queue
[2024-12-08T04:07:30.682+0000] {logging_mixin.py:190} INFO - [2024-12-08T04:07:30.681+0000] {dagbag.py:588} INFO - Filling up the DagBag from /home/airflow/.local/lib/python3.12/site-packages/airflow/example_dags/example_sla_dag.py
[2024-12-08T04:07:30.694+0000] {processor.py:925} INFO - DAG(s) 'example_sla_dag' retrieved from /home/airflow/.local/lib/python3.12/site-packages/airflow/example_dags/example_sla_dag.py
[2024-12-08T04:07:30.719+0000] {logging_mixin.py:190} INFO - [2024-12-08T04:07:30.718+0000] {dag.py:3239} INFO - Sync 1 DAGs
[2024-12-08T04:07:30.757+0000] {logging_mixin.py:190} INFO - [2024-12-08T04:07:30.757+0000] {dag.py:4180} INFO - Setting next_dagrun for example_sla_dag to 2024-12-08 04:04:00+00:00, run_after=2024-12-08 04:06:00+00:00
[2024-12-08T04:07:30.782+0000] {processor.py:208} INFO - Processing /home/airflow/.local/lib/python3.12/site-packages/airflow/example_dags/example_sla_dag.py took 0.115 seconds
[2024-12-08T04:08:03.012+0000] {processor.py:186} INFO - Started process (PID=472) to work on /home/airflow/.local/lib/python3.12/site-packages/airflow/example_dags/example_sla_dag.py
[2024-12-08T04:08:03.016+0000] {processor.py:914} INFO - Processing file /home/airflow/.local/lib/python3.12/site-packages/airflow/example_dags/example_sla_dag.py for tasks to queue
[2024-12-08T04:08:03.026+0000] {logging_mixin.py:190} INFO - [2024-12-08T04:08:03.025+0000] {dagbag.py:588} INFO - Filling up the DagBag from /home/airflow/.local/lib/python3.12/site-packages/airflow/example_dags/example_sla_dag.py
[2024-12-08T04:08:03.069+0000] {processor.py:925} INFO - DAG(s) 'example_sla_dag' retrieved from /home/airflow/.local/lib/python3.12/site-packages/airflow/example_dags/example_sla_dag.py
[2024-12-08T04:08:03.133+0000] {logging_mixin.py:190} INFO - [2024-12-08T04:08:03.132+0000] {dag.py:3239} INFO - Sync 1 DAGs
[2024-12-08T04:08:03.167+0000] {logging_mixin.py:190} INFO - [2024-12-08T04:08:03.167+0000] {dag.py:4180} INFO - Setting next_dagrun for example_sla_dag to 2024-12-08 04:06:00+00:00, run_after=2024-12-08 04:08:00+00:00
[2024-12-08T04:08:03.191+0000] {processor.py:208} INFO - Processing /home/airflow/.local/lib/python3.12/site-packages/airflow/example_dags/example_sla_dag.py took 0.205 seconds
[2024-12-08T04:08:34.636+0000] {processor.py:186} INFO - Started process (PID=535) to work on /home/airflow/.local/lib/python3.12/site-packages/airflow/example_dags/example_sla_dag.py
[2024-12-08T04:08:34.638+0000] {processor.py:914} INFO - Processing file /home/airflow/.local/lib/python3.12/site-packages/airflow/example_dags/example_sla_dag.py for tasks to queue
[2024-12-08T04:08:34.641+0000] {logging_mixin.py:190} INFO - [2024-12-08T04:08:34.641+0000] {dagbag.py:588} INFO - Filling up the DagBag from /home/airflow/.local/lib/python3.12/site-packages/airflow/example_dags/example_sla_dag.py
[2024-12-08T04:08:34.653+0000] {processor.py:925} INFO - DAG(s) 'example_sla_dag' retrieved from /home/airflow/.local/lib/python3.12/site-packages/airflow/example_dags/example_sla_dag.py
[2024-12-08T04:08:34.674+0000] {logging_mixin.py:190} INFO - [2024-12-08T04:08:34.674+0000] {dag.py:3239} INFO - Sync 1 DAGs
[2024-12-08T04:08:34.707+0000] {logging_mixin.py:190} INFO - [2024-12-08T04:08:34.706+0000] {dag.py:4180} INFO - Setting next_dagrun for example_sla_dag to 2024-12-08 04:06:00+00:00, run_after=2024-12-08 04:08:00+00:00
[2024-12-08T04:08:34.731+0000] {processor.py:208} INFO - Processing /home/airflow/.local/lib/python3.12/site-packages/airflow/example_dags/example_sla_dag.py took 0.102 seconds
[2024-12-08T04:09:05.953+0000] {processor.py:186} INFO - Started process (PID=598) to work on /home/airflow/.local/lib/python3.12/site-packages/airflow/example_dags/example_sla_dag.py
[2024-12-08T04:09:05.954+0000] {processor.py:914} INFO - Processing file /home/airflow/.local/lib/python3.12/site-packages/airflow/example_dags/example_sla_dag.py for tasks to queue
[2024-12-08T04:09:05.958+0000] {logging_mixin.py:190} INFO - [2024-12-08T04:09:05.957+0000] {dagbag.py:588} INFO - Filling up the DagBag from /home/airflow/.local/lib/python3.12/site-packages/airflow/example_dags/example_sla_dag.py
[2024-12-08T04:09:05.970+0000] {processor.py:925} INFO - DAG(s) 'example_sla_dag' retrieved from /home/airflow/.local/lib/python3.12/site-packages/airflow/example_dags/example_sla_dag.py
[2024-12-08T04:09:05.992+0000] {logging_mixin.py:190} INFO - [2024-12-08T04:09:05.991+0000] {dag.py:3239} INFO - Sync 1 DAGs
[2024-12-08T04:09:06.022+0000] {logging_mixin.py:190} INFO - [2024-12-08T04:09:06.022+0000] {dag.py:4180} INFO - Setting next_dagrun for example_sla_dag to 2024-12-08 04:06:00+00:00, run_after=2024-12-08 04:08:00+00:00
[2024-12-08T04:09:06.045+0000] {processor.py:208} INFO - Processing /home/airflow/.local/lib/python3.12/site-packages/airflow/example_dags/example_sla_dag.py took 0.099 seconds
[2024-12-08T04:09:37.121+0000] {processor.py:186} INFO - Started process (PID=661) to work on /home/airflow/.local/lib/python3.12/site-packages/airflow/example_dags/example_sla_dag.py
[2024-12-08T04:09:37.123+0000] {processor.py:914} INFO - Processing file /home/airflow/.local/lib/python3.12/site-packages/airflow/example_dags/example_sla_dag.py for tasks to queue
[2024-12-08T04:09:37.127+0000] {logging_mixin.py:190} INFO - [2024-12-08T04:09:37.127+0000] {dagbag.py:588} INFO - Filling up the DagBag from /home/airflow/.local/lib/python3.12/site-packages/airflow/example_dags/example_sla_dag.py
[2024-12-08T04:09:37.143+0000] {processor.py:925} INFO - DAG(s) 'example_sla_dag' retrieved from /home/airflow/.local/lib/python3.12/site-packages/airflow/example_dags/example_sla_dag.py
[2024-12-08T04:09:37.173+0000] {logging_mixin.py:190} INFO - [2024-12-08T04:09:37.173+0000] {dag.py:3239} INFO - Sync 1 DAGs
[2024-12-08T04:09:37.213+0000] {logging_mixin.py:190} INFO - [2024-12-08T04:09:37.212+0000] {dag.py:4180} INFO - Setting next_dagrun for example_sla_dag to 2024-12-08 04:06:00+00:00, run_after=2024-12-08 04:08:00+00:00
[2024-12-08T04:09:37.240+0000] {processor.py:208} INFO - Processing /home/airflow/.local/lib/python3.12/site-packages/airflow/example_dags/example_sla_dag.py took 0.130 seconds
[2024-12-08T04:10:08.665+0000] {processor.py:186} INFO - Started process (PID=724) to work on /home/airflow/.local/lib/python3.12/site-packages/airflow/example_dags/example_sla_dag.py
[2024-12-08T04:10:08.667+0000] {processor.py:914} INFO - Processing file /home/airflow/.local/lib/python3.12/site-packages/airflow/example_dags/example_sla_dag.py for tasks to queue
[2024-12-08T04:10:08.671+0000] {logging_mixin.py:190} INFO - [2024-12-08T04:10:08.670+0000] {dagbag.py:588} INFO - Filling up the DagBag from /home/airflow/.local/lib/python3.12/site-packages/airflow/example_dags/example_sla_dag.py
[2024-12-08T04:10:08.683+0000] {processor.py:925} INFO - DAG(s) 'example_sla_dag' retrieved from /home/airflow/.local/lib/python3.12/site-packages/airflow/example_dags/example_sla_dag.py
[2024-12-08T04:10:08.708+0000] {logging_mixin.py:190} INFO - [2024-12-08T04:10:08.707+0000] {dag.py:3239} INFO - Sync 1 DAGs
[2024-12-08T04:10:08.743+0000] {logging_mixin.py:190} INFO - [2024-12-08T04:10:08.742+0000] {dag.py:4180} INFO - Setting next_dagrun for example_sla_dag to 2024-12-08 04:08:00+00:00, run_after=2024-12-08 04:10:00+00:00
[2024-12-08T04:10:08.766+0000] {processor.py:208} INFO - Processing /home/airflow/.local/lib/python3.12/site-packages/airflow/example_dags/example_sla_dag.py took 0.109 seconds
[2024-12-08T04:10:40.784+0000] {processor.py:186} INFO - Started process (PID=793) to work on /home/airflow/.local/lib/python3.12/site-packages/airflow/example_dags/example_sla_dag.py
[2024-12-08T04:10:40.785+0000] {processor.py:914} INFO - Processing file /home/airflow/.local/lib/python3.12/site-packages/airflow/example_dags/example_sla_dag.py for tasks to queue
[2024-12-08T04:10:40.789+0000] {logging_mixin.py:190} INFO - [2024-12-08T04:10:40.788+0000] {dagbag.py:588} INFO - Filling up the DagBag from /home/airflow/.local/lib/python3.12/site-packages/airflow/example_dags/example_sla_dag.py
[2024-12-08T04:10:40.804+0000] {processor.py:925} INFO - DAG(s) 'example_sla_dag' retrieved from /home/airflow/.local/lib/python3.12/site-packages/airflow/example_dags/example_sla_dag.py
[2024-12-08T04:10:40.833+0000] {logging_mixin.py:190} INFO - [2024-12-08T04:10:40.832+0000] {dag.py:3239} INFO - Sync 1 DAGs
[2024-12-08T04:10:40.900+0000] {logging_mixin.py:190} INFO - [2024-12-08T04:10:40.899+0000] {dag.py:4180} INFO - Setting next_dagrun for example_sla_dag to 2024-12-08 04:08:00+00:00, run_after=2024-12-08 04:10:00+00:00
[2024-12-08T04:10:40.992+0000] {processor.py:208} INFO - Processing /home/airflow/.local/lib/python3.12/site-packages/airflow/example_dags/example_sla_dag.py took 0.215 seconds
[2024-12-08T04:11:11.926+0000] {processor.py:186} INFO - Started process (PID=856) to work on /home/airflow/.local/lib/python3.12/site-packages/airflow/example_dags/example_sla_dag.py
[2024-12-08T04:11:11.928+0000] {processor.py:914} INFO - Processing file /home/airflow/.local/lib/python3.12/site-packages/airflow/example_dags/example_sla_dag.py for tasks to queue
[2024-12-08T04:11:11.933+0000] {logging_mixin.py:190} INFO - [2024-12-08T04:11:11.933+0000] {dagbag.py:588} INFO - Filling up the DagBag from /home/airflow/.local/lib/python3.12/site-packages/airflow/example_dags/example_sla_dag.py
[2024-12-08T04:11:11.953+0000] {processor.py:925} INFO - DAG(s) 'example_sla_dag' retrieved from /home/airflow/.local/lib/python3.12/site-packages/airflow/example_dags/example_sla_dag.py
[2024-12-08T04:11:11.991+0000] {logging_mixin.py:190} INFO - [2024-12-08T04:11:11.990+0000] {dag.py:3239} INFO - Sync 1 DAGs
[2024-12-08T04:11:12.043+0000] {logging_mixin.py:190} INFO - [2024-12-08T04:11:12.043+0000] {dag.py:4180} INFO - Setting next_dagrun for example_sla_dag to 2024-12-08 04:08:00+00:00, run_after=2024-12-08 04:10:00+00:00
[2024-12-08T04:11:12.096+0000] {processor.py:208} INFO - Processing /home/airflow/.local/lib/python3.12/site-packages/airflow/example_dags/example_sla_dag.py took 0.181 seconds
[2024-12-08T04:11:43.056+0000] {processor.py:186} INFO - Started process (PID=919) to work on /home/airflow/.local/lib/python3.12/site-packages/airflow/example_dags/example_sla_dag.py
[2024-12-08T04:11:43.057+0000] {processor.py:914} INFO - Processing file /home/airflow/.local/lib/python3.12/site-packages/airflow/example_dags/example_sla_dag.py for tasks to queue
[2024-12-08T04:11:43.060+0000] {logging_mixin.py:190} INFO - [2024-12-08T04:11:43.060+0000] {dagbag.py:588} INFO - Filling up the DagBag from /home/airflow/.local/lib/python3.12/site-packages/airflow/example_dags/example_sla_dag.py
[2024-12-08T04:11:43.074+0000] {processor.py:925} INFO - DAG(s) 'example_sla_dag' retrieved from /home/airflow/.local/lib/python3.12/site-packages/airflow/example_dags/example_sla_dag.py
[2024-12-08T04:11:43.104+0000] {logging_mixin.py:190} INFO - [2024-12-08T04:11:43.103+0000] {dag.py:3239} INFO - Sync 1 DAGs
[2024-12-08T04:11:43.144+0000] {logging_mixin.py:190} INFO - [2024-12-08T04:11:43.144+0000] {dag.py:4180} INFO - Setting next_dagrun for example_sla_dag to 2024-12-08 04:08:00+00:00, run_after=2024-12-08 04:10:00+00:00
[2024-12-08T04:11:43.170+0000] {processor.py:208} INFO - Processing /home/airflow/.local/lib/python3.12/site-packages/airflow/example_dags/example_sla_dag.py took 0.122 seconds
[2024-12-08T04:12:14.524+0000] {processor.py:186} INFO - Started process (PID=982) to work on /home/airflow/.local/lib/python3.12/site-packages/airflow/example_dags/example_sla_dag.py
[2024-12-08T04:12:14.525+0000] {processor.py:914} INFO - Processing file /home/airflow/.local/lib/python3.12/site-packages/airflow/example_dags/example_sla_dag.py for tasks to queue
[2024-12-08T04:12:14.528+0000] {logging_mixin.py:190} INFO - [2024-12-08T04:12:14.528+0000] {dagbag.py:588} INFO - Filling up the DagBag from /home/airflow/.local/lib/python3.12/site-packages/airflow/example_dags/example_sla_dag.py
[2024-12-08T04:12:14.541+0000] {processor.py:925} INFO - DAG(s) 'example_sla_dag' retrieved from /home/airflow/.local/lib/python3.12/site-packages/airflow/example_dags/example_sla_dag.py
[2024-12-08T04:12:14.565+0000] {logging_mixin.py:190} INFO - [2024-12-08T04:12:14.564+0000] {dag.py:3239} INFO - Sync 1 DAGs
[2024-12-08T04:12:14.598+0000] {logging_mixin.py:190} INFO - [2024-12-08T04:12:14.598+0000] {dag.py:4180} INFO - Setting next_dagrun for example_sla_dag to 2024-12-08 04:10:00+00:00, run_after=2024-12-08 04:12:00+00:00
[2024-12-08T04:12:14.621+0000] {processor.py:208} INFO - Processing /home/airflow/.local/lib/python3.12/site-packages/airflow/example_dags/example_sla_dag.py took 0.104 seconds
[2024-12-08T04:12:46.099+0000] {processor.py:186} INFO - Started process (PID=1046) to work on /home/airflow/.local/lib/python3.12/site-packages/airflow/example_dags/example_sla_dag.py
[2024-12-08T04:12:46.101+0000] {processor.py:914} INFO - Processing file /home/airflow/.local/lib/python3.12/site-packages/airflow/example_dags/example_sla_dag.py for tasks to queue
[2024-12-08T04:12:46.107+0000] {logging_mixin.py:190} INFO - [2024-12-08T04:12:46.106+0000] {dagbag.py:588} INFO - Filling up the DagBag from /home/airflow/.local/lib/python3.12/site-packages/airflow/example_dags/example_sla_dag.py
[2024-12-08T04:12:46.149+0000] {processor.py:925} INFO - DAG(s) 'example_sla_dag' retrieved from /home/airflow/.local/lib/python3.12/site-packages/airflow/example_dags/example_sla_dag.py
[2024-12-08T04:12:46.216+0000] {logging_mixin.py:190} INFO - [2024-12-08T04:12:46.215+0000] {dag.py:3239} INFO - Sync 1 DAGs
[2024-12-08T04:12:46.264+0000] {logging_mixin.py:190} INFO - [2024-12-08T04:12:46.263+0000] {dag.py:4180} INFO - Setting next_dagrun for example_sla_dag to 2024-12-08 04:10:00+00:00, run_after=2024-12-08 04:12:00+00:00
[2024-12-08T04:12:46.296+0000] {processor.py:208} INFO - Processing /home/airflow/.local/lib/python3.12/site-packages/airflow/example_dags/example_sla_dag.py took 0.212 seconds
[2024-12-08T04:13:17.878+0000] {processor.py:186} INFO - Started process (PID=1109) to work on /home/airflow/.local/lib/python3.12/site-packages/airflow/example_dags/example_sla_dag.py
[2024-12-08T04:13:17.880+0000] {processor.py:914} INFO - Processing file /home/airflow/.local/lib/python3.12/site-packages/airflow/example_dags/example_sla_dag.py for tasks to queue
[2024-12-08T04:13:17.884+0000] {logging_mixin.py:190} INFO - [2024-12-08T04:13:17.884+0000] {dagbag.py:588} INFO - Filling up the DagBag from /home/airflow/.local/lib/python3.12/site-packages/airflow/example_dags/example_sla_dag.py
[2024-12-08T04:13:17.900+0000] {processor.py:925} INFO - DAG(s) 'example_sla_dag' retrieved from /home/airflow/.local/lib/python3.12/site-packages/airflow/example_dags/example_sla_dag.py
[2024-12-08T04:13:17.929+0000] {logging_mixin.py:190} INFO - [2024-12-08T04:13:17.929+0000] {dag.py:3239} INFO - Sync 1 DAGs
[2024-12-08T04:13:17.964+0000] {logging_mixin.py:190} INFO - [2024-12-08T04:13:17.963+0000] {dag.py:4180} INFO - Setting next_dagrun for example_sla_dag to 2024-12-08 04:10:00+00:00, run_after=2024-12-08 04:12:00+00:00
[2024-12-08T04:13:18.013+0000] {processor.py:208} INFO - Processing /home/airflow/.local/lib/python3.12/site-packages/airflow/example_dags/example_sla_dag.py took 0.150 seconds
[2024-12-08T04:13:49.392+0000] {processor.py:186} INFO - Started process (PID=1171) to work on /home/airflow/.local/lib/python3.12/site-packages/airflow/example_dags/example_sla_dag.py
[2024-12-08T04:13:49.393+0000] {processor.py:914} INFO - Processing file /home/airflow/.local/lib/python3.12/site-packages/airflow/example_dags/example_sla_dag.py for tasks to queue
[2024-12-08T04:13:49.396+0000] {logging_mixin.py:190} INFO - [2024-12-08T04:13:49.396+0000] {dagbag.py:588} INFO - Filling up the DagBag from /home/airflow/.local/lib/python3.12/site-packages/airflow/example_dags/example_sla_dag.py
[2024-12-08T04:13:49.410+0000] {processor.py:925} INFO - DAG(s) 'example_sla_dag' retrieved from /home/airflow/.local/lib/python3.12/site-packages/airflow/example_dags/example_sla_dag.py
[2024-12-08T04:13:49.434+0000] {logging_mixin.py:190} INFO - [2024-12-08T04:13:49.434+0000] {dag.py:3239} INFO - Sync 1 DAGs
[2024-12-08T04:13:49.511+0000] {logging_mixin.py:190} INFO - [2024-12-08T04:13:49.510+0000] {dag.py:4180} INFO - Setting next_dagrun for example_sla_dag to 2024-12-08 04:10:00+00:00, run_after=2024-12-08 04:12:00+00:00
[2024-12-08T04:13:49.558+0000] {processor.py:208} INFO - Processing /home/airflow/.local/lib/python3.12/site-packages/airflow/example_dags/example_sla_dag.py took 0.175 seconds
[2024-12-08T04:14:21.222+0000] {processor.py:186} INFO - Started process (PID=1234) to work on /home/airflow/.local/lib/python3.12/site-packages/airflow/example_dags/example_sla_dag.py
[2024-12-08T04:14:21.223+0000] {processor.py:914} INFO - Processing file /home/airflow/.local/lib/python3.12/site-packages/airflow/example_dags/example_sla_dag.py for tasks to queue
[2024-12-08T04:14:21.227+0000] {logging_mixin.py:190} INFO - [2024-12-08T04:14:21.226+0000] {dagbag.py:588} INFO - Filling up the DagBag from /home/airflow/.local/lib/python3.12/site-packages/airflow/example_dags/example_sla_dag.py
[2024-12-08T04:14:21.242+0000] {processor.py:925} INFO - DAG(s) 'example_sla_dag' retrieved from /home/airflow/.local/lib/python3.12/site-packages/airflow/example_dags/example_sla_dag.py
[2024-12-08T04:14:21.272+0000] {logging_mixin.py:190} INFO - [2024-12-08T04:14:21.272+0000] {dag.py:3239} INFO - Sync 1 DAGs
[2024-12-08T04:14:21.311+0000] {logging_mixin.py:190} INFO - [2024-12-08T04:14:21.311+0000] {dag.py:4180} INFO - Setting next_dagrun for example_sla_dag to 2024-12-08 04:12:00+00:00, run_after=2024-12-08 04:14:00+00:00
[2024-12-08T04:14:21.341+0000] {processor.py:208} INFO - Processing /home/airflow/.local/lib/python3.12/site-packages/airflow/example_dags/example_sla_dag.py took 0.129 seconds
[2024-12-08T04:14:52.694+0000] {processor.py:186} INFO - Started process (PID=1297) to work on /home/airflow/.local/lib/python3.12/site-packages/airflow/example_dags/example_sla_dag.py
[2024-12-08T04:14:52.695+0000] {processor.py:914} INFO - Processing file /home/airflow/.local/lib/python3.12/site-packages/airflow/example_dags/example_sla_dag.py for tasks to queue
[2024-12-08T04:14:52.698+0000] {logging_mixin.py:190} INFO - [2024-12-08T04:14:52.698+0000] {dagbag.py:588} INFO - Filling up the DagBag from /home/airflow/.local/lib/python3.12/site-packages/airflow/example_dags/example_sla_dag.py
[2024-12-08T04:14:52.710+0000] {processor.py:925} INFO - DAG(s) 'example_sla_dag' retrieved from /home/airflow/.local/lib/python3.12/site-packages/airflow/example_dags/example_sla_dag.py
[2024-12-08T04:14:52.731+0000] {logging_mixin.py:190} INFO - [2024-12-08T04:14:52.731+0000] {dag.py:3239} INFO - Sync 1 DAGs
[2024-12-08T04:14:52.760+0000] {logging_mixin.py:190} INFO - [2024-12-08T04:14:52.760+0000] {dag.py:4180} INFO - Setting next_dagrun for example_sla_dag to 2024-12-08 04:12:00+00:00, run_after=2024-12-08 04:14:00+00:00
[2024-12-08T04:14:52.781+0000] {processor.py:208} INFO - Processing /home/airflow/.local/lib/python3.12/site-packages/airflow/example_dags/example_sla_dag.py took 0.094 seconds
[2024-12-08T04:15:23.705+0000] {processor.py:186} INFO - Started process (PID=1360) to work on /home/airflow/.local/lib/python3.12/site-packages/airflow/example_dags/example_sla_dag.py
[2024-12-08T04:15:23.706+0000] {processor.py:914} INFO - Processing file /home/airflow/.local/lib/python3.12/site-packages/airflow/example_dags/example_sla_dag.py for tasks to queue
[2024-12-08T04:15:23.710+0000] {logging_mixin.py:190} INFO - [2024-12-08T04:15:23.709+0000] {dagbag.py:588} INFO - Filling up the DagBag from /home/airflow/.local/lib/python3.12/site-packages/airflow/example_dags/example_sla_dag.py
[2024-12-08T04:15:23.723+0000] {processor.py:925} INFO - DAG(s) 'example_sla_dag' retrieved from /home/airflow/.local/lib/python3.12/site-packages/airflow/example_dags/example_sla_dag.py
[2024-12-08T04:15:23.745+0000] {logging_mixin.py:190} INFO - [2024-12-08T04:15:23.745+0000] {dag.py:3239} INFO - Sync 1 DAGs
[2024-12-08T04:15:23.777+0000] {logging_mixin.py:190} INFO - [2024-12-08T04:15:23.776+0000] {dag.py:4180} INFO - Setting next_dagrun for example_sla_dag to 2024-12-08 04:12:00+00:00, run_after=2024-12-08 04:14:00+00:00
[2024-12-08T04:15:23.800+0000] {processor.py:208} INFO - Processing /home/airflow/.local/lib/python3.12/site-packages/airflow/example_dags/example_sla_dag.py took 0.105 seconds
[2024-12-08T04:15:55.408+0000] {processor.py:186} INFO - Started process (PID=1423) to work on /home/airflow/.local/lib/python3.12/site-packages/airflow/example_dags/example_sla_dag.py
[2024-12-08T04:15:55.409+0000] {processor.py:914} INFO - Processing file /home/airflow/.local/lib/python3.12/site-packages/airflow/example_dags/example_sla_dag.py for tasks to queue
[2024-12-08T04:15:55.412+0000] {logging_mixin.py:190} INFO - [2024-12-08T04:15:55.412+0000] {dagbag.py:588} INFO - Filling up the DagBag from /home/airflow/.local/lib/python3.12/site-packages/airflow/example_dags/example_sla_dag.py
[2024-12-08T04:15:55.424+0000] {processor.py:925} INFO - DAG(s) 'example_sla_dag' retrieved from /home/airflow/.local/lib/python3.12/site-packages/airflow/example_dags/example_sla_dag.py
[2024-12-08T04:15:55.444+0000] {logging_mixin.py:190} INFO - [2024-12-08T04:15:55.444+0000] {dag.py:3239} INFO - Sync 1 DAGs
[2024-12-08T04:15:55.472+0000] {logging_mixin.py:190} INFO - [2024-12-08T04:15:55.472+0000] {dag.py:4180} INFO - Setting next_dagrun for example_sla_dag to 2024-12-08 04:12:00+00:00, run_after=2024-12-08 04:14:00+00:00
[2024-12-08T04:15:55.492+0000] {processor.py:208} INFO - Processing /home/airflow/.local/lib/python3.12/site-packages/airflow/example_dags/example_sla_dag.py took 0.091 seconds
[2024-12-08T04:16:27.090+0000] {processor.py:186} INFO - Started process (PID=1486) to work on /home/airflow/.local/lib/python3.12/site-packages/airflow/example_dags/example_sla_dag.py
[2024-12-08T04:16:27.091+0000] {processor.py:914} INFO - Processing file /home/airflow/.local/lib/python3.12/site-packages/airflow/example_dags/example_sla_dag.py for tasks to queue
[2024-12-08T04:16:27.095+0000] {logging_mixin.py:190} INFO - [2024-12-08T04:16:27.095+0000] {dagbag.py:588} INFO - Filling up the DagBag from /home/airflow/.local/lib/python3.12/site-packages/airflow/example_dags/example_sla_dag.py
[2024-12-08T04:16:27.110+0000] {processor.py:925} INFO - DAG(s) 'example_sla_dag' retrieved from /home/airflow/.local/lib/python3.12/site-packages/airflow/example_dags/example_sla_dag.py
[2024-12-08T04:16:27.138+0000] {logging_mixin.py:190} INFO - [2024-12-08T04:16:27.137+0000] {dag.py:3239} INFO - Sync 1 DAGs
[2024-12-08T04:16:27.173+0000] {logging_mixin.py:190} INFO - [2024-12-08T04:16:27.173+0000] {dag.py:4180} INFO - Setting next_dagrun for example_sla_dag to 2024-12-08 04:14:00+00:00, run_after=2024-12-08 04:16:00+00:00
[2024-12-08T04:16:27.202+0000] {processor.py:208} INFO - Processing /home/airflow/.local/lib/python3.12/site-packages/airflow/example_dags/example_sla_dag.py took 0.121 seconds
[2024-12-08T04:16:59.374+0000] {processor.py:186} INFO - Started process (PID=1549) to work on /home/airflow/.local/lib/python3.12/site-packages/airflow/example_dags/example_sla_dag.py
[2024-12-08T04:16:59.376+0000] {processor.py:914} INFO - Processing file /home/airflow/.local/lib/python3.12/site-packages/airflow/example_dags/example_sla_dag.py for tasks to queue
[2024-12-08T04:16:59.380+0000] {logging_mixin.py:190} INFO - [2024-12-08T04:16:59.379+0000] {dagbag.py:588} INFO - Filling up the DagBag from /home/airflow/.local/lib/python3.12/site-packages/airflow/example_dags/example_sla_dag.py
[2024-12-08T04:16:59.397+0000] {processor.py:925} INFO - DAG(s) 'example_sla_dag' retrieved from /home/airflow/.local/lib/python3.12/site-packages/airflow/example_dags/example_sla_dag.py
[2024-12-08T04:16:59.428+0000] {logging_mixin.py:190} INFO - [2024-12-08T04:16:59.427+0000] {dag.py:3239} INFO - Sync 1 DAGs
[2024-12-08T04:16:59.461+0000] {logging_mixin.py:190} INFO - [2024-12-08T04:16:59.460+0000] {dag.py:4180} INFO - Setting next_dagrun for example_sla_dag to 2024-12-08 04:14:00+00:00, run_after=2024-12-08 04:16:00+00:00
[2024-12-08T04:16:59.488+0000] {processor.py:208} INFO - Processing /home/airflow/.local/lib/python3.12/site-packages/airflow/example_dags/example_sla_dag.py took 0.128 seconds
[2024-12-08T04:17:30.748+0000] {processor.py:186} INFO - Started process (PID=1613) to work on /home/airflow/.local/lib/python3.12/site-packages/airflow/example_dags/example_sla_dag.py
[2024-12-08T04:17:30.749+0000] {processor.py:914} INFO - Processing file /home/airflow/.local/lib/python3.12/site-packages/airflow/example_dags/example_sla_dag.py for tasks to queue
[2024-12-08T04:17:30.753+0000] {logging_mixin.py:190} INFO - [2024-12-08T04:17:30.752+0000] {dagbag.py:588} INFO - Filling up the DagBag from /home/airflow/.local/lib/python3.12/site-packages/airflow/example_dags/example_sla_dag.py
[2024-12-08T04:17:30.766+0000] {processor.py:925} INFO - DAG(s) 'example_sla_dag' retrieved from /home/airflow/.local/lib/python3.12/site-packages/airflow/example_dags/example_sla_dag.py
[2024-12-08T04:17:30.791+0000] {logging_mixin.py:190} INFO - [2024-12-08T04:17:30.790+0000] {dag.py:3239} INFO - Sync 1 DAGs
[2024-12-08T04:17:30.829+0000] {logging_mixin.py:190} INFO - [2024-12-08T04:17:30.829+0000] {dag.py:4180} INFO - Setting next_dagrun for example_sla_dag to 2024-12-08 04:14:00+00:00, run_after=2024-12-08 04:16:00+00:00
[2024-12-08T04:17:30.854+0000] {processor.py:208} INFO - Processing /home/airflow/.local/lib/python3.12/site-packages/airflow/example_dags/example_sla_dag.py took 0.117 seconds
[2024-12-08T04:18:02.089+0000] {processor.py:186} INFO - Started process (PID=1676) to work on /home/airflow/.local/lib/python3.12/site-packages/airflow/example_dags/example_sla_dag.py
[2024-12-08T04:18:02.091+0000] {processor.py:914} INFO - Processing file /home/airflow/.local/lib/python3.12/site-packages/airflow/example_dags/example_sla_dag.py for tasks to queue
[2024-12-08T04:18:02.094+0000] {logging_mixin.py:190} INFO - [2024-12-08T04:18:02.094+0000] {dagbag.py:588} INFO - Filling up the DagBag from /home/airflow/.local/lib/python3.12/site-packages/airflow/example_dags/example_sla_dag.py
[2024-12-08T04:18:02.107+0000] {processor.py:925} INFO - DAG(s) 'example_sla_dag' retrieved from /home/airflow/.local/lib/python3.12/site-packages/airflow/example_dags/example_sla_dag.py
[2024-12-08T04:18:02.133+0000] {logging_mixin.py:190} INFO - [2024-12-08T04:18:02.133+0000] {dag.py:3239} INFO - Sync 1 DAGs
[2024-12-08T04:18:02.170+0000] {logging_mixin.py:190} INFO - [2024-12-08T04:18:02.170+0000] {dag.py:4180} INFO - Setting next_dagrun for example_sla_dag to 2024-12-08 04:16:00+00:00, run_after=2024-12-08 04:18:00+00:00
[2024-12-08T04:18:02.199+0000] {processor.py:208} INFO - Processing /home/airflow/.local/lib/python3.12/site-packages/airflow/example_dags/example_sla_dag.py took 0.118 seconds
[2024-12-08T04:18:33.462+0000] {processor.py:186} INFO - Started process (PID=1739) to work on /home/airflow/.local/lib/python3.12/site-packages/airflow/example_dags/example_sla_dag.py
[2024-12-08T04:18:33.463+0000] {processor.py:914} INFO - Processing file /home/airflow/.local/lib/python3.12/site-packages/airflow/example_dags/example_sla_dag.py for tasks to queue
[2024-12-08T04:18:33.466+0000] {logging_mixin.py:190} INFO - [2024-12-08T04:18:33.466+0000] {dagbag.py:588} INFO - Filling up the DagBag from /home/airflow/.local/lib/python3.12/site-packages/airflow/example_dags/example_sla_dag.py
[2024-12-08T04:18:33.479+0000] {processor.py:925} INFO - DAG(s) 'example_sla_dag' retrieved from /home/airflow/.local/lib/python3.12/site-packages/airflow/example_dags/example_sla_dag.py
[2024-12-08T04:18:33.521+0000] {logging_mixin.py:190} INFO - [2024-12-08T04:18:33.521+0000] {dag.py:3239} INFO - Sync 1 DAGs
[2024-12-08T04:18:33.580+0000] {logging_mixin.py:190} INFO - [2024-12-08T04:18:33.580+0000] {dag.py:4180} INFO - Setting next_dagrun for example_sla_dag to 2024-12-08 04:16:00+00:00, run_after=2024-12-08 04:18:00+00:00
[2024-12-08T04:18:33.626+0000] {processor.py:208} INFO - Processing /home/airflow/.local/lib/python3.12/site-packages/airflow/example_dags/example_sla_dag.py took 0.171 seconds
[2024-12-08T04:19:04.939+0000] {processor.py:186} INFO - Started process (PID=1802) to work on /home/airflow/.local/lib/python3.12/site-packages/airflow/example_dags/example_sla_dag.py
[2024-12-08T04:19:04.941+0000] {processor.py:914} INFO - Processing file /home/airflow/.local/lib/python3.12/site-packages/airflow/example_dags/example_sla_dag.py for tasks to queue
[2024-12-08T04:19:04.945+0000] {logging_mixin.py:190} INFO - [2024-12-08T04:19:04.944+0000] {dagbag.py:588} INFO - Filling up the DagBag from /home/airflow/.local/lib/python3.12/site-packages/airflow/example_dags/example_sla_dag.py
[2024-12-08T04:19:04.964+0000] {processor.py:925} INFO - DAG(s) 'example_sla_dag' retrieved from /home/airflow/.local/lib/python3.12/site-packages/airflow/example_dags/example_sla_dag.py
[2024-12-08T04:19:05.003+0000] {logging_mixin.py:190} INFO - [2024-12-08T04:19:05.003+0000] {dag.py:3239} INFO - Sync 1 DAGs
[2024-12-08T04:19:05.049+0000] {logging_mixin.py:190} INFO - [2024-12-08T04:19:05.048+0000] {dag.py:4180} INFO - Setting next_dagrun for example_sla_dag to 2024-12-08 04:16:00+00:00, run_after=2024-12-08 04:18:00+00:00
[2024-12-08T04:19:05.081+0000] {processor.py:208} INFO - Processing /home/airflow/.local/lib/python3.12/site-packages/airflow/example_dags/example_sla_dag.py took 0.154 seconds
[2024-12-08T04:19:36.284+0000] {processor.py:186} INFO - Started process (PID=1865) to work on /home/airflow/.local/lib/python3.12/site-packages/airflow/example_dags/example_sla_dag.py
[2024-12-08T04:19:36.286+0000] {processor.py:914} INFO - Processing file /home/airflow/.local/lib/python3.12/site-packages/airflow/example_dags/example_sla_dag.py for tasks to queue
[2024-12-08T04:19:36.289+0000] {logging_mixin.py:190} INFO - [2024-12-08T04:19:36.289+0000] {dagbag.py:588} INFO - Filling up the DagBag from /home/airflow/.local/lib/python3.12/site-packages/airflow/example_dags/example_sla_dag.py
[2024-12-08T04:19:36.304+0000] {processor.py:925} INFO - DAG(s) 'example_sla_dag' retrieved from /home/airflow/.local/lib/python3.12/site-packages/airflow/example_dags/example_sla_dag.py
[2024-12-08T04:19:36.330+0000] {logging_mixin.py:190} INFO - [2024-12-08T04:19:36.330+0000] {dag.py:3239} INFO - Sync 1 DAGs
[2024-12-08T04:19:36.369+0000] {logging_mixin.py:190} INFO - [2024-12-08T04:19:36.368+0000] {dag.py:4180} INFO - Setting next_dagrun for example_sla_dag to 2024-12-08 04:16:00+00:00, run_after=2024-12-08 04:18:00+00:00
[2024-12-08T04:19:36.395+0000] {processor.py:208} INFO - Processing /home/airflow/.local/lib/python3.12/site-packages/airflow/example_dags/example_sla_dag.py took 0.120 seconds
[2024-12-08T05:03:19.339+0000] {processor.py:186} INFO - Started process (PID=94) to work on /home/airflow/.local/lib/python3.12/site-packages/airflow/example_dags/example_sla_dag.py
[2024-12-08T05:03:19.341+0000] {processor.py:914} INFO - Processing file /home/airflow/.local/lib/python3.12/site-packages/airflow/example_dags/example_sla_dag.py for tasks to queue
[2024-12-08T05:03:19.343+0000] {logging_mixin.py:190} INFO - [2024-12-08T05:03:19.343+0000] {dagbag.py:588} INFO - Filling up the DagBag from /home/airflow/.local/lib/python3.12/site-packages/airflow/example_dags/example_sla_dag.py
[2024-12-08T05:03:19.356+0000] {processor.py:925} INFO - DAG(s) 'example_sla_dag' retrieved from /home/airflow/.local/lib/python3.12/site-packages/airflow/example_dags/example_sla_dag.py
[2024-12-08T05:03:19.379+0000] {logging_mixin.py:190} INFO - [2024-12-08T05:03:19.378+0000] {dag.py:3239} INFO - Sync 1 DAGs
[2024-12-08T05:03:19.409+0000] {logging_mixin.py:190} INFO - [2024-12-08T05:03:19.409+0000] {dag.py:4180} INFO - Setting next_dagrun for example_sla_dag to 2024-12-08 05:00:00+00:00, run_after=2024-12-08 05:02:00+00:00
[2024-12-08T05:03:19.428+0000] {processor.py:208} INFO - Processing /home/airflow/.local/lib/python3.12/site-packages/airflow/example_dags/example_sla_dag.py took 0.096 seconds
[2024-12-08T05:03:50.782+0000] {processor.py:186} INFO - Started process (PID=158) to work on /home/airflow/.local/lib/python3.12/site-packages/airflow/example_dags/example_sla_dag.py
[2024-12-08T05:03:50.783+0000] {processor.py:914} INFO - Processing file /home/airflow/.local/lib/python3.12/site-packages/airflow/example_dags/example_sla_dag.py for tasks to queue
[2024-12-08T05:03:50.785+0000] {logging_mixin.py:190} INFO - [2024-12-08T05:03:50.785+0000] {dagbag.py:588} INFO - Filling up the DagBag from /home/airflow/.local/lib/python3.12/site-packages/airflow/example_dags/example_sla_dag.py
[2024-12-08T05:03:50.797+0000] {processor.py:925} INFO - DAG(s) 'example_sla_dag' retrieved from /home/airflow/.local/lib/python3.12/site-packages/airflow/example_dags/example_sla_dag.py
[2024-12-08T05:03:50.818+0000] {logging_mixin.py:190} INFO - [2024-12-08T05:03:50.818+0000] {dag.py:3239} INFO - Sync 1 DAGs
[2024-12-08T05:03:50.847+0000] {logging_mixin.py:190} INFO - [2024-12-08T05:03:50.847+0000] {dag.py:4180} INFO - Setting next_dagrun for example_sla_dag to 2024-12-08 05:00:00+00:00, run_after=2024-12-08 05:02:00+00:00
[2024-12-08T05:03:50.868+0000] {processor.py:208} INFO - Processing /home/airflow/.local/lib/python3.12/site-packages/airflow/example_dags/example_sla_dag.py took 0.095 seconds
[2024-12-08T05:04:21.798+0000] {processor.py:186} INFO - Started process (PID=222) to work on /home/airflow/.local/lib/python3.12/site-packages/airflow/example_dags/example_sla_dag.py
[2024-12-08T05:04:21.799+0000] {processor.py:914} INFO - Processing file /home/airflow/.local/lib/python3.12/site-packages/airflow/example_dags/example_sla_dag.py for tasks to queue
[2024-12-08T05:04:21.802+0000] {logging_mixin.py:190} INFO - [2024-12-08T05:04:21.801+0000] {dagbag.py:588} INFO - Filling up the DagBag from /home/airflow/.local/lib/python3.12/site-packages/airflow/example_dags/example_sla_dag.py
[2024-12-08T05:04:21.813+0000] {processor.py:925} INFO - DAG(s) 'example_sla_dag' retrieved from /home/airflow/.local/lib/python3.12/site-packages/airflow/example_dags/example_sla_dag.py
[2024-12-08T05:04:21.836+0000] {logging_mixin.py:190} INFO - [2024-12-08T05:04:21.835+0000] {dag.py:3239} INFO - Sync 1 DAGs
[2024-12-08T05:04:21.865+0000] {logging_mixin.py:190} INFO - [2024-12-08T05:04:21.865+0000] {dag.py:4180} INFO - Setting next_dagrun for example_sla_dag to 2024-12-08 05:02:00+00:00, run_after=2024-12-08 05:04:00+00:00
[2024-12-08T05:04:21.885+0000] {processor.py:208} INFO - Processing /home/airflow/.local/lib/python3.12/site-packages/airflow/example_dags/example_sla_dag.py took 0.094 seconds
[2024-12-08T05:04:53.291+0000] {processor.py:186} INFO - Started process (PID=286) to work on /home/airflow/.local/lib/python3.12/site-packages/airflow/example_dags/example_sla_dag.py
[2024-12-08T05:04:53.292+0000] {processor.py:914} INFO - Processing file /home/airflow/.local/lib/python3.12/site-packages/airflow/example_dags/example_sla_dag.py for tasks to queue
[2024-12-08T05:04:53.296+0000] {logging_mixin.py:190} INFO - [2024-12-08T05:04:53.296+0000] {dagbag.py:588} INFO - Filling up the DagBag from /home/airflow/.local/lib/python3.12/site-packages/airflow/example_dags/example_sla_dag.py
[2024-12-08T05:04:53.311+0000] {processor.py:925} INFO - DAG(s) 'example_sla_dag' retrieved from /home/airflow/.local/lib/python3.12/site-packages/airflow/example_dags/example_sla_dag.py
[2024-12-08T05:04:53.337+0000] {logging_mixin.py:190} INFO - [2024-12-08T05:04:53.337+0000] {dag.py:3239} INFO - Sync 1 DAGs
[2024-12-08T05:04:53.373+0000] {logging_mixin.py:190} INFO - [2024-12-08T05:04:53.373+0000] {dag.py:4180} INFO - Setting next_dagrun for example_sla_dag to 2024-12-08 05:02:00+00:00, run_after=2024-12-08 05:04:00+00:00
[2024-12-08T05:04:53.395+0000] {processor.py:208} INFO - Processing /home/airflow/.local/lib/python3.12/site-packages/airflow/example_dags/example_sla_dag.py took 0.113 seconds
[2024-12-08T05:05:24.685+0000] {processor.py:186} INFO - Started process (PID=350) to work on /home/airflow/.local/lib/python3.12/site-packages/airflow/example_dags/example_sla_dag.py
[2024-12-08T05:05:24.687+0000] {processor.py:914} INFO - Processing file /home/airflow/.local/lib/python3.12/site-packages/airflow/example_dags/example_sla_dag.py for tasks to queue
[2024-12-08T05:05:24.689+0000] {logging_mixin.py:190} INFO - [2024-12-08T05:05:24.689+0000] {dagbag.py:588} INFO - Filling up the DagBag from /home/airflow/.local/lib/python3.12/site-packages/airflow/example_dags/example_sla_dag.py
[2024-12-08T05:05:24.700+0000] {processor.py:925} INFO - DAG(s) 'example_sla_dag' retrieved from /home/airflow/.local/lib/python3.12/site-packages/airflow/example_dags/example_sla_dag.py
[2024-12-08T05:05:24.720+0000] {logging_mixin.py:190} INFO - [2024-12-08T05:05:24.719+0000] {dag.py:3239} INFO - Sync 1 DAGs
[2024-12-08T05:05:24.746+0000] {logging_mixin.py:190} INFO - [2024-12-08T05:05:24.746+0000] {dag.py:4180} INFO - Setting next_dagrun for example_sla_dag to 2024-12-08 05:02:00+00:00, run_after=2024-12-08 05:04:00+00:00
[2024-12-08T05:05:24.765+0000] {processor.py:208} INFO - Processing /home/airflow/.local/lib/python3.12/site-packages/airflow/example_dags/example_sla_dag.py took 0.087 seconds
[2024-12-08T05:05:56.200+0000] {processor.py:186} INFO - Started process (PID=414) to work on /home/airflow/.local/lib/python3.12/site-packages/airflow/example_dags/example_sla_dag.py
[2024-12-08T05:05:56.201+0000] {processor.py:914} INFO - Processing file /home/airflow/.local/lib/python3.12/site-packages/airflow/example_dags/example_sla_dag.py for tasks to queue
[2024-12-08T05:05:56.204+0000] {logging_mixin.py:190} INFO - [2024-12-08T05:05:56.204+0000] {dagbag.py:588} INFO - Filling up the DagBag from /home/airflow/.local/lib/python3.12/site-packages/airflow/example_dags/example_sla_dag.py
[2024-12-08T05:05:56.218+0000] {processor.py:925} INFO - DAG(s) 'example_sla_dag' retrieved from /home/airflow/.local/lib/python3.12/site-packages/airflow/example_dags/example_sla_dag.py
[2024-12-08T05:05:56.244+0000] {logging_mixin.py:190} INFO - [2024-12-08T05:05:56.244+0000] {dag.py:3239} INFO - Sync 1 DAGs
[2024-12-08T05:05:56.298+0000] {logging_mixin.py:190} INFO - [2024-12-08T05:05:56.298+0000] {dag.py:4180} INFO - Setting next_dagrun for example_sla_dag to 2024-12-08 05:02:00+00:00, run_after=2024-12-08 05:04:00+00:00
[2024-12-08T05:05:56.325+0000] {processor.py:208} INFO - Processing /home/airflow/.local/lib/python3.12/site-packages/airflow/example_dags/example_sla_dag.py took 0.134 seconds
[2024-12-08T05:06:26.989+0000] {processor.py:186} INFO - Started process (PID=477) to work on /home/airflow/.local/lib/python3.12/site-packages/airflow/example_dags/example_sla_dag.py
[2024-12-08T05:06:26.991+0000] {processor.py:914} INFO - Processing file /home/airflow/.local/lib/python3.12/site-packages/airflow/example_dags/example_sla_dag.py for tasks to queue
[2024-12-08T05:06:26.995+0000] {logging_mixin.py:190} INFO - [2024-12-08T05:06:26.994+0000] {dagbag.py:588} INFO - Filling up the DagBag from /home/airflow/.local/lib/python3.12/site-packages/airflow/example_dags/example_sla_dag.py
[2024-12-08T05:06:27.012+0000] {processor.py:925} INFO - DAG(s) 'example_sla_dag' retrieved from /home/airflow/.local/lib/python3.12/site-packages/airflow/example_dags/example_sla_dag.py
[2024-12-08T05:06:27.046+0000] {logging_mixin.py:190} INFO - [2024-12-08T05:06:27.046+0000] {dag.py:3239} INFO - Sync 1 DAGs
[2024-12-08T05:06:27.094+0000] {logging_mixin.py:190} INFO - [2024-12-08T05:06:27.094+0000] {dag.py:4180} INFO - Setting next_dagrun for example_sla_dag to 2024-12-08 05:04:00+00:00, run_after=2024-12-08 05:06:00+00:00
[2024-12-08T05:06:27.120+0000] {processor.py:208} INFO - Processing /home/airflow/.local/lib/python3.12/site-packages/airflow/example_dags/example_sla_dag.py took 0.139 seconds
[2024-12-08T05:06:58.713+0000] {processor.py:186} INFO - Started process (PID=542) to work on /home/airflow/.local/lib/python3.12/site-packages/airflow/example_dags/example_sla_dag.py
[2024-12-08T05:06:58.715+0000] {processor.py:914} INFO - Processing file /home/airflow/.local/lib/python3.12/site-packages/airflow/example_dags/example_sla_dag.py for tasks to queue
[2024-12-08T05:06:58.718+0000] {logging_mixin.py:190} INFO - [2024-12-08T05:06:58.718+0000] {dagbag.py:588} INFO - Filling up the DagBag from /home/airflow/.local/lib/python3.12/site-packages/airflow/example_dags/example_sla_dag.py
[2024-12-08T05:06:58.732+0000] {processor.py:925} INFO - DAG(s) 'example_sla_dag' retrieved from /home/airflow/.local/lib/python3.12/site-packages/airflow/example_dags/example_sla_dag.py
[2024-12-08T05:06:58.757+0000] {logging_mixin.py:190} INFO - [2024-12-08T05:06:58.757+0000] {dag.py:3239} INFO - Sync 1 DAGs
[2024-12-08T05:06:58.791+0000] {logging_mixin.py:190} INFO - [2024-12-08T05:06:58.791+0000] {dag.py:4180} INFO - Setting next_dagrun for example_sla_dag to 2024-12-08 05:04:00+00:00, run_after=2024-12-08 05:06:00+00:00
[2024-12-08T05:06:58.814+0000] {processor.py:208} INFO - Processing /home/airflow/.local/lib/python3.12/site-packages/airflow/example_dags/example_sla_dag.py took 0.109 seconds
[2024-12-08T05:07:30.197+0000] {processor.py:186} INFO - Started process (PID=606) to work on /home/airflow/.local/lib/python3.12/site-packages/airflow/example_dags/example_sla_dag.py
[2024-12-08T05:07:30.198+0000] {processor.py:914} INFO - Processing file /home/airflow/.local/lib/python3.12/site-packages/airflow/example_dags/example_sla_dag.py for tasks to queue
[2024-12-08T05:07:30.202+0000] {logging_mixin.py:190} INFO - [2024-12-08T05:07:30.202+0000] {dagbag.py:588} INFO - Filling up the DagBag from /home/airflow/.local/lib/python3.12/site-packages/airflow/example_dags/example_sla_dag.py
[2024-12-08T05:07:30.216+0000] {processor.py:925} INFO - DAG(s) 'example_sla_dag' retrieved from /home/airflow/.local/lib/python3.12/site-packages/airflow/example_dags/example_sla_dag.py
[2024-12-08T05:07:30.242+0000] {logging_mixin.py:190} INFO - [2024-12-08T05:07:30.242+0000] {dag.py:3239} INFO - Sync 1 DAGs
[2024-12-08T05:07:30.276+0000] {logging_mixin.py:190} INFO - [2024-12-08T05:07:30.276+0000] {dag.py:4180} INFO - Setting next_dagrun for example_sla_dag to 2024-12-08 05:04:00+00:00, run_after=2024-12-08 05:06:00+00:00
[2024-12-08T05:07:30.298+0000] {processor.py:208} INFO - Processing /home/airflow/.local/lib/python3.12/site-packages/airflow/example_dags/example_sla_dag.py took 0.109 seconds
[2024-12-08T05:08:01.837+0000] {processor.py:186} INFO - Started process (PID=670) to work on /home/airflow/.local/lib/python3.12/site-packages/airflow/example_dags/example_sla_dag.py
[2024-12-08T05:08:01.838+0000] {processor.py:914} INFO - Processing file /home/airflow/.local/lib/python3.12/site-packages/airflow/example_dags/example_sla_dag.py for tasks to queue
[2024-12-08T05:08:01.841+0000] {logging_mixin.py:190} INFO - [2024-12-08T05:08:01.841+0000] {dagbag.py:588} INFO - Filling up the DagBag from /home/airflow/.local/lib/python3.12/site-packages/airflow/example_dags/example_sla_dag.py
[2024-12-08T05:08:01.854+0000] {processor.py:925} INFO - DAG(s) 'example_sla_dag' retrieved from /home/airflow/.local/lib/python3.12/site-packages/airflow/example_dags/example_sla_dag.py
[2024-12-08T05:08:01.877+0000] {logging_mixin.py:190} INFO - [2024-12-08T05:08:01.877+0000] {dag.py:3239} INFO - Sync 1 DAGs
[2024-12-08T05:08:01.907+0000] {logging_mixin.py:190} INFO - [2024-12-08T05:08:01.907+0000] {dag.py:4180} INFO - Setting next_dagrun for example_sla_dag to 2024-12-08 05:06:00+00:00, run_after=2024-12-08 05:08:00+00:00
[2024-12-08T05:08:01.929+0000] {processor.py:208} INFO - Processing /home/airflow/.local/lib/python3.12/site-packages/airflow/example_dags/example_sla_dag.py took 0.100 seconds
[2024-12-08T05:08:32.763+0000] {processor.py:186} INFO - Started process (PID=734) to work on /home/airflow/.local/lib/python3.12/site-packages/airflow/example_dags/example_sla_dag.py
[2024-12-08T05:08:32.764+0000] {processor.py:914} INFO - Processing file /home/airflow/.local/lib/python3.12/site-packages/airflow/example_dags/example_sla_dag.py for tasks to queue
[2024-12-08T05:08:32.767+0000] {logging_mixin.py:190} INFO - [2024-12-08T05:08:32.767+0000] {dagbag.py:588} INFO - Filling up the DagBag from /home/airflow/.local/lib/python3.12/site-packages/airflow/example_dags/example_sla_dag.py
[2024-12-08T05:08:32.779+0000] {processor.py:925} INFO - DAG(s) 'example_sla_dag' retrieved from /home/airflow/.local/lib/python3.12/site-packages/airflow/example_dags/example_sla_dag.py
[2024-12-08T05:08:32.802+0000] {logging_mixin.py:190} INFO - [2024-12-08T05:08:32.802+0000] {dag.py:3239} INFO - Sync 1 DAGs
[2024-12-08T05:08:32.830+0000] {logging_mixin.py:190} INFO - [2024-12-08T05:08:32.830+0000] {dag.py:4180} INFO - Setting next_dagrun for example_sla_dag to 2024-12-08 05:06:00+00:00, run_after=2024-12-08 05:08:00+00:00
[2024-12-08T05:08:32.851+0000] {processor.py:208} INFO - Processing /home/airflow/.local/lib/python3.12/site-packages/airflow/example_dags/example_sla_dag.py took 0.096 seconds
[2024-12-08T05:09:04.117+0000] {processor.py:186} INFO - Started process (PID=798) to work on /home/airflow/.local/lib/python3.12/site-packages/airflow/example_dags/example_sla_dag.py
[2024-12-08T05:09:04.118+0000] {processor.py:914} INFO - Processing file /home/airflow/.local/lib/python3.12/site-packages/airflow/example_dags/example_sla_dag.py for tasks to queue
[2024-12-08T05:09:04.122+0000] {logging_mixin.py:190} INFO - [2024-12-08T05:09:04.121+0000] {dagbag.py:588} INFO - Filling up the DagBag from /home/airflow/.local/lib/python3.12/site-packages/airflow/example_dags/example_sla_dag.py
[2024-12-08T05:09:04.135+0000] {processor.py:925} INFO - DAG(s) 'example_sla_dag' retrieved from /home/airflow/.local/lib/python3.12/site-packages/airflow/example_dags/example_sla_dag.py
[2024-12-08T05:09:04.158+0000] {logging_mixin.py:190} INFO - [2024-12-08T05:09:04.157+0000] {dag.py:3239} INFO - Sync 1 DAGs
[2024-12-08T05:09:04.192+0000] {logging_mixin.py:190} INFO - [2024-12-08T05:09:04.192+0000] {dag.py:4180} INFO - Setting next_dagrun for example_sla_dag to 2024-12-08 05:06:00+00:00, run_after=2024-12-08 05:08:00+00:00
[2024-12-08T05:09:04.216+0000] {processor.py:208} INFO - Processing /home/airflow/.local/lib/python3.12/site-packages/airflow/example_dags/example_sla_dag.py took 0.107 seconds
[2024-12-08T05:09:35.554+0000] {processor.py:186} INFO - Started process (PID=862) to work on /home/airflow/.local/lib/python3.12/site-packages/airflow/example_dags/example_sla_dag.py
[2024-12-08T05:09:35.555+0000] {processor.py:914} INFO - Processing file /home/airflow/.local/lib/python3.12/site-packages/airflow/example_dags/example_sla_dag.py for tasks to queue
[2024-12-08T05:09:35.558+0000] {logging_mixin.py:190} INFO - [2024-12-08T05:09:35.558+0000] {dagbag.py:588} INFO - Filling up the DagBag from /home/airflow/.local/lib/python3.12/site-packages/airflow/example_dags/example_sla_dag.py
[2024-12-08T05:09:35.570+0000] {processor.py:925} INFO - DAG(s) 'example_sla_dag' retrieved from /home/airflow/.local/lib/python3.12/site-packages/airflow/example_dags/example_sla_dag.py
[2024-12-08T05:09:35.592+0000] {logging_mixin.py:190} INFO - [2024-12-08T05:09:35.592+0000] {dag.py:3239} INFO - Sync 1 DAGs
[2024-12-08T05:09:35.620+0000] {logging_mixin.py:190} INFO - [2024-12-08T05:09:35.620+0000] {dag.py:4180} INFO - Setting next_dagrun for example_sla_dag to 2024-12-08 05:06:00+00:00, run_after=2024-12-08 05:08:00+00:00
[2024-12-08T05:09:35.638+0000] {processor.py:208} INFO - Processing /home/airflow/.local/lib/python3.12/site-packages/airflow/example_dags/example_sla_dag.py took 0.091 seconds
[2024-12-08T05:10:06.861+0000] {processor.py:186} INFO - Started process (PID=926) to work on /home/airflow/.local/lib/python3.12/site-packages/airflow/example_dags/example_sla_dag.py
[2024-12-08T05:10:06.862+0000] {processor.py:914} INFO - Processing file /home/airflow/.local/lib/python3.12/site-packages/airflow/example_dags/example_sla_dag.py for tasks to queue
[2024-12-08T05:10:06.865+0000] {logging_mixin.py:190} INFO - [2024-12-08T05:10:06.865+0000] {dagbag.py:588} INFO - Filling up the DagBag from /home/airflow/.local/lib/python3.12/site-packages/airflow/example_dags/example_sla_dag.py
[2024-12-08T05:10:06.878+0000] {processor.py:925} INFO - DAG(s) 'example_sla_dag' retrieved from /home/airflow/.local/lib/python3.12/site-packages/airflow/example_dags/example_sla_dag.py
[2024-12-08T05:10:06.902+0000] {logging_mixin.py:190} INFO - [2024-12-08T05:10:06.902+0000] {dag.py:3239} INFO - Sync 1 DAGs
[2024-12-08T05:10:06.937+0000] {logging_mixin.py:190} INFO - [2024-12-08T05:10:06.937+0000] {dag.py:4180} INFO - Setting next_dagrun for example_sla_dag to 2024-12-08 05:08:00+00:00, run_after=2024-12-08 05:10:00+00:00
[2024-12-08T05:10:06.959+0000] {processor.py:208} INFO - Processing /home/airflow/.local/lib/python3.12/site-packages/airflow/example_dags/example_sla_dag.py took 0.107 seconds
[2024-12-08T05:10:39.036+0000] {processor.py:186} INFO - Started process (PID=990) to work on /home/airflow/.local/lib/python3.12/site-packages/airflow/example_dags/example_sla_dag.py
[2024-12-08T05:10:39.037+0000] {processor.py:914} INFO - Processing file /home/airflow/.local/lib/python3.12/site-packages/airflow/example_dags/example_sla_dag.py for tasks to queue
[2024-12-08T05:10:39.040+0000] {logging_mixin.py:190} INFO - [2024-12-08T05:10:39.040+0000] {dagbag.py:588} INFO - Filling up the DagBag from /home/airflow/.local/lib/python3.12/site-packages/airflow/example_dags/example_sla_dag.py
[2024-12-08T05:10:39.055+0000] {processor.py:925} INFO - DAG(s) 'example_sla_dag' retrieved from /home/airflow/.local/lib/python3.12/site-packages/airflow/example_dags/example_sla_dag.py
[2024-12-08T05:10:39.083+0000] {logging_mixin.py:190} INFO - [2024-12-08T05:10:39.083+0000] {dag.py:3239} INFO - Sync 1 DAGs
[2024-12-08T05:10:39.122+0000] {logging_mixin.py:190} INFO - [2024-12-08T05:10:39.121+0000] {dag.py:4180} INFO - Setting next_dagrun for example_sla_dag to 2024-12-08 05:08:00+00:00, run_after=2024-12-08 05:10:00+00:00
[2024-12-08T05:10:39.153+0000] {processor.py:208} INFO - Processing /home/airflow/.local/lib/python3.12/site-packages/airflow/example_dags/example_sla_dag.py took 0.127 seconds
[2024-12-08T05:11:09.963+0000] {processor.py:186} INFO - Started process (PID=1054) to work on /home/airflow/.local/lib/python3.12/site-packages/airflow/example_dags/example_sla_dag.py
[2024-12-08T05:11:09.964+0000] {processor.py:914} INFO - Processing file /home/airflow/.local/lib/python3.12/site-packages/airflow/example_dags/example_sla_dag.py for tasks to queue
[2024-12-08T05:11:09.966+0000] {logging_mixin.py:190} INFO - [2024-12-08T05:11:09.966+0000] {dagbag.py:588} INFO - Filling up the DagBag from /home/airflow/.local/lib/python3.12/site-packages/airflow/example_dags/example_sla_dag.py
[2024-12-08T05:11:09.978+0000] {processor.py:925} INFO - DAG(s) 'example_sla_dag' retrieved from /home/airflow/.local/lib/python3.12/site-packages/airflow/example_dags/example_sla_dag.py
[2024-12-08T05:11:09.998+0000] {logging_mixin.py:190} INFO - [2024-12-08T05:11:09.997+0000] {dag.py:3239} INFO - Sync 1 DAGs
[2024-12-08T05:11:10.024+0000] {logging_mixin.py:190} INFO - [2024-12-08T05:11:10.023+0000] {dag.py:4180} INFO - Setting next_dagrun for example_sla_dag to 2024-12-08 05:08:00+00:00, run_after=2024-12-08 05:10:00+00:00
[2024-12-08T05:11:10.044+0000] {processor.py:208} INFO - Processing /home/airflow/.local/lib/python3.12/site-packages/airflow/example_dags/example_sla_dag.py took 0.088 seconds
[2024-12-08T05:11:40.641+0000] {processor.py:186} INFO - Started process (PID=1118) to work on /home/airflow/.local/lib/python3.12/site-packages/airflow/example_dags/example_sla_dag.py
[2024-12-08T05:11:40.642+0000] {processor.py:914} INFO - Processing file /home/airflow/.local/lib/python3.12/site-packages/airflow/example_dags/example_sla_dag.py for tasks to queue
[2024-12-08T05:11:40.644+0000] {logging_mixin.py:190} INFO - [2024-12-08T05:11:40.643+0000] {dagbag.py:588} INFO - Filling up the DagBag from /home/airflow/.local/lib/python3.12/site-packages/airflow/example_dags/example_sla_dag.py
[2024-12-08T05:11:40.654+0000] {processor.py:925} INFO - DAG(s) 'example_sla_dag' retrieved from /home/airflow/.local/lib/python3.12/site-packages/airflow/example_dags/example_sla_dag.py
[2024-12-08T05:11:40.675+0000] {logging_mixin.py:190} INFO - [2024-12-08T05:11:40.675+0000] {dag.py:3239} INFO - Sync 1 DAGs
[2024-12-08T05:11:40.703+0000] {logging_mixin.py:190} INFO - [2024-12-08T05:11:40.702+0000] {dag.py:4180} INFO - Setting next_dagrun for example_sla_dag to 2024-12-08 05:08:00+00:00, run_after=2024-12-08 05:10:00+00:00
[2024-12-08T05:11:40.721+0000] {processor.py:208} INFO - Processing /home/airflow/.local/lib/python3.12/site-packages/airflow/example_dags/example_sla_dag.py took 0.086 seconds
[2024-12-08T05:12:12.369+0000] {processor.py:186} INFO - Started process (PID=1181) to work on /home/airflow/.local/lib/python3.12/site-packages/airflow/example_dags/example_sla_dag.py
[2024-12-08T05:12:12.371+0000] {processor.py:914} INFO - Processing file /home/airflow/.local/lib/python3.12/site-packages/airflow/example_dags/example_sla_dag.py for tasks to queue
[2024-12-08T05:12:12.373+0000] {logging_mixin.py:190} INFO - [2024-12-08T05:12:12.372+0000] {dagbag.py:588} INFO - Filling up the DagBag from /home/airflow/.local/lib/python3.12/site-packages/airflow/example_dags/example_sla_dag.py
[2024-12-08T05:12:12.391+0000] {processor.py:925} INFO - DAG(s) 'example_sla_dag' retrieved from /home/airflow/.local/lib/python3.12/site-packages/airflow/example_dags/example_sla_dag.py
[2024-12-08T05:12:12.415+0000] {logging_mixin.py:190} INFO - [2024-12-08T05:12:12.415+0000] {dag.py:3239} INFO - Sync 1 DAGs
[2024-12-08T05:12:12.451+0000] {logging_mixin.py:190} INFO - [2024-12-08T05:12:12.451+0000] {dag.py:4180} INFO - Setting next_dagrun for example_sla_dag to 2024-12-08 05:10:00+00:00, run_after=2024-12-08 05:12:00+00:00
[2024-12-08T05:12:12.474+0000] {processor.py:208} INFO - Processing /home/airflow/.local/lib/python3.12/site-packages/airflow/example_dags/example_sla_dag.py took 0.116 seconds
[2024-12-08T05:12:44.236+0000] {processor.py:186} INFO - Started process (PID=1244) to work on /home/airflow/.local/lib/python3.12/site-packages/airflow/example_dags/example_sla_dag.py
[2024-12-08T05:12:44.237+0000] {processor.py:914} INFO - Processing file /home/airflow/.local/lib/python3.12/site-packages/airflow/example_dags/example_sla_dag.py for tasks to queue
[2024-12-08T05:12:44.239+0000] {logging_mixin.py:190} INFO - [2024-12-08T05:12:44.238+0000] {dagbag.py:588} INFO - Filling up the DagBag from /home/airflow/.local/lib/python3.12/site-packages/airflow/example_dags/example_sla_dag.py
[2024-12-08T05:12:44.258+0000] {processor.py:925} INFO - DAG(s) 'example_sla_dag' retrieved from /home/airflow/.local/lib/python3.12/site-packages/airflow/example_dags/example_sla_dag.py
[2024-12-08T05:12:44.287+0000] {logging_mixin.py:190} INFO - [2024-12-08T05:12:44.286+0000] {dag.py:3239} INFO - Sync 1 DAGs
[2024-12-08T05:12:44.325+0000] {logging_mixin.py:190} INFO - [2024-12-08T05:12:44.325+0000] {dag.py:4180} INFO - Setting next_dagrun for example_sla_dag to 2024-12-08 05:10:00+00:00, run_after=2024-12-08 05:12:00+00:00
[2024-12-08T05:12:44.358+0000] {processor.py:208} INFO - Processing /home/airflow/.local/lib/python3.12/site-packages/airflow/example_dags/example_sla_dag.py took 0.133 seconds
[2024-12-08T05:13:15.722+0000] {processor.py:186} INFO - Started process (PID=1308) to work on /home/airflow/.local/lib/python3.12/site-packages/airflow/example_dags/example_sla_dag.py
[2024-12-08T05:13:15.723+0000] {processor.py:914} INFO - Processing file /home/airflow/.local/lib/python3.12/site-packages/airflow/example_dags/example_sla_dag.py for tasks to queue
[2024-12-08T05:13:15.725+0000] {logging_mixin.py:190} INFO - [2024-12-08T05:13:15.725+0000] {dagbag.py:588} INFO - Filling up the DagBag from /home/airflow/.local/lib/python3.12/site-packages/airflow/example_dags/example_sla_dag.py
[2024-12-08T05:13:15.741+0000] {processor.py:925} INFO - DAG(s) 'example_sla_dag' retrieved from /home/airflow/.local/lib/python3.12/site-packages/airflow/example_dags/example_sla_dag.py
[2024-12-08T05:13:15.766+0000] {logging_mixin.py:190} INFO - [2024-12-08T05:13:15.766+0000] {dag.py:3239} INFO - Sync 1 DAGs
[2024-12-08T05:13:15.798+0000] {logging_mixin.py:190} INFO - [2024-12-08T05:13:15.798+0000] {dag.py:4180} INFO - Setting next_dagrun for example_sla_dag to 2024-12-08 05:10:00+00:00, run_after=2024-12-08 05:12:00+00:00
[2024-12-08T05:13:15.818+0000] {processor.py:208} INFO - Processing /home/airflow/.local/lib/python3.12/site-packages/airflow/example_dags/example_sla_dag.py took 0.104 seconds
[2024-12-08T05:13:46.407+0000] {processor.py:186} INFO - Started process (PID=1371) to work on /home/airflow/.local/lib/python3.12/site-packages/airflow/example_dags/example_sla_dag.py
[2024-12-08T05:13:46.409+0000] {processor.py:914} INFO - Processing file /home/airflow/.local/lib/python3.12/site-packages/airflow/example_dags/example_sla_dag.py for tasks to queue
[2024-12-08T05:13:46.411+0000] {logging_mixin.py:190} INFO - [2024-12-08T05:13:46.410+0000] {dagbag.py:588} INFO - Filling up the DagBag from /home/airflow/.local/lib/python3.12/site-packages/airflow/example_dags/example_sla_dag.py
[2024-12-08T05:13:46.425+0000] {processor.py:925} INFO - DAG(s) 'example_sla_dag' retrieved from /home/airflow/.local/lib/python3.12/site-packages/airflow/example_dags/example_sla_dag.py
[2024-12-08T05:13:46.451+0000] {logging_mixin.py:190} INFO - [2024-12-08T05:13:46.450+0000] {dag.py:3239} INFO - Sync 1 DAGs
[2024-12-08T05:13:46.485+0000] {logging_mixin.py:190} INFO - [2024-12-08T05:13:46.485+0000] {dag.py:4180} INFO - Setting next_dagrun for example_sla_dag to 2024-12-08 05:10:00+00:00, run_after=2024-12-08 05:12:00+00:00
[2024-12-08T05:13:46.509+0000] {processor.py:208} INFO - Processing /home/airflow/.local/lib/python3.12/site-packages/airflow/example_dags/example_sla_dag.py took 0.110 seconds
[2024-12-08T05:14:21.333+0000] {processor.py:186} INFO - Started process (PID=1446) to work on /home/airflow/.local/lib/python3.12/site-packages/airflow/example_dags/example_sla_dag.py
[2024-12-08T05:14:21.343+0000] {processor.py:914} INFO - Processing file /home/airflow/.local/lib/python3.12/site-packages/airflow/example_dags/example_sla_dag.py for tasks to queue
[2024-12-08T05:14:21.347+0000] {logging_mixin.py:190} INFO - [2024-12-08T05:14:21.345+0000] {dagbag.py:588} INFO - Filling up the DagBag from /home/airflow/.local/lib/python3.12/site-packages/airflow/example_dags/example_sla_dag.py
[2024-12-08T05:14:21.404+0000] {processor.py:925} INFO - DAG(s) 'example_sla_dag' retrieved from /home/airflow/.local/lib/python3.12/site-packages/airflow/example_dags/example_sla_dag.py
[2024-12-08T05:14:21.471+0000] {logging_mixin.py:190} INFO - [2024-12-08T05:14:21.470+0000] {dag.py:3239} INFO - Sync 1 DAGs
[2024-12-08T05:14:21.551+0000] {logging_mixin.py:190} INFO - [2024-12-08T05:14:21.550+0000] {dag.py:4180} INFO - Setting next_dagrun for example_sla_dag to 2024-12-08 05:12:00+00:00, run_after=2024-12-08 05:14:00+00:00
[2024-12-08T05:14:21.622+0000] {processor.py:208} INFO - Processing /home/airflow/.local/lib/python3.12/site-packages/airflow/example_dags/example_sla_dag.py took 0.307 seconds
[2024-12-08T05:14:54.152+0000] {processor.py:186} INFO - Started process (PID=1551) to work on /home/airflow/.local/lib/python3.12/site-packages/airflow/example_dags/example_sla_dag.py
[2024-12-08T05:14:54.160+0000] {processor.py:914} INFO - Processing file /home/airflow/.local/lib/python3.12/site-packages/airflow/example_dags/example_sla_dag.py for tasks to queue
[2024-12-08T05:14:54.164+0000] {logging_mixin.py:190} INFO - [2024-12-08T05:14:54.163+0000] {dagbag.py:588} INFO - Filling up the DagBag from /home/airflow/.local/lib/python3.12/site-packages/airflow/example_dags/example_sla_dag.py
[2024-12-08T05:14:54.188+0000] {processor.py:925} INFO - DAG(s) 'example_sla_dag' retrieved from /home/airflow/.local/lib/python3.12/site-packages/airflow/example_dags/example_sla_dag.py
[2024-12-08T05:14:54.242+0000] {logging_mixin.py:190} INFO - [2024-12-08T05:14:54.242+0000] {dag.py:3239} INFO - Sync 1 DAGs
[2024-12-08T05:14:54.313+0000] {logging_mixin.py:190} INFO - [2024-12-08T05:14:54.312+0000] {dag.py:4180} INFO - Setting next_dagrun for example_sla_dag to 2024-12-08 05:12:00+00:00, run_after=2024-12-08 05:14:00+00:00
[2024-12-08T05:14:54.351+0000] {processor.py:208} INFO - Processing /home/airflow/.local/lib/python3.12/site-packages/airflow/example_dags/example_sla_dag.py took 0.216 seconds
[2024-12-08T05:15:25.366+0000] {processor.py:186} INFO - Started process (PID=1638) to work on /home/airflow/.local/lib/python3.12/site-packages/airflow/example_dags/example_sla_dag.py
[2024-12-08T05:15:25.368+0000] {processor.py:914} INFO - Processing file /home/airflow/.local/lib/python3.12/site-packages/airflow/example_dags/example_sla_dag.py for tasks to queue
[2024-12-08T05:15:25.371+0000] {logging_mixin.py:190} INFO - [2024-12-08T05:15:25.370+0000] {dagbag.py:588} INFO - Filling up the DagBag from /home/airflow/.local/lib/python3.12/site-packages/airflow/example_dags/example_sla_dag.py
[2024-12-08T05:15:25.403+0000] {processor.py:925} INFO - DAG(s) 'example_sla_dag' retrieved from /home/airflow/.local/lib/python3.12/site-packages/airflow/example_dags/example_sla_dag.py
[2024-12-08T05:15:25.461+0000] {logging_mixin.py:190} INFO - [2024-12-08T05:15:25.461+0000] {dag.py:3239} INFO - Sync 1 DAGs
[2024-12-08T05:15:25.535+0000] {logging_mixin.py:190} INFO - [2024-12-08T05:15:25.535+0000] {dag.py:4180} INFO - Setting next_dagrun for example_sla_dag to 2024-12-08 05:12:00+00:00, run_after=2024-12-08 05:14:00+00:00
[2024-12-08T05:15:25.595+0000] {processor.py:208} INFO - Processing /home/airflow/.local/lib/python3.12/site-packages/airflow/example_dags/example_sla_dag.py took 0.248 seconds
[2024-12-08T05:15:57.537+0000] {processor.py:186} INFO - Started process (PID=1743) to work on /home/airflow/.local/lib/python3.12/site-packages/airflow/example_dags/example_sla_dag.py
[2024-12-08T05:15:57.539+0000] {processor.py:914} INFO - Processing file /home/airflow/.local/lib/python3.12/site-packages/airflow/example_dags/example_sla_dag.py for tasks to queue
[2024-12-08T05:15:57.546+0000] {logging_mixin.py:190} INFO - [2024-12-08T05:15:57.545+0000] {dagbag.py:588} INFO - Filling up the DagBag from /home/airflow/.local/lib/python3.12/site-packages/airflow/example_dags/example_sla_dag.py
[2024-12-08T05:15:57.582+0000] {processor.py:925} INFO - DAG(s) 'example_sla_dag' retrieved from /home/airflow/.local/lib/python3.12/site-packages/airflow/example_dags/example_sla_dag.py
[2024-12-08T05:15:57.632+0000] {logging_mixin.py:190} INFO - [2024-12-08T05:15:57.631+0000] {dag.py:3239} INFO - Sync 1 DAGs
[2024-12-08T05:15:57.699+0000] {logging_mixin.py:190} INFO - [2024-12-08T05:15:57.699+0000] {dag.py:4180} INFO - Setting next_dagrun for example_sla_dag to 2024-12-08 05:12:00+00:00, run_after=2024-12-08 05:14:00+00:00
[2024-12-08T05:15:57.740+0000] {processor.py:208} INFO - Processing /home/airflow/.local/lib/python3.12/site-packages/airflow/example_dags/example_sla_dag.py took 0.222 seconds
[2024-12-08T05:16:29.763+0000] {processor.py:186} INFO - Started process (PID=1845) to work on /home/airflow/.local/lib/python3.12/site-packages/airflow/example_dags/example_sla_dag.py
[2024-12-08T05:16:29.765+0000] {processor.py:914} INFO - Processing file /home/airflow/.local/lib/python3.12/site-packages/airflow/example_dags/example_sla_dag.py for tasks to queue
[2024-12-08T05:16:29.768+0000] {logging_mixin.py:190} INFO - [2024-12-08T05:16:29.767+0000] {dagbag.py:588} INFO - Filling up the DagBag from /home/airflow/.local/lib/python3.12/site-packages/airflow/example_dags/example_sla_dag.py
[2024-12-08T05:16:29.794+0000] {processor.py:925} INFO - DAG(s) 'example_sla_dag' retrieved from /home/airflow/.local/lib/python3.12/site-packages/airflow/example_dags/example_sla_dag.py
[2024-12-08T05:16:29.834+0000] {logging_mixin.py:190} INFO - [2024-12-08T05:16:29.834+0000] {dag.py:3239} INFO - Sync 1 DAGs
[2024-12-08T05:16:29.901+0000] {logging_mixin.py:190} INFO - [2024-12-08T05:16:29.900+0000] {dag.py:4180} INFO - Setting next_dagrun for example_sla_dag to 2024-12-08 05:14:00+00:00, run_after=2024-12-08 05:16:00+00:00
[2024-12-08T05:16:29.939+0000] {processor.py:208} INFO - Processing /home/airflow/.local/lib/python3.12/site-packages/airflow/example_dags/example_sla_dag.py took 0.188 seconds
[2024-12-08T05:17:02.744+0000] {processor.py:186} INFO - Started process (PID=1957) to work on /home/airflow/.local/lib/python3.12/site-packages/airflow/example_dags/example_sla_dag.py
[2024-12-08T05:17:02.745+0000] {processor.py:914} INFO - Processing file /home/airflow/.local/lib/python3.12/site-packages/airflow/example_dags/example_sla_dag.py for tasks to queue
[2024-12-08T05:17:02.748+0000] {logging_mixin.py:190} INFO - [2024-12-08T05:17:02.747+0000] {dagbag.py:588} INFO - Filling up the DagBag from /home/airflow/.local/lib/python3.12/site-packages/airflow/example_dags/example_sla_dag.py
[2024-12-08T05:17:02.774+0000] {processor.py:925} INFO - DAG(s) 'example_sla_dag' retrieved from /home/airflow/.local/lib/python3.12/site-packages/airflow/example_dags/example_sla_dag.py
[2024-12-08T05:17:02.811+0000] {logging_mixin.py:190} INFO - [2024-12-08T05:17:02.810+0000] {dag.py:3239} INFO - Sync 1 DAGs
[2024-12-08T05:17:02.862+0000] {logging_mixin.py:190} INFO - [2024-12-08T05:17:02.862+0000] {dag.py:4180} INFO - Setting next_dagrun for example_sla_dag to 2024-12-08 05:14:00+00:00, run_after=2024-12-08 05:16:00+00:00
[2024-12-08T05:17:02.897+0000] {processor.py:208} INFO - Processing /home/airflow/.local/lib/python3.12/site-packages/airflow/example_dags/example_sla_dag.py took 0.165 seconds
[2024-12-08T05:17:33.320+0000] {processor.py:186} INFO - Started process (PID=2067) to work on /home/airflow/.local/lib/python3.12/site-packages/airflow/example_dags/example_sla_dag.py
[2024-12-08T05:17:33.322+0000] {processor.py:914} INFO - Processing file /home/airflow/.local/lib/python3.12/site-packages/airflow/example_dags/example_sla_dag.py for tasks to queue
[2024-12-08T05:17:33.325+0000] {logging_mixin.py:190} INFO - [2024-12-08T05:17:33.324+0000] {dagbag.py:588} INFO - Filling up the DagBag from /home/airflow/.local/lib/python3.12/site-packages/airflow/example_dags/example_sla_dag.py
[2024-12-08T05:17:33.341+0000] {processor.py:925} INFO - DAG(s) 'example_sla_dag' retrieved from /home/airflow/.local/lib/python3.12/site-packages/airflow/example_dags/example_sla_dag.py
[2024-12-08T05:17:33.368+0000] {logging_mixin.py:190} INFO - [2024-12-08T05:17:33.367+0000] {dag.py:3239} INFO - Sync 1 DAGs
[2024-12-08T05:17:33.406+0000] {logging_mixin.py:190} INFO - [2024-12-08T05:17:33.405+0000] {dag.py:4180} INFO - Setting next_dagrun for example_sla_dag to 2024-12-08 05:14:00+00:00, run_after=2024-12-08 05:16:00+00:00
[2024-12-08T05:17:33.429+0000] {processor.py:208} INFO - Processing /home/airflow/.local/lib/python3.12/site-packages/airflow/example_dags/example_sla_dag.py took 0.118 seconds
[2024-12-08T05:18:05.491+0000] {processor.py:186} INFO - Started process (PID=2177) to work on /home/airflow/.local/lib/python3.12/site-packages/airflow/example_dags/example_sla_dag.py
[2024-12-08T05:18:05.492+0000] {processor.py:914} INFO - Processing file /home/airflow/.local/lib/python3.12/site-packages/airflow/example_dags/example_sla_dag.py for tasks to queue
[2024-12-08T05:18:05.496+0000] {logging_mixin.py:190} INFO - [2024-12-08T05:18:05.495+0000] {dagbag.py:588} INFO - Filling up the DagBag from /home/airflow/.local/lib/python3.12/site-packages/airflow/example_dags/example_sla_dag.py
[2024-12-08T05:18:05.520+0000] {processor.py:925} INFO - DAG(s) 'example_sla_dag' retrieved from /home/airflow/.local/lib/python3.12/site-packages/airflow/example_dags/example_sla_dag.py
[2024-12-08T05:18:05.556+0000] {logging_mixin.py:190} INFO - [2024-12-08T05:18:05.556+0000] {dag.py:3239} INFO - Sync 1 DAGs
[2024-12-08T05:18:05.611+0000] {logging_mixin.py:190} INFO - [2024-12-08T05:18:05.611+0000] {dag.py:4180} INFO - Setting next_dagrun for example_sla_dag to 2024-12-08 05:16:00+00:00, run_after=2024-12-08 05:18:00+00:00
[2024-12-08T05:18:05.644+0000] {processor.py:208} INFO - Processing /home/airflow/.local/lib/python3.12/site-packages/airflow/example_dags/example_sla_dag.py took 0.167 seconds
[2024-12-08T05:18:38.370+0000] {processor.py:186} INFO - Started process (PID=2288) to work on /home/airflow/.local/lib/python3.12/site-packages/airflow/example_dags/example_sla_dag.py
[2024-12-08T05:18:38.381+0000] {processor.py:914} INFO - Processing file /home/airflow/.local/lib/python3.12/site-packages/airflow/example_dags/example_sla_dag.py for tasks to queue
[2024-12-08T05:18:38.387+0000] {logging_mixin.py:190} INFO - [2024-12-08T05:18:38.387+0000] {dagbag.py:588} INFO - Filling up the DagBag from /home/airflow/.local/lib/python3.12/site-packages/airflow/example_dags/example_sla_dag.py
[2024-12-08T05:18:38.420+0000] {processor.py:925} INFO - DAG(s) 'example_sla_dag' retrieved from /home/airflow/.local/lib/python3.12/site-packages/airflow/example_dags/example_sla_dag.py
[2024-12-08T05:18:38.496+0000] {logging_mixin.py:190} INFO - [2024-12-08T05:18:38.492+0000] {dag.py:3239} INFO - Sync 1 DAGs
[2024-12-08T05:18:38.561+0000] {logging_mixin.py:190} INFO - [2024-12-08T05:18:38.561+0000] {dag.py:4180} INFO - Setting next_dagrun for example_sla_dag to 2024-12-08 05:16:00+00:00, run_after=2024-12-08 05:18:00+00:00
[2024-12-08T05:18:38.617+0000] {processor.py:208} INFO - Processing /home/airflow/.local/lib/python3.12/site-packages/airflow/example_dags/example_sla_dag.py took 0.261 seconds
[2024-12-08T05:19:10.961+0000] {processor.py:186} INFO - Started process (PID=2393) to work on /home/airflow/.local/lib/python3.12/site-packages/airflow/example_dags/example_sla_dag.py
[2024-12-08T05:19:10.964+0000] {processor.py:914} INFO - Processing file /home/airflow/.local/lib/python3.12/site-packages/airflow/example_dags/example_sla_dag.py for tasks to queue
[2024-12-08T05:19:10.968+0000] {logging_mixin.py:190} INFO - [2024-12-08T05:19:10.968+0000] {dagbag.py:588} INFO - Filling up the DagBag from /home/airflow/.local/lib/python3.12/site-packages/airflow/example_dags/example_sla_dag.py
[2024-12-08T05:19:10.995+0000] {processor.py:925} INFO - DAG(s) 'example_sla_dag' retrieved from /home/airflow/.local/lib/python3.12/site-packages/airflow/example_dags/example_sla_dag.py
[2024-12-08T05:19:11.086+0000] {logging_mixin.py:190} INFO - [2024-12-08T05:19:11.086+0000] {dag.py:3239} INFO - Sync 1 DAGs
[2024-12-08T05:19:11.148+0000] {logging_mixin.py:190} INFO - [2024-12-08T05:19:11.148+0000] {dag.py:4180} INFO - Setting next_dagrun for example_sla_dag to 2024-12-08 05:16:00+00:00, run_after=2024-12-08 05:18:00+00:00
[2024-12-08T05:19:11.216+0000] {processor.py:208} INFO - Processing /home/airflow/.local/lib/python3.12/site-packages/airflow/example_dags/example_sla_dag.py took 0.272 seconds
[2024-12-08T05:19:43.068+0000] {processor.py:186} INFO - Started process (PID=2488) to work on /home/airflow/.local/lib/python3.12/site-packages/airflow/example_dags/example_sla_dag.py
[2024-12-08T05:19:43.070+0000] {processor.py:914} INFO - Processing file /home/airflow/.local/lib/python3.12/site-packages/airflow/example_dags/example_sla_dag.py for tasks to queue
[2024-12-08T05:19:43.073+0000] {logging_mixin.py:190} INFO - [2024-12-08T05:19:43.072+0000] {dagbag.py:588} INFO - Filling up the DagBag from /home/airflow/.local/lib/python3.12/site-packages/airflow/example_dags/example_sla_dag.py
[2024-12-08T05:19:43.098+0000] {processor.py:925} INFO - DAG(s) 'example_sla_dag' retrieved from /home/airflow/.local/lib/python3.12/site-packages/airflow/example_dags/example_sla_dag.py
[2024-12-08T05:19:43.153+0000] {logging_mixin.py:190} INFO - [2024-12-08T05:19:43.153+0000] {dag.py:3239} INFO - Sync 1 DAGs
[2024-12-08T05:19:43.223+0000] {logging_mixin.py:190} INFO - [2024-12-08T05:19:43.223+0000] {dag.py:4180} INFO - Setting next_dagrun for example_sla_dag to 2024-12-08 05:16:00+00:00, run_after=2024-12-08 05:18:00+00:00
[2024-12-08T05:19:43.286+0000] {processor.py:208} INFO - Processing /home/airflow/.local/lib/python3.12/site-packages/airflow/example_dags/example_sla_dag.py took 0.241 seconds
[2024-12-08T05:20:14.078+0000] {processor.py:186} INFO - Started process (PID=2563) to work on /home/airflow/.local/lib/python3.12/site-packages/airflow/example_dags/example_sla_dag.py
[2024-12-08T05:20:14.080+0000] {processor.py:914} INFO - Processing file /home/airflow/.local/lib/python3.12/site-packages/airflow/example_dags/example_sla_dag.py for tasks to queue
[2024-12-08T05:20:14.082+0000] {logging_mixin.py:190} INFO - [2024-12-08T05:20:14.081+0000] {dagbag.py:588} INFO - Filling up the DagBag from /home/airflow/.local/lib/python3.12/site-packages/airflow/example_dags/example_sla_dag.py
[2024-12-08T05:20:14.100+0000] {processor.py:925} INFO - DAG(s) 'example_sla_dag' retrieved from /home/airflow/.local/lib/python3.12/site-packages/airflow/example_dags/example_sla_dag.py
[2024-12-08T05:20:14.128+0000] {logging_mixin.py:190} INFO - [2024-12-08T05:20:14.128+0000] {dag.py:3239} INFO - Sync 1 DAGs
[2024-12-08T05:20:14.173+0000] {logging_mixin.py:190} INFO - [2024-12-08T05:20:14.172+0000] {dag.py:4180} INFO - Setting next_dagrun for example_sla_dag to 2024-12-08 05:18:00+00:00, run_after=2024-12-08 05:20:00+00:00
[2024-12-08T05:20:14.207+0000] {processor.py:208} INFO - Processing /home/airflow/.local/lib/python3.12/site-packages/airflow/example_dags/example_sla_dag.py took 0.138 seconds
[2024-12-08T05:20:44.866+0000] {processor.py:186} INFO - Started process (PID=2646) to work on /home/airflow/.local/lib/python3.12/site-packages/airflow/example_dags/example_sla_dag.py
[2024-12-08T05:20:44.868+0000] {processor.py:914} INFO - Processing file /home/airflow/.local/lib/python3.12/site-packages/airflow/example_dags/example_sla_dag.py for tasks to queue
[2024-12-08T05:20:44.872+0000] {logging_mixin.py:190} INFO - [2024-12-08T05:20:44.871+0000] {dagbag.py:588} INFO - Filling up the DagBag from /home/airflow/.local/lib/python3.12/site-packages/airflow/example_dags/example_sla_dag.py
[2024-12-08T05:20:44.892+0000] {processor.py:925} INFO - DAG(s) 'example_sla_dag' retrieved from /home/airflow/.local/lib/python3.12/site-packages/airflow/example_dags/example_sla_dag.py
[2024-12-08T05:20:44.922+0000] {logging_mixin.py:190} INFO - [2024-12-08T05:20:44.921+0000] {dag.py:3239} INFO - Sync 1 DAGs
[2024-12-08T05:20:44.973+0000] {logging_mixin.py:190} INFO - [2024-12-08T05:20:44.973+0000] {dag.py:4180} INFO - Setting next_dagrun for example_sla_dag to 2024-12-08 05:18:00+00:00, run_after=2024-12-08 05:20:00+00:00
[2024-12-08T05:20:44.998+0000] {processor.py:208} INFO - Processing /home/airflow/.local/lib/python3.12/site-packages/airflow/example_dags/example_sla_dag.py took 0.142 seconds
[2024-12-08T05:21:15.730+0000] {processor.py:186} INFO - Started process (PID=2710) to work on /home/airflow/.local/lib/python3.12/site-packages/airflow/example_dags/example_sla_dag.py
[2024-12-08T05:21:15.731+0000] {processor.py:914} INFO - Processing file /home/airflow/.local/lib/python3.12/site-packages/airflow/example_dags/example_sla_dag.py for tasks to queue
[2024-12-08T05:21:15.733+0000] {logging_mixin.py:190} INFO - [2024-12-08T05:21:15.732+0000] {dagbag.py:588} INFO - Filling up the DagBag from /home/airflow/.local/lib/python3.12/site-packages/airflow/example_dags/example_sla_dag.py
[2024-12-08T05:21:15.747+0000] {processor.py:925} INFO - DAG(s) 'example_sla_dag' retrieved from /home/airflow/.local/lib/python3.12/site-packages/airflow/example_dags/example_sla_dag.py
[2024-12-08T05:21:15.771+0000] {logging_mixin.py:190} INFO - [2024-12-08T05:21:15.771+0000] {dag.py:3239} INFO - Sync 1 DAGs
[2024-12-08T05:21:15.806+0000] {logging_mixin.py:190} INFO - [2024-12-08T05:21:15.805+0000] {dag.py:4180} INFO - Setting next_dagrun for example_sla_dag to 2024-12-08 05:18:00+00:00, run_after=2024-12-08 05:20:00+00:00
[2024-12-08T05:21:15.827+0000] {processor.py:208} INFO - Processing /home/airflow/.local/lib/python3.12/site-packages/airflow/example_dags/example_sla_dag.py took 0.105 seconds
[2024-12-08T05:21:46.857+0000] {processor.py:186} INFO - Started process (PID=2774) to work on /home/airflow/.local/lib/python3.12/site-packages/airflow/example_dags/example_sla_dag.py
[2024-12-08T05:21:46.858+0000] {processor.py:914} INFO - Processing file /home/airflow/.local/lib/python3.12/site-packages/airflow/example_dags/example_sla_dag.py for tasks to queue
[2024-12-08T05:21:46.860+0000] {logging_mixin.py:190} INFO - [2024-12-08T05:21:46.860+0000] {dagbag.py:588} INFO - Filling up the DagBag from /home/airflow/.local/lib/python3.12/site-packages/airflow/example_dags/example_sla_dag.py
[2024-12-08T05:21:46.874+0000] {processor.py:925} INFO - DAG(s) 'example_sla_dag' retrieved from /home/airflow/.local/lib/python3.12/site-packages/airflow/example_dags/example_sla_dag.py
[2024-12-08T05:21:46.900+0000] {logging_mixin.py:190} INFO - [2024-12-08T05:21:46.899+0000] {dag.py:3239} INFO - Sync 1 DAGs
[2024-12-08T05:21:46.935+0000] {logging_mixin.py:190} INFO - [2024-12-08T05:21:46.935+0000] {dag.py:4180} INFO - Setting next_dagrun for example_sla_dag to 2024-12-08 05:18:00+00:00, run_after=2024-12-08 05:20:00+00:00
[2024-12-08T05:21:46.956+0000] {processor.py:208} INFO - Processing /home/airflow/.local/lib/python3.12/site-packages/airflow/example_dags/example_sla_dag.py took 0.107 seconds
[2024-12-08T05:22:18.064+0000] {processor.py:186} INFO - Started process (PID=2838) to work on /home/airflow/.local/lib/python3.12/site-packages/airflow/example_dags/example_sla_dag.py
[2024-12-08T05:22:18.066+0000] {processor.py:914} INFO - Processing file /home/airflow/.local/lib/python3.12/site-packages/airflow/example_dags/example_sla_dag.py for tasks to queue
[2024-12-08T05:22:18.067+0000] {logging_mixin.py:190} INFO - [2024-12-08T05:22:18.067+0000] {dagbag.py:588} INFO - Filling up the DagBag from /home/airflow/.local/lib/python3.12/site-packages/airflow/example_dags/example_sla_dag.py
[2024-12-08T05:22:18.082+0000] {processor.py:925} INFO - DAG(s) 'example_sla_dag' retrieved from /home/airflow/.local/lib/python3.12/site-packages/airflow/example_dags/example_sla_dag.py
[2024-12-08T05:22:18.107+0000] {logging_mixin.py:190} INFO - [2024-12-08T05:22:18.107+0000] {dag.py:3239} INFO - Sync 1 DAGs
[2024-12-08T05:22:18.141+0000] {logging_mixin.py:190} INFO - [2024-12-08T05:22:18.140+0000] {dag.py:4180} INFO - Setting next_dagrun for example_sla_dag to 2024-12-08 05:20:00+00:00, run_after=2024-12-08 05:22:00+00:00
[2024-12-08T05:22:18.162+0000] {processor.py:208} INFO - Processing /home/airflow/.local/lib/python3.12/site-packages/airflow/example_dags/example_sla_dag.py took 0.105 seconds
[2024-12-08T05:22:49.070+0000] {processor.py:186} INFO - Started process (PID=2902) to work on /home/airflow/.local/lib/python3.12/site-packages/airflow/example_dags/example_sla_dag.py
[2024-12-08T05:22:49.071+0000] {processor.py:914} INFO - Processing file /home/airflow/.local/lib/python3.12/site-packages/airflow/example_dags/example_sla_dag.py for tasks to queue
[2024-12-08T05:22:49.073+0000] {logging_mixin.py:190} INFO - [2024-12-08T05:22:49.073+0000] {dagbag.py:588} INFO - Filling up the DagBag from /home/airflow/.local/lib/python3.12/site-packages/airflow/example_dags/example_sla_dag.py
[2024-12-08T05:22:49.087+0000] {processor.py:925} INFO - DAG(s) 'example_sla_dag' retrieved from /home/airflow/.local/lib/python3.12/site-packages/airflow/example_dags/example_sla_dag.py
[2024-12-08T05:22:49.112+0000] {logging_mixin.py:190} INFO - [2024-12-08T05:22:49.112+0000] {dag.py:3239} INFO - Sync 1 DAGs
[2024-12-08T05:22:49.146+0000] {logging_mixin.py:190} INFO - [2024-12-08T05:22:49.146+0000] {dag.py:4180} INFO - Setting next_dagrun for example_sla_dag to 2024-12-08 05:20:00+00:00, run_after=2024-12-08 05:22:00+00:00
[2024-12-08T05:22:49.170+0000] {processor.py:208} INFO - Processing /home/airflow/.local/lib/python3.12/site-packages/airflow/example_dags/example_sla_dag.py took 0.109 seconds
[2024-12-08T05:23:20.596+0000] {processor.py:186} INFO - Started process (PID=2968) to work on /home/airflow/.local/lib/python3.12/site-packages/airflow/example_dags/example_sla_dag.py
[2024-12-08T05:23:20.597+0000] {processor.py:914} INFO - Processing file /home/airflow/.local/lib/python3.12/site-packages/airflow/example_dags/example_sla_dag.py for tasks to queue
[2024-12-08T05:23:20.599+0000] {logging_mixin.py:190} INFO - [2024-12-08T05:23:20.598+0000] {dagbag.py:588} INFO - Filling up the DagBag from /home/airflow/.local/lib/python3.12/site-packages/airflow/example_dags/example_sla_dag.py
[2024-12-08T05:23:20.611+0000] {processor.py:925} INFO - DAG(s) 'example_sla_dag' retrieved from /home/airflow/.local/lib/python3.12/site-packages/airflow/example_dags/example_sla_dag.py
[2024-12-08T05:23:20.634+0000] {logging_mixin.py:190} INFO - [2024-12-08T05:23:20.634+0000] {dag.py:3239} INFO - Sync 1 DAGs
[2024-12-08T05:23:20.678+0000] {logging_mixin.py:190} INFO - [2024-12-08T05:23:20.678+0000] {dag.py:4180} INFO - Setting next_dagrun for example_sla_dag to 2024-12-08 05:20:00+00:00, run_after=2024-12-08 05:22:00+00:00
[2024-12-08T05:23:20.699+0000] {processor.py:208} INFO - Processing /home/airflow/.local/lib/python3.12/site-packages/airflow/example_dags/example_sla_dag.py took 0.110 seconds
[2024-12-08T05:23:51.867+0000] {processor.py:186} INFO - Started process (PID=3038) to work on /home/airflow/.local/lib/python3.12/site-packages/airflow/example_dags/example_sla_dag.py
[2024-12-08T05:23:51.869+0000] {processor.py:914} INFO - Processing file /home/airflow/.local/lib/python3.12/site-packages/airflow/example_dags/example_sla_dag.py for tasks to queue
[2024-12-08T05:23:51.871+0000] {logging_mixin.py:190} INFO - [2024-12-08T05:23:51.870+0000] {dagbag.py:588} INFO - Filling up the DagBag from /home/airflow/.local/lib/python3.12/site-packages/airflow/example_dags/example_sla_dag.py
[2024-12-08T05:23:51.886+0000] {processor.py:925} INFO - DAG(s) 'example_sla_dag' retrieved from /home/airflow/.local/lib/python3.12/site-packages/airflow/example_dags/example_sla_dag.py
[2024-12-08T05:23:51.912+0000] {logging_mixin.py:190} INFO - [2024-12-08T05:23:51.912+0000] {dag.py:3239} INFO - Sync 1 DAGs
[2024-12-08T05:23:51.950+0000] {logging_mixin.py:190} INFO - [2024-12-08T05:23:51.949+0000] {dag.py:4180} INFO - Setting next_dagrun for example_sla_dag to 2024-12-08 05:20:00+00:00, run_after=2024-12-08 05:22:00+00:00
[2024-12-08T05:23:51.973+0000] {processor.py:208} INFO - Processing /home/airflow/.local/lib/python3.12/site-packages/airflow/example_dags/example_sla_dag.py took 0.114 seconds
[2024-12-08T05:24:23.066+0000] {processor.py:186} INFO - Started process (PID=3102) to work on /home/airflow/.local/lib/python3.12/site-packages/airflow/example_dags/example_sla_dag.py
[2024-12-08T05:24:23.067+0000] {processor.py:914} INFO - Processing file /home/airflow/.local/lib/python3.12/site-packages/airflow/example_dags/example_sla_dag.py for tasks to queue
[2024-12-08T05:24:23.069+0000] {logging_mixin.py:190} INFO - [2024-12-08T05:24:23.068+0000] {dagbag.py:588} INFO - Filling up the DagBag from /home/airflow/.local/lib/python3.12/site-packages/airflow/example_dags/example_sla_dag.py
[2024-12-08T05:24:23.081+0000] {processor.py:925} INFO - DAG(s) 'example_sla_dag' retrieved from /home/airflow/.local/lib/python3.12/site-packages/airflow/example_dags/example_sla_dag.py
[2024-12-08T05:24:23.103+0000] {logging_mixin.py:190} INFO - [2024-12-08T05:24:23.103+0000] {dag.py:3239} INFO - Sync 1 DAGs
[2024-12-08T05:24:23.132+0000] {logging_mixin.py:190} INFO - [2024-12-08T05:24:23.132+0000] {dag.py:4180} INFO - Setting next_dagrun for example_sla_dag to 2024-12-08 05:22:00+00:00, run_after=2024-12-08 05:24:00+00:00
[2024-12-08T05:24:23.151+0000] {processor.py:208} INFO - Processing /home/airflow/.local/lib/python3.12/site-packages/airflow/example_dags/example_sla_dag.py took 0.092 seconds
[2024-12-08T05:24:54.581+0000] {processor.py:186} INFO - Started process (PID=3173) to work on /home/airflow/.local/lib/python3.12/site-packages/airflow/example_dags/example_sla_dag.py
[2024-12-08T05:24:54.582+0000] {processor.py:914} INFO - Processing file /home/airflow/.local/lib/python3.12/site-packages/airflow/example_dags/example_sla_dag.py for tasks to queue
[2024-12-08T05:24:54.584+0000] {logging_mixin.py:190} INFO - [2024-12-08T05:24:54.583+0000] {dagbag.py:588} INFO - Filling up the DagBag from /home/airflow/.local/lib/python3.12/site-packages/airflow/example_dags/example_sla_dag.py
[2024-12-08T05:24:54.597+0000] {processor.py:925} INFO - DAG(s) 'example_sla_dag' retrieved from /home/airflow/.local/lib/python3.12/site-packages/airflow/example_dags/example_sla_dag.py
[2024-12-08T05:24:54.624+0000] {logging_mixin.py:190} INFO - [2024-12-08T05:24:54.624+0000] {dag.py:3239} INFO - Sync 1 DAGs
[2024-12-08T05:24:54.660+0000] {logging_mixin.py:190} INFO - [2024-12-08T05:24:54.660+0000] {dag.py:4180} INFO - Setting next_dagrun for example_sla_dag to 2024-12-08 05:22:00+00:00, run_after=2024-12-08 05:24:00+00:00
[2024-12-08T05:24:54.682+0000] {processor.py:208} INFO - Processing /home/airflow/.local/lib/python3.12/site-packages/airflow/example_dags/example_sla_dag.py took 0.108 seconds
[2024-12-08T05:25:26.981+0000] {processor.py:186} INFO - Started process (PID=3260) to work on /home/airflow/.local/lib/python3.12/site-packages/airflow/example_dags/example_sla_dag.py
[2024-12-08T05:25:26.982+0000] {processor.py:914} INFO - Processing file /home/airflow/.local/lib/python3.12/site-packages/airflow/example_dags/example_sla_dag.py for tasks to queue
[2024-12-08T05:25:26.984+0000] {logging_mixin.py:190} INFO - [2024-12-08T05:25:26.984+0000] {dagbag.py:588} INFO - Filling up the DagBag from /home/airflow/.local/lib/python3.12/site-packages/airflow/example_dags/example_sla_dag.py
[2024-12-08T05:25:27.003+0000] {processor.py:925} INFO - DAG(s) 'example_sla_dag' retrieved from /home/airflow/.local/lib/python3.12/site-packages/airflow/example_dags/example_sla_dag.py
[2024-12-08T05:25:27.035+0000] {logging_mixin.py:190} INFO - [2024-12-08T05:25:27.035+0000] {dag.py:3239} INFO - Sync 1 DAGs
[2024-12-08T05:25:27.094+0000] {logging_mixin.py:190} INFO - [2024-12-08T05:25:27.093+0000] {dag.py:4180} INFO - Setting next_dagrun for example_sla_dag to 2024-12-08 05:22:00+00:00, run_after=2024-12-08 05:24:00+00:00
[2024-12-08T05:25:27.136+0000] {processor.py:208} INFO - Processing /home/airflow/.local/lib/python3.12/site-packages/airflow/example_dags/example_sla_dag.py took 0.165 seconds
[2024-12-08T05:25:59.608+0000] {processor.py:186} INFO - Started process (PID=3355) to work on /home/airflow/.local/lib/python3.12/site-packages/airflow/example_dags/example_sla_dag.py
[2024-12-08T05:25:59.609+0000] {processor.py:914} INFO - Processing file /home/airflow/.local/lib/python3.12/site-packages/airflow/example_dags/example_sla_dag.py for tasks to queue
[2024-12-08T05:25:59.612+0000] {logging_mixin.py:190} INFO - [2024-12-08T05:25:59.611+0000] {dagbag.py:588} INFO - Filling up the DagBag from /home/airflow/.local/lib/python3.12/site-packages/airflow/example_dags/example_sla_dag.py
[2024-12-08T05:25:59.630+0000] {processor.py:925} INFO - DAG(s) 'example_sla_dag' retrieved from /home/airflow/.local/lib/python3.12/site-packages/airflow/example_dags/example_sla_dag.py
[2024-12-08T05:25:59.666+0000] {logging_mixin.py:190} INFO - [2024-12-08T05:25:59.666+0000] {dag.py:3239} INFO - Sync 1 DAGs
[2024-12-08T05:25:59.726+0000] {logging_mixin.py:190} INFO - [2024-12-08T05:25:59.725+0000] {dag.py:4180} INFO - Setting next_dagrun for example_sla_dag to 2024-12-08 05:22:00+00:00, run_after=2024-12-08 05:24:00+00:00
[2024-12-08T05:25:59.760+0000] {processor.py:208} INFO - Processing /home/airflow/.local/lib/python3.12/site-packages/airflow/example_dags/example_sla_dag.py took 0.162 seconds
[2024-12-08T05:26:31.177+0000] {processor.py:186} INFO - Started process (PID=3425) to work on /home/airflow/.local/lib/python3.12/site-packages/airflow/example_dags/example_sla_dag.py
[2024-12-08T05:26:31.180+0000] {processor.py:914} INFO - Processing file /home/airflow/.local/lib/python3.12/site-packages/airflow/example_dags/example_sla_dag.py for tasks to queue
[2024-12-08T05:26:31.183+0000] {logging_mixin.py:190} INFO - [2024-12-08T05:26:31.182+0000] {dagbag.py:588} INFO - Filling up the DagBag from /home/airflow/.local/lib/python3.12/site-packages/airflow/example_dags/example_sla_dag.py
[2024-12-08T05:26:31.202+0000] {processor.py:925} INFO - DAG(s) 'example_sla_dag' retrieved from /home/airflow/.local/lib/python3.12/site-packages/airflow/example_dags/example_sla_dag.py
[2024-12-08T05:26:31.237+0000] {logging_mixin.py:190} INFO - [2024-12-08T05:26:31.236+0000] {dag.py:3239} INFO - Sync 1 DAGs
[2024-12-08T05:26:31.604+0000] {logging_mixin.py:190} INFO - [2024-12-08T05:26:31.603+0000] {dag.py:4180} INFO - Setting next_dagrun for example_sla_dag to 2024-12-08 05:24:00+00:00, run_after=2024-12-08 05:26:00+00:00
[2024-12-08T05:26:31.630+0000] {processor.py:208} INFO - Processing /home/airflow/.local/lib/python3.12/site-packages/airflow/example_dags/example_sla_dag.py took 0.467 seconds
[2024-12-08T05:27:02.527+0000] {processor.py:186} INFO - Started process (PID=3490) to work on /home/airflow/.local/lib/python3.12/site-packages/airflow/example_dags/example_sla_dag.py
[2024-12-08T05:27:02.528+0000] {processor.py:914} INFO - Processing file /home/airflow/.local/lib/python3.12/site-packages/airflow/example_dags/example_sla_dag.py for tasks to queue
[2024-12-08T05:27:02.530+0000] {logging_mixin.py:190} INFO - [2024-12-08T05:27:02.529+0000] {dagbag.py:588} INFO - Filling up the DagBag from /home/airflow/.local/lib/python3.12/site-packages/airflow/example_dags/example_sla_dag.py
[2024-12-08T05:27:02.541+0000] {processor.py:925} INFO - DAG(s) 'example_sla_dag' retrieved from /home/airflow/.local/lib/python3.12/site-packages/airflow/example_dags/example_sla_dag.py
[2024-12-08T05:27:02.563+0000] {logging_mixin.py:190} INFO - [2024-12-08T05:27:02.562+0000] {dag.py:3239} INFO - Sync 1 DAGs
[2024-12-08T05:27:02.787+0000] {logging_mixin.py:190} INFO - [2024-12-08T05:27:02.787+0000] {dag.py:4180} INFO - Setting next_dagrun for example_sla_dag to 2024-12-08 05:24:00+00:00, run_after=2024-12-08 05:26:00+00:00
[2024-12-08T05:27:02.808+0000] {processor.py:208} INFO - Processing /home/airflow/.local/lib/python3.12/site-packages/airflow/example_dags/example_sla_dag.py took 0.288 seconds
