[2024-12-08T04:04:55.518+0000] {processor.py:186} INFO - Started process (PID=111) to work on /home/airflow/.local/lib/python3.12/site-packages/airflow/example_dags/example_latest_only.py
[2024-12-08T04:04:55.519+0000] {processor.py:914} INFO - Processing file /home/airflow/.local/lib/python3.12/site-packages/airflow/example_dags/example_latest_only.py for tasks to queue
[2024-12-08T04:04:55.523+0000] {logging_mixin.py:190} INFO - [2024-12-08T04:04:55.522+0000] {dagbag.py:588} INFO - Filling up the DagBag from /home/airflow/.local/lib/python3.12/site-packages/airflow/example_dags/example_latest_only.py
[2024-12-08T04:04:55.533+0000] {processor.py:925} INFO - DAG(s) 'latest_only' retrieved from /home/airflow/.local/lib/python3.12/site-packages/airflow/example_dags/example_latest_only.py
[2024-12-08T04:04:55.557+0000] {logging_mixin.py:190} INFO - [2024-12-08T04:04:55.557+0000] {dag.py:3239} INFO - Sync 1 DAGs
[2024-12-08T04:04:55.585+0000] {logging_mixin.py:190} INFO - [2024-12-08T04:04:55.584+0000] {dag.py:4180} INFO - Setting next_dagrun for latest_only to 2024-12-08 00:00:00+00:00, run_after=2024-12-08 04:00:00+00:00
[2024-12-08T04:04:55.609+0000] {processor.py:208} INFO - Processing /home/airflow/.local/lib/python3.12/site-packages/airflow/example_dags/example_latest_only.py took 0.099 seconds
[2024-12-08T04:05:28.734+0000] {processor.py:186} INFO - Started process (PID=173) to work on /home/airflow/.local/lib/python3.12/site-packages/airflow/example_dags/example_latest_only.py
[2024-12-08T04:05:28.736+0000] {processor.py:914} INFO - Processing file /home/airflow/.local/lib/python3.12/site-packages/airflow/example_dags/example_latest_only.py for tasks to queue
[2024-12-08T04:05:28.740+0000] {logging_mixin.py:190} INFO - [2024-12-08T04:05:28.740+0000] {dagbag.py:588} INFO - Filling up the DagBag from /home/airflow/.local/lib/python3.12/site-packages/airflow/example_dags/example_latest_only.py
[2024-12-08T04:05:28.749+0000] {processor.py:925} INFO - DAG(s) 'latest_only' retrieved from /home/airflow/.local/lib/python3.12/site-packages/airflow/example_dags/example_latest_only.py
[2024-12-08T04:05:28.776+0000] {logging_mixin.py:190} INFO - [2024-12-08T04:05:28.776+0000] {dag.py:3239} INFO - Sync 1 DAGs
[2024-12-08T04:05:28.809+0000] {logging_mixin.py:190} INFO - [2024-12-08T04:05:28.808+0000] {dag.py:4180} INFO - Setting next_dagrun for latest_only to 2024-12-08 00:00:00+00:00, run_after=2024-12-08 04:00:00+00:00
[2024-12-08T04:05:28.836+0000] {processor.py:208} INFO - Processing /home/airflow/.local/lib/python3.12/site-packages/airflow/example_dags/example_latest_only.py took 0.109 seconds
[2024-12-08T04:05:59.761+0000] {processor.py:186} INFO - Started process (PID=236) to work on /home/airflow/.local/lib/python3.12/site-packages/airflow/example_dags/example_latest_only.py
[2024-12-08T04:05:59.766+0000] {processor.py:914} INFO - Processing file /home/airflow/.local/lib/python3.12/site-packages/airflow/example_dags/example_latest_only.py for tasks to queue
[2024-12-08T04:05:59.777+0000] {logging_mixin.py:190} INFO - [2024-12-08T04:05:59.775+0000] {dagbag.py:588} INFO - Filling up the DagBag from /home/airflow/.local/lib/python3.12/site-packages/airflow/example_dags/example_latest_only.py
[2024-12-08T04:05:59.806+0000] {processor.py:925} INFO - DAG(s) 'latest_only' retrieved from /home/airflow/.local/lib/python3.12/site-packages/airflow/example_dags/example_latest_only.py
[2024-12-08T04:05:59.881+0000] {logging_mixin.py:190} INFO - [2024-12-08T04:05:59.879+0000] {dag.py:3239} INFO - Sync 1 DAGs
[2024-12-08T04:05:59.947+0000] {logging_mixin.py:190} INFO - [2024-12-08T04:05:59.947+0000] {dag.py:4180} INFO - Setting next_dagrun for latest_only to 2024-12-08 00:00:00+00:00, run_after=2024-12-08 04:00:00+00:00
[2024-12-08T04:05:59.980+0000] {processor.py:208} INFO - Processing /home/airflow/.local/lib/python3.12/site-packages/airflow/example_dags/example_latest_only.py took 0.231 seconds
[2024-12-08T04:06:31.404+0000] {processor.py:186} INFO - Started process (PID=300) to work on /home/airflow/.local/lib/python3.12/site-packages/airflow/example_dags/example_latest_only.py
[2024-12-08T04:06:31.406+0000] {processor.py:914} INFO - Processing file /home/airflow/.local/lib/python3.12/site-packages/airflow/example_dags/example_latest_only.py for tasks to queue
[2024-12-08T04:06:31.410+0000] {logging_mixin.py:190} INFO - [2024-12-08T04:06:31.409+0000] {dagbag.py:588} INFO - Filling up the DagBag from /home/airflow/.local/lib/python3.12/site-packages/airflow/example_dags/example_latest_only.py
[2024-12-08T04:06:31.422+0000] {processor.py:925} INFO - DAG(s) 'latest_only' retrieved from /home/airflow/.local/lib/python3.12/site-packages/airflow/example_dags/example_latest_only.py
[2024-12-08T04:06:31.457+0000] {logging_mixin.py:190} INFO - [2024-12-08T04:06:31.457+0000] {dag.py:3239} INFO - Sync 1 DAGs
[2024-12-08T04:06:31.497+0000] {logging_mixin.py:190} INFO - [2024-12-08T04:06:31.497+0000] {dag.py:4180} INFO - Setting next_dagrun for latest_only to 2024-12-08 00:00:00+00:00, run_after=2024-12-08 04:00:00+00:00
[2024-12-08T04:06:31.528+0000] {processor.py:208} INFO - Processing /home/airflow/.local/lib/python3.12/site-packages/airflow/example_dags/example_latest_only.py took 0.134 seconds
[2024-12-08T04:07:02.449+0000] {processor.py:186} INFO - Started process (PID=362) to work on /home/airflow/.local/lib/python3.12/site-packages/airflow/example_dags/example_latest_only.py
[2024-12-08T04:07:02.452+0000] {processor.py:914} INFO - Processing file /home/airflow/.local/lib/python3.12/site-packages/airflow/example_dags/example_latest_only.py for tasks to queue
[2024-12-08T04:07:02.458+0000] {logging_mixin.py:190} INFO - [2024-12-08T04:07:02.457+0000] {dagbag.py:588} INFO - Filling up the DagBag from /home/airflow/.local/lib/python3.12/site-packages/airflow/example_dags/example_latest_only.py
[2024-12-08T04:07:02.477+0000] {processor.py:925} INFO - DAG(s) 'latest_only' retrieved from /home/airflow/.local/lib/python3.12/site-packages/airflow/example_dags/example_latest_only.py
[2024-12-08T04:07:02.521+0000] {logging_mixin.py:190} INFO - [2024-12-08T04:07:02.520+0000] {dag.py:3239} INFO - Sync 1 DAGs
[2024-12-08T04:07:02.574+0000] {logging_mixin.py:190} INFO - [2024-12-08T04:07:02.573+0000] {dag.py:4180} INFO - Setting next_dagrun for latest_only to 2024-12-08 00:00:00+00:00, run_after=2024-12-08 04:00:00+00:00
[2024-12-08T04:07:02.606+0000] {processor.py:208} INFO - Processing /home/airflow/.local/lib/python3.12/site-packages/airflow/example_dags/example_latest_only.py took 0.173 seconds
[2024-12-08T04:07:33.443+0000] {processor.py:186} INFO - Started process (PID=425) to work on /home/airflow/.local/lib/python3.12/site-packages/airflow/example_dags/example_latest_only.py
[2024-12-08T04:07:33.445+0000] {processor.py:914} INFO - Processing file /home/airflow/.local/lib/python3.12/site-packages/airflow/example_dags/example_latest_only.py for tasks to queue
[2024-12-08T04:07:33.449+0000] {logging_mixin.py:190} INFO - [2024-12-08T04:07:33.448+0000] {dagbag.py:588} INFO - Filling up the DagBag from /home/airflow/.local/lib/python3.12/site-packages/airflow/example_dags/example_latest_only.py
[2024-12-08T04:07:33.459+0000] {processor.py:925} INFO - DAG(s) 'latest_only' retrieved from /home/airflow/.local/lib/python3.12/site-packages/airflow/example_dags/example_latest_only.py
[2024-12-08T04:07:33.488+0000] {logging_mixin.py:190} INFO - [2024-12-08T04:07:33.488+0000] {dag.py:3239} INFO - Sync 1 DAGs
[2024-12-08T04:07:33.527+0000] {logging_mixin.py:190} INFO - [2024-12-08T04:07:33.527+0000] {dag.py:4180} INFO - Setting next_dagrun for latest_only to 2024-12-08 00:00:00+00:00, run_after=2024-12-08 04:00:00+00:00
[2024-12-08T04:07:33.556+0000] {processor.py:208} INFO - Processing /home/airflow/.local/lib/python3.12/site-packages/airflow/example_dags/example_latest_only.py took 0.121 seconds
[2024-12-08T04:08:05.049+0000] {processor.py:186} INFO - Started process (PID=488) to work on /home/airflow/.local/lib/python3.12/site-packages/airflow/example_dags/example_latest_only.py
[2024-12-08T04:08:05.050+0000] {processor.py:914} INFO - Processing file /home/airflow/.local/lib/python3.12/site-packages/airflow/example_dags/example_latest_only.py for tasks to queue
[2024-12-08T04:08:05.054+0000] {logging_mixin.py:190} INFO - [2024-12-08T04:08:05.053+0000] {dagbag.py:588} INFO - Filling up the DagBag from /home/airflow/.local/lib/python3.12/site-packages/airflow/example_dags/example_latest_only.py
[2024-12-08T04:08:05.063+0000] {processor.py:925} INFO - DAG(s) 'latest_only' retrieved from /home/airflow/.local/lib/python3.12/site-packages/airflow/example_dags/example_latest_only.py
[2024-12-08T04:08:05.088+0000] {logging_mixin.py:190} INFO - [2024-12-08T04:08:05.087+0000] {dag.py:3239} INFO - Sync 1 DAGs
[2024-12-08T04:08:05.118+0000] {logging_mixin.py:190} INFO - [2024-12-08T04:08:05.117+0000] {dag.py:4180} INFO - Setting next_dagrun for latest_only to 2024-12-08 00:00:00+00:00, run_after=2024-12-08 04:00:00+00:00
[2024-12-08T04:08:05.141+0000] {processor.py:208} INFO - Processing /home/airflow/.local/lib/python3.12/site-packages/airflow/example_dags/example_latest_only.py took 0.100 seconds
[2024-12-08T04:08:36.169+0000] {processor.py:186} INFO - Started process (PID=551) to work on /home/airflow/.local/lib/python3.12/site-packages/airflow/example_dags/example_latest_only.py
[2024-12-08T04:08:36.174+0000] {processor.py:914} INFO - Processing file /home/airflow/.local/lib/python3.12/site-packages/airflow/example_dags/example_latest_only.py for tasks to queue
[2024-12-08T04:08:36.182+0000] {logging_mixin.py:190} INFO - [2024-12-08T04:08:36.181+0000] {dagbag.py:588} INFO - Filling up the DagBag from /home/airflow/.local/lib/python3.12/site-packages/airflow/example_dags/example_latest_only.py
[2024-12-08T04:08:36.196+0000] {processor.py:925} INFO - DAG(s) 'latest_only' retrieved from /home/airflow/.local/lib/python3.12/site-packages/airflow/example_dags/example_latest_only.py
[2024-12-08T04:08:36.236+0000] {logging_mixin.py:190} INFO - [2024-12-08T04:08:36.236+0000] {dag.py:3239} INFO - Sync 1 DAGs
[2024-12-08T04:08:36.288+0000] {logging_mixin.py:190} INFO - [2024-12-08T04:08:36.288+0000] {dag.py:4180} INFO - Setting next_dagrun for latest_only to 2024-12-08 00:00:00+00:00, run_after=2024-12-08 04:00:00+00:00
[2024-12-08T04:08:36.324+0000] {processor.py:208} INFO - Processing /home/airflow/.local/lib/python3.12/site-packages/airflow/example_dags/example_latest_only.py took 0.177 seconds
[2024-12-08T04:09:07.473+0000] {processor.py:186} INFO - Started process (PID=614) to work on /home/airflow/.local/lib/python3.12/site-packages/airflow/example_dags/example_latest_only.py
[2024-12-08T04:09:07.474+0000] {processor.py:914} INFO - Processing file /home/airflow/.local/lib/python3.12/site-packages/airflow/example_dags/example_latest_only.py for tasks to queue
[2024-12-08T04:09:07.478+0000] {logging_mixin.py:190} INFO - [2024-12-08T04:09:07.477+0000] {dagbag.py:588} INFO - Filling up the DagBag from /home/airflow/.local/lib/python3.12/site-packages/airflow/example_dags/example_latest_only.py
[2024-12-08T04:09:07.488+0000] {processor.py:925} INFO - DAG(s) 'latest_only' retrieved from /home/airflow/.local/lib/python3.12/site-packages/airflow/example_dags/example_latest_only.py
[2024-12-08T04:09:07.514+0000] {logging_mixin.py:190} INFO - [2024-12-08T04:09:07.514+0000] {dag.py:3239} INFO - Sync 1 DAGs
[2024-12-08T04:09:07.545+0000] {logging_mixin.py:190} INFO - [2024-12-08T04:09:07.545+0000] {dag.py:4180} INFO - Setting next_dagrun for latest_only to 2024-12-08 00:00:00+00:00, run_after=2024-12-08 04:00:00+00:00
[2024-12-08T04:09:07.570+0000] {processor.py:208} INFO - Processing /home/airflow/.local/lib/python3.12/site-packages/airflow/example_dags/example_latest_only.py took 0.105 seconds
[2024-12-08T04:09:38.499+0000] {processor.py:186} INFO - Started process (PID=676) to work on /home/airflow/.local/lib/python3.12/site-packages/airflow/example_dags/example_latest_only.py
[2024-12-08T04:09:38.500+0000] {processor.py:914} INFO - Processing file /home/airflow/.local/lib/python3.12/site-packages/airflow/example_dags/example_latest_only.py for tasks to queue
[2024-12-08T04:09:38.504+0000] {logging_mixin.py:190} INFO - [2024-12-08T04:09:38.503+0000] {dagbag.py:588} INFO - Filling up the DagBag from /home/airflow/.local/lib/python3.12/site-packages/airflow/example_dags/example_latest_only.py
[2024-12-08T04:09:38.514+0000] {processor.py:925} INFO - DAG(s) 'latest_only' retrieved from /home/airflow/.local/lib/python3.12/site-packages/airflow/example_dags/example_latest_only.py
[2024-12-08T04:09:38.539+0000] {logging_mixin.py:190} INFO - [2024-12-08T04:09:38.539+0000] {dag.py:3239} INFO - Sync 1 DAGs
[2024-12-08T04:09:38.567+0000] {logging_mixin.py:190} INFO - [2024-12-08T04:09:38.567+0000] {dag.py:4180} INFO - Setting next_dagrun for latest_only to 2024-12-08 00:00:00+00:00, run_after=2024-12-08 04:00:00+00:00
[2024-12-08T04:09:38.588+0000] {processor.py:208} INFO - Processing /home/airflow/.local/lib/python3.12/site-packages/airflow/example_dags/example_latest_only.py took 0.097 seconds
[2024-12-08T04:10:10.534+0000] {processor.py:186} INFO - Started process (PID=745) to work on /home/airflow/.local/lib/python3.12/site-packages/airflow/example_dags/example_latest_only.py
[2024-12-08T04:10:10.538+0000] {processor.py:914} INFO - Processing file /home/airflow/.local/lib/python3.12/site-packages/airflow/example_dags/example_latest_only.py for tasks to queue
[2024-12-08T04:10:10.541+0000] {logging_mixin.py:190} INFO - [2024-12-08T04:10:10.541+0000] {dagbag.py:588} INFO - Filling up the DagBag from /home/airflow/.local/lib/python3.12/site-packages/airflow/example_dags/example_latest_only.py
[2024-12-08T04:10:10.550+0000] {processor.py:925} INFO - DAG(s) 'latest_only' retrieved from /home/airflow/.local/lib/python3.12/site-packages/airflow/example_dags/example_latest_only.py
[2024-12-08T04:10:10.578+0000] {logging_mixin.py:190} INFO - [2024-12-08T04:10:10.578+0000] {dag.py:3239} INFO - Sync 1 DAGs
[2024-12-08T04:10:10.613+0000] {logging_mixin.py:190} INFO - [2024-12-08T04:10:10.612+0000] {dag.py:4180} INFO - Setting next_dagrun for latest_only to 2024-12-08 00:00:00+00:00, run_after=2024-12-08 04:00:00+00:00
[2024-12-08T04:10:10.643+0000] {processor.py:208} INFO - Processing /home/airflow/.local/lib/python3.12/site-packages/airflow/example_dags/example_latest_only.py took 0.116 seconds
[2024-12-08T04:10:42.915+0000] {processor.py:186} INFO - Started process (PID=808) to work on /home/airflow/.local/lib/python3.12/site-packages/airflow/example_dags/example_latest_only.py
[2024-12-08T04:10:42.916+0000] {processor.py:914} INFO - Processing file /home/airflow/.local/lib/python3.12/site-packages/airflow/example_dags/example_latest_only.py for tasks to queue
[2024-12-08T04:10:42.920+0000] {logging_mixin.py:190} INFO - [2024-12-08T04:10:42.920+0000] {dagbag.py:588} INFO - Filling up the DagBag from /home/airflow/.local/lib/python3.12/site-packages/airflow/example_dags/example_latest_only.py
[2024-12-08T04:10:42.935+0000] {processor.py:925} INFO - DAG(s) 'latest_only' retrieved from /home/airflow/.local/lib/python3.12/site-packages/airflow/example_dags/example_latest_only.py
[2024-12-08T04:10:42.989+0000] {logging_mixin.py:190} INFO - [2024-12-08T04:10:42.989+0000] {dag.py:3239} INFO - Sync 1 DAGs
[2024-12-08T04:10:43.064+0000] {logging_mixin.py:190} INFO - [2024-12-08T04:10:43.063+0000] {dag.py:4180} INFO - Setting next_dagrun for latest_only to 2024-12-08 00:00:00+00:00, run_after=2024-12-08 04:00:00+00:00
[2024-12-08T04:10:43.121+0000] {processor.py:208} INFO - Processing /home/airflow/.local/lib/python3.12/site-packages/airflow/example_dags/example_latest_only.py took 0.216 seconds
[2024-12-08T04:11:14.126+0000] {processor.py:186} INFO - Started process (PID=871) to work on /home/airflow/.local/lib/python3.12/site-packages/airflow/example_dags/example_latest_only.py
[2024-12-08T04:11:14.128+0000] {processor.py:914} INFO - Processing file /home/airflow/.local/lib/python3.12/site-packages/airflow/example_dags/example_latest_only.py for tasks to queue
[2024-12-08T04:11:14.132+0000] {logging_mixin.py:190} INFO - [2024-12-08T04:11:14.132+0000] {dagbag.py:588} INFO - Filling up the DagBag from /home/airflow/.local/lib/python3.12/site-packages/airflow/example_dags/example_latest_only.py
[2024-12-08T04:11:14.145+0000] {processor.py:925} INFO - DAG(s) 'latest_only' retrieved from /home/airflow/.local/lib/python3.12/site-packages/airflow/example_dags/example_latest_only.py
[2024-12-08T04:11:14.179+0000] {logging_mixin.py:190} INFO - [2024-12-08T04:11:14.179+0000] {dag.py:3239} INFO - Sync 1 DAGs
[2024-12-08T04:11:14.264+0000] {logging_mixin.py:190} INFO - [2024-12-08T04:11:14.264+0000] {dag.py:4180} INFO - Setting next_dagrun for latest_only to 2024-12-08 00:00:00+00:00, run_after=2024-12-08 04:00:00+00:00
[2024-12-08T04:11:14.342+0000] {processor.py:208} INFO - Processing /home/airflow/.local/lib/python3.12/site-packages/airflow/example_dags/example_latest_only.py took 0.228 seconds
[2024-12-08T04:11:44.445+0000] {processor.py:186} INFO - Started process (PID=934) to work on /home/airflow/.local/lib/python3.12/site-packages/airflow/example_dags/example_latest_only.py
[2024-12-08T04:11:44.447+0000] {processor.py:914} INFO - Processing file /home/airflow/.local/lib/python3.12/site-packages/airflow/example_dags/example_latest_only.py for tasks to queue
[2024-12-08T04:11:44.452+0000] {logging_mixin.py:190} INFO - [2024-12-08T04:11:44.452+0000] {dagbag.py:588} INFO - Filling up the DagBag from /home/airflow/.local/lib/python3.12/site-packages/airflow/example_dags/example_latest_only.py
[2024-12-08T04:11:44.467+0000] {processor.py:925} INFO - DAG(s) 'latest_only' retrieved from /home/airflow/.local/lib/python3.12/site-packages/airflow/example_dags/example_latest_only.py
[2024-12-08T04:11:44.512+0000] {logging_mixin.py:190} INFO - [2024-12-08T04:11:44.512+0000] {dag.py:3239} INFO - Sync 1 DAGs
[2024-12-08T04:11:44.573+0000] {logging_mixin.py:190} INFO - [2024-12-08T04:11:44.573+0000] {dag.py:4180} INFO - Setting next_dagrun for latest_only to 2024-12-08 00:00:00+00:00, run_after=2024-12-08 04:00:00+00:00
[2024-12-08T04:11:44.618+0000] {processor.py:208} INFO - Processing /home/airflow/.local/lib/python3.12/site-packages/airflow/example_dags/example_latest_only.py took 0.187 seconds
[2024-12-08T04:12:15.652+0000] {processor.py:186} INFO - Started process (PID=997) to work on /home/airflow/.local/lib/python3.12/site-packages/airflow/example_dags/example_latest_only.py
[2024-12-08T04:12:15.653+0000] {processor.py:914} INFO - Processing file /home/airflow/.local/lib/python3.12/site-packages/airflow/example_dags/example_latest_only.py for tasks to queue
[2024-12-08T04:12:15.656+0000] {logging_mixin.py:190} INFO - [2024-12-08T04:12:15.656+0000] {dagbag.py:588} INFO - Filling up the DagBag from /home/airflow/.local/lib/python3.12/site-packages/airflow/example_dags/example_latest_only.py
[2024-12-08T04:12:15.673+0000] {processor.py:925} INFO - DAG(s) 'latest_only' retrieved from /home/airflow/.local/lib/python3.12/site-packages/airflow/example_dags/example_latest_only.py
[2024-12-08T04:12:15.745+0000] {logging_mixin.py:190} INFO - [2024-12-08T04:12:15.744+0000] {dag.py:3239} INFO - Sync 1 DAGs
[2024-12-08T04:12:15.809+0000] {logging_mixin.py:190} INFO - [2024-12-08T04:12:15.808+0000] {dag.py:4180} INFO - Setting next_dagrun for latest_only to 2024-12-08 00:00:00+00:00, run_after=2024-12-08 04:00:00+00:00
[2024-12-08T04:12:15.847+0000] {processor.py:208} INFO - Processing /home/airflow/.local/lib/python3.12/site-packages/airflow/example_dags/example_latest_only.py took 0.201 seconds
[2024-12-08T04:12:47.806+0000] {processor.py:186} INFO - Started process (PID=1061) to work on /home/airflow/.local/lib/python3.12/site-packages/airflow/example_dags/example_latest_only.py
[2024-12-08T04:12:47.807+0000] {processor.py:914} INFO - Processing file /home/airflow/.local/lib/python3.12/site-packages/airflow/example_dags/example_latest_only.py for tasks to queue
[2024-12-08T04:12:47.810+0000] {logging_mixin.py:190} INFO - [2024-12-08T04:12:47.809+0000] {dagbag.py:588} INFO - Filling up the DagBag from /home/airflow/.local/lib/python3.12/site-packages/airflow/example_dags/example_latest_only.py
[2024-12-08T04:12:47.817+0000] {processor.py:925} INFO - DAG(s) 'latest_only' retrieved from /home/airflow/.local/lib/python3.12/site-packages/airflow/example_dags/example_latest_only.py
[2024-12-08T04:12:47.839+0000] {logging_mixin.py:190} INFO - [2024-12-08T04:12:47.839+0000] {dag.py:3239} INFO - Sync 1 DAGs
[2024-12-08T04:12:47.869+0000] {logging_mixin.py:190} INFO - [2024-12-08T04:12:47.869+0000] {dag.py:4180} INFO - Setting next_dagrun for latest_only to 2024-12-08 00:00:00+00:00, run_after=2024-12-08 04:00:00+00:00
[2024-12-08T04:12:47.896+0000] {processor.py:208} INFO - Processing /home/airflow/.local/lib/python3.12/site-packages/airflow/example_dags/example_latest_only.py took 0.096 seconds
[2024-12-08T04:13:19.889+0000] {processor.py:186} INFO - Started process (PID=1125) to work on /home/airflow/.local/lib/python3.12/site-packages/airflow/example_dags/example_latest_only.py
[2024-12-08T04:13:19.890+0000] {processor.py:914} INFO - Processing file /home/airflow/.local/lib/python3.12/site-packages/airflow/example_dags/example_latest_only.py for tasks to queue
[2024-12-08T04:13:19.894+0000] {logging_mixin.py:190} INFO - [2024-12-08T04:13:19.893+0000] {dagbag.py:588} INFO - Filling up the DagBag from /home/airflow/.local/lib/python3.12/site-packages/airflow/example_dags/example_latest_only.py
[2024-12-08T04:13:19.904+0000] {processor.py:925} INFO - DAG(s) 'latest_only' retrieved from /home/airflow/.local/lib/python3.12/site-packages/airflow/example_dags/example_latest_only.py
[2024-12-08T04:13:19.929+0000] {logging_mixin.py:190} INFO - [2024-12-08T04:13:19.929+0000] {dag.py:3239} INFO - Sync 1 DAGs
[2024-12-08T04:13:19.958+0000] {logging_mixin.py:190} INFO - [2024-12-08T04:13:19.958+0000] {dag.py:4180} INFO - Setting next_dagrun for latest_only to 2024-12-08 00:00:00+00:00, run_after=2024-12-08 04:00:00+00:00
[2024-12-08T04:13:19.983+0000] {processor.py:208} INFO - Processing /home/airflow/.local/lib/python3.12/site-packages/airflow/example_dags/example_latest_only.py took 0.102 seconds
[2024-12-08T04:13:51.310+0000] {processor.py:186} INFO - Started process (PID=1187) to work on /home/airflow/.local/lib/python3.12/site-packages/airflow/example_dags/example_latest_only.py
[2024-12-08T04:13:51.311+0000] {processor.py:914} INFO - Processing file /home/airflow/.local/lib/python3.12/site-packages/airflow/example_dags/example_latest_only.py for tasks to queue
[2024-12-08T04:13:51.314+0000] {logging_mixin.py:190} INFO - [2024-12-08T04:13:51.314+0000] {dagbag.py:588} INFO - Filling up the DagBag from /home/airflow/.local/lib/python3.12/site-packages/airflow/example_dags/example_latest_only.py
[2024-12-08T04:13:51.322+0000] {processor.py:925} INFO - DAG(s) 'latest_only' retrieved from /home/airflow/.local/lib/python3.12/site-packages/airflow/example_dags/example_latest_only.py
[2024-12-08T04:13:51.347+0000] {logging_mixin.py:190} INFO - [2024-12-08T04:13:51.347+0000] {dag.py:3239} INFO - Sync 1 DAGs
[2024-12-08T04:13:51.375+0000] {logging_mixin.py:190} INFO - [2024-12-08T04:13:51.375+0000] {dag.py:4180} INFO - Setting next_dagrun for latest_only to 2024-12-08 00:00:00+00:00, run_after=2024-12-08 04:00:00+00:00
[2024-12-08T04:13:51.396+0000] {processor.py:208} INFO - Processing /home/airflow/.local/lib/python3.12/site-packages/airflow/example_dags/example_latest_only.py took 0.094 seconds
[2024-12-08T04:14:22.830+0000] {processor.py:186} INFO - Started process (PID=1250) to work on /home/airflow/.local/lib/python3.12/site-packages/airflow/example_dags/example_latest_only.py
[2024-12-08T04:14:22.831+0000] {processor.py:914} INFO - Processing file /home/airflow/.local/lib/python3.12/site-packages/airflow/example_dags/example_latest_only.py for tasks to queue
[2024-12-08T04:14:22.835+0000] {logging_mixin.py:190} INFO - [2024-12-08T04:14:22.834+0000] {dagbag.py:588} INFO - Filling up the DagBag from /home/airflow/.local/lib/python3.12/site-packages/airflow/example_dags/example_latest_only.py
[2024-12-08T04:14:22.845+0000] {processor.py:925} INFO - DAG(s) 'latest_only' retrieved from /home/airflow/.local/lib/python3.12/site-packages/airflow/example_dags/example_latest_only.py
[2024-12-08T04:14:22.873+0000] {logging_mixin.py:190} INFO - [2024-12-08T04:14:22.872+0000] {dag.py:3239} INFO - Sync 1 DAGs
[2024-12-08T04:14:22.905+0000] {logging_mixin.py:190} INFO - [2024-12-08T04:14:22.905+0000] {dag.py:4180} INFO - Setting next_dagrun for latest_only to 2024-12-08 00:00:00+00:00, run_after=2024-12-08 04:00:00+00:00
[2024-12-08T04:14:22.931+0000] {processor.py:208} INFO - Processing /home/airflow/.local/lib/python3.12/site-packages/airflow/example_dags/example_latest_only.py took 0.109 seconds
[2024-12-08T04:14:53.679+0000] {processor.py:186} INFO - Started process (PID=1312) to work on /home/airflow/.local/lib/python3.12/site-packages/airflow/example_dags/example_latest_only.py
[2024-12-08T04:14:53.680+0000] {processor.py:914} INFO - Processing file /home/airflow/.local/lib/python3.12/site-packages/airflow/example_dags/example_latest_only.py for tasks to queue
[2024-12-08T04:14:53.683+0000] {logging_mixin.py:190} INFO - [2024-12-08T04:14:53.682+0000] {dagbag.py:588} INFO - Filling up the DagBag from /home/airflow/.local/lib/python3.12/site-packages/airflow/example_dags/example_latest_only.py
[2024-12-08T04:14:53.691+0000] {processor.py:925} INFO - DAG(s) 'latest_only' retrieved from /home/airflow/.local/lib/python3.12/site-packages/airflow/example_dags/example_latest_only.py
[2024-12-08T04:14:53.713+0000] {logging_mixin.py:190} INFO - [2024-12-08T04:14:53.712+0000] {dag.py:3239} INFO - Sync 1 DAGs
[2024-12-08T04:14:53.741+0000] {logging_mixin.py:190} INFO - [2024-12-08T04:14:53.740+0000] {dag.py:4180} INFO - Setting next_dagrun for latest_only to 2024-12-08 00:00:00+00:00, run_after=2024-12-08 04:00:00+00:00
[2024-12-08T04:14:53.764+0000] {processor.py:208} INFO - Processing /home/airflow/.local/lib/python3.12/site-packages/airflow/example_dags/example_latest_only.py took 0.092 seconds
[2024-12-08T04:15:24.931+0000] {processor.py:186} INFO - Started process (PID=1375) to work on /home/airflow/.local/lib/python3.12/site-packages/airflow/example_dags/example_latest_only.py
[2024-12-08T04:15:24.932+0000] {processor.py:914} INFO - Processing file /home/airflow/.local/lib/python3.12/site-packages/airflow/example_dags/example_latest_only.py for tasks to queue
[2024-12-08T04:15:24.935+0000] {logging_mixin.py:190} INFO - [2024-12-08T04:15:24.934+0000] {dagbag.py:588} INFO - Filling up the DagBag from /home/airflow/.local/lib/python3.12/site-packages/airflow/example_dags/example_latest_only.py
[2024-12-08T04:15:24.943+0000] {processor.py:925} INFO - DAG(s) 'latest_only' retrieved from /home/airflow/.local/lib/python3.12/site-packages/airflow/example_dags/example_latest_only.py
[2024-12-08T04:15:24.964+0000] {logging_mixin.py:190} INFO - [2024-12-08T04:15:24.964+0000] {dag.py:3239} INFO - Sync 1 DAGs
[2024-12-08T04:15:24.990+0000] {logging_mixin.py:190} INFO - [2024-12-08T04:15:24.990+0000] {dag.py:4180} INFO - Setting next_dagrun for latest_only to 2024-12-08 00:00:00+00:00, run_after=2024-12-08 04:00:00+00:00
[2024-12-08T04:15:25.012+0000] {processor.py:208} INFO - Processing /home/airflow/.local/lib/python3.12/site-packages/airflow/example_dags/example_latest_only.py took 0.088 seconds
[2024-12-08T04:15:56.850+0000] {processor.py:186} INFO - Started process (PID=1438) to work on /home/airflow/.local/lib/python3.12/site-packages/airflow/example_dags/example_latest_only.py
[2024-12-08T04:15:56.852+0000] {processor.py:914} INFO - Processing file /home/airflow/.local/lib/python3.12/site-packages/airflow/example_dags/example_latest_only.py for tasks to queue
[2024-12-08T04:15:56.856+0000] {logging_mixin.py:190} INFO - [2024-12-08T04:15:56.855+0000] {dagbag.py:588} INFO - Filling up the DagBag from /home/airflow/.local/lib/python3.12/site-packages/airflow/example_dags/example_latest_only.py
[2024-12-08T04:15:56.867+0000] {processor.py:925} INFO - DAG(s) 'latest_only' retrieved from /home/airflow/.local/lib/python3.12/site-packages/airflow/example_dags/example_latest_only.py
[2024-12-08T04:15:56.899+0000] {logging_mixin.py:190} INFO - [2024-12-08T04:15:56.899+0000] {dag.py:3239} INFO - Sync 1 DAGs
[2024-12-08T04:15:56.936+0000] {logging_mixin.py:190} INFO - [2024-12-08T04:15:56.936+0000] {dag.py:4180} INFO - Setting next_dagrun for latest_only to 2024-12-08 00:00:00+00:00, run_after=2024-12-08 04:00:00+00:00
[2024-12-08T04:15:56.964+0000] {processor.py:208} INFO - Processing /home/airflow/.local/lib/python3.12/site-packages/airflow/example_dags/example_latest_only.py took 0.124 seconds
[2024-12-08T04:16:28.368+0000] {processor.py:186} INFO - Started process (PID=1501) to work on /home/airflow/.local/lib/python3.12/site-packages/airflow/example_dags/example_latest_only.py
[2024-12-08T04:16:28.370+0000] {processor.py:914} INFO - Processing file /home/airflow/.local/lib/python3.12/site-packages/airflow/example_dags/example_latest_only.py for tasks to queue
[2024-12-08T04:16:28.374+0000] {logging_mixin.py:190} INFO - [2024-12-08T04:16:28.374+0000] {dagbag.py:588} INFO - Filling up the DagBag from /home/airflow/.local/lib/python3.12/site-packages/airflow/example_dags/example_latest_only.py
[2024-12-08T04:16:28.384+0000] {processor.py:925} INFO - DAG(s) 'latest_only' retrieved from /home/airflow/.local/lib/python3.12/site-packages/airflow/example_dags/example_latest_only.py
[2024-12-08T04:16:28.410+0000] {logging_mixin.py:190} INFO - [2024-12-08T04:16:28.410+0000] {dag.py:3239} INFO - Sync 1 DAGs
[2024-12-08T04:16:28.441+0000] {logging_mixin.py:190} INFO - [2024-12-08T04:16:28.441+0000] {dag.py:4180} INFO - Setting next_dagrun for latest_only to 2024-12-08 00:00:00+00:00, run_after=2024-12-08 04:00:00+00:00
[2024-12-08T04:16:28.491+0000] {processor.py:208} INFO - Processing /home/airflow/.local/lib/python3.12/site-packages/airflow/example_dags/example_latest_only.py took 0.130 seconds
[2024-12-08T04:17:00.902+0000] {processor.py:186} INFO - Started process (PID=1564) to work on /home/airflow/.local/lib/python3.12/site-packages/airflow/example_dags/example_latest_only.py
[2024-12-08T04:17:00.903+0000] {processor.py:914} INFO - Processing file /home/airflow/.local/lib/python3.12/site-packages/airflow/example_dags/example_latest_only.py for tasks to queue
[2024-12-08T04:17:00.906+0000] {logging_mixin.py:190} INFO - [2024-12-08T04:17:00.905+0000] {dagbag.py:588} INFO - Filling up the DagBag from /home/airflow/.local/lib/python3.12/site-packages/airflow/example_dags/example_latest_only.py
[2024-12-08T04:17:00.914+0000] {processor.py:925} INFO - DAG(s) 'latest_only' retrieved from /home/airflow/.local/lib/python3.12/site-packages/airflow/example_dags/example_latest_only.py
[2024-12-08T04:17:00.936+0000] {logging_mixin.py:190} INFO - [2024-12-08T04:17:00.936+0000] {dag.py:3239} INFO - Sync 1 DAGs
[2024-12-08T04:17:00.960+0000] {logging_mixin.py:190} INFO - [2024-12-08T04:17:00.960+0000] {dag.py:4180} INFO - Setting next_dagrun for latest_only to 2024-12-08 00:00:00+00:00, run_after=2024-12-08 04:00:00+00:00
[2024-12-08T04:17:00.979+0000] {processor.py:208} INFO - Processing /home/airflow/.local/lib/python3.12/site-packages/airflow/example_dags/example_latest_only.py took 0.085 seconds
[2024-12-08T04:17:32.351+0000] {processor.py:186} INFO - Started process (PID=1628) to work on /home/airflow/.local/lib/python3.12/site-packages/airflow/example_dags/example_latest_only.py
[2024-12-08T04:17:32.352+0000] {processor.py:914} INFO - Processing file /home/airflow/.local/lib/python3.12/site-packages/airflow/example_dags/example_latest_only.py for tasks to queue
[2024-12-08T04:17:32.355+0000] {logging_mixin.py:190} INFO - [2024-12-08T04:17:32.355+0000] {dagbag.py:588} INFO - Filling up the DagBag from /home/airflow/.local/lib/python3.12/site-packages/airflow/example_dags/example_latest_only.py
[2024-12-08T04:17:32.365+0000] {processor.py:925} INFO - DAG(s) 'latest_only' retrieved from /home/airflow/.local/lib/python3.12/site-packages/airflow/example_dags/example_latest_only.py
[2024-12-08T04:17:32.389+0000] {logging_mixin.py:190} INFO - [2024-12-08T04:17:32.388+0000] {dag.py:3239} INFO - Sync 1 DAGs
[2024-12-08T04:17:32.416+0000] {logging_mixin.py:190} INFO - [2024-12-08T04:17:32.416+0000] {dag.py:4180} INFO - Setting next_dagrun for latest_only to 2024-12-08 00:00:00+00:00, run_after=2024-12-08 04:00:00+00:00
[2024-12-08T04:17:32.437+0000] {processor.py:208} INFO - Processing /home/airflow/.local/lib/python3.12/site-packages/airflow/example_dags/example_latest_only.py took 0.094 seconds
[2024-12-08T04:18:03.258+0000] {processor.py:186} INFO - Started process (PID=1691) to work on /home/airflow/.local/lib/python3.12/site-packages/airflow/example_dags/example_latest_only.py
[2024-12-08T04:18:03.259+0000] {processor.py:914} INFO - Processing file /home/airflow/.local/lib/python3.12/site-packages/airflow/example_dags/example_latest_only.py for tasks to queue
[2024-12-08T04:18:03.262+0000] {logging_mixin.py:190} INFO - [2024-12-08T04:18:03.261+0000] {dagbag.py:588} INFO - Filling up the DagBag from /home/airflow/.local/lib/python3.12/site-packages/airflow/example_dags/example_latest_only.py
[2024-12-08T04:18:03.269+0000] {processor.py:925} INFO - DAG(s) 'latest_only' retrieved from /home/airflow/.local/lib/python3.12/site-packages/airflow/example_dags/example_latest_only.py
[2024-12-08T04:18:03.290+0000] {logging_mixin.py:190} INFO - [2024-12-08T04:18:03.290+0000] {dag.py:3239} INFO - Sync 1 DAGs
[2024-12-08T04:18:03.315+0000] {logging_mixin.py:190} INFO - [2024-12-08T04:18:03.315+0000] {dag.py:4180} INFO - Setting next_dagrun for latest_only to 2024-12-08 00:00:00+00:00, run_after=2024-12-08 04:00:00+00:00
[2024-12-08T04:18:03.334+0000] {processor.py:208} INFO - Processing /home/airflow/.local/lib/python3.12/site-packages/airflow/example_dags/example_latest_only.py took 0.083 seconds
[2024-12-08T04:18:34.672+0000] {processor.py:186} INFO - Started process (PID=1754) to work on /home/airflow/.local/lib/python3.12/site-packages/airflow/example_dags/example_latest_only.py
[2024-12-08T04:18:34.673+0000] {processor.py:914} INFO - Processing file /home/airflow/.local/lib/python3.12/site-packages/airflow/example_dags/example_latest_only.py for tasks to queue
[2024-12-08T04:18:34.676+0000] {logging_mixin.py:190} INFO - [2024-12-08T04:18:34.676+0000] {dagbag.py:588} INFO - Filling up the DagBag from /home/airflow/.local/lib/python3.12/site-packages/airflow/example_dags/example_latest_only.py
[2024-12-08T04:18:34.685+0000] {processor.py:925} INFO - DAG(s) 'latest_only' retrieved from /home/airflow/.local/lib/python3.12/site-packages/airflow/example_dags/example_latest_only.py
[2024-12-08T04:18:34.715+0000] {logging_mixin.py:190} INFO - [2024-12-08T04:18:34.715+0000] {dag.py:3239} INFO - Sync 1 DAGs
[2024-12-08T04:18:34.745+0000] {logging_mixin.py:190} INFO - [2024-12-08T04:18:34.745+0000] {dag.py:4180} INFO - Setting next_dagrun for latest_only to 2024-12-08 00:00:00+00:00, run_after=2024-12-08 04:00:00+00:00
[2024-12-08T04:18:34.767+0000] {processor.py:208} INFO - Processing /home/airflow/.local/lib/python3.12/site-packages/airflow/example_dags/example_latest_only.py took 0.102 seconds
[2024-12-08T04:19:06.441+0000] {processor.py:186} INFO - Started process (PID=1817) to work on /home/airflow/.local/lib/python3.12/site-packages/airflow/example_dags/example_latest_only.py
[2024-12-08T04:19:06.443+0000] {processor.py:914} INFO - Processing file /home/airflow/.local/lib/python3.12/site-packages/airflow/example_dags/example_latest_only.py for tasks to queue
[2024-12-08T04:19:06.446+0000] {logging_mixin.py:190} INFO - [2024-12-08T04:19:06.445+0000] {dagbag.py:588} INFO - Filling up the DagBag from /home/airflow/.local/lib/python3.12/site-packages/airflow/example_dags/example_latest_only.py
[2024-12-08T04:19:06.456+0000] {processor.py:925} INFO - DAG(s) 'latest_only' retrieved from /home/airflow/.local/lib/python3.12/site-packages/airflow/example_dags/example_latest_only.py
[2024-12-08T04:19:06.486+0000] {logging_mixin.py:190} INFO - [2024-12-08T04:19:06.485+0000] {dag.py:3239} INFO - Sync 1 DAGs
[2024-12-08T04:19:06.535+0000] {logging_mixin.py:190} INFO - [2024-12-08T04:19:06.534+0000] {dag.py:4180} INFO - Setting next_dagrun for latest_only to 2024-12-08 00:00:00+00:00, run_after=2024-12-08 04:00:00+00:00
[2024-12-08T04:19:06.570+0000] {processor.py:208} INFO - Processing /home/airflow/.local/lib/python3.12/site-packages/airflow/example_dags/example_latest_only.py took 0.136 seconds
[2024-12-08T04:19:37.655+0000] {processor.py:186} INFO - Started process (PID=1880) to work on /home/airflow/.local/lib/python3.12/site-packages/airflow/example_dags/example_latest_only.py
[2024-12-08T04:19:37.657+0000] {processor.py:914} INFO - Processing file /home/airflow/.local/lib/python3.12/site-packages/airflow/example_dags/example_latest_only.py for tasks to queue
[2024-12-08T04:19:37.662+0000] {logging_mixin.py:190} INFO - [2024-12-08T04:19:37.661+0000] {dagbag.py:588} INFO - Filling up the DagBag from /home/airflow/.local/lib/python3.12/site-packages/airflow/example_dags/example_latest_only.py
[2024-12-08T04:19:37.677+0000] {processor.py:925} INFO - DAG(s) 'latest_only' retrieved from /home/airflow/.local/lib/python3.12/site-packages/airflow/example_dags/example_latest_only.py
[2024-12-08T04:19:37.718+0000] {logging_mixin.py:190} INFO - [2024-12-08T04:19:37.718+0000] {dag.py:3239} INFO - Sync 1 DAGs
[2024-12-08T04:19:37.764+0000] {logging_mixin.py:190} INFO - [2024-12-08T04:19:37.764+0000] {dag.py:4180} INFO - Setting next_dagrun for latest_only to 2024-12-08 00:00:00+00:00, run_after=2024-12-08 04:00:00+00:00
[2024-12-08T04:19:37.796+0000] {processor.py:208} INFO - Processing /home/airflow/.local/lib/python3.12/site-packages/airflow/example_dags/example_latest_only.py took 0.152 seconds
[2024-12-08T05:03:20.478+0000] {processor.py:186} INFO - Started process (PID=110) to work on /home/airflow/.local/lib/python3.12/site-packages/airflow/example_dags/example_latest_only.py
[2024-12-08T05:03:20.479+0000] {processor.py:914} INFO - Processing file /home/airflow/.local/lib/python3.12/site-packages/airflow/example_dags/example_latest_only.py for tasks to queue
[2024-12-08T05:03:20.482+0000] {logging_mixin.py:190} INFO - [2024-12-08T05:03:20.482+0000] {dagbag.py:588} INFO - Filling up the DagBag from /home/airflow/.local/lib/python3.12/site-packages/airflow/example_dags/example_latest_only.py
[2024-12-08T05:03:20.491+0000] {processor.py:925} INFO - DAG(s) 'latest_only' retrieved from /home/airflow/.local/lib/python3.12/site-packages/airflow/example_dags/example_latest_only.py
[2024-12-08T05:03:20.512+0000] {logging_mixin.py:190} INFO - [2024-12-08T05:03:20.511+0000] {dag.py:3239} INFO - Sync 1 DAGs
[2024-12-08T05:03:20.537+0000] {logging_mixin.py:190} INFO - [2024-12-08T05:03:20.536+0000] {dag.py:4180} INFO - Setting next_dagrun for latest_only to 2024-12-08 00:00:00+00:00, run_after=2024-12-08 04:00:00+00:00
[2024-12-08T05:03:20.555+0000] {processor.py:208} INFO - Processing /home/airflow/.local/lib/python3.12/site-packages/airflow/example_dags/example_latest_only.py took 0.084 seconds
[2024-12-08T05:03:52.024+0000] {processor.py:186} INFO - Started process (PID=174) to work on /home/airflow/.local/lib/python3.12/site-packages/airflow/example_dags/example_latest_only.py
[2024-12-08T05:03:52.025+0000] {processor.py:914} INFO - Processing file /home/airflow/.local/lib/python3.12/site-packages/airflow/example_dags/example_latest_only.py for tasks to queue
[2024-12-08T05:03:52.028+0000] {logging_mixin.py:190} INFO - [2024-12-08T05:03:52.027+0000] {dagbag.py:588} INFO - Filling up the DagBag from /home/airflow/.local/lib/python3.12/site-packages/airflow/example_dags/example_latest_only.py
[2024-12-08T05:03:52.036+0000] {processor.py:925} INFO - DAG(s) 'latest_only' retrieved from /home/airflow/.local/lib/python3.12/site-packages/airflow/example_dags/example_latest_only.py
[2024-12-08T05:03:52.057+0000] {logging_mixin.py:190} INFO - [2024-12-08T05:03:52.056+0000] {dag.py:3239} INFO - Sync 1 DAGs
[2024-12-08T05:03:52.082+0000] {logging_mixin.py:190} INFO - [2024-12-08T05:03:52.082+0000] {dag.py:4180} INFO - Setting next_dagrun for latest_only to 2024-12-08 00:00:00+00:00, run_after=2024-12-08 04:00:00+00:00
[2024-12-08T05:03:52.101+0000] {processor.py:208} INFO - Processing /home/airflow/.local/lib/python3.12/site-packages/airflow/example_dags/example_latest_only.py took 0.085 seconds
[2024-12-08T05:04:22.814+0000] {processor.py:186} INFO - Started process (PID=237) to work on /home/airflow/.local/lib/python3.12/site-packages/airflow/example_dags/example_latest_only.py
[2024-12-08T05:04:22.815+0000] {processor.py:914} INFO - Processing file /home/airflow/.local/lib/python3.12/site-packages/airflow/example_dags/example_latest_only.py for tasks to queue
[2024-12-08T05:04:22.818+0000] {logging_mixin.py:190} INFO - [2024-12-08T05:04:22.817+0000] {dagbag.py:588} INFO - Filling up the DagBag from /home/airflow/.local/lib/python3.12/site-packages/airflow/example_dags/example_latest_only.py
[2024-12-08T05:04:22.825+0000] {processor.py:925} INFO - DAG(s) 'latest_only' retrieved from /home/airflow/.local/lib/python3.12/site-packages/airflow/example_dags/example_latest_only.py
[2024-12-08T05:04:22.846+0000] {logging_mixin.py:190} INFO - [2024-12-08T05:04:22.846+0000] {dag.py:3239} INFO - Sync 1 DAGs
[2024-12-08T05:04:22.869+0000] {logging_mixin.py:190} INFO - [2024-12-08T05:04:22.869+0000] {dag.py:4180} INFO - Setting next_dagrun for latest_only to 2024-12-08 00:00:00+00:00, run_after=2024-12-08 04:00:00+00:00
[2024-12-08T05:04:22.889+0000] {processor.py:208} INFO - Processing /home/airflow/.local/lib/python3.12/site-packages/airflow/example_dags/example_latest_only.py took 0.081 seconds
[2024-12-08T05:04:54.607+0000] {processor.py:186} INFO - Started process (PID=302) to work on /home/airflow/.local/lib/python3.12/site-packages/airflow/example_dags/example_latest_only.py
[2024-12-08T05:04:54.608+0000] {processor.py:914} INFO - Processing file /home/airflow/.local/lib/python3.12/site-packages/airflow/example_dags/example_latest_only.py for tasks to queue
[2024-12-08T05:04:54.610+0000] {logging_mixin.py:190} INFO - [2024-12-08T05:04:54.610+0000] {dagbag.py:588} INFO - Filling up the DagBag from /home/airflow/.local/lib/python3.12/site-packages/airflow/example_dags/example_latest_only.py
[2024-12-08T05:04:54.618+0000] {processor.py:925} INFO - DAG(s) 'latest_only' retrieved from /home/airflow/.local/lib/python3.12/site-packages/airflow/example_dags/example_latest_only.py
[2024-12-08T05:04:54.640+0000] {logging_mixin.py:190} INFO - [2024-12-08T05:04:54.639+0000] {dag.py:3239} INFO - Sync 1 DAGs
[2024-12-08T05:04:54.665+0000] {logging_mixin.py:190} INFO - [2024-12-08T05:04:54.665+0000] {dag.py:4180} INFO - Setting next_dagrun for latest_only to 2024-12-08 00:00:00+00:00, run_after=2024-12-08 04:00:00+00:00
[2024-12-08T05:04:54.684+0000] {processor.py:208} INFO - Processing /home/airflow/.local/lib/python3.12/site-packages/airflow/example_dags/example_latest_only.py took 0.085 seconds
[2024-12-08T05:05:26.203+0000] {processor.py:186} INFO - Started process (PID=366) to work on /home/airflow/.local/lib/python3.12/site-packages/airflow/example_dags/example_latest_only.py
[2024-12-08T05:05:26.204+0000] {processor.py:914} INFO - Processing file /home/airflow/.local/lib/python3.12/site-packages/airflow/example_dags/example_latest_only.py for tasks to queue
[2024-12-08T05:05:26.207+0000] {logging_mixin.py:190} INFO - [2024-12-08T05:05:26.207+0000] {dagbag.py:588} INFO - Filling up the DagBag from /home/airflow/.local/lib/python3.12/site-packages/airflow/example_dags/example_latest_only.py
[2024-12-08T05:05:26.215+0000] {processor.py:925} INFO - DAG(s) 'latest_only' retrieved from /home/airflow/.local/lib/python3.12/site-packages/airflow/example_dags/example_latest_only.py
[2024-12-08T05:05:26.236+0000] {logging_mixin.py:190} INFO - [2024-12-08T05:05:26.236+0000] {dag.py:3239} INFO - Sync 1 DAGs
[2024-12-08T05:05:26.260+0000] {logging_mixin.py:190} INFO - [2024-12-08T05:05:26.260+0000] {dag.py:4180} INFO - Setting next_dagrun for latest_only to 2024-12-08 00:00:00+00:00, run_after=2024-12-08 04:00:00+00:00
[2024-12-08T05:05:26.279+0000] {processor.py:208} INFO - Processing /home/airflow/.local/lib/python3.12/site-packages/airflow/example_dags/example_latest_only.py took 0.083 seconds
[2024-12-08T05:05:57.609+0000] {processor.py:186} INFO - Started process (PID=430) to work on /home/airflow/.local/lib/python3.12/site-packages/airflow/example_dags/example_latest_only.py
[2024-12-08T05:05:57.610+0000] {processor.py:914} INFO - Processing file /home/airflow/.local/lib/python3.12/site-packages/airflow/example_dags/example_latest_only.py for tasks to queue
[2024-12-08T05:05:57.613+0000] {logging_mixin.py:190} INFO - [2024-12-08T05:05:57.613+0000] {dagbag.py:588} INFO - Filling up the DagBag from /home/airflow/.local/lib/python3.12/site-packages/airflow/example_dags/example_latest_only.py
[2024-12-08T05:05:57.622+0000] {processor.py:925} INFO - DAG(s) 'latest_only' retrieved from /home/airflow/.local/lib/python3.12/site-packages/airflow/example_dags/example_latest_only.py
[2024-12-08T05:05:57.647+0000] {logging_mixin.py:190} INFO - [2024-12-08T05:05:57.646+0000] {dag.py:3239} INFO - Sync 1 DAGs
[2024-12-08T05:05:57.675+0000] {logging_mixin.py:190} INFO - [2024-12-08T05:05:57.675+0000] {dag.py:4180} INFO - Setting next_dagrun for latest_only to 2024-12-08 00:00:00+00:00, run_after=2024-12-08 04:00:00+00:00
[2024-12-08T05:05:57.699+0000] {processor.py:208} INFO - Processing /home/airflow/.local/lib/python3.12/site-packages/airflow/example_dags/example_latest_only.py took 0.098 seconds
[2024-12-08T05:06:28.736+0000] {processor.py:186} INFO - Started process (PID=493) to work on /home/airflow/.local/lib/python3.12/site-packages/airflow/example_dags/example_latest_only.py
[2024-12-08T05:06:28.737+0000] {processor.py:914} INFO - Processing file /home/airflow/.local/lib/python3.12/site-packages/airflow/example_dags/example_latest_only.py for tasks to queue
[2024-12-08T05:06:28.740+0000] {logging_mixin.py:190} INFO - [2024-12-08T05:06:28.739+0000] {dagbag.py:588} INFO - Filling up the DagBag from /home/airflow/.local/lib/python3.12/site-packages/airflow/example_dags/example_latest_only.py
[2024-12-08T05:06:28.749+0000] {processor.py:925} INFO - DAG(s) 'latest_only' retrieved from /home/airflow/.local/lib/python3.12/site-packages/airflow/example_dags/example_latest_only.py
[2024-12-08T05:06:28.773+0000] {logging_mixin.py:190} INFO - [2024-12-08T05:06:28.773+0000] {dag.py:3239} INFO - Sync 1 DAGs
[2024-12-08T05:06:28.797+0000] {logging_mixin.py:190} INFO - [2024-12-08T05:06:28.797+0000] {dag.py:4180} INFO - Setting next_dagrun for latest_only to 2024-12-08 00:00:00+00:00, run_after=2024-12-08 04:00:00+00:00
[2024-12-08T05:06:28.814+0000] {processor.py:208} INFO - Processing /home/airflow/.local/lib/python3.12/site-packages/airflow/example_dags/example_latest_only.py took 0.086 seconds
[2024-12-08T05:07:00.244+0000] {processor.py:186} INFO - Started process (PID=557) to work on /home/airflow/.local/lib/python3.12/site-packages/airflow/example_dags/example_latest_only.py
[2024-12-08T05:07:00.245+0000] {processor.py:914} INFO - Processing file /home/airflow/.local/lib/python3.12/site-packages/airflow/example_dags/example_latest_only.py for tasks to queue
[2024-12-08T05:07:00.248+0000] {logging_mixin.py:190} INFO - [2024-12-08T05:07:00.248+0000] {dagbag.py:588} INFO - Filling up the DagBag from /home/airflow/.local/lib/python3.12/site-packages/airflow/example_dags/example_latest_only.py
[2024-12-08T05:07:00.258+0000] {processor.py:925} INFO - DAG(s) 'latest_only' retrieved from /home/airflow/.local/lib/python3.12/site-packages/airflow/example_dags/example_latest_only.py
[2024-12-08T05:07:00.284+0000] {logging_mixin.py:190} INFO - [2024-12-08T05:07:00.284+0000] {dag.py:3239} INFO - Sync 1 DAGs
[2024-12-08T05:07:00.314+0000] {logging_mixin.py:190} INFO - [2024-12-08T05:07:00.314+0000] {dag.py:4180} INFO - Setting next_dagrun for latest_only to 2024-12-08 00:00:00+00:00, run_after=2024-12-08 04:00:00+00:00
[2024-12-08T05:07:00.340+0000] {processor.py:208} INFO - Processing /home/airflow/.local/lib/python3.12/site-packages/airflow/example_dags/example_latest_only.py took 0.104 seconds
[2024-12-08T05:07:31.502+0000] {processor.py:186} INFO - Started process (PID=621) to work on /home/airflow/.local/lib/python3.12/site-packages/airflow/example_dags/example_latest_only.py
[2024-12-08T05:07:31.503+0000] {processor.py:914} INFO - Processing file /home/airflow/.local/lib/python3.12/site-packages/airflow/example_dags/example_latest_only.py for tasks to queue
[2024-12-08T05:07:31.506+0000] {logging_mixin.py:190} INFO - [2024-12-08T05:07:31.506+0000] {dagbag.py:588} INFO - Filling up the DagBag from /home/airflow/.local/lib/python3.12/site-packages/airflow/example_dags/example_latest_only.py
[2024-12-08T05:07:31.515+0000] {processor.py:925} INFO - DAG(s) 'latest_only' retrieved from /home/airflow/.local/lib/python3.12/site-packages/airflow/example_dags/example_latest_only.py
[2024-12-08T05:07:31.541+0000] {logging_mixin.py:190} INFO - [2024-12-08T05:07:31.541+0000] {dag.py:3239} INFO - Sync 1 DAGs
[2024-12-08T05:07:31.568+0000] {logging_mixin.py:190} INFO - [2024-12-08T05:07:31.568+0000] {dag.py:4180} INFO - Setting next_dagrun for latest_only to 2024-12-08 00:00:00+00:00, run_after=2024-12-08 04:00:00+00:00
[2024-12-08T05:07:31.594+0000] {processor.py:208} INFO - Processing /home/airflow/.local/lib/python3.12/site-packages/airflow/example_dags/example_latest_only.py took 0.099 seconds
[2024-12-08T05:08:03.129+0000] {processor.py:186} INFO - Started process (PID=685) to work on /home/airflow/.local/lib/python3.12/site-packages/airflow/example_dags/example_latest_only.py
[2024-12-08T05:08:03.130+0000] {processor.py:914} INFO - Processing file /home/airflow/.local/lib/python3.12/site-packages/airflow/example_dags/example_latest_only.py for tasks to queue
[2024-12-08T05:08:03.133+0000] {logging_mixin.py:190} INFO - [2024-12-08T05:08:03.133+0000] {dagbag.py:588} INFO - Filling up the DagBag from /home/airflow/.local/lib/python3.12/site-packages/airflow/example_dags/example_latest_only.py
[2024-12-08T05:08:03.142+0000] {processor.py:925} INFO - DAG(s) 'latest_only' retrieved from /home/airflow/.local/lib/python3.12/site-packages/airflow/example_dags/example_latest_only.py
[2024-12-08T05:08:03.166+0000] {logging_mixin.py:190} INFO - [2024-12-08T05:08:03.166+0000] {dag.py:3239} INFO - Sync 1 DAGs
[2024-12-08T05:08:03.200+0000] {logging_mixin.py:190} INFO - [2024-12-08T05:08:03.200+0000] {dag.py:4180} INFO - Setting next_dagrun for latest_only to 2024-12-08 00:00:00+00:00, run_after=2024-12-08 04:00:00+00:00
[2024-12-08T05:08:03.227+0000] {processor.py:208} INFO - Processing /home/airflow/.local/lib/python3.12/site-packages/airflow/example_dags/example_latest_only.py took 0.105 seconds
[2024-12-08T05:08:33.959+0000] {processor.py:186} INFO - Started process (PID=749) to work on /home/airflow/.local/lib/python3.12/site-packages/airflow/example_dags/example_latest_only.py
[2024-12-08T05:08:33.960+0000] {processor.py:914} INFO - Processing file /home/airflow/.local/lib/python3.12/site-packages/airflow/example_dags/example_latest_only.py for tasks to queue
[2024-12-08T05:08:33.963+0000] {logging_mixin.py:190} INFO - [2024-12-08T05:08:33.962+0000] {dagbag.py:588} INFO - Filling up the DagBag from /home/airflow/.local/lib/python3.12/site-packages/airflow/example_dags/example_latest_only.py
[2024-12-08T05:08:33.971+0000] {processor.py:925} INFO - DAG(s) 'latest_only' retrieved from /home/airflow/.local/lib/python3.12/site-packages/airflow/example_dags/example_latest_only.py
[2024-12-08T05:08:33.994+0000] {logging_mixin.py:190} INFO - [2024-12-08T05:08:33.994+0000] {dag.py:3239} INFO - Sync 1 DAGs
[2024-12-08T05:08:34.021+0000] {logging_mixin.py:190} INFO - [2024-12-08T05:08:34.021+0000] {dag.py:4180} INFO - Setting next_dagrun for latest_only to 2024-12-08 00:00:00+00:00, run_after=2024-12-08 04:00:00+00:00
[2024-12-08T05:08:34.041+0000] {processor.py:208} INFO - Processing /home/airflow/.local/lib/python3.12/site-packages/airflow/example_dags/example_latest_only.py took 0.089 seconds
[2024-12-08T05:09:05.552+0000] {processor.py:186} INFO - Started process (PID=813) to work on /home/airflow/.local/lib/python3.12/site-packages/airflow/example_dags/example_latest_only.py
[2024-12-08T05:09:05.554+0000] {processor.py:914} INFO - Processing file /home/airflow/.local/lib/python3.12/site-packages/airflow/example_dags/example_latest_only.py for tasks to queue
[2024-12-08T05:09:05.559+0000] {logging_mixin.py:190} INFO - [2024-12-08T05:09:05.558+0000] {dagbag.py:588} INFO - Filling up the DagBag from /home/airflow/.local/lib/python3.12/site-packages/airflow/example_dags/example_latest_only.py
[2024-12-08T05:09:05.568+0000] {processor.py:925} INFO - DAG(s) 'latest_only' retrieved from /home/airflow/.local/lib/python3.12/site-packages/airflow/example_dags/example_latest_only.py
[2024-12-08T05:09:05.596+0000] {logging_mixin.py:190} INFO - [2024-12-08T05:09:05.596+0000] {dag.py:3239} INFO - Sync 1 DAGs
[2024-12-08T05:09:05.629+0000] {logging_mixin.py:190} INFO - [2024-12-08T05:09:05.629+0000] {dag.py:4180} INFO - Setting next_dagrun for latest_only to 2024-12-08 00:00:00+00:00, run_after=2024-12-08 04:00:00+00:00
[2024-12-08T05:09:05.651+0000] {processor.py:208} INFO - Processing /home/airflow/.local/lib/python3.12/site-packages/airflow/example_dags/example_latest_only.py took 0.107 seconds
[2024-12-08T05:09:36.756+0000] {processor.py:186} INFO - Started process (PID=877) to work on /home/airflow/.local/lib/python3.12/site-packages/airflow/example_dags/example_latest_only.py
[2024-12-08T05:09:36.758+0000] {processor.py:914} INFO - Processing file /home/airflow/.local/lib/python3.12/site-packages/airflow/example_dags/example_latest_only.py for tasks to queue
[2024-12-08T05:09:36.761+0000] {logging_mixin.py:190} INFO - [2024-12-08T05:09:36.760+0000] {dagbag.py:588} INFO - Filling up the DagBag from /home/airflow/.local/lib/python3.12/site-packages/airflow/example_dags/example_latest_only.py
[2024-12-08T05:09:36.769+0000] {processor.py:925} INFO - DAG(s) 'latest_only' retrieved from /home/airflow/.local/lib/python3.12/site-packages/airflow/example_dags/example_latest_only.py
[2024-12-08T05:09:36.791+0000] {logging_mixin.py:190} INFO - [2024-12-08T05:09:36.791+0000] {dag.py:3239} INFO - Sync 1 DAGs
[2024-12-08T05:09:36.819+0000] {logging_mixin.py:190} INFO - [2024-12-08T05:09:36.819+0000] {dag.py:4180} INFO - Setting next_dagrun for latest_only to 2024-12-08 00:00:00+00:00, run_after=2024-12-08 04:00:00+00:00
[2024-12-08T05:09:36.841+0000] {processor.py:208} INFO - Processing /home/airflow/.local/lib/python3.12/site-packages/airflow/example_dags/example_latest_only.py took 0.094 seconds
[2024-12-08T05:10:07.980+0000] {processor.py:186} INFO - Started process (PID=941) to work on /home/airflow/.local/lib/python3.12/site-packages/airflow/example_dags/example_latest_only.py
[2024-12-08T05:10:07.981+0000] {processor.py:914} INFO - Processing file /home/airflow/.local/lib/python3.12/site-packages/airflow/example_dags/example_latest_only.py for tasks to queue
[2024-12-08T05:10:07.984+0000] {logging_mixin.py:190} INFO - [2024-12-08T05:10:07.984+0000] {dagbag.py:588} INFO - Filling up the DagBag from /home/airflow/.local/lib/python3.12/site-packages/airflow/example_dags/example_latest_only.py
[2024-12-08T05:10:07.992+0000] {processor.py:925} INFO - DAG(s) 'latest_only' retrieved from /home/airflow/.local/lib/python3.12/site-packages/airflow/example_dags/example_latest_only.py
[2024-12-08T05:10:08.013+0000] {logging_mixin.py:190} INFO - [2024-12-08T05:10:08.013+0000] {dag.py:3239} INFO - Sync 1 DAGs
[2024-12-08T05:10:08.038+0000] {logging_mixin.py:190} INFO - [2024-12-08T05:10:08.038+0000] {dag.py:4180} INFO - Setting next_dagrun for latest_only to 2024-12-08 00:00:00+00:00, run_after=2024-12-08 04:00:00+00:00
[2024-12-08T05:10:08.058+0000] {processor.py:208} INFO - Processing /home/airflow/.local/lib/python3.12/site-packages/airflow/example_dags/example_latest_only.py took 0.085 seconds
[2024-12-08T05:10:40.351+0000] {processor.py:186} INFO - Started process (PID=1006) to work on /home/airflow/.local/lib/python3.12/site-packages/airflow/example_dags/example_latest_only.py
[2024-12-08T05:10:40.352+0000] {processor.py:914} INFO - Processing file /home/airflow/.local/lib/python3.12/site-packages/airflow/example_dags/example_latest_only.py for tasks to queue
[2024-12-08T05:10:40.355+0000] {logging_mixin.py:190} INFO - [2024-12-08T05:10:40.354+0000] {dagbag.py:588} INFO - Filling up the DagBag from /home/airflow/.local/lib/python3.12/site-packages/airflow/example_dags/example_latest_only.py
[2024-12-08T05:10:40.366+0000] {processor.py:925} INFO - DAG(s) 'latest_only' retrieved from /home/airflow/.local/lib/python3.12/site-packages/airflow/example_dags/example_latest_only.py
[2024-12-08T05:10:40.390+0000] {logging_mixin.py:190} INFO - [2024-12-08T05:10:40.390+0000] {dag.py:3239} INFO - Sync 1 DAGs
[2024-12-08T05:10:40.422+0000] {logging_mixin.py:190} INFO - [2024-12-08T05:10:40.422+0000] {dag.py:4180} INFO - Setting next_dagrun for latest_only to 2024-12-08 00:00:00+00:00, run_after=2024-12-08 04:00:00+00:00
[2024-12-08T05:10:40.449+0000] {processor.py:208} INFO - Processing /home/airflow/.local/lib/python3.12/site-packages/airflow/example_dags/example_latest_only.py took 0.107 seconds
[2024-12-08T05:11:11.319+0000] {processor.py:186} INFO - Started process (PID=1069) to work on /home/airflow/.local/lib/python3.12/site-packages/airflow/example_dags/example_latest_only.py
[2024-12-08T05:11:11.320+0000] {processor.py:914} INFO - Processing file /home/airflow/.local/lib/python3.12/site-packages/airflow/example_dags/example_latest_only.py for tasks to queue
[2024-12-08T05:11:11.324+0000] {logging_mixin.py:190} INFO - [2024-12-08T05:11:11.323+0000] {dagbag.py:588} INFO - Filling up the DagBag from /home/airflow/.local/lib/python3.12/site-packages/airflow/example_dags/example_latest_only.py
[2024-12-08T05:11:11.336+0000] {processor.py:925} INFO - DAG(s) 'latest_only' retrieved from /home/airflow/.local/lib/python3.12/site-packages/airflow/example_dags/example_latest_only.py
[2024-12-08T05:11:11.366+0000] {logging_mixin.py:190} INFO - [2024-12-08T05:11:11.366+0000] {dag.py:3239} INFO - Sync 1 DAGs
[2024-12-08T05:11:11.400+0000] {logging_mixin.py:190} INFO - [2024-12-08T05:11:11.400+0000] {dag.py:4180} INFO - Setting next_dagrun for latest_only to 2024-12-08 00:00:00+00:00, run_after=2024-12-08 04:00:00+00:00
[2024-12-08T05:11:11.422+0000] {processor.py:208} INFO - Processing /home/airflow/.local/lib/python3.12/site-packages/airflow/example_dags/example_latest_only.py took 0.111 seconds
[2024-12-08T05:11:41.814+0000] {processor.py:186} INFO - Started process (PID=1133) to work on /home/airflow/.local/lib/python3.12/site-packages/airflow/example_dags/example_latest_only.py
[2024-12-08T05:11:41.815+0000] {processor.py:914} INFO - Processing file /home/airflow/.local/lib/python3.12/site-packages/airflow/example_dags/example_latest_only.py for tasks to queue
[2024-12-08T05:11:41.816+0000] {logging_mixin.py:190} INFO - [2024-12-08T05:11:41.816+0000] {dagbag.py:588} INFO - Filling up the DagBag from /home/airflow/.local/lib/python3.12/site-packages/airflow/example_dags/example_latest_only.py
[2024-12-08T05:11:41.825+0000] {processor.py:925} INFO - DAG(s) 'latest_only' retrieved from /home/airflow/.local/lib/python3.12/site-packages/airflow/example_dags/example_latest_only.py
[2024-12-08T05:11:41.845+0000] {logging_mixin.py:190} INFO - [2024-12-08T05:11:41.845+0000] {dag.py:3239} INFO - Sync 1 DAGs
[2024-12-08T05:11:41.870+0000] {logging_mixin.py:190} INFO - [2024-12-08T05:11:41.870+0000] {dag.py:4180} INFO - Setting next_dagrun for latest_only to 2024-12-08 00:00:00+00:00, run_after=2024-12-08 04:00:00+00:00
[2024-12-08T05:11:41.889+0000] {processor.py:208} INFO - Processing /home/airflow/.local/lib/python3.12/site-packages/airflow/example_dags/example_latest_only.py took 0.082 seconds
[2024-12-08T05:12:13.806+0000] {processor.py:186} INFO - Started process (PID=1196) to work on /home/airflow/.local/lib/python3.12/site-packages/airflow/example_dags/example_latest_only.py
[2024-12-08T05:12:13.807+0000] {processor.py:914} INFO - Processing file /home/airflow/.local/lib/python3.12/site-packages/airflow/example_dags/example_latest_only.py for tasks to queue
[2024-12-08T05:12:13.809+0000] {logging_mixin.py:190} INFO - [2024-12-08T05:12:13.808+0000] {dagbag.py:588} INFO - Filling up the DagBag from /home/airflow/.local/lib/python3.12/site-packages/airflow/example_dags/example_latest_only.py
[2024-12-08T05:12:13.818+0000] {processor.py:925} INFO - DAG(s) 'latest_only' retrieved from /home/airflow/.local/lib/python3.12/site-packages/airflow/example_dags/example_latest_only.py
[2024-12-08T05:12:13.842+0000] {logging_mixin.py:190} INFO - [2024-12-08T05:12:13.841+0000] {dag.py:3239} INFO - Sync 1 DAGs
[2024-12-08T05:12:13.871+0000] {logging_mixin.py:190} INFO - [2024-12-08T05:12:13.871+0000] {dag.py:4180} INFO - Setting next_dagrun for latest_only to 2024-12-08 00:00:00+00:00, run_after=2024-12-08 04:00:00+00:00
[2024-12-08T05:12:13.894+0000] {processor.py:208} INFO - Processing /home/airflow/.local/lib/python3.12/site-packages/airflow/example_dags/example_latest_only.py took 0.096 seconds
[2024-12-08T05:12:45.734+0000] {processor.py:186} INFO - Started process (PID=1259) to work on /home/airflow/.local/lib/python3.12/site-packages/airflow/example_dags/example_latest_only.py
[2024-12-08T05:12:45.736+0000] {processor.py:914} INFO - Processing file /home/airflow/.local/lib/python3.12/site-packages/airflow/example_dags/example_latest_only.py for tasks to queue
[2024-12-08T05:12:45.737+0000] {logging_mixin.py:190} INFO - [2024-12-08T05:12:45.737+0000] {dagbag.py:588} INFO - Filling up the DagBag from /home/airflow/.local/lib/python3.12/site-packages/airflow/example_dags/example_latest_only.py
[2024-12-08T05:12:45.747+0000] {processor.py:925} INFO - DAG(s) 'latest_only' retrieved from /home/airflow/.local/lib/python3.12/site-packages/airflow/example_dags/example_latest_only.py
[2024-12-08T05:12:45.770+0000] {logging_mixin.py:190} INFO - [2024-12-08T05:12:45.770+0000] {dag.py:3239} INFO - Sync 1 DAGs
[2024-12-08T05:12:45.801+0000] {logging_mixin.py:190} INFO - [2024-12-08T05:12:45.801+0000] {dag.py:4180} INFO - Setting next_dagrun for latest_only to 2024-12-08 00:00:00+00:00, run_after=2024-12-08 04:00:00+00:00
[2024-12-08T05:12:45.822+0000] {processor.py:208} INFO - Processing /home/airflow/.local/lib/python3.12/site-packages/airflow/example_dags/example_latest_only.py took 0.095 seconds
[2024-12-08T05:13:17.087+0000] {processor.py:186} INFO - Started process (PID=1323) to work on /home/airflow/.local/lib/python3.12/site-packages/airflow/example_dags/example_latest_only.py
[2024-12-08T05:13:17.088+0000] {processor.py:914} INFO - Processing file /home/airflow/.local/lib/python3.12/site-packages/airflow/example_dags/example_latest_only.py for tasks to queue
[2024-12-08T05:13:17.090+0000] {logging_mixin.py:190} INFO - [2024-12-08T05:13:17.089+0000] {dagbag.py:588} INFO - Filling up the DagBag from /home/airflow/.local/lib/python3.12/site-packages/airflow/example_dags/example_latest_only.py
[2024-12-08T05:13:17.099+0000] {processor.py:925} INFO - DAG(s) 'latest_only' retrieved from /home/airflow/.local/lib/python3.12/site-packages/airflow/example_dags/example_latest_only.py
[2024-12-08T05:13:17.121+0000] {logging_mixin.py:190} INFO - [2024-12-08T05:13:17.121+0000] {dag.py:3239} INFO - Sync 1 DAGs
[2024-12-08T05:13:17.147+0000] {logging_mixin.py:190} INFO - [2024-12-08T05:13:17.147+0000] {dag.py:4180} INFO - Setting next_dagrun for latest_only to 2024-12-08 00:00:00+00:00, run_after=2024-12-08 04:00:00+00:00
[2024-12-08T05:13:17.165+0000] {processor.py:208} INFO - Processing /home/airflow/.local/lib/python3.12/site-packages/airflow/example_dags/example_latest_only.py took 0.085 seconds
[2024-12-08T05:13:47.930+0000] {processor.py:186} INFO - Started process (PID=1387) to work on /home/airflow/.local/lib/python3.12/site-packages/airflow/example_dags/example_latest_only.py
[2024-12-08T05:13:47.931+0000] {processor.py:914} INFO - Processing file /home/airflow/.local/lib/python3.12/site-packages/airflow/example_dags/example_latest_only.py for tasks to queue
[2024-12-08T05:13:47.933+0000] {logging_mixin.py:190} INFO - [2024-12-08T05:13:47.933+0000] {dagbag.py:588} INFO - Filling up the DagBag from /home/airflow/.local/lib/python3.12/site-packages/airflow/example_dags/example_latest_only.py
[2024-12-08T05:13:47.945+0000] {processor.py:925} INFO - DAG(s) 'latest_only' retrieved from /home/airflow/.local/lib/python3.12/site-packages/airflow/example_dags/example_latest_only.py
[2024-12-08T05:13:47.969+0000] {logging_mixin.py:190} INFO - [2024-12-08T05:13:47.969+0000] {dag.py:3239} INFO - Sync 1 DAGs
[2024-12-08T05:13:47.997+0000] {logging_mixin.py:190} INFO - [2024-12-08T05:13:47.997+0000] {dag.py:4180} INFO - Setting next_dagrun for latest_only to 2024-12-08 00:00:00+00:00, run_after=2024-12-08 04:00:00+00:00
[2024-12-08T05:13:48.019+0000] {processor.py:208} INFO - Processing /home/airflow/.local/lib/python3.12/site-packages/airflow/example_dags/example_latest_only.py took 0.096 seconds
[2024-12-08T05:14:26.722+0000] {processor.py:186} INFO - Started process (PID=1461) to work on /home/airflow/.local/lib/python3.12/site-packages/airflow/example_dags/example_latest_only.py
[2024-12-08T05:14:26.979+0000] {processor.py:914} INFO - Processing file /home/airflow/.local/lib/python3.12/site-packages/airflow/example_dags/example_latest_only.py for tasks to queue
[2024-12-08T05:14:26.984+0000] {logging_mixin.py:190} INFO - [2024-12-08T05:14:26.981+0000] {dagbag.py:588} INFO - Filling up the DagBag from /home/airflow/.local/lib/python3.12/site-packages/airflow/example_dags/example_latest_only.py
[2024-12-08T05:14:27.014+0000] {processor.py:925} INFO - DAG(s) 'latest_only' retrieved from /home/airflow/.local/lib/python3.12/site-packages/airflow/example_dags/example_latest_only.py
[2024-12-08T05:14:27.086+0000] {logging_mixin.py:190} INFO - [2024-12-08T05:14:27.085+0000] {dag.py:3239} INFO - Sync 1 DAGs
[2024-12-08T05:14:27.155+0000] {logging_mixin.py:190} INFO - [2024-12-08T05:14:27.154+0000] {dag.py:4180} INFO - Setting next_dagrun for latest_only to 2024-12-08 00:00:00+00:00, run_after=2024-12-08 04:00:00+00:00
[2024-12-08T05:14:27.226+0000] {processor.py:208} INFO - Processing /home/airflow/.local/lib/python3.12/site-packages/airflow/example_dags/example_latest_only.py took 0.517 seconds
[2024-12-08T05:14:57.618+0000] {processor.py:186} INFO - Started process (PID=1566) to work on /home/airflow/.local/lib/python3.12/site-packages/airflow/example_dags/example_latest_only.py
[2024-12-08T05:14:57.620+0000] {processor.py:914} INFO - Processing file /home/airflow/.local/lib/python3.12/site-packages/airflow/example_dags/example_latest_only.py for tasks to queue
[2024-12-08T05:14:57.623+0000] {logging_mixin.py:190} INFO - [2024-12-08T05:14:57.622+0000] {dagbag.py:588} INFO - Filling up the DagBag from /home/airflow/.local/lib/python3.12/site-packages/airflow/example_dags/example_latest_only.py
[2024-12-08T05:14:57.644+0000] {processor.py:925} INFO - DAG(s) 'latest_only' retrieved from /home/airflow/.local/lib/python3.12/site-packages/airflow/example_dags/example_latest_only.py
[2024-12-08T05:14:57.692+0000] {logging_mixin.py:190} INFO - [2024-12-08T05:14:57.692+0000] {dag.py:3239} INFO - Sync 1 DAGs
[2024-12-08T05:14:57.763+0000] {logging_mixin.py:190} INFO - [2024-12-08T05:14:57.760+0000] {dag.py:4180} INFO - Setting next_dagrun for latest_only to 2024-12-08 00:00:00+00:00, run_after=2024-12-08 04:00:00+00:00
[2024-12-08T05:14:57.817+0000] {processor.py:208} INFO - Processing /home/airflow/.local/lib/python3.12/site-packages/airflow/example_dags/example_latest_only.py took 0.217 seconds
[2024-12-08T05:15:29.368+0000] {processor.py:186} INFO - Started process (PID=1666) to work on /home/airflow/.local/lib/python3.12/site-packages/airflow/example_dags/example_latest_only.py
[2024-12-08T05:15:29.371+0000] {processor.py:914} INFO - Processing file /home/airflow/.local/lib/python3.12/site-packages/airflow/example_dags/example_latest_only.py for tasks to queue
[2024-12-08T05:15:29.374+0000] {logging_mixin.py:190} INFO - [2024-12-08T05:15:29.373+0000] {dagbag.py:588} INFO - Filling up the DagBag from /home/airflow/.local/lib/python3.12/site-packages/airflow/example_dags/example_latest_only.py
[2024-12-08T05:15:29.408+0000] {processor.py:925} INFO - DAG(s) 'latest_only' retrieved from /home/airflow/.local/lib/python3.12/site-packages/airflow/example_dags/example_latest_only.py
[2024-12-08T05:15:29.476+0000] {logging_mixin.py:190} INFO - [2024-12-08T05:15:29.475+0000] {dag.py:3239} INFO - Sync 1 DAGs
[2024-12-08T05:15:29.551+0000] {logging_mixin.py:190} INFO - [2024-12-08T05:15:29.551+0000] {dag.py:4180} INFO - Setting next_dagrun for latest_only to 2024-12-08 00:00:00+00:00, run_after=2024-12-08 04:00:00+00:00
[2024-12-08T05:15:29.628+0000] {processor.py:208} INFO - Processing /home/airflow/.local/lib/python3.12/site-packages/airflow/example_dags/example_latest_only.py took 0.272 seconds
[2024-12-08T05:16:01.087+0000] {processor.py:186} INFO - Started process (PID=1763) to work on /home/airflow/.local/lib/python3.12/site-packages/airflow/example_dags/example_latest_only.py
[2024-12-08T05:16:01.090+0000] {processor.py:914} INFO - Processing file /home/airflow/.local/lib/python3.12/site-packages/airflow/example_dags/example_latest_only.py for tasks to queue
[2024-12-08T05:16:01.093+0000] {logging_mixin.py:190} INFO - [2024-12-08T05:16:01.092+0000] {dagbag.py:588} INFO - Filling up the DagBag from /home/airflow/.local/lib/python3.12/site-packages/airflow/example_dags/example_latest_only.py
[2024-12-08T05:16:01.112+0000] {processor.py:925} INFO - DAG(s) 'latest_only' retrieved from /home/airflow/.local/lib/python3.12/site-packages/airflow/example_dags/example_latest_only.py
[2024-12-08T05:16:01.151+0000] {logging_mixin.py:190} INFO - [2024-12-08T05:16:01.150+0000] {dag.py:3239} INFO - Sync 1 DAGs
[2024-12-08T05:16:01.209+0000] {logging_mixin.py:190} INFO - [2024-12-08T05:16:01.209+0000] {dag.py:4180} INFO - Setting next_dagrun for latest_only to 2024-12-08 00:00:00+00:00, run_after=2024-12-08 04:00:00+00:00
[2024-12-08T05:16:01.249+0000] {processor.py:208} INFO - Processing /home/airflow/.local/lib/python3.12/site-packages/airflow/example_dags/example_latest_only.py took 0.175 seconds
[2024-12-08T05:16:32.167+0000] {processor.py:186} INFO - Started process (PID=1865) to work on /home/airflow/.local/lib/python3.12/site-packages/airflow/example_dags/example_latest_only.py
[2024-12-08T05:16:32.169+0000] {processor.py:914} INFO - Processing file /home/airflow/.local/lib/python3.12/site-packages/airflow/example_dags/example_latest_only.py for tasks to queue
[2024-12-08T05:16:32.171+0000] {logging_mixin.py:190} INFO - [2024-12-08T05:16:32.170+0000] {dagbag.py:588} INFO - Filling up the DagBag from /home/airflow/.local/lib/python3.12/site-packages/airflow/example_dags/example_latest_only.py
[2024-12-08T05:16:32.181+0000] {processor.py:925} INFO - DAG(s) 'latest_only' retrieved from /home/airflow/.local/lib/python3.12/site-packages/airflow/example_dags/example_latest_only.py
[2024-12-08T05:16:32.205+0000] {logging_mixin.py:190} INFO - [2024-12-08T05:16:32.205+0000] {dag.py:3239} INFO - Sync 1 DAGs
[2024-12-08T05:16:32.232+0000] {logging_mixin.py:190} INFO - [2024-12-08T05:16:32.231+0000] {dag.py:4180} INFO - Setting next_dagrun for latest_only to 2024-12-08 00:00:00+00:00, run_after=2024-12-08 04:00:00+00:00
[2024-12-08T05:16:32.255+0000] {processor.py:208} INFO - Processing /home/airflow/.local/lib/python3.12/site-packages/airflow/example_dags/example_latest_only.py took 0.097 seconds
[2024-12-08T05:17:04.986+0000] {processor.py:186} INFO - Started process (PID=1973) to work on /home/airflow/.local/lib/python3.12/site-packages/airflow/example_dags/example_latest_only.py
[2024-12-08T05:17:04.988+0000] {processor.py:914} INFO - Processing file /home/airflow/.local/lib/python3.12/site-packages/airflow/example_dags/example_latest_only.py for tasks to queue
[2024-12-08T05:17:04.990+0000] {logging_mixin.py:190} INFO - [2024-12-08T05:17:04.989+0000] {dagbag.py:588} INFO - Filling up the DagBag from /home/airflow/.local/lib/python3.12/site-packages/airflow/example_dags/example_latest_only.py
[2024-12-08T05:17:05.002+0000] {processor.py:925} INFO - DAG(s) 'latest_only' retrieved from /home/airflow/.local/lib/python3.12/site-packages/airflow/example_dags/example_latest_only.py
[2024-12-08T05:17:05.037+0000] {logging_mixin.py:190} INFO - [2024-12-08T05:17:05.037+0000] {dag.py:3239} INFO - Sync 1 DAGs
[2024-12-08T05:17:05.082+0000] {logging_mixin.py:190} INFO - [2024-12-08T05:17:05.082+0000] {dag.py:4180} INFO - Setting next_dagrun for latest_only to 2024-12-08 00:00:00+00:00, run_after=2024-12-08 04:00:00+00:00
[2024-12-08T05:17:05.114+0000] {processor.py:208} INFO - Processing /home/airflow/.local/lib/python3.12/site-packages/airflow/example_dags/example_latest_only.py took 0.138 seconds
[2024-12-08T05:17:36.037+0000] {processor.py:186} INFO - Started process (PID=2083) to work on /home/airflow/.local/lib/python3.12/site-packages/airflow/example_dags/example_latest_only.py
[2024-12-08T05:17:36.038+0000] {processor.py:914} INFO - Processing file /home/airflow/.local/lib/python3.12/site-packages/airflow/example_dags/example_latest_only.py for tasks to queue
[2024-12-08T05:17:36.041+0000] {logging_mixin.py:190} INFO - [2024-12-08T05:17:36.040+0000] {dagbag.py:588} INFO - Filling up the DagBag from /home/airflow/.local/lib/python3.12/site-packages/airflow/example_dags/example_latest_only.py
[2024-12-08T05:17:36.054+0000] {processor.py:925} INFO - DAG(s) 'latest_only' retrieved from /home/airflow/.local/lib/python3.12/site-packages/airflow/example_dags/example_latest_only.py
[2024-12-08T05:17:36.084+0000] {logging_mixin.py:190} INFO - [2024-12-08T05:17:36.083+0000] {dag.py:3239} INFO - Sync 1 DAGs
[2024-12-08T05:17:36.124+0000] {logging_mixin.py:190} INFO - [2024-12-08T05:17:36.124+0000] {dag.py:4180} INFO - Setting next_dagrun for latest_only to 2024-12-08 00:00:00+00:00, run_after=2024-12-08 04:00:00+00:00
[2024-12-08T05:17:36.152+0000] {processor.py:208} INFO - Processing /home/airflow/.local/lib/python3.12/site-packages/airflow/example_dags/example_latest_only.py took 0.123 seconds
[2024-12-08T05:18:07.269+0000] {processor.py:186} INFO - Started process (PID=2193) to work on /home/airflow/.local/lib/python3.12/site-packages/airflow/example_dags/example_latest_only.py
[2024-12-08T05:18:07.271+0000] {processor.py:914} INFO - Processing file /home/airflow/.local/lib/python3.12/site-packages/airflow/example_dags/example_latest_only.py for tasks to queue
[2024-12-08T05:18:07.273+0000] {logging_mixin.py:190} INFO - [2024-12-08T05:18:07.272+0000] {dagbag.py:588} INFO - Filling up the DagBag from /home/airflow/.local/lib/python3.12/site-packages/airflow/example_dags/example_latest_only.py
[2024-12-08T05:18:07.283+0000] {processor.py:925} INFO - DAG(s) 'latest_only' retrieved from /home/airflow/.local/lib/python3.12/site-packages/airflow/example_dags/example_latest_only.py
[2024-12-08T05:18:07.310+0000] {logging_mixin.py:190} INFO - [2024-12-08T05:18:07.310+0000] {dag.py:3239} INFO - Sync 1 DAGs
[2024-12-08T05:18:07.343+0000] {logging_mixin.py:190} INFO - [2024-12-08T05:18:07.342+0000] {dag.py:4180} INFO - Setting next_dagrun for latest_only to 2024-12-08 00:00:00+00:00, run_after=2024-12-08 04:00:00+00:00
[2024-12-08T05:18:07.367+0000] {processor.py:208} INFO - Processing /home/airflow/.local/lib/python3.12/site-packages/airflow/example_dags/example_latest_only.py took 0.106 seconds
[2024-12-08T05:18:43.889+0000] {processor.py:186} INFO - Started process (PID=2311) to work on /home/airflow/.local/lib/python3.12/site-packages/airflow/example_dags/example_latest_only.py
[2024-12-08T05:18:43.927+0000] {processor.py:914} INFO - Processing file /home/airflow/.local/lib/python3.12/site-packages/airflow/example_dags/example_latest_only.py for tasks to queue
[2024-12-08T05:18:43.930+0000] {logging_mixin.py:190} INFO - [2024-12-08T05:18:43.929+0000] {dagbag.py:588} INFO - Filling up the DagBag from /home/airflow/.local/lib/python3.12/site-packages/airflow/example_dags/example_latest_only.py
[2024-12-08T05:18:43.944+0000] {processor.py:925} INFO - DAG(s) 'latest_only' retrieved from /home/airflow/.local/lib/python3.12/site-packages/airflow/example_dags/example_latest_only.py
[2024-12-08T05:18:43.974+0000] {logging_mixin.py:190} INFO - [2024-12-08T05:18:43.973+0000] {dag.py:3239} INFO - Sync 1 DAGs
[2024-12-08T05:18:44.011+0000] {logging_mixin.py:190} INFO - [2024-12-08T05:18:44.011+0000] {dag.py:4180} INFO - Setting next_dagrun for latest_only to 2024-12-08 00:00:00+00:00, run_after=2024-12-08 04:00:00+00:00
[2024-12-08T05:18:44.041+0000] {processor.py:208} INFO - Processing /home/airflow/.local/lib/python3.12/site-packages/airflow/example_dags/example_latest_only.py took 0.165 seconds
[2024-12-08T05:19:14.474+0000] {processor.py:186} INFO - Started process (PID=2415) to work on /home/airflow/.local/lib/python3.12/site-packages/airflow/example_dags/example_latest_only.py
[2024-12-08T05:19:14.476+0000] {processor.py:914} INFO - Processing file /home/airflow/.local/lib/python3.12/site-packages/airflow/example_dags/example_latest_only.py for tasks to queue
[2024-12-08T05:19:14.480+0000] {logging_mixin.py:190} INFO - [2024-12-08T05:19:14.479+0000] {dagbag.py:588} INFO - Filling up the DagBag from /home/airflow/.local/lib/python3.12/site-packages/airflow/example_dags/example_latest_only.py
[2024-12-08T05:19:14.493+0000] {processor.py:925} INFO - DAG(s) 'latest_only' retrieved from /home/airflow/.local/lib/python3.12/site-packages/airflow/example_dags/example_latest_only.py
[2024-12-08T05:19:14.524+0000] {logging_mixin.py:190} INFO - [2024-12-08T05:19:14.524+0000] {dag.py:3239} INFO - Sync 1 DAGs
[2024-12-08T05:19:14.565+0000] {logging_mixin.py:190} INFO - [2024-12-08T05:19:14.564+0000] {dag.py:4180} INFO - Setting next_dagrun for latest_only to 2024-12-08 00:00:00+00:00, run_after=2024-12-08 04:00:00+00:00
[2024-12-08T05:19:14.617+0000] {processor.py:208} INFO - Processing /home/airflow/.local/lib/python3.12/site-packages/airflow/example_dags/example_latest_only.py took 0.152 seconds
[2024-12-08T05:19:47.246+0000] {processor.py:186} INFO - Started process (PID=2514) to work on /home/airflow/.local/lib/python3.12/site-packages/airflow/example_dags/example_latest_only.py
[2024-12-08T05:19:47.257+0000] {processor.py:914} INFO - Processing file /home/airflow/.local/lib/python3.12/site-packages/airflow/example_dags/example_latest_only.py for tasks to queue
[2024-12-08T05:19:47.260+0000] {logging_mixin.py:190} INFO - [2024-12-08T05:19:47.259+0000] {dagbag.py:588} INFO - Filling up the DagBag from /home/airflow/.local/lib/python3.12/site-packages/airflow/example_dags/example_latest_only.py
[2024-12-08T05:19:47.280+0000] {processor.py:925} INFO - DAG(s) 'latest_only' retrieved from /home/airflow/.local/lib/python3.12/site-packages/airflow/example_dags/example_latest_only.py
[2024-12-08T05:19:47.332+0000] {logging_mixin.py:190} INFO - [2024-12-08T05:19:47.331+0000] {dag.py:3239} INFO - Sync 1 DAGs
[2024-12-08T05:19:47.393+0000] {logging_mixin.py:190} INFO - [2024-12-08T05:19:47.392+0000] {dag.py:4180} INFO - Setting next_dagrun for latest_only to 2024-12-08 00:00:00+00:00, run_after=2024-12-08 04:00:00+00:00
[2024-12-08T05:19:47.438+0000] {processor.py:208} INFO - Processing /home/airflow/.local/lib/python3.12/site-packages/airflow/example_dags/example_latest_only.py took 0.211 seconds
[2024-12-08T05:20:18.199+0000] {processor.py:186} INFO - Started process (PID=2591) to work on /home/airflow/.local/lib/python3.12/site-packages/airflow/example_dags/example_latest_only.py
[2024-12-08T05:20:18.204+0000] {processor.py:914} INFO - Processing file /home/airflow/.local/lib/python3.12/site-packages/airflow/example_dags/example_latest_only.py for tasks to queue
[2024-12-08T05:20:18.208+0000] {logging_mixin.py:190} INFO - [2024-12-08T05:20:18.208+0000] {dagbag.py:588} INFO - Filling up the DagBag from /home/airflow/.local/lib/python3.12/site-packages/airflow/example_dags/example_latest_only.py
[2024-12-08T05:20:18.232+0000] {processor.py:925} INFO - DAG(s) 'latest_only' retrieved from /home/airflow/.local/lib/python3.12/site-packages/airflow/example_dags/example_latest_only.py
[2024-12-08T05:20:18.278+0000] {logging_mixin.py:190} INFO - [2024-12-08T05:20:18.277+0000] {dag.py:3239} INFO - Sync 1 DAGs
[2024-12-08T05:20:18.353+0000] {logging_mixin.py:190} INFO - [2024-12-08T05:20:18.353+0000] {dag.py:4180} INFO - Setting next_dagrun for latest_only to 2024-12-08 00:00:00+00:00, run_after=2024-12-08 04:00:00+00:00
[2024-12-08T05:20:18.424+0000] {processor.py:208} INFO - Processing /home/airflow/.local/lib/python3.12/site-packages/airflow/example_dags/example_latest_only.py took 0.237 seconds
[2024-12-08T05:20:48.618+0000] {processor.py:186} INFO - Started process (PID=2667) to work on /home/airflow/.local/lib/python3.12/site-packages/airflow/example_dags/example_latest_only.py
[2024-12-08T05:20:48.620+0000] {processor.py:914} INFO - Processing file /home/airflow/.local/lib/python3.12/site-packages/airflow/example_dags/example_latest_only.py for tasks to queue
[2024-12-08T05:20:48.622+0000] {logging_mixin.py:190} INFO - [2024-12-08T05:20:48.621+0000] {dagbag.py:588} INFO - Filling up the DagBag from /home/airflow/.local/lib/python3.12/site-packages/airflow/example_dags/example_latest_only.py
[2024-12-08T05:20:48.633+0000] {processor.py:925} INFO - DAG(s) 'latest_only' retrieved from /home/airflow/.local/lib/python3.12/site-packages/airflow/example_dags/example_latest_only.py
[2024-12-08T05:20:48.658+0000] {logging_mixin.py:190} INFO - [2024-12-08T05:20:48.658+0000] {dag.py:3239} INFO - Sync 1 DAGs
[2024-12-08T05:20:48.688+0000] {logging_mixin.py:190} INFO - [2024-12-08T05:20:48.688+0000] {dag.py:4180} INFO - Setting next_dagrun for latest_only to 2024-12-08 00:00:00+00:00, run_after=2024-12-08 04:00:00+00:00
[2024-12-08T05:20:48.709+0000] {processor.py:208} INFO - Processing /home/airflow/.local/lib/python3.12/site-packages/airflow/example_dags/example_latest_only.py took 0.100 seconds
[2024-12-08T05:21:19.744+0000] {processor.py:186} INFO - Started process (PID=2731) to work on /home/airflow/.local/lib/python3.12/site-packages/airflow/example_dags/example_latest_only.py
[2024-12-08T05:21:19.746+0000] {processor.py:914} INFO - Processing file /home/airflow/.local/lib/python3.12/site-packages/airflow/example_dags/example_latest_only.py for tasks to queue
[2024-12-08T05:21:19.748+0000] {logging_mixin.py:190} INFO - [2024-12-08T05:21:19.748+0000] {dagbag.py:588} INFO - Filling up the DagBag from /home/airflow/.local/lib/python3.12/site-packages/airflow/example_dags/example_latest_only.py
[2024-12-08T05:21:19.758+0000] {processor.py:925} INFO - DAG(s) 'latest_only' retrieved from /home/airflow/.local/lib/python3.12/site-packages/airflow/example_dags/example_latest_only.py
[2024-12-08T05:21:19.783+0000] {logging_mixin.py:190} INFO - [2024-12-08T05:21:19.782+0000] {dag.py:3239} INFO - Sync 1 DAGs
[2024-12-08T05:21:19.814+0000] {logging_mixin.py:190} INFO - [2024-12-08T05:21:19.813+0000] {dag.py:4180} INFO - Setting next_dagrun for latest_only to 2024-12-08 00:00:00+00:00, run_after=2024-12-08 04:00:00+00:00
[2024-12-08T05:21:19.835+0000] {processor.py:208} INFO - Processing /home/airflow/.local/lib/python3.12/site-packages/airflow/example_dags/example_latest_only.py took 0.099 seconds
[2024-12-08T05:21:50.808+0000] {processor.py:186} INFO - Started process (PID=2795) to work on /home/airflow/.local/lib/python3.12/site-packages/airflow/example_dags/example_latest_only.py
[2024-12-08T05:21:50.810+0000] {processor.py:914} INFO - Processing file /home/airflow/.local/lib/python3.12/site-packages/airflow/example_dags/example_latest_only.py for tasks to queue
[2024-12-08T05:21:50.812+0000] {logging_mixin.py:190} INFO - [2024-12-08T05:21:50.811+0000] {dagbag.py:588} INFO - Filling up the DagBag from /home/airflow/.local/lib/python3.12/site-packages/airflow/example_dags/example_latest_only.py
[2024-12-08T05:21:50.825+0000] {processor.py:925} INFO - DAG(s) 'latest_only' retrieved from /home/airflow/.local/lib/python3.12/site-packages/airflow/example_dags/example_latest_only.py
[2024-12-08T05:21:50.850+0000] {logging_mixin.py:190} INFO - [2024-12-08T05:21:50.850+0000] {dag.py:3239} INFO - Sync 1 DAGs
[2024-12-08T05:21:50.881+0000] {logging_mixin.py:190} INFO - [2024-12-08T05:21:50.881+0000] {dag.py:4180} INFO - Setting next_dagrun for latest_only to 2024-12-08 00:00:00+00:00, run_after=2024-12-08 04:00:00+00:00
[2024-12-08T05:21:50.906+0000] {processor.py:208} INFO - Processing /home/airflow/.local/lib/python3.12/site-packages/airflow/example_dags/example_latest_only.py took 0.108 seconds
[2024-12-08T05:22:21.982+0000] {processor.py:186} INFO - Started process (PID=2865) to work on /home/airflow/.local/lib/python3.12/site-packages/airflow/example_dags/example_latest_only.py
[2024-12-08T05:22:21.984+0000] {processor.py:914} INFO - Processing file /home/airflow/.local/lib/python3.12/site-packages/airflow/example_dags/example_latest_only.py for tasks to queue
[2024-12-08T05:22:21.987+0000] {logging_mixin.py:190} INFO - [2024-12-08T05:22:21.987+0000] {dagbag.py:588} INFO - Filling up the DagBag from /home/airflow/.local/lib/python3.12/site-packages/airflow/example_dags/example_latest_only.py
[2024-12-08T05:22:22.006+0000] {processor.py:925} INFO - DAG(s) 'latest_only' retrieved from /home/airflow/.local/lib/python3.12/site-packages/airflow/example_dags/example_latest_only.py
[2024-12-08T05:22:22.034+0000] {logging_mixin.py:190} INFO - [2024-12-08T05:22:22.034+0000] {dag.py:3239} INFO - Sync 1 DAGs
[2024-12-08T05:22:22.067+0000] {logging_mixin.py:190} INFO - [2024-12-08T05:22:22.067+0000] {dag.py:4180} INFO - Setting next_dagrun for latest_only to 2024-12-08 00:00:00+00:00, run_after=2024-12-08 04:00:00+00:00
[2024-12-08T05:22:22.089+0000] {processor.py:208} INFO - Processing /home/airflow/.local/lib/python3.12/site-packages/airflow/example_dags/example_latest_only.py took 0.117 seconds
[2024-12-08T05:22:52.777+0000] {processor.py:186} INFO - Started process (PID=2929) to work on /home/airflow/.local/lib/python3.12/site-packages/airflow/example_dags/example_latest_only.py
[2024-12-08T05:22:52.779+0000] {processor.py:914} INFO - Processing file /home/airflow/.local/lib/python3.12/site-packages/airflow/example_dags/example_latest_only.py for tasks to queue
[2024-12-08T05:22:52.780+0000] {logging_mixin.py:190} INFO - [2024-12-08T05:22:52.780+0000] {dagbag.py:588} INFO - Filling up the DagBag from /home/airflow/.local/lib/python3.12/site-packages/airflow/example_dags/example_latest_only.py
[2024-12-08T05:22:52.792+0000] {processor.py:925} INFO - DAG(s) 'latest_only' retrieved from /home/airflow/.local/lib/python3.12/site-packages/airflow/example_dags/example_latest_only.py
[2024-12-08T05:22:52.817+0000] {logging_mixin.py:190} INFO - [2024-12-08T05:22:52.817+0000] {dag.py:3239} INFO - Sync 1 DAGs
[2024-12-08T05:22:52.848+0000] {logging_mixin.py:190} INFO - [2024-12-08T05:22:52.848+0000] {dag.py:4180} INFO - Setting next_dagrun for latest_only to 2024-12-08 00:00:00+00:00, run_after=2024-12-08 04:00:00+00:00
[2024-12-08T05:22:52.870+0000] {processor.py:208} INFO - Processing /home/airflow/.local/lib/python3.12/site-packages/airflow/example_dags/example_latest_only.py took 0.100 seconds
[2024-12-08T05:23:23.236+0000] {processor.py:186} INFO - Started process (PID=2993) to work on /home/airflow/.local/lib/python3.12/site-packages/airflow/example_dags/example_latest_only.py
[2024-12-08T05:23:23.238+0000] {processor.py:914} INFO - Processing file /home/airflow/.local/lib/python3.12/site-packages/airflow/example_dags/example_latest_only.py for tasks to queue
[2024-12-08T05:23:23.240+0000] {logging_mixin.py:190} INFO - [2024-12-08T05:23:23.239+0000] {dagbag.py:588} INFO - Filling up the DagBag from /home/airflow/.local/lib/python3.12/site-packages/airflow/example_dags/example_latest_only.py
[2024-12-08T05:23:23.251+0000] {processor.py:925} INFO - DAG(s) 'latest_only' retrieved from /home/airflow/.local/lib/python3.12/site-packages/airflow/example_dags/example_latest_only.py
[2024-12-08T05:23:23.286+0000] {logging_mixin.py:190} INFO - [2024-12-08T05:23:23.285+0000] {dag.py:3239} INFO - Sync 1 DAGs
[2024-12-08T05:23:23.324+0000] {logging_mixin.py:190} INFO - [2024-12-08T05:23:23.324+0000] {dag.py:4180} INFO - Setting next_dagrun for latest_only to 2024-12-08 00:00:00+00:00, run_after=2024-12-08 04:00:00+00:00
[2024-12-08T05:23:23.349+0000] {processor.py:208} INFO - Processing /home/airflow/.local/lib/python3.12/site-packages/airflow/example_dags/example_latest_only.py took 0.124 seconds
[2024-12-08T05:23:53.442+0000] {processor.py:186} INFO - Started process (PID=3057) to work on /home/airflow/.local/lib/python3.12/site-packages/airflow/example_dags/example_latest_only.py
[2024-12-08T05:23:53.443+0000] {processor.py:914} INFO - Processing file /home/airflow/.local/lib/python3.12/site-packages/airflow/example_dags/example_latest_only.py for tasks to queue
[2024-12-08T05:23:53.445+0000] {logging_mixin.py:190} INFO - [2024-12-08T05:23:53.445+0000] {dagbag.py:588} INFO - Filling up the DagBag from /home/airflow/.local/lib/python3.12/site-packages/airflow/example_dags/example_latest_only.py
[2024-12-08T05:23:53.454+0000] {processor.py:925} INFO - DAG(s) 'latest_only' retrieved from /home/airflow/.local/lib/python3.12/site-packages/airflow/example_dags/example_latest_only.py
[2024-12-08T05:23:53.475+0000] {logging_mixin.py:190} INFO - [2024-12-08T05:23:53.475+0000] {dag.py:3239} INFO - Sync 1 DAGs
[2024-12-08T05:23:53.503+0000] {logging_mixin.py:190} INFO - [2024-12-08T05:23:53.502+0000] {dag.py:4180} INFO - Setting next_dagrun for latest_only to 2024-12-08 00:00:00+00:00, run_after=2024-12-08 04:00:00+00:00
[2024-12-08T05:23:53.526+0000] {processor.py:208} INFO - Processing /home/airflow/.local/lib/python3.12/site-packages/airflow/example_dags/example_latest_only.py took 0.091 seconds
[2024-12-08T05:24:24.378+0000] {processor.py:186} INFO - Started process (PID=3120) to work on /home/airflow/.local/lib/python3.12/site-packages/airflow/example_dags/example_latest_only.py
[2024-12-08T05:24:24.379+0000] {processor.py:914} INFO - Processing file /home/airflow/.local/lib/python3.12/site-packages/airflow/example_dags/example_latest_only.py for tasks to queue
[2024-12-08T05:24:24.381+0000] {logging_mixin.py:190} INFO - [2024-12-08T05:24:24.381+0000] {dagbag.py:588} INFO - Filling up the DagBag from /home/airflow/.local/lib/python3.12/site-packages/airflow/example_dags/example_latest_only.py
[2024-12-08T05:24:24.391+0000] {processor.py:925} INFO - DAG(s) 'latest_only' retrieved from /home/airflow/.local/lib/python3.12/site-packages/airflow/example_dags/example_latest_only.py
[2024-12-08T05:24:24.415+0000] {logging_mixin.py:190} INFO - [2024-12-08T05:24:24.415+0000] {dag.py:3239} INFO - Sync 1 DAGs
[2024-12-08T05:24:24.442+0000] {logging_mixin.py:190} INFO - [2024-12-08T05:24:24.442+0000] {dag.py:4180} INFO - Setting next_dagrun for latest_only to 2024-12-08 00:00:00+00:00, run_after=2024-12-08 04:00:00+00:00
[2024-12-08T05:24:24.463+0000] {processor.py:208} INFO - Processing /home/airflow/.local/lib/python3.12/site-packages/airflow/example_dags/example_latest_only.py took 0.093 seconds
[2024-12-08T05:24:55.884+0000] {processor.py:186} INFO - Started process (PID=3189) to work on /home/airflow/.local/lib/python3.12/site-packages/airflow/example_dags/example_latest_only.py
[2024-12-08T05:24:55.885+0000] {processor.py:914} INFO - Processing file /home/airflow/.local/lib/python3.12/site-packages/airflow/example_dags/example_latest_only.py for tasks to queue
[2024-12-08T05:24:55.887+0000] {logging_mixin.py:190} INFO - [2024-12-08T05:24:55.887+0000] {dagbag.py:588} INFO - Filling up the DagBag from /home/airflow/.local/lib/python3.12/site-packages/airflow/example_dags/example_latest_only.py
[2024-12-08T05:24:55.898+0000] {processor.py:925} INFO - DAG(s) 'latest_only' retrieved from /home/airflow/.local/lib/python3.12/site-packages/airflow/example_dags/example_latest_only.py
[2024-12-08T05:24:55.924+0000] {logging_mixin.py:190} INFO - [2024-12-08T05:24:55.924+0000] {dag.py:3239} INFO - Sync 1 DAGs
[2024-12-08T05:24:55.957+0000] {logging_mixin.py:190} INFO - [2024-12-08T05:24:55.957+0000] {dag.py:4180} INFO - Setting next_dagrun for latest_only to 2024-12-08 00:00:00+00:00, run_after=2024-12-08 04:00:00+00:00
[2024-12-08T05:24:55.978+0000] {processor.py:208} INFO - Processing /home/airflow/.local/lib/python3.12/site-packages/airflow/example_dags/example_latest_only.py took 0.102 seconds
[2024-12-08T05:25:28.945+0000] {processor.py:186} INFO - Started process (PID=3279) to work on /home/airflow/.local/lib/python3.12/site-packages/airflow/example_dags/example_latest_only.py
[2024-12-08T05:25:28.947+0000] {processor.py:914} INFO - Processing file /home/airflow/.local/lib/python3.12/site-packages/airflow/example_dags/example_latest_only.py for tasks to queue
[2024-12-08T05:25:28.950+0000] {logging_mixin.py:190} INFO - [2024-12-08T05:25:28.949+0000] {dagbag.py:588} INFO - Filling up the DagBag from /home/airflow/.local/lib/python3.12/site-packages/airflow/example_dags/example_latest_only.py
[2024-12-08T05:25:28.965+0000] {processor.py:925} INFO - DAG(s) 'latest_only' retrieved from /home/airflow/.local/lib/python3.12/site-packages/airflow/example_dags/example_latest_only.py
[2024-12-08T05:25:29.002+0000] {logging_mixin.py:190} INFO - [2024-12-08T05:25:29.001+0000] {dag.py:3239} INFO - Sync 1 DAGs
[2024-12-08T05:25:29.044+0000] {logging_mixin.py:190} INFO - [2024-12-08T05:25:29.044+0000] {dag.py:4180} INFO - Setting next_dagrun for latest_only to 2024-12-08 00:00:00+00:00, run_after=2024-12-08 04:00:00+00:00
[2024-12-08T05:25:29.074+0000] {processor.py:208} INFO - Processing /home/airflow/.local/lib/python3.12/site-packages/airflow/example_dags/example_latest_only.py took 0.142 seconds
[2024-12-08T05:26:02.495+0000] {processor.py:186} INFO - Started process (PID=3377) to work on /home/airflow/.local/lib/python3.12/site-packages/airflow/example_dags/example_latest_only.py
[2024-12-08T05:26:02.496+0000] {processor.py:914} INFO - Processing file /home/airflow/.local/lib/python3.12/site-packages/airflow/example_dags/example_latest_only.py for tasks to queue
[2024-12-08T05:26:02.499+0000] {logging_mixin.py:190} INFO - [2024-12-08T05:26:02.498+0000] {dagbag.py:588} INFO - Filling up the DagBag from /home/airflow/.local/lib/python3.12/site-packages/airflow/example_dags/example_latest_only.py
[2024-12-08T05:26:02.526+0000] {processor.py:925} INFO - DAG(s) 'latest_only' retrieved from /home/airflow/.local/lib/python3.12/site-packages/airflow/example_dags/example_latest_only.py
[2024-12-08T05:26:02.566+0000] {logging_mixin.py:190} INFO - [2024-12-08T05:26:02.566+0000] {dag.py:3239} INFO - Sync 1 DAGs
[2024-12-08T05:26:02.618+0000] {logging_mixin.py:190} INFO - [2024-12-08T05:26:02.618+0000] {dag.py:4180} INFO - Setting next_dagrun for latest_only to 2024-12-08 00:00:00+00:00, run_after=2024-12-08 04:00:00+00:00
[2024-12-08T05:26:02.651+0000] {processor.py:208} INFO - Processing /home/airflow/.local/lib/python3.12/site-packages/airflow/example_dags/example_latest_only.py took 0.169 seconds
[2024-12-08T05:26:34.302+0000] {processor.py:186} INFO - Started process (PID=3441) to work on /home/airflow/.local/lib/python3.12/site-packages/airflow/example_dags/example_latest_only.py
[2024-12-08T05:26:34.303+0000] {processor.py:914} INFO - Processing file /home/airflow/.local/lib/python3.12/site-packages/airflow/example_dags/example_latest_only.py for tasks to queue
[2024-12-08T05:26:34.305+0000] {logging_mixin.py:190} INFO - [2024-12-08T05:26:34.304+0000] {dagbag.py:588} INFO - Filling up the DagBag from /home/airflow/.local/lib/python3.12/site-packages/airflow/example_dags/example_latest_only.py
[2024-12-08T05:26:34.316+0000] {processor.py:925} INFO - DAG(s) 'latest_only' retrieved from /home/airflow/.local/lib/python3.12/site-packages/airflow/example_dags/example_latest_only.py
[2024-12-08T05:26:34.344+0000] {logging_mixin.py:190} INFO - [2024-12-08T05:26:34.343+0000] {dag.py:3239} INFO - Sync 1 DAGs
[2024-12-08T05:26:34.377+0000] {logging_mixin.py:190} INFO - [2024-12-08T05:26:34.377+0000] {dag.py:4180} INFO - Setting next_dagrun for latest_only to 2024-12-08 00:00:00+00:00, run_after=2024-12-08 04:00:00+00:00
[2024-12-08T05:26:34.399+0000] {processor.py:208} INFO - Processing /home/airflow/.local/lib/python3.12/site-packages/airflow/example_dags/example_latest_only.py took 0.105 seconds
[2024-12-08T05:27:05.374+0000] {processor.py:186} INFO - Started process (PID=3505) to work on /home/airflow/.local/lib/python3.12/site-packages/airflow/example_dags/example_latest_only.py
[2024-12-08T05:27:05.375+0000] {processor.py:914} INFO - Processing file /home/airflow/.local/lib/python3.12/site-packages/airflow/example_dags/example_latest_only.py for tasks to queue
[2024-12-08T05:27:05.377+0000] {logging_mixin.py:190} INFO - [2024-12-08T05:27:05.376+0000] {dagbag.py:588} INFO - Filling up the DagBag from /home/airflow/.local/lib/python3.12/site-packages/airflow/example_dags/example_latest_only.py
[2024-12-08T05:27:05.386+0000] {processor.py:925} INFO - DAG(s) 'latest_only' retrieved from /home/airflow/.local/lib/python3.12/site-packages/airflow/example_dags/example_latest_only.py
[2024-12-08T05:27:05.589+0000] {logging_mixin.py:190} INFO - [2024-12-08T05:27:05.589+0000] {dag.py:3239} INFO - Sync 1 DAGs
[2024-12-08T05:27:05.620+0000] {logging_mixin.py:190} INFO - [2024-12-08T05:27:05.620+0000] {dag.py:4180} INFO - Setting next_dagrun for latest_only to 2024-12-08 00:00:00+00:00, run_after=2024-12-08 04:00:00+00:00
[2024-12-08T05:27:05.641+0000] {processor.py:208} INFO - Processing /home/airflow/.local/lib/python3.12/site-packages/airflow/example_dags/example_latest_only.py took 0.275 seconds
