[2024-12-08T04:04:54.915+0000] {processor.py:186} INFO - Started process (PID=104) to work on /home/airflow/.local/lib/python3.12/site-packages/airflow/example_dags/example_skip_dag.py
[2024-12-08T04:04:54.917+0000] {processor.py:914} INFO - Processing file /home/airflow/.local/lib/python3.12/site-packages/airflow/example_dags/example_skip_dag.py for tasks to queue
[2024-12-08T04:04:54.920+0000] {logging_mixin.py:190} INFO - [2024-12-08T04:04:54.919+0000] {dagbag.py:588} INFO - Filling up the DagBag from /home/airflow/.local/lib/python3.12/site-packages/airflow/example_dags/example_skip_dag.py
[2024-12-08T04:04:54.932+0000] {processor.py:925} INFO - DAG(s) 'example_skip_dag' retrieved from /home/airflow/.local/lib/python3.12/site-packages/airflow/example_dags/example_skip_dag.py
[2024-12-08T04:04:54.958+0000] {logging_mixin.py:190} INFO - [2024-12-08T04:04:54.958+0000] {dag.py:3239} INFO - Sync 1 DAGs
[2024-12-08T04:04:54.987+0000] {logging_mixin.py:190} INFO - [2024-12-08T04:04:54.987+0000] {dag.py:4180} INFO - Setting next_dagrun for example_skip_dag to 2024-12-07 00:00:00+00:00, run_after=2024-12-08 00:00:00+00:00
[2024-12-08T04:04:55.014+0000] {processor.py:208} INFO - Processing /home/airflow/.local/lib/python3.12/site-packages/airflow/example_dags/example_skip_dag.py took 0.106 seconds
[2024-12-08T04:05:28.168+0000] {processor.py:186} INFO - Started process (PID=167) to work on /home/airflow/.local/lib/python3.12/site-packages/airflow/example_dags/example_skip_dag.py
[2024-12-08T04:05:28.170+0000] {processor.py:914} INFO - Processing file /home/airflow/.local/lib/python3.12/site-packages/airflow/example_dags/example_skip_dag.py for tasks to queue
[2024-12-08T04:05:28.175+0000] {logging_mixin.py:190} INFO - [2024-12-08T04:05:28.174+0000] {dagbag.py:588} INFO - Filling up the DagBag from /home/airflow/.local/lib/python3.12/site-packages/airflow/example_dags/example_skip_dag.py
[2024-12-08T04:05:28.190+0000] {processor.py:925} INFO - DAG(s) 'example_skip_dag' retrieved from /home/airflow/.local/lib/python3.12/site-packages/airflow/example_dags/example_skip_dag.py
[2024-12-08T04:05:28.221+0000] {logging_mixin.py:190} INFO - [2024-12-08T04:05:28.221+0000] {dag.py:3239} INFO - Sync 1 DAGs
[2024-12-08T04:05:28.256+0000] {logging_mixin.py:190} INFO - [2024-12-08T04:05:28.255+0000] {dag.py:4180} INFO - Setting next_dagrun for example_skip_dag to 2024-12-07 00:00:00+00:00, run_after=2024-12-08 00:00:00+00:00
[2024-12-08T04:05:28.285+0000] {processor.py:208} INFO - Processing /home/airflow/.local/lib/python3.12/site-packages/airflow/example_dags/example_skip_dag.py took 0.127 seconds
[2024-12-08T04:05:59.010+0000] {processor.py:186} INFO - Started process (PID=230) to work on /home/airflow/.local/lib/python3.12/site-packages/airflow/example_dags/example_skip_dag.py
[2024-12-08T04:05:59.012+0000] {processor.py:914} INFO - Processing file /home/airflow/.local/lib/python3.12/site-packages/airflow/example_dags/example_skip_dag.py for tasks to queue
[2024-12-08T04:05:59.017+0000] {logging_mixin.py:190} INFO - [2024-12-08T04:05:59.016+0000] {dagbag.py:588} INFO - Filling up the DagBag from /home/airflow/.local/lib/python3.12/site-packages/airflow/example_dags/example_skip_dag.py
[2024-12-08T04:05:59.031+0000] {processor.py:925} INFO - DAG(s) 'example_skip_dag' retrieved from /home/airflow/.local/lib/python3.12/site-packages/airflow/example_dags/example_skip_dag.py
[2024-12-08T04:05:59.069+0000] {logging_mixin.py:190} INFO - [2024-12-08T04:05:59.069+0000] {dag.py:3239} INFO - Sync 1 DAGs
[2024-12-08T04:05:59.123+0000] {logging_mixin.py:190} INFO - [2024-12-08T04:05:59.123+0000] {dag.py:4180} INFO - Setting next_dagrun for example_skip_dag to 2024-12-07 00:00:00+00:00, run_after=2024-12-08 00:00:00+00:00
[2024-12-08T04:05:59.158+0000] {processor.py:208} INFO - Processing /home/airflow/.local/lib/python3.12/site-packages/airflow/example_dags/example_skip_dag.py took 0.158 seconds
[2024-12-08T04:06:30.631+0000] {processor.py:186} INFO - Started process (PID=293) to work on /home/airflow/.local/lib/python3.12/site-packages/airflow/example_dags/example_skip_dag.py
[2024-12-08T04:06:30.634+0000] {processor.py:914} INFO - Processing file /home/airflow/.local/lib/python3.12/site-packages/airflow/example_dags/example_skip_dag.py for tasks to queue
[2024-12-08T04:06:30.640+0000] {logging_mixin.py:190} INFO - [2024-12-08T04:06:30.639+0000] {dagbag.py:588} INFO - Filling up the DagBag from /home/airflow/.local/lib/python3.12/site-packages/airflow/example_dags/example_skip_dag.py
[2024-12-08T04:06:30.661+0000] {processor.py:925} INFO - DAG(s) 'example_skip_dag' retrieved from /home/airflow/.local/lib/python3.12/site-packages/airflow/example_dags/example_skip_dag.py
[2024-12-08T04:06:30.725+0000] {logging_mixin.py:190} INFO - [2024-12-08T04:06:30.724+0000] {dag.py:3239} INFO - Sync 1 DAGs
[2024-12-08T04:06:30.793+0000] {logging_mixin.py:190} INFO - [2024-12-08T04:06:30.793+0000] {dag.py:4180} INFO - Setting next_dagrun for example_skip_dag to 2024-12-07 00:00:00+00:00, run_after=2024-12-08 00:00:00+00:00
[2024-12-08T04:06:30.832+0000] {processor.py:208} INFO - Processing /home/airflow/.local/lib/python3.12/site-packages/airflow/example_dags/example_skip_dag.py took 0.217 seconds
[2024-12-08T04:07:01.789+0000] {processor.py:186} INFO - Started process (PID=356) to work on /home/airflow/.local/lib/python3.12/site-packages/airflow/example_dags/example_skip_dag.py
[2024-12-08T04:07:01.791+0000] {processor.py:914} INFO - Processing file /home/airflow/.local/lib/python3.12/site-packages/airflow/example_dags/example_skip_dag.py for tasks to queue
[2024-12-08T04:07:01.795+0000] {logging_mixin.py:190} INFO - [2024-12-08T04:07:01.794+0000] {dagbag.py:588} INFO - Filling up the DagBag from /home/airflow/.local/lib/python3.12/site-packages/airflow/example_dags/example_skip_dag.py
[2024-12-08T04:07:01.806+0000] {processor.py:925} INFO - DAG(s) 'example_skip_dag' retrieved from /home/airflow/.local/lib/python3.12/site-packages/airflow/example_dags/example_skip_dag.py
[2024-12-08T04:07:01.844+0000] {logging_mixin.py:190} INFO - [2024-12-08T04:07:01.844+0000] {dag.py:3239} INFO - Sync 1 DAGs
[2024-12-08T04:07:01.875+0000] {logging_mixin.py:190} INFO - [2024-12-08T04:07:01.875+0000] {dag.py:4180} INFO - Setting next_dagrun for example_skip_dag to 2024-12-07 00:00:00+00:00, run_after=2024-12-08 00:00:00+00:00
[2024-12-08T04:07:01.898+0000] {processor.py:208} INFO - Processing /home/airflow/.local/lib/python3.12/site-packages/airflow/example_dags/example_skip_dag.py took 0.119 seconds
[2024-12-08T04:07:32.745+0000] {processor.py:186} INFO - Started process (PID=419) to work on /home/airflow/.local/lib/python3.12/site-packages/airflow/example_dags/example_skip_dag.py
[2024-12-08T04:07:32.747+0000] {processor.py:914} INFO - Processing file /home/airflow/.local/lib/python3.12/site-packages/airflow/example_dags/example_skip_dag.py for tasks to queue
[2024-12-08T04:07:32.750+0000] {logging_mixin.py:190} INFO - [2024-12-08T04:07:32.750+0000] {dagbag.py:588} INFO - Filling up the DagBag from /home/airflow/.local/lib/python3.12/site-packages/airflow/example_dags/example_skip_dag.py
[2024-12-08T04:07:32.760+0000] {processor.py:925} INFO - DAG(s) 'example_skip_dag' retrieved from /home/airflow/.local/lib/python3.12/site-packages/airflow/example_dags/example_skip_dag.py
[2024-12-08T04:07:32.785+0000] {logging_mixin.py:190} INFO - [2024-12-08T04:07:32.785+0000] {dag.py:3239} INFO - Sync 1 DAGs
[2024-12-08T04:07:32.813+0000] {logging_mixin.py:190} INFO - [2024-12-08T04:07:32.813+0000] {dag.py:4180} INFO - Setting next_dagrun for example_skip_dag to 2024-12-07 00:00:00+00:00, run_after=2024-12-08 00:00:00+00:00
[2024-12-08T04:07:32.835+0000] {processor.py:208} INFO - Processing /home/airflow/.local/lib/python3.12/site-packages/airflow/example_dags/example_skip_dag.py took 0.096 seconds
[2024-12-08T04:08:04.383+0000] {processor.py:186} INFO - Started process (PID=482) to work on /home/airflow/.local/lib/python3.12/site-packages/airflow/example_dags/example_skip_dag.py
[2024-12-08T04:08:04.384+0000] {processor.py:914} INFO - Processing file /home/airflow/.local/lib/python3.12/site-packages/airflow/example_dags/example_skip_dag.py for tasks to queue
[2024-12-08T04:08:04.387+0000] {logging_mixin.py:190} INFO - [2024-12-08T04:08:04.387+0000] {dagbag.py:588} INFO - Filling up the DagBag from /home/airflow/.local/lib/python3.12/site-packages/airflow/example_dags/example_skip_dag.py
[2024-12-08T04:08:04.398+0000] {processor.py:925} INFO - DAG(s) 'example_skip_dag' retrieved from /home/airflow/.local/lib/python3.12/site-packages/airflow/example_dags/example_skip_dag.py
[2024-12-08T04:08:04.425+0000] {logging_mixin.py:190} INFO - [2024-12-08T04:08:04.424+0000] {dag.py:3239} INFO - Sync 1 DAGs
[2024-12-08T04:08:04.451+0000] {logging_mixin.py:190} INFO - [2024-12-08T04:08:04.451+0000] {dag.py:4180} INFO - Setting next_dagrun for example_skip_dag to 2024-12-07 00:00:00+00:00, run_after=2024-12-08 00:00:00+00:00
[2024-12-08T04:08:04.472+0000] {processor.py:208} INFO - Processing /home/airflow/.local/lib/python3.12/site-packages/airflow/example_dags/example_skip_dag.py took 0.098 seconds
[2024-12-08T04:08:35.372+0000] {processor.py:186} INFO - Started process (PID=545) to work on /home/airflow/.local/lib/python3.12/site-packages/airflow/example_dags/example_skip_dag.py
[2024-12-08T04:08:35.374+0000] {processor.py:914} INFO - Processing file /home/airflow/.local/lib/python3.12/site-packages/airflow/example_dags/example_skip_dag.py for tasks to queue
[2024-12-08T04:08:35.377+0000] {logging_mixin.py:190} INFO - [2024-12-08T04:08:35.377+0000] {dagbag.py:588} INFO - Filling up the DagBag from /home/airflow/.local/lib/python3.12/site-packages/airflow/example_dags/example_skip_dag.py
[2024-12-08T04:08:35.387+0000] {processor.py:925} INFO - DAG(s) 'example_skip_dag' retrieved from /home/airflow/.local/lib/python3.12/site-packages/airflow/example_dags/example_skip_dag.py
[2024-12-08T04:08:35.412+0000] {logging_mixin.py:190} INFO - [2024-12-08T04:08:35.412+0000] {dag.py:3239} INFO - Sync 1 DAGs
[2024-12-08T04:08:35.438+0000] {logging_mixin.py:190} INFO - [2024-12-08T04:08:35.438+0000] {dag.py:4180} INFO - Setting next_dagrun for example_skip_dag to 2024-12-07 00:00:00+00:00, run_after=2024-12-08 00:00:00+00:00
[2024-12-08T04:08:35.460+0000] {processor.py:208} INFO - Processing /home/airflow/.local/lib/python3.12/site-packages/airflow/example_dags/example_skip_dag.py took 0.095 seconds
[2024-12-08T04:09:06.633+0000] {processor.py:186} INFO - Started process (PID=607) to work on /home/airflow/.local/lib/python3.12/site-packages/airflow/example_dags/example_skip_dag.py
[2024-12-08T04:09:06.634+0000] {processor.py:914} INFO - Processing file /home/airflow/.local/lib/python3.12/site-packages/airflow/example_dags/example_skip_dag.py for tasks to queue
[2024-12-08T04:09:06.637+0000] {logging_mixin.py:190} INFO - [2024-12-08T04:09:06.637+0000] {dagbag.py:588} INFO - Filling up the DagBag from /home/airflow/.local/lib/python3.12/site-packages/airflow/example_dags/example_skip_dag.py
[2024-12-08T04:09:06.650+0000] {processor.py:925} INFO - DAG(s) 'example_skip_dag' retrieved from /home/airflow/.local/lib/python3.12/site-packages/airflow/example_dags/example_skip_dag.py
[2024-12-08T04:09:06.686+0000] {logging_mixin.py:190} INFO - [2024-12-08T04:09:06.685+0000] {dag.py:3239} INFO - Sync 1 DAGs
[2024-12-08T04:09:06.748+0000] {logging_mixin.py:190} INFO - [2024-12-08T04:09:06.748+0000] {dag.py:4180} INFO - Setting next_dagrun for example_skip_dag to 2024-12-07 00:00:00+00:00, run_after=2024-12-08 00:00:00+00:00
[2024-12-08T04:09:06.780+0000] {processor.py:208} INFO - Processing /home/airflow/.local/lib/python3.12/site-packages/airflow/example_dags/example_skip_dag.py took 0.154 seconds
[2024-12-08T04:09:37.966+0000] {processor.py:186} INFO - Started process (PID=670) to work on /home/airflow/.local/lib/python3.12/site-packages/airflow/example_dags/example_skip_dag.py
[2024-12-08T04:09:37.968+0000] {processor.py:914} INFO - Processing file /home/airflow/.local/lib/python3.12/site-packages/airflow/example_dags/example_skip_dag.py for tasks to queue
[2024-12-08T04:09:37.973+0000] {logging_mixin.py:190} INFO - [2024-12-08T04:09:37.972+0000] {dagbag.py:588} INFO - Filling up the DagBag from /home/airflow/.local/lib/python3.12/site-packages/airflow/example_dags/example_skip_dag.py
[2024-12-08T04:09:37.991+0000] {processor.py:925} INFO - DAG(s) 'example_skip_dag' retrieved from /home/airflow/.local/lib/python3.12/site-packages/airflow/example_dags/example_skip_dag.py
[2024-12-08T04:09:38.030+0000] {logging_mixin.py:190} INFO - [2024-12-08T04:09:38.030+0000] {dag.py:3239} INFO - Sync 1 DAGs
[2024-12-08T04:09:38.067+0000] {logging_mixin.py:190} INFO - [2024-12-08T04:09:38.067+0000] {dag.py:4180} INFO - Setting next_dagrun for example_skip_dag to 2024-12-07 00:00:00+00:00, run_after=2024-12-08 00:00:00+00:00
[2024-12-08T04:09:38.095+0000] {processor.py:208} INFO - Processing /home/airflow/.local/lib/python3.12/site-packages/airflow/example_dags/example_skip_dag.py took 0.139 seconds
[2024-12-08T04:10:09.698+0000] {processor.py:186} INFO - Started process (PID=739) to work on /home/airflow/.local/lib/python3.12/site-packages/airflow/example_dags/example_skip_dag.py
[2024-12-08T04:10:09.703+0000] {processor.py:914} INFO - Processing file /home/airflow/.local/lib/python3.12/site-packages/airflow/example_dags/example_skip_dag.py for tasks to queue
[2024-12-08T04:10:09.714+0000] {logging_mixin.py:190} INFO - [2024-12-08T04:10:09.712+0000] {dagbag.py:588} INFO - Filling up the DagBag from /home/airflow/.local/lib/python3.12/site-packages/airflow/example_dags/example_skip_dag.py
[2024-12-08T04:10:09.752+0000] {processor.py:925} INFO - DAG(s) 'example_skip_dag' retrieved from /home/airflow/.local/lib/python3.12/site-packages/airflow/example_dags/example_skip_dag.py
[2024-12-08T04:10:09.861+0000] {logging_mixin.py:190} INFO - [2024-12-08T04:10:09.861+0000] {dag.py:3239} INFO - Sync 1 DAGs
[2024-12-08T04:10:09.928+0000] {logging_mixin.py:190} INFO - [2024-12-08T04:10:09.927+0000] {dag.py:4180} INFO - Setting next_dagrun for example_skip_dag to 2024-12-07 00:00:00+00:00, run_after=2024-12-08 00:00:00+00:00
[2024-12-08T04:10:09.971+0000] {processor.py:208} INFO - Processing /home/airflow/.local/lib/python3.12/site-packages/airflow/example_dags/example_skip_dag.py took 0.298 seconds
[2024-12-08T04:10:42.209+0000] {processor.py:186} INFO - Started process (PID=802) to work on /home/airflow/.local/lib/python3.12/site-packages/airflow/example_dags/example_skip_dag.py
[2024-12-08T04:10:42.213+0000] {processor.py:914} INFO - Processing file /home/airflow/.local/lib/python3.12/site-packages/airflow/example_dags/example_skip_dag.py for tasks to queue
[2024-12-08T04:10:42.224+0000] {logging_mixin.py:190} INFO - [2024-12-08T04:10:42.222+0000] {dagbag.py:588} INFO - Filling up the DagBag from /home/airflow/.local/lib/python3.12/site-packages/airflow/example_dags/example_skip_dag.py
[2024-12-08T04:10:42.248+0000] {processor.py:925} INFO - DAG(s) 'example_skip_dag' retrieved from /home/airflow/.local/lib/python3.12/site-packages/airflow/example_dags/example_skip_dag.py
[2024-12-08T04:10:42.301+0000] {logging_mixin.py:190} INFO - [2024-12-08T04:10:42.300+0000] {dag.py:3239} INFO - Sync 1 DAGs
[2024-12-08T04:10:42.328+0000] {logging_mixin.py:190} INFO - [2024-12-08T04:10:42.328+0000] {dag.py:4180} INFO - Setting next_dagrun for example_skip_dag to 2024-12-07 00:00:00+00:00, run_after=2024-12-08 00:00:00+00:00
[2024-12-08T04:10:42.350+0000] {processor.py:208} INFO - Processing /home/airflow/.local/lib/python3.12/site-packages/airflow/example_dags/example_skip_dag.py took 0.155 seconds
[2024-12-08T04:11:13.336+0000] {processor.py:186} INFO - Started process (PID=865) to work on /home/airflow/.local/lib/python3.12/site-packages/airflow/example_dags/example_skip_dag.py
[2024-12-08T04:11:13.339+0000] {processor.py:914} INFO - Processing file /home/airflow/.local/lib/python3.12/site-packages/airflow/example_dags/example_skip_dag.py for tasks to queue
[2024-12-08T04:11:13.346+0000] {logging_mixin.py:190} INFO - [2024-12-08T04:11:13.345+0000] {dagbag.py:588} INFO - Filling up the DagBag from /home/airflow/.local/lib/python3.12/site-packages/airflow/example_dags/example_skip_dag.py
[2024-12-08T04:11:13.366+0000] {processor.py:925} INFO - DAG(s) 'example_skip_dag' retrieved from /home/airflow/.local/lib/python3.12/site-packages/airflow/example_dags/example_skip_dag.py
[2024-12-08T04:11:13.432+0000] {logging_mixin.py:190} INFO - [2024-12-08T04:11:13.431+0000] {dag.py:3239} INFO - Sync 1 DAGs
[2024-12-08T04:11:13.506+0000] {logging_mixin.py:190} INFO - [2024-12-08T04:11:13.505+0000] {dag.py:4180} INFO - Setting next_dagrun for example_skip_dag to 2024-12-07 00:00:00+00:00, run_after=2024-12-08 00:00:00+00:00
[2024-12-08T04:11:13.548+0000] {processor.py:208} INFO - Processing /home/airflow/.local/lib/python3.12/site-packages/airflow/example_dags/example_skip_dag.py took 0.230 seconds
[2024-12-08T04:11:43.848+0000] {processor.py:186} INFO - Started process (PID=928) to work on /home/airflow/.local/lib/python3.12/site-packages/airflow/example_dags/example_skip_dag.py
[2024-12-08T04:11:43.850+0000] {processor.py:914} INFO - Processing file /home/airflow/.local/lib/python3.12/site-packages/airflow/example_dags/example_skip_dag.py for tasks to queue
[2024-12-08T04:11:43.853+0000] {logging_mixin.py:190} INFO - [2024-12-08T04:11:43.853+0000] {dagbag.py:588} INFO - Filling up the DagBag from /home/airflow/.local/lib/python3.12/site-packages/airflow/example_dags/example_skip_dag.py
[2024-12-08T04:11:43.864+0000] {processor.py:925} INFO - DAG(s) 'example_skip_dag' retrieved from /home/airflow/.local/lib/python3.12/site-packages/airflow/example_dags/example_skip_dag.py
[2024-12-08T04:11:43.895+0000] {logging_mixin.py:190} INFO - [2024-12-08T04:11:43.895+0000] {dag.py:3239} INFO - Sync 1 DAGs
[2024-12-08T04:11:43.928+0000] {logging_mixin.py:190} INFO - [2024-12-08T04:11:43.928+0000] {dag.py:4180} INFO - Setting next_dagrun for example_skip_dag to 2024-12-07 00:00:00+00:00, run_after=2024-12-08 00:00:00+00:00
[2024-12-08T04:11:43.955+0000] {processor.py:208} INFO - Processing /home/airflow/.local/lib/python3.12/site-packages/airflow/example_dags/example_skip_dag.py took 0.115 seconds
[2024-12-08T04:12:15.211+0000] {processor.py:186} INFO - Started process (PID=991) to work on /home/airflow/.local/lib/python3.12/site-packages/airflow/example_dags/example_skip_dag.py
[2024-12-08T04:12:15.213+0000] {processor.py:914} INFO - Processing file /home/airflow/.local/lib/python3.12/site-packages/airflow/example_dags/example_skip_dag.py for tasks to queue
[2024-12-08T04:12:15.216+0000] {logging_mixin.py:190} INFO - [2024-12-08T04:12:15.216+0000] {dagbag.py:588} INFO - Filling up the DagBag from /home/airflow/.local/lib/python3.12/site-packages/airflow/example_dags/example_skip_dag.py
[2024-12-08T04:12:15.226+0000] {processor.py:925} INFO - DAG(s) 'example_skip_dag' retrieved from /home/airflow/.local/lib/python3.12/site-packages/airflow/example_dags/example_skip_dag.py
[2024-12-08T04:12:15.252+0000] {logging_mixin.py:190} INFO - [2024-12-08T04:12:15.252+0000] {dag.py:3239} INFO - Sync 1 DAGs
[2024-12-08T04:12:15.280+0000] {logging_mixin.py:190} INFO - [2024-12-08T04:12:15.280+0000] {dag.py:4180} INFO - Setting next_dagrun for example_skip_dag to 2024-12-07 00:00:00+00:00, run_after=2024-12-08 00:00:00+00:00
[2024-12-08T04:12:15.302+0000] {processor.py:208} INFO - Processing /home/airflow/.local/lib/python3.12/site-packages/airflow/example_dags/example_skip_dag.py took 0.098 seconds
[2024-12-08T04:12:47.204+0000] {processor.py:186} INFO - Started process (PID=1055) to work on /home/airflow/.local/lib/python3.12/site-packages/airflow/example_dags/example_skip_dag.py
[2024-12-08T04:12:47.205+0000] {processor.py:914} INFO - Processing file /home/airflow/.local/lib/python3.12/site-packages/airflow/example_dags/example_skip_dag.py for tasks to queue
[2024-12-08T04:12:47.208+0000] {logging_mixin.py:190} INFO - [2024-12-08T04:12:47.207+0000] {dagbag.py:588} INFO - Filling up the DagBag from /home/airflow/.local/lib/python3.12/site-packages/airflow/example_dags/example_skip_dag.py
[2024-12-08T04:12:47.217+0000] {processor.py:925} INFO - DAG(s) 'example_skip_dag' retrieved from /home/airflow/.local/lib/python3.12/site-packages/airflow/example_dags/example_skip_dag.py
[2024-12-08T04:12:47.258+0000] {logging_mixin.py:190} INFO - [2024-12-08T04:12:47.258+0000] {dag.py:3239} INFO - Sync 1 DAGs
[2024-12-08T04:12:47.307+0000] {logging_mixin.py:190} INFO - [2024-12-08T04:12:47.307+0000] {dag.py:4180} INFO - Setting next_dagrun for example_skip_dag to 2024-12-07 00:00:00+00:00, run_after=2024-12-08 00:00:00+00:00
[2024-12-08T04:12:47.345+0000] {processor.py:208} INFO - Processing /home/airflow/.local/lib/python3.12/site-packages/airflow/example_dags/example_skip_dag.py took 0.148 seconds
[2024-12-08T04:13:19.002+0000] {processor.py:186} INFO - Started process (PID=1118) to work on /home/airflow/.local/lib/python3.12/site-packages/airflow/example_dags/example_skip_dag.py
[2024-12-08T04:13:19.003+0000] {processor.py:914} INFO - Processing file /home/airflow/.local/lib/python3.12/site-packages/airflow/example_dags/example_skip_dag.py for tasks to queue
[2024-12-08T04:13:19.007+0000] {logging_mixin.py:190} INFO - [2024-12-08T04:13:19.006+0000] {dagbag.py:588} INFO - Filling up the DagBag from /home/airflow/.local/lib/python3.12/site-packages/airflow/example_dags/example_skip_dag.py
[2024-12-08T04:13:19.020+0000] {processor.py:925} INFO - DAG(s) 'example_skip_dag' retrieved from /home/airflow/.local/lib/python3.12/site-packages/airflow/example_dags/example_skip_dag.py
[2024-12-08T04:13:19.055+0000] {logging_mixin.py:190} INFO - [2024-12-08T04:13:19.055+0000] {dag.py:3239} INFO - Sync 1 DAGs
[2024-12-08T04:13:19.101+0000] {logging_mixin.py:190} INFO - [2024-12-08T04:13:19.101+0000] {dag.py:4180} INFO - Setting next_dagrun for example_skip_dag to 2024-12-07 00:00:00+00:00, run_after=2024-12-08 00:00:00+00:00
[2024-12-08T04:13:19.130+0000] {processor.py:208} INFO - Processing /home/airflow/.local/lib/python3.12/site-packages/airflow/example_dags/example_skip_dag.py took 0.138 seconds
[2024-12-08T04:13:50.577+0000] {processor.py:186} INFO - Started process (PID=1180) to work on /home/airflow/.local/lib/python3.12/site-packages/airflow/example_dags/example_skip_dag.py
[2024-12-08T04:13:50.580+0000] {processor.py:914} INFO - Processing file /home/airflow/.local/lib/python3.12/site-packages/airflow/example_dags/example_skip_dag.py for tasks to queue
[2024-12-08T04:13:50.583+0000] {logging_mixin.py:190} INFO - [2024-12-08T04:13:50.583+0000] {dagbag.py:588} INFO - Filling up the DagBag from /home/airflow/.local/lib/python3.12/site-packages/airflow/example_dags/example_skip_dag.py
[2024-12-08T04:13:50.595+0000] {processor.py:925} INFO - DAG(s) 'example_skip_dag' retrieved from /home/airflow/.local/lib/python3.12/site-packages/airflow/example_dags/example_skip_dag.py
[2024-12-08T04:13:50.623+0000] {logging_mixin.py:190} INFO - [2024-12-08T04:13:50.622+0000] {dag.py:3239} INFO - Sync 1 DAGs
[2024-12-08T04:13:50.652+0000] {logging_mixin.py:190} INFO - [2024-12-08T04:13:50.651+0000] {dag.py:4180} INFO - Setting next_dagrun for example_skip_dag to 2024-12-07 00:00:00+00:00, run_after=2024-12-08 00:00:00+00:00
[2024-12-08T04:13:50.675+0000] {processor.py:208} INFO - Processing /home/airflow/.local/lib/python3.12/site-packages/airflow/example_dags/example_skip_dag.py took 0.107 seconds
[2024-12-08T04:14:22.128+0000] {processor.py:186} INFO - Started process (PID=1243) to work on /home/airflow/.local/lib/python3.12/site-packages/airflow/example_dags/example_skip_dag.py
[2024-12-08T04:14:22.129+0000] {processor.py:914} INFO - Processing file /home/airflow/.local/lib/python3.12/site-packages/airflow/example_dags/example_skip_dag.py for tasks to queue
[2024-12-08T04:14:22.133+0000] {logging_mixin.py:190} INFO - [2024-12-08T04:14:22.132+0000] {dagbag.py:588} INFO - Filling up the DagBag from /home/airflow/.local/lib/python3.12/site-packages/airflow/example_dags/example_skip_dag.py
[2024-12-08T04:14:22.145+0000] {processor.py:925} INFO - DAG(s) 'example_skip_dag' retrieved from /home/airflow/.local/lib/python3.12/site-packages/airflow/example_dags/example_skip_dag.py
[2024-12-08T04:14:22.178+0000] {logging_mixin.py:190} INFO - [2024-12-08T04:14:22.178+0000] {dag.py:3239} INFO - Sync 1 DAGs
[2024-12-08T04:14:22.217+0000] {logging_mixin.py:190} INFO - [2024-12-08T04:14:22.216+0000] {dag.py:4180} INFO - Setting next_dagrun for example_skip_dag to 2024-12-07 00:00:00+00:00, run_after=2024-12-08 00:00:00+00:00
[2024-12-08T04:14:22.243+0000] {processor.py:208} INFO - Processing /home/airflow/.local/lib/python3.12/site-packages/airflow/example_dags/example_skip_dag.py took 0.127 seconds
[2024-12-08T04:14:53.278+0000] {processor.py:186} INFO - Started process (PID=1306) to work on /home/airflow/.local/lib/python3.12/site-packages/airflow/example_dags/example_skip_dag.py
[2024-12-08T04:14:53.279+0000] {processor.py:914} INFO - Processing file /home/airflow/.local/lib/python3.12/site-packages/airflow/example_dags/example_skip_dag.py for tasks to queue
[2024-12-08T04:14:53.282+0000] {logging_mixin.py:190} INFO - [2024-12-08T04:14:53.282+0000] {dagbag.py:588} INFO - Filling up the DagBag from /home/airflow/.local/lib/python3.12/site-packages/airflow/example_dags/example_skip_dag.py
[2024-12-08T04:14:53.291+0000] {processor.py:925} INFO - DAG(s) 'example_skip_dag' retrieved from /home/airflow/.local/lib/python3.12/site-packages/airflow/example_dags/example_skip_dag.py
[2024-12-08T04:14:53.317+0000] {logging_mixin.py:190} INFO - [2024-12-08T04:14:53.317+0000] {dag.py:3239} INFO - Sync 1 DAGs
[2024-12-08T04:14:53.347+0000] {logging_mixin.py:190} INFO - [2024-12-08T04:14:53.347+0000] {dag.py:4180} INFO - Setting next_dagrun for example_skip_dag to 2024-12-07 00:00:00+00:00, run_after=2024-12-08 00:00:00+00:00
[2024-12-08T04:14:53.371+0000] {processor.py:208} INFO - Processing /home/airflow/.local/lib/python3.12/site-packages/airflow/example_dags/example_skip_dag.py took 0.099 seconds
[2024-12-08T04:15:24.529+0000] {processor.py:186} INFO - Started process (PID=1369) to work on /home/airflow/.local/lib/python3.12/site-packages/airflow/example_dags/example_skip_dag.py
[2024-12-08T04:15:24.530+0000] {processor.py:914} INFO - Processing file /home/airflow/.local/lib/python3.12/site-packages/airflow/example_dags/example_skip_dag.py for tasks to queue
[2024-12-08T04:15:24.533+0000] {logging_mixin.py:190} INFO - [2024-12-08T04:15:24.533+0000] {dagbag.py:588} INFO - Filling up the DagBag from /home/airflow/.local/lib/python3.12/site-packages/airflow/example_dags/example_skip_dag.py
[2024-12-08T04:15:24.543+0000] {processor.py:925} INFO - DAG(s) 'example_skip_dag' retrieved from /home/airflow/.local/lib/python3.12/site-packages/airflow/example_dags/example_skip_dag.py
[2024-12-08T04:15:24.571+0000] {logging_mixin.py:190} INFO - [2024-12-08T04:15:24.571+0000] {dag.py:3239} INFO - Sync 1 DAGs
[2024-12-08T04:15:24.599+0000] {logging_mixin.py:190} INFO - [2024-12-08T04:15:24.599+0000] {dag.py:4180} INFO - Setting next_dagrun for example_skip_dag to 2024-12-07 00:00:00+00:00, run_after=2024-12-08 00:00:00+00:00
[2024-12-08T04:15:24.622+0000] {processor.py:208} INFO - Processing /home/airflow/.local/lib/python3.12/site-packages/airflow/example_dags/example_skip_dag.py took 0.103 seconds
[2024-12-08T04:15:56.122+0000] {processor.py:186} INFO - Started process (PID=1432) to work on /home/airflow/.local/lib/python3.12/site-packages/airflow/example_dags/example_skip_dag.py
[2024-12-08T04:15:56.124+0000] {processor.py:914} INFO - Processing file /home/airflow/.local/lib/python3.12/site-packages/airflow/example_dags/example_skip_dag.py for tasks to queue
[2024-12-08T04:15:56.129+0000] {logging_mixin.py:190} INFO - [2024-12-08T04:15:56.129+0000] {dagbag.py:588} INFO - Filling up the DagBag from /home/airflow/.local/lib/python3.12/site-packages/airflow/example_dags/example_skip_dag.py
[2024-12-08T04:15:56.148+0000] {processor.py:925} INFO - DAG(s) 'example_skip_dag' retrieved from /home/airflow/.local/lib/python3.12/site-packages/airflow/example_dags/example_skip_dag.py
[2024-12-08T04:15:56.196+0000] {logging_mixin.py:190} INFO - [2024-12-08T04:15:56.195+0000] {dag.py:3239} INFO - Sync 1 DAGs
[2024-12-08T04:15:56.249+0000] {logging_mixin.py:190} INFO - [2024-12-08T04:15:56.249+0000] {dag.py:4180} INFO - Setting next_dagrun for example_skip_dag to 2024-12-07 00:00:00+00:00, run_after=2024-12-08 00:00:00+00:00
[2024-12-08T04:15:56.289+0000] {processor.py:208} INFO - Processing /home/airflow/.local/lib/python3.12/site-packages/airflow/example_dags/example_skip_dag.py took 0.180 seconds
[2024-12-08T04:16:27.866+0000] {processor.py:186} INFO - Started process (PID=1495) to work on /home/airflow/.local/lib/python3.12/site-packages/airflow/example_dags/example_skip_dag.py
[2024-12-08T04:16:27.868+0000] {processor.py:914} INFO - Processing file /home/airflow/.local/lib/python3.12/site-packages/airflow/example_dags/example_skip_dag.py for tasks to queue
[2024-12-08T04:16:27.871+0000] {logging_mixin.py:190} INFO - [2024-12-08T04:16:27.871+0000] {dagbag.py:588} INFO - Filling up the DagBag from /home/airflow/.local/lib/python3.12/site-packages/airflow/example_dags/example_skip_dag.py
[2024-12-08T04:16:27.881+0000] {processor.py:925} INFO - DAG(s) 'example_skip_dag' retrieved from /home/airflow/.local/lib/python3.12/site-packages/airflow/example_dags/example_skip_dag.py
[2024-12-08T04:16:27.908+0000] {logging_mixin.py:190} INFO - [2024-12-08T04:16:27.908+0000] {dag.py:3239} INFO - Sync 1 DAGs
[2024-12-08T04:16:27.937+0000] {logging_mixin.py:190} INFO - [2024-12-08T04:16:27.937+0000] {dag.py:4180} INFO - Setting next_dagrun for example_skip_dag to 2024-12-07 00:00:00+00:00, run_after=2024-12-08 00:00:00+00:00
[2024-12-08T04:16:27.960+0000] {processor.py:208} INFO - Processing /home/airflow/.local/lib/python3.12/site-packages/airflow/example_dags/example_skip_dag.py took 0.101 seconds
[2024-12-08T04:17:00.377+0000] {processor.py:186} INFO - Started process (PID=1558) to work on /home/airflow/.local/lib/python3.12/site-packages/airflow/example_dags/example_skip_dag.py
[2024-12-08T04:17:00.378+0000] {processor.py:914} INFO - Processing file /home/airflow/.local/lib/python3.12/site-packages/airflow/example_dags/example_skip_dag.py for tasks to queue
[2024-12-08T04:17:00.383+0000] {logging_mixin.py:190} INFO - [2024-12-08T04:17:00.382+0000] {dagbag.py:588} INFO - Filling up the DagBag from /home/airflow/.local/lib/python3.12/site-packages/airflow/example_dags/example_skip_dag.py
[2024-12-08T04:17:00.397+0000] {processor.py:925} INFO - DAG(s) 'example_skip_dag' retrieved from /home/airflow/.local/lib/python3.12/site-packages/airflow/example_dags/example_skip_dag.py
[2024-12-08T04:17:00.446+0000] {logging_mixin.py:190} INFO - [2024-12-08T04:17:00.445+0000] {dag.py:3239} INFO - Sync 1 DAGs
[2024-12-08T04:17:00.482+0000] {logging_mixin.py:190} INFO - [2024-12-08T04:17:00.482+0000] {dag.py:4180} INFO - Setting next_dagrun for example_skip_dag to 2024-12-07 00:00:00+00:00, run_after=2024-12-08 00:00:00+00:00
[2024-12-08T04:17:00.511+0000] {processor.py:208} INFO - Processing /home/airflow/.local/lib/python3.12/site-packages/airflow/example_dags/example_skip_dag.py took 0.146 seconds
[2024-12-08T04:17:31.917+0000] {processor.py:186} INFO - Started process (PID=1622) to work on /home/airflow/.local/lib/python3.12/site-packages/airflow/example_dags/example_skip_dag.py
[2024-12-08T04:17:31.920+0000] {processor.py:914} INFO - Processing file /home/airflow/.local/lib/python3.12/site-packages/airflow/example_dags/example_skip_dag.py for tasks to queue
[2024-12-08T04:17:31.925+0000] {logging_mixin.py:190} INFO - [2024-12-08T04:17:31.924+0000] {dagbag.py:588} INFO - Filling up the DagBag from /home/airflow/.local/lib/python3.12/site-packages/airflow/example_dags/example_skip_dag.py
[2024-12-08T04:17:31.936+0000] {processor.py:925} INFO - DAG(s) 'example_skip_dag' retrieved from /home/airflow/.local/lib/python3.12/site-packages/airflow/example_dags/example_skip_dag.py
[2024-12-08T04:17:31.964+0000] {logging_mixin.py:190} INFO - [2024-12-08T04:17:31.963+0000] {dag.py:3239} INFO - Sync 1 DAGs
[2024-12-08T04:17:31.995+0000] {logging_mixin.py:190} INFO - [2024-12-08T04:17:31.995+0000] {dag.py:4180} INFO - Setting next_dagrun for example_skip_dag to 2024-12-07 00:00:00+00:00, run_after=2024-12-08 00:00:00+00:00
[2024-12-08T04:17:32.018+0000] {processor.py:208} INFO - Processing /home/airflow/.local/lib/python3.12/site-packages/airflow/example_dags/example_skip_dag.py took 0.122 seconds
[2024-12-08T04:18:02.804+0000] {processor.py:186} INFO - Started process (PID=1685) to work on /home/airflow/.local/lib/python3.12/site-packages/airflow/example_dags/example_skip_dag.py
[2024-12-08T04:18:02.805+0000] {processor.py:914} INFO - Processing file /home/airflow/.local/lib/python3.12/site-packages/airflow/example_dags/example_skip_dag.py for tasks to queue
[2024-12-08T04:18:02.809+0000] {logging_mixin.py:190} INFO - [2024-12-08T04:18:02.808+0000] {dagbag.py:588} INFO - Filling up the DagBag from /home/airflow/.local/lib/python3.12/site-packages/airflow/example_dags/example_skip_dag.py
[2024-12-08T04:18:02.820+0000] {processor.py:925} INFO - DAG(s) 'example_skip_dag' retrieved from /home/airflow/.local/lib/python3.12/site-packages/airflow/example_dags/example_skip_dag.py
[2024-12-08T04:18:02.848+0000] {logging_mixin.py:190} INFO - [2024-12-08T04:18:02.848+0000] {dag.py:3239} INFO - Sync 1 DAGs
[2024-12-08T04:18:02.876+0000] {logging_mixin.py:190} INFO - [2024-12-08T04:18:02.876+0000] {dag.py:4180} INFO - Setting next_dagrun for example_skip_dag to 2024-12-07 00:00:00+00:00, run_after=2024-12-08 00:00:00+00:00
[2024-12-08T04:18:02.898+0000] {processor.py:208} INFO - Processing /home/airflow/.local/lib/python3.12/site-packages/airflow/example_dags/example_skip_dag.py took 0.105 seconds
[2024-12-08T04:18:34.221+0000] {processor.py:186} INFO - Started process (PID=1748) to work on /home/airflow/.local/lib/python3.12/site-packages/airflow/example_dags/example_skip_dag.py
[2024-12-08T04:18:34.222+0000] {processor.py:914} INFO - Processing file /home/airflow/.local/lib/python3.12/site-packages/airflow/example_dags/example_skip_dag.py for tasks to queue
[2024-12-08T04:18:34.225+0000] {logging_mixin.py:190} INFO - [2024-12-08T04:18:34.225+0000] {dagbag.py:588} INFO - Filling up the DagBag from /home/airflow/.local/lib/python3.12/site-packages/airflow/example_dags/example_skip_dag.py
[2024-12-08T04:18:34.235+0000] {processor.py:925} INFO - DAG(s) 'example_skip_dag' retrieved from /home/airflow/.local/lib/python3.12/site-packages/airflow/example_dags/example_skip_dag.py
[2024-12-08T04:18:34.261+0000] {logging_mixin.py:190} INFO - [2024-12-08T04:18:34.261+0000] {dag.py:3239} INFO - Sync 1 DAGs
[2024-12-08T04:18:34.291+0000] {logging_mixin.py:190} INFO - [2024-12-08T04:18:34.291+0000] {dag.py:4180} INFO - Setting next_dagrun for example_skip_dag to 2024-12-07 00:00:00+00:00, run_after=2024-12-08 00:00:00+00:00
[2024-12-08T04:18:34.320+0000] {processor.py:208} INFO - Processing /home/airflow/.local/lib/python3.12/site-packages/airflow/example_dags/example_skip_dag.py took 0.107 seconds
[2024-12-08T04:19:05.931+0000] {processor.py:186} INFO - Started process (PID=1811) to work on /home/airflow/.local/lib/python3.12/site-packages/airflow/example_dags/example_skip_dag.py
[2024-12-08T04:19:05.934+0000] {processor.py:914} INFO - Processing file /home/airflow/.local/lib/python3.12/site-packages/airflow/example_dags/example_skip_dag.py for tasks to queue
[2024-12-08T04:19:05.938+0000] {logging_mixin.py:190} INFO - [2024-12-08T04:19:05.938+0000] {dagbag.py:588} INFO - Filling up the DagBag from /home/airflow/.local/lib/python3.12/site-packages/airflow/example_dags/example_skip_dag.py
[2024-12-08T04:19:05.950+0000] {processor.py:925} INFO - DAG(s) 'example_skip_dag' retrieved from /home/airflow/.local/lib/python3.12/site-packages/airflow/example_dags/example_skip_dag.py
[2024-12-08T04:19:05.979+0000] {logging_mixin.py:190} INFO - [2024-12-08T04:19:05.979+0000] {dag.py:3239} INFO - Sync 1 DAGs
[2024-12-08T04:19:06.013+0000] {logging_mixin.py:190} INFO - [2024-12-08T04:19:06.012+0000] {dag.py:4180} INFO - Setting next_dagrun for example_skip_dag to 2024-12-07 00:00:00+00:00, run_after=2024-12-08 00:00:00+00:00
[2024-12-08T04:19:06.040+0000] {processor.py:208} INFO - Processing /home/airflow/.local/lib/python3.12/site-packages/airflow/example_dags/example_skip_dag.py took 0.117 seconds
[2024-12-08T04:19:37.166+0000] {processor.py:186} INFO - Started process (PID=1874) to work on /home/airflow/.local/lib/python3.12/site-packages/airflow/example_dags/example_skip_dag.py
[2024-12-08T04:19:37.168+0000] {processor.py:914} INFO - Processing file /home/airflow/.local/lib/python3.12/site-packages/airflow/example_dags/example_skip_dag.py for tasks to queue
[2024-12-08T04:19:37.173+0000] {logging_mixin.py:190} INFO - [2024-12-08T04:19:37.172+0000] {dagbag.py:588} INFO - Filling up the DagBag from /home/airflow/.local/lib/python3.12/site-packages/airflow/example_dags/example_skip_dag.py
[2024-12-08T04:19:37.190+0000] {processor.py:925} INFO - DAG(s) 'example_skip_dag' retrieved from /home/airflow/.local/lib/python3.12/site-packages/airflow/example_dags/example_skip_dag.py
[2024-12-08T04:19:37.229+0000] {logging_mixin.py:190} INFO - [2024-12-08T04:19:37.229+0000] {dag.py:3239} INFO - Sync 1 DAGs
[2024-12-08T04:19:37.264+0000] {logging_mixin.py:190} INFO - [2024-12-08T04:19:37.264+0000] {dag.py:4180} INFO - Setting next_dagrun for example_skip_dag to 2024-12-07 00:00:00+00:00, run_after=2024-12-08 00:00:00+00:00
[2024-12-08T04:19:37.290+0000] {processor.py:208} INFO - Processing /home/airflow/.local/lib/python3.12/site-packages/airflow/example_dags/example_skip_dag.py took 0.134 seconds
[2024-12-08T05:03:19.963+0000] {processor.py:186} INFO - Started process (PID=103) to work on /home/airflow/.local/lib/python3.12/site-packages/airflow/example_dags/example_skip_dag.py
[2024-12-08T05:03:19.964+0000] {processor.py:914} INFO - Processing file /home/airflow/.local/lib/python3.12/site-packages/airflow/example_dags/example_skip_dag.py for tasks to queue
[2024-12-08T05:03:19.967+0000] {logging_mixin.py:190} INFO - [2024-12-08T05:03:19.967+0000] {dagbag.py:588} INFO - Filling up the DagBag from /home/airflow/.local/lib/python3.12/site-packages/airflow/example_dags/example_skip_dag.py
[2024-12-08T05:03:19.979+0000] {processor.py:925} INFO - DAG(s) 'example_skip_dag' retrieved from /home/airflow/.local/lib/python3.12/site-packages/airflow/example_dags/example_skip_dag.py
[2024-12-08T05:03:20.005+0000] {logging_mixin.py:190} INFO - [2024-12-08T05:03:20.005+0000] {dag.py:3239} INFO - Sync 1 DAGs
[2024-12-08T05:03:20.032+0000] {logging_mixin.py:190} INFO - [2024-12-08T05:03:20.031+0000] {dag.py:4180} INFO - Setting next_dagrun for example_skip_dag to 2024-12-07 00:00:00+00:00, run_after=2024-12-08 00:00:00+00:00
[2024-12-08T05:03:20.052+0000] {processor.py:208} INFO - Processing /home/airflow/.local/lib/python3.12/site-packages/airflow/example_dags/example_skip_dag.py took 0.096 seconds
[2024-12-08T05:03:51.519+0000] {processor.py:186} INFO - Started process (PID=167) to work on /home/airflow/.local/lib/python3.12/site-packages/airflow/example_dags/example_skip_dag.py
[2024-12-08T05:03:51.520+0000] {processor.py:914} INFO - Processing file /home/airflow/.local/lib/python3.12/site-packages/airflow/example_dags/example_skip_dag.py for tasks to queue
[2024-12-08T05:03:51.523+0000] {logging_mixin.py:190} INFO - [2024-12-08T05:03:51.522+0000] {dagbag.py:588} INFO - Filling up the DagBag from /home/airflow/.local/lib/python3.12/site-packages/airflow/example_dags/example_skip_dag.py
[2024-12-08T05:03:51.531+0000] {processor.py:925} INFO - DAG(s) 'example_skip_dag' retrieved from /home/airflow/.local/lib/python3.12/site-packages/airflow/example_dags/example_skip_dag.py
[2024-12-08T05:03:51.554+0000] {logging_mixin.py:190} INFO - [2024-12-08T05:03:51.554+0000] {dag.py:3239} INFO - Sync 1 DAGs
[2024-12-08T05:03:51.580+0000] {logging_mixin.py:190} INFO - [2024-12-08T05:03:51.579+0000] {dag.py:4180} INFO - Setting next_dagrun for example_skip_dag to 2024-12-07 00:00:00+00:00, run_after=2024-12-08 00:00:00+00:00
[2024-12-08T05:03:51.602+0000] {processor.py:208} INFO - Processing /home/airflow/.local/lib/python3.12/site-packages/airflow/example_dags/example_skip_dag.py took 0.090 seconds
[2024-12-08T05:04:22.408+0000] {processor.py:186} INFO - Started process (PID=231) to work on /home/airflow/.local/lib/python3.12/site-packages/airflow/example_dags/example_skip_dag.py
[2024-12-08T05:04:22.409+0000] {processor.py:914} INFO - Processing file /home/airflow/.local/lib/python3.12/site-packages/airflow/example_dags/example_skip_dag.py for tasks to queue
[2024-12-08T05:04:22.413+0000] {logging_mixin.py:190} INFO - [2024-12-08T05:04:22.412+0000] {dagbag.py:588} INFO - Filling up the DagBag from /home/airflow/.local/lib/python3.12/site-packages/airflow/example_dags/example_skip_dag.py
[2024-12-08T05:04:22.422+0000] {processor.py:925} INFO - DAG(s) 'example_skip_dag' retrieved from /home/airflow/.local/lib/python3.12/site-packages/airflow/example_dags/example_skip_dag.py
[2024-12-08T05:04:22.445+0000] {logging_mixin.py:190} INFO - [2024-12-08T05:04:22.445+0000] {dag.py:3239} INFO - Sync 1 DAGs
[2024-12-08T05:04:22.472+0000] {logging_mixin.py:190} INFO - [2024-12-08T05:04:22.471+0000] {dag.py:4180} INFO - Setting next_dagrun for example_skip_dag to 2024-12-07 00:00:00+00:00, run_after=2024-12-08 00:00:00+00:00
[2024-12-08T05:04:22.492+0000] {processor.py:208} INFO - Processing /home/airflow/.local/lib/python3.12/site-packages/airflow/example_dags/example_skip_dag.py took 0.091 seconds
[2024-12-08T05:04:54.179+0000] {processor.py:186} INFO - Started process (PID=295) to work on /home/airflow/.local/lib/python3.12/site-packages/airflow/example_dags/example_skip_dag.py
[2024-12-08T05:04:54.180+0000] {processor.py:914} INFO - Processing file /home/airflow/.local/lib/python3.12/site-packages/airflow/example_dags/example_skip_dag.py for tasks to queue
[2024-12-08T05:04:54.183+0000] {logging_mixin.py:190} INFO - [2024-12-08T05:04:54.182+0000] {dagbag.py:588} INFO - Filling up the DagBag from /home/airflow/.local/lib/python3.12/site-packages/airflow/example_dags/example_skip_dag.py
[2024-12-08T05:04:54.192+0000] {processor.py:925} INFO - DAG(s) 'example_skip_dag' retrieved from /home/airflow/.local/lib/python3.12/site-packages/airflow/example_dags/example_skip_dag.py
[2024-12-08T05:04:54.216+0000] {logging_mixin.py:190} INFO - [2024-12-08T05:04:54.216+0000] {dag.py:3239} INFO - Sync 1 DAGs
[2024-12-08T05:04:54.242+0000] {logging_mixin.py:190} INFO - [2024-12-08T05:04:54.242+0000] {dag.py:4180} INFO - Setting next_dagrun for example_skip_dag to 2024-12-07 00:00:00+00:00, run_after=2024-12-08 00:00:00+00:00
[2024-12-08T05:04:54.262+0000] {processor.py:208} INFO - Processing /home/airflow/.local/lib/python3.12/site-packages/airflow/example_dags/example_skip_dag.py took 0.091 seconds
[2024-12-08T05:05:25.590+0000] {processor.py:186} INFO - Started process (PID=359) to work on /home/airflow/.local/lib/python3.12/site-packages/airflow/example_dags/example_skip_dag.py
[2024-12-08T05:05:25.591+0000] {processor.py:914} INFO - Processing file /home/airflow/.local/lib/python3.12/site-packages/airflow/example_dags/example_skip_dag.py for tasks to queue
[2024-12-08T05:05:25.593+0000] {logging_mixin.py:190} INFO - [2024-12-08T05:05:25.593+0000] {dagbag.py:588} INFO - Filling up the DagBag from /home/airflow/.local/lib/python3.12/site-packages/airflow/example_dags/example_skip_dag.py
[2024-12-08T05:05:25.602+0000] {processor.py:925} INFO - DAG(s) 'example_skip_dag' retrieved from /home/airflow/.local/lib/python3.12/site-packages/airflow/example_dags/example_skip_dag.py
[2024-12-08T05:05:25.624+0000] {logging_mixin.py:190} INFO - [2024-12-08T05:05:25.624+0000] {dag.py:3239} INFO - Sync 1 DAGs
[2024-12-08T05:05:25.648+0000] {logging_mixin.py:190} INFO - [2024-12-08T05:05:25.648+0000] {dag.py:4180} INFO - Setting next_dagrun for example_skip_dag to 2024-12-07 00:00:00+00:00, run_after=2024-12-08 00:00:00+00:00
[2024-12-08T05:05:25.666+0000] {processor.py:208} INFO - Processing /home/airflow/.local/lib/python3.12/site-packages/airflow/example_dags/example_skip_dag.py took 0.083 seconds
[2024-12-08T05:05:57.118+0000] {processor.py:186} INFO - Started process (PID=423) to work on /home/airflow/.local/lib/python3.12/site-packages/airflow/example_dags/example_skip_dag.py
[2024-12-08T05:05:57.119+0000] {processor.py:914} INFO - Processing file /home/airflow/.local/lib/python3.12/site-packages/airflow/example_dags/example_skip_dag.py for tasks to queue
[2024-12-08T05:05:57.123+0000] {logging_mixin.py:190} INFO - [2024-12-08T05:05:57.122+0000] {dagbag.py:588} INFO - Filling up the DagBag from /home/airflow/.local/lib/python3.12/site-packages/airflow/example_dags/example_skip_dag.py
[2024-12-08T05:05:57.133+0000] {processor.py:925} INFO - DAG(s) 'example_skip_dag' retrieved from /home/airflow/.local/lib/python3.12/site-packages/airflow/example_dags/example_skip_dag.py
[2024-12-08T05:05:57.161+0000] {logging_mixin.py:190} INFO - [2024-12-08T05:05:57.161+0000] {dag.py:3239} INFO - Sync 1 DAGs
[2024-12-08T05:05:57.192+0000] {logging_mixin.py:190} INFO - [2024-12-08T05:05:57.191+0000] {dag.py:4180} INFO - Setting next_dagrun for example_skip_dag to 2024-12-07 00:00:00+00:00, run_after=2024-12-08 00:00:00+00:00
[2024-12-08T05:05:57.216+0000] {processor.py:208} INFO - Processing /home/airflow/.local/lib/python3.12/site-packages/airflow/example_dags/example_skip_dag.py took 0.107 seconds
[2024-12-08T05:06:28.262+0000] {processor.py:186} INFO - Started process (PID=487) to work on /home/airflow/.local/lib/python3.12/site-packages/airflow/example_dags/example_skip_dag.py
[2024-12-08T05:06:28.263+0000] {processor.py:914} INFO - Processing file /home/airflow/.local/lib/python3.12/site-packages/airflow/example_dags/example_skip_dag.py for tasks to queue
[2024-12-08T05:06:28.266+0000] {logging_mixin.py:190} INFO - [2024-12-08T05:06:28.266+0000] {dagbag.py:588} INFO - Filling up the DagBag from /home/airflow/.local/lib/python3.12/site-packages/airflow/example_dags/example_skip_dag.py
[2024-12-08T05:06:28.278+0000] {processor.py:925} INFO - DAG(s) 'example_skip_dag' retrieved from /home/airflow/.local/lib/python3.12/site-packages/airflow/example_dags/example_skip_dag.py
[2024-12-08T05:06:28.315+0000] {logging_mixin.py:190} INFO - [2024-12-08T05:06:28.315+0000] {dag.py:3239} INFO - Sync 1 DAGs
[2024-12-08T05:06:28.348+0000] {logging_mixin.py:190} INFO - [2024-12-08T05:06:28.348+0000] {dag.py:4180} INFO - Setting next_dagrun for example_skip_dag to 2024-12-07 00:00:00+00:00, run_after=2024-12-08 00:00:00+00:00
[2024-12-08T05:06:28.374+0000] {processor.py:208} INFO - Processing /home/airflow/.local/lib/python3.12/site-packages/airflow/example_dags/example_skip_dag.py took 0.121 seconds
[2024-12-08T05:06:59.761+0000] {processor.py:186} INFO - Started process (PID=551) to work on /home/airflow/.local/lib/python3.12/site-packages/airflow/example_dags/example_skip_dag.py
[2024-12-08T05:06:59.763+0000] {processor.py:914} INFO - Processing file /home/airflow/.local/lib/python3.12/site-packages/airflow/example_dags/example_skip_dag.py for tasks to queue
[2024-12-08T05:06:59.766+0000] {logging_mixin.py:190} INFO - [2024-12-08T05:06:59.766+0000] {dagbag.py:588} INFO - Filling up the DagBag from /home/airflow/.local/lib/python3.12/site-packages/airflow/example_dags/example_skip_dag.py
[2024-12-08T05:06:59.778+0000] {processor.py:925} INFO - DAG(s) 'example_skip_dag' retrieved from /home/airflow/.local/lib/python3.12/site-packages/airflow/example_dags/example_skip_dag.py
[2024-12-08T05:06:59.808+0000] {logging_mixin.py:190} INFO - [2024-12-08T05:06:59.808+0000] {dag.py:3239} INFO - Sync 1 DAGs
[2024-12-08T05:06:59.848+0000] {logging_mixin.py:190} INFO - [2024-12-08T05:06:59.847+0000] {dag.py:4180} INFO - Setting next_dagrun for example_skip_dag to 2024-12-07 00:00:00+00:00, run_after=2024-12-08 00:00:00+00:00
[2024-12-08T05:06:59.877+0000] {processor.py:208} INFO - Processing /home/airflow/.local/lib/python3.12/site-packages/airflow/example_dags/example_skip_dag.py took 0.124 seconds
[2024-12-08T05:07:31.052+0000] {processor.py:186} INFO - Started process (PID=615) to work on /home/airflow/.local/lib/python3.12/site-packages/airflow/example_dags/example_skip_dag.py
[2024-12-08T05:07:31.054+0000] {processor.py:914} INFO - Processing file /home/airflow/.local/lib/python3.12/site-packages/airflow/example_dags/example_skip_dag.py for tasks to queue
[2024-12-08T05:07:31.057+0000] {logging_mixin.py:190} INFO - [2024-12-08T05:07:31.056+0000] {dagbag.py:588} INFO - Filling up the DagBag from /home/airflow/.local/lib/python3.12/site-packages/airflow/example_dags/example_skip_dag.py
[2024-12-08T05:07:31.067+0000] {processor.py:925} INFO - DAG(s) 'example_skip_dag' retrieved from /home/airflow/.local/lib/python3.12/site-packages/airflow/example_dags/example_skip_dag.py
[2024-12-08T05:07:31.095+0000] {logging_mixin.py:190} INFO - [2024-12-08T05:07:31.095+0000] {dag.py:3239} INFO - Sync 1 DAGs
[2024-12-08T05:07:31.126+0000] {logging_mixin.py:190} INFO - [2024-12-08T05:07:31.126+0000] {dag.py:4180} INFO - Setting next_dagrun for example_skip_dag to 2024-12-07 00:00:00+00:00, run_after=2024-12-08 00:00:00+00:00
[2024-12-08T05:07:31.148+0000] {processor.py:208} INFO - Processing /home/airflow/.local/lib/python3.12/site-packages/airflow/example_dags/example_skip_dag.py took 0.105 seconds
[2024-12-08T05:08:02.708+0000] {processor.py:186} INFO - Started process (PID=679) to work on /home/airflow/.local/lib/python3.12/site-packages/airflow/example_dags/example_skip_dag.py
[2024-12-08T05:08:02.709+0000] {processor.py:914} INFO - Processing file /home/airflow/.local/lib/python3.12/site-packages/airflow/example_dags/example_skip_dag.py for tasks to queue
[2024-12-08T05:08:02.713+0000] {logging_mixin.py:190} INFO - [2024-12-08T05:08:02.712+0000] {dagbag.py:588} INFO - Filling up the DagBag from /home/airflow/.local/lib/python3.12/site-packages/airflow/example_dags/example_skip_dag.py
[2024-12-08T05:08:02.723+0000] {processor.py:925} INFO - DAG(s) 'example_skip_dag' retrieved from /home/airflow/.local/lib/python3.12/site-packages/airflow/example_dags/example_skip_dag.py
[2024-12-08T05:08:02.748+0000] {logging_mixin.py:190} INFO - [2024-12-08T05:08:02.747+0000] {dag.py:3239} INFO - Sync 1 DAGs
[2024-12-08T05:08:02.774+0000] {logging_mixin.py:190} INFO - [2024-12-08T05:08:02.774+0000] {dag.py:4180} INFO - Setting next_dagrun for example_skip_dag to 2024-12-07 00:00:00+00:00, run_after=2024-12-08 00:00:00+00:00
[2024-12-08T05:08:02.794+0000] {processor.py:208} INFO - Processing /home/airflow/.local/lib/python3.12/site-packages/airflow/example_dags/example_skip_dag.py took 0.094 seconds
[2024-12-08T05:08:33.545+0000] {processor.py:186} INFO - Started process (PID=743) to work on /home/airflow/.local/lib/python3.12/site-packages/airflow/example_dags/example_skip_dag.py
[2024-12-08T05:08:33.546+0000] {processor.py:914} INFO - Processing file /home/airflow/.local/lib/python3.12/site-packages/airflow/example_dags/example_skip_dag.py for tasks to queue
[2024-12-08T05:08:33.549+0000] {logging_mixin.py:190} INFO - [2024-12-08T05:08:33.549+0000] {dagbag.py:588} INFO - Filling up the DagBag from /home/airflow/.local/lib/python3.12/site-packages/airflow/example_dags/example_skip_dag.py
[2024-12-08T05:08:33.562+0000] {processor.py:925} INFO - DAG(s) 'example_skip_dag' retrieved from /home/airflow/.local/lib/python3.12/site-packages/airflow/example_dags/example_skip_dag.py
[2024-12-08T05:08:33.589+0000] {logging_mixin.py:190} INFO - [2024-12-08T05:08:33.589+0000] {dag.py:3239} INFO - Sync 1 DAGs
[2024-12-08T05:08:33.620+0000] {logging_mixin.py:190} INFO - [2024-12-08T05:08:33.620+0000] {dag.py:4180} INFO - Setting next_dagrun for example_skip_dag to 2024-12-07 00:00:00+00:00, run_after=2024-12-08 00:00:00+00:00
[2024-12-08T05:08:33.644+0000] {processor.py:208} INFO - Processing /home/airflow/.local/lib/python3.12/site-packages/airflow/example_dags/example_skip_dag.py took 0.107 seconds
[2024-12-08T05:09:05.108+0000] {processor.py:186} INFO - Started process (PID=807) to work on /home/airflow/.local/lib/python3.12/site-packages/airflow/example_dags/example_skip_dag.py
[2024-12-08T05:09:05.109+0000] {processor.py:914} INFO - Processing file /home/airflow/.local/lib/python3.12/site-packages/airflow/example_dags/example_skip_dag.py for tasks to queue
[2024-12-08T05:09:05.113+0000] {logging_mixin.py:190} INFO - [2024-12-08T05:09:05.112+0000] {dagbag.py:588} INFO - Filling up the DagBag from /home/airflow/.local/lib/python3.12/site-packages/airflow/example_dags/example_skip_dag.py
[2024-12-08T05:09:05.123+0000] {processor.py:925} INFO - DAG(s) 'example_skip_dag' retrieved from /home/airflow/.local/lib/python3.12/site-packages/airflow/example_dags/example_skip_dag.py
[2024-12-08T05:09:05.149+0000] {logging_mixin.py:190} INFO - [2024-12-08T05:09:05.149+0000] {dag.py:3239} INFO - Sync 1 DAGs
[2024-12-08T05:09:05.178+0000] {logging_mixin.py:190} INFO - [2024-12-08T05:09:05.178+0000] {dag.py:4180} INFO - Setting next_dagrun for example_skip_dag to 2024-12-07 00:00:00+00:00, run_after=2024-12-08 00:00:00+00:00
[2024-12-08T05:09:05.201+0000] {processor.py:208} INFO - Processing /home/airflow/.local/lib/python3.12/site-packages/airflow/example_dags/example_skip_dag.py took 0.100 seconds
[2024-12-08T05:09:36.343+0000] {processor.py:186} INFO - Started process (PID=871) to work on /home/airflow/.local/lib/python3.12/site-packages/airflow/example_dags/example_skip_dag.py
[2024-12-08T05:09:36.344+0000] {processor.py:914} INFO - Processing file /home/airflow/.local/lib/python3.12/site-packages/airflow/example_dags/example_skip_dag.py for tasks to queue
[2024-12-08T05:09:36.347+0000] {logging_mixin.py:190} INFO - [2024-12-08T05:09:36.347+0000] {dagbag.py:588} INFO - Filling up the DagBag from /home/airflow/.local/lib/python3.12/site-packages/airflow/example_dags/example_skip_dag.py
[2024-12-08T05:09:36.357+0000] {processor.py:925} INFO - DAG(s) 'example_skip_dag' retrieved from /home/airflow/.local/lib/python3.12/site-packages/airflow/example_dags/example_skip_dag.py
[2024-12-08T05:09:36.382+0000] {logging_mixin.py:190} INFO - [2024-12-08T05:09:36.382+0000] {dag.py:3239} INFO - Sync 1 DAGs
[2024-12-08T05:09:36.409+0000] {logging_mixin.py:190} INFO - [2024-12-08T05:09:36.409+0000] {dag.py:4180} INFO - Setting next_dagrun for example_skip_dag to 2024-12-07 00:00:00+00:00, run_after=2024-12-08 00:00:00+00:00
[2024-12-08T05:09:36.430+0000] {processor.py:208} INFO - Processing /home/airflow/.local/lib/python3.12/site-packages/airflow/example_dags/example_skip_dag.py took 0.094 seconds
[2024-12-08T05:10:07.572+0000] {processor.py:186} INFO - Started process (PID=935) to work on /home/airflow/.local/lib/python3.12/site-packages/airflow/example_dags/example_skip_dag.py
[2024-12-08T05:10:07.573+0000] {processor.py:914} INFO - Processing file /home/airflow/.local/lib/python3.12/site-packages/airflow/example_dags/example_skip_dag.py for tasks to queue
[2024-12-08T05:10:07.576+0000] {logging_mixin.py:190} INFO - [2024-12-08T05:10:07.576+0000] {dagbag.py:588} INFO - Filling up the DagBag from /home/airflow/.local/lib/python3.12/site-packages/airflow/example_dags/example_skip_dag.py
[2024-12-08T05:10:07.587+0000] {processor.py:925} INFO - DAG(s) 'example_skip_dag' retrieved from /home/airflow/.local/lib/python3.12/site-packages/airflow/example_dags/example_skip_dag.py
[2024-12-08T05:10:07.613+0000] {logging_mixin.py:190} INFO - [2024-12-08T05:10:07.613+0000] {dag.py:3239} INFO - Sync 1 DAGs
[2024-12-08T05:10:07.644+0000] {logging_mixin.py:190} INFO - [2024-12-08T05:10:07.644+0000] {dag.py:4180} INFO - Setting next_dagrun for example_skip_dag to 2024-12-07 00:00:00+00:00, run_after=2024-12-08 00:00:00+00:00
[2024-12-08T05:10:07.664+0000] {processor.py:208} INFO - Processing /home/airflow/.local/lib/python3.12/site-packages/airflow/example_dags/example_skip_dag.py took 0.101 seconds
[2024-12-08T05:10:39.777+0000] {processor.py:186} INFO - Started process (PID=999) to work on /home/airflow/.local/lib/python3.12/site-packages/airflow/example_dags/example_skip_dag.py
[2024-12-08T05:10:39.779+0000] {processor.py:914} INFO - Processing file /home/airflow/.local/lib/python3.12/site-packages/airflow/example_dags/example_skip_dag.py for tasks to queue
[2024-12-08T05:10:39.782+0000] {logging_mixin.py:190} INFO - [2024-12-08T05:10:39.781+0000] {dagbag.py:588} INFO - Filling up the DagBag from /home/airflow/.local/lib/python3.12/site-packages/airflow/example_dags/example_skip_dag.py
[2024-12-08T05:10:39.792+0000] {processor.py:925} INFO - DAG(s) 'example_skip_dag' retrieved from /home/airflow/.local/lib/python3.12/site-packages/airflow/example_dags/example_skip_dag.py
[2024-12-08T05:10:39.818+0000] {logging_mixin.py:190} INFO - [2024-12-08T05:10:39.818+0000] {dag.py:3239} INFO - Sync 1 DAGs
[2024-12-08T05:10:39.850+0000] {logging_mixin.py:190} INFO - [2024-12-08T05:10:39.850+0000] {dag.py:4180} INFO - Setting next_dagrun for example_skip_dag to 2024-12-07 00:00:00+00:00, run_after=2024-12-08 00:00:00+00:00
[2024-12-08T05:10:39.873+0000] {processor.py:208} INFO - Processing /home/airflow/.local/lib/python3.12/site-packages/airflow/example_dags/example_skip_dag.py took 0.104 seconds
[2024-12-08T05:11:10.772+0000] {processor.py:186} INFO - Started process (PID=1063) to work on /home/airflow/.local/lib/python3.12/site-packages/airflow/example_dags/example_skip_dag.py
[2024-12-08T05:11:10.773+0000] {processor.py:914} INFO - Processing file /home/airflow/.local/lib/python3.12/site-packages/airflow/example_dags/example_skip_dag.py for tasks to queue
[2024-12-08T05:11:10.776+0000] {logging_mixin.py:190} INFO - [2024-12-08T05:11:10.776+0000] {dagbag.py:588} INFO - Filling up the DagBag from /home/airflow/.local/lib/python3.12/site-packages/airflow/example_dags/example_skip_dag.py
[2024-12-08T05:11:10.784+0000] {processor.py:925} INFO - DAG(s) 'example_skip_dag' retrieved from /home/airflow/.local/lib/python3.12/site-packages/airflow/example_dags/example_skip_dag.py
[2024-12-08T05:11:10.807+0000] {logging_mixin.py:190} INFO - [2024-12-08T05:11:10.807+0000] {dag.py:3239} INFO - Sync 1 DAGs
[2024-12-08T05:11:10.832+0000] {logging_mixin.py:190} INFO - [2024-12-08T05:11:10.832+0000] {dag.py:4180} INFO - Setting next_dagrun for example_skip_dag to 2024-12-07 00:00:00+00:00, run_after=2024-12-08 00:00:00+00:00
[2024-12-08T05:11:10.850+0000] {processor.py:208} INFO - Processing /home/airflow/.local/lib/python3.12/site-packages/airflow/example_dags/example_skip_dag.py took 0.085 seconds
[2024-12-08T05:11:41.381+0000] {processor.py:186} INFO - Started process (PID=1127) to work on /home/airflow/.local/lib/python3.12/site-packages/airflow/example_dags/example_skip_dag.py
[2024-12-08T05:11:41.383+0000] {processor.py:914} INFO - Processing file /home/airflow/.local/lib/python3.12/site-packages/airflow/example_dags/example_skip_dag.py for tasks to queue
[2024-12-08T05:11:41.385+0000] {logging_mixin.py:190} INFO - [2024-12-08T05:11:41.384+0000] {dagbag.py:588} INFO - Filling up the DagBag from /home/airflow/.local/lib/python3.12/site-packages/airflow/example_dags/example_skip_dag.py
[2024-12-08T05:11:41.396+0000] {processor.py:925} INFO - DAG(s) 'example_skip_dag' retrieved from /home/airflow/.local/lib/python3.12/site-packages/airflow/example_dags/example_skip_dag.py
[2024-12-08T05:11:41.422+0000] {logging_mixin.py:190} INFO - [2024-12-08T05:11:41.422+0000] {dag.py:3239} INFO - Sync 1 DAGs
[2024-12-08T05:11:41.452+0000] {logging_mixin.py:190} INFO - [2024-12-08T05:11:41.451+0000] {dag.py:4180} INFO - Setting next_dagrun for example_skip_dag to 2024-12-07 00:00:00+00:00, run_after=2024-12-08 00:00:00+00:00
[2024-12-08T05:11:41.474+0000] {processor.py:208} INFO - Processing /home/airflow/.local/lib/python3.12/site-packages/airflow/example_dags/example_skip_dag.py took 0.100 seconds
[2024-12-08T05:12:13.348+0000] {processor.py:186} INFO - Started process (PID=1190) to work on /home/airflow/.local/lib/python3.12/site-packages/airflow/example_dags/example_skip_dag.py
[2024-12-08T05:12:13.350+0000] {processor.py:914} INFO - Processing file /home/airflow/.local/lib/python3.12/site-packages/airflow/example_dags/example_skip_dag.py for tasks to queue
[2024-12-08T05:12:13.352+0000] {logging_mixin.py:190} INFO - [2024-12-08T05:12:13.351+0000] {dagbag.py:588} INFO - Filling up the DagBag from /home/airflow/.local/lib/python3.12/site-packages/airflow/example_dags/example_skip_dag.py
[2024-12-08T05:12:13.363+0000] {processor.py:925} INFO - DAG(s) 'example_skip_dag' retrieved from /home/airflow/.local/lib/python3.12/site-packages/airflow/example_dags/example_skip_dag.py
[2024-12-08T05:12:13.390+0000] {logging_mixin.py:190} INFO - [2024-12-08T05:12:13.390+0000] {dag.py:3239} INFO - Sync 1 DAGs
[2024-12-08T05:12:13.420+0000] {logging_mixin.py:190} INFO - [2024-12-08T05:12:13.420+0000] {dag.py:4180} INFO - Setting next_dagrun for example_skip_dag to 2024-12-07 00:00:00+00:00, run_after=2024-12-08 00:00:00+00:00
[2024-12-08T05:12:13.442+0000] {processor.py:208} INFO - Processing /home/airflow/.local/lib/python3.12/site-packages/airflow/example_dags/example_skip_dag.py took 0.105 seconds
[2024-12-08T05:12:45.251+0000] {processor.py:186} INFO - Started process (PID=1254) to work on /home/airflow/.local/lib/python3.12/site-packages/airflow/example_dags/example_skip_dag.py
[2024-12-08T05:12:45.252+0000] {processor.py:914} INFO - Processing file /home/airflow/.local/lib/python3.12/site-packages/airflow/example_dags/example_skip_dag.py for tasks to queue
[2024-12-08T05:12:45.254+0000] {logging_mixin.py:190} INFO - [2024-12-08T05:12:45.253+0000] {dagbag.py:588} INFO - Filling up the DagBag from /home/airflow/.local/lib/python3.12/site-packages/airflow/example_dags/example_skip_dag.py
[2024-12-08T05:12:45.267+0000] {processor.py:925} INFO - DAG(s) 'example_skip_dag' retrieved from /home/airflow/.local/lib/python3.12/site-packages/airflow/example_dags/example_skip_dag.py
[2024-12-08T05:12:45.299+0000] {logging_mixin.py:190} INFO - [2024-12-08T05:12:45.299+0000] {dag.py:3239} INFO - Sync 1 DAGs
[2024-12-08T05:12:45.335+0000] {logging_mixin.py:190} INFO - [2024-12-08T05:12:45.334+0000] {dag.py:4180} INFO - Setting next_dagrun for example_skip_dag to 2024-12-07 00:00:00+00:00, run_after=2024-12-08 00:00:00+00:00
[2024-12-08T05:12:45.363+0000] {processor.py:208} INFO - Processing /home/airflow/.local/lib/python3.12/site-packages/airflow/example_dags/example_skip_dag.py took 0.122 seconds
[2024-12-08T05:13:16.652+0000] {processor.py:186} INFO - Started process (PID=1317) to work on /home/airflow/.local/lib/python3.12/site-packages/airflow/example_dags/example_skip_dag.py
[2024-12-08T05:13:16.654+0000] {processor.py:914} INFO - Processing file /home/airflow/.local/lib/python3.12/site-packages/airflow/example_dags/example_skip_dag.py for tasks to queue
[2024-12-08T05:13:16.655+0000] {logging_mixin.py:190} INFO - [2024-12-08T05:13:16.655+0000] {dagbag.py:588} INFO - Filling up the DagBag from /home/airflow/.local/lib/python3.12/site-packages/airflow/example_dags/example_skip_dag.py
[2024-12-08T05:13:16.665+0000] {processor.py:925} INFO - DAG(s) 'example_skip_dag' retrieved from /home/airflow/.local/lib/python3.12/site-packages/airflow/example_dags/example_skip_dag.py
[2024-12-08T05:13:16.697+0000] {logging_mixin.py:190} INFO - [2024-12-08T05:13:16.696+0000] {dag.py:3239} INFO - Sync 1 DAGs
[2024-12-08T05:13:16.727+0000] {logging_mixin.py:190} INFO - [2024-12-08T05:13:16.727+0000] {dag.py:4180} INFO - Setting next_dagrun for example_skip_dag to 2024-12-07 00:00:00+00:00, run_after=2024-12-08 00:00:00+00:00
[2024-12-08T05:13:16.748+0000] {processor.py:208} INFO - Processing /home/airflow/.local/lib/python3.12/site-packages/airflow/example_dags/example_skip_dag.py took 0.102 seconds
[2024-12-08T05:13:47.356+0000] {processor.py:186} INFO - Started process (PID=1381) to work on /home/airflow/.local/lib/python3.12/site-packages/airflow/example_dags/example_skip_dag.py
[2024-12-08T05:13:47.358+0000] {processor.py:914} INFO - Processing file /home/airflow/.local/lib/python3.12/site-packages/airflow/example_dags/example_skip_dag.py for tasks to queue
[2024-12-08T05:13:47.360+0000] {logging_mixin.py:190} INFO - [2024-12-08T05:13:47.359+0000] {dagbag.py:588} INFO - Filling up the DagBag from /home/airflow/.local/lib/python3.12/site-packages/airflow/example_dags/example_skip_dag.py
[2024-12-08T05:13:47.376+0000] {processor.py:925} INFO - DAG(s) 'example_skip_dag' retrieved from /home/airflow/.local/lib/python3.12/site-packages/airflow/example_dags/example_skip_dag.py
[2024-12-08T05:13:47.404+0000] {logging_mixin.py:190} INFO - [2024-12-08T05:13:47.403+0000] {dag.py:3239} INFO - Sync 1 DAGs
[2024-12-08T05:13:47.433+0000] {logging_mixin.py:190} INFO - [2024-12-08T05:13:47.433+0000] {dag.py:4180} INFO - Setting next_dagrun for example_skip_dag to 2024-12-07 00:00:00+00:00, run_after=2024-12-08 00:00:00+00:00
[2024-12-08T05:13:47.455+0000] {processor.py:208} INFO - Processing /home/airflow/.local/lib/python3.12/site-packages/airflow/example_dags/example_skip_dag.py took 0.107 seconds
[2024-12-08T05:14:24.293+0000] {processor.py:186} INFO - Started process (PID=1455) to work on /home/airflow/.local/lib/python3.12/site-packages/airflow/example_dags/example_skip_dag.py
[2024-12-08T05:14:24.750+0000] {processor.py:914} INFO - Processing file /home/airflow/.local/lib/python3.12/site-packages/airflow/example_dags/example_skip_dag.py for tasks to queue
[2024-12-08T05:14:24.754+0000] {logging_mixin.py:190} INFO - [2024-12-08T05:14:24.753+0000] {dagbag.py:588} INFO - Filling up the DagBag from /home/airflow/.local/lib/python3.12/site-packages/airflow/example_dags/example_skip_dag.py
[2024-12-08T05:14:24.805+0000] {processor.py:925} INFO - DAG(s) 'example_skip_dag' retrieved from /home/airflow/.local/lib/python3.12/site-packages/airflow/example_dags/example_skip_dag.py
[2024-12-08T05:14:24.912+0000] {logging_mixin.py:190} INFO - [2024-12-08T05:14:24.911+0000] {dag.py:3239} INFO - Sync 1 DAGs
[2024-12-08T05:14:25.004+0000] {logging_mixin.py:190} INFO - [2024-12-08T05:14:25.002+0000] {dag.py:4180} INFO - Setting next_dagrun for example_skip_dag to 2024-12-07 00:00:00+00:00, run_after=2024-12-08 00:00:00+00:00
[2024-12-08T05:14:25.055+0000] {processor.py:208} INFO - Processing /home/airflow/.local/lib/python3.12/site-packages/airflow/example_dags/example_skip_dag.py took 0.794 seconds
[2024-12-08T05:14:56.601+0000] {processor.py:186} INFO - Started process (PID=1560) to work on /home/airflow/.local/lib/python3.12/site-packages/airflow/example_dags/example_skip_dag.py
[2024-12-08T05:14:56.603+0000] {processor.py:914} INFO - Processing file /home/airflow/.local/lib/python3.12/site-packages/airflow/example_dags/example_skip_dag.py for tasks to queue
[2024-12-08T05:14:56.606+0000] {logging_mixin.py:190} INFO - [2024-12-08T05:14:56.605+0000] {dagbag.py:588} INFO - Filling up the DagBag from /home/airflow/.local/lib/python3.12/site-packages/airflow/example_dags/example_skip_dag.py
[2024-12-08T05:14:56.632+0000] {processor.py:925} INFO - DAG(s) 'example_skip_dag' retrieved from /home/airflow/.local/lib/python3.12/site-packages/airflow/example_dags/example_skip_dag.py
[2024-12-08T05:14:56.702+0000] {logging_mixin.py:190} INFO - [2024-12-08T05:14:56.701+0000] {dag.py:3239} INFO - Sync 1 DAGs
[2024-12-08T05:14:56.771+0000] {logging_mixin.py:190} INFO - [2024-12-08T05:14:56.771+0000] {dag.py:4180} INFO - Setting next_dagrun for example_skip_dag to 2024-12-07 00:00:00+00:00, run_after=2024-12-08 00:00:00+00:00
[2024-12-08T05:14:56.818+0000] {processor.py:208} INFO - Processing /home/airflow/.local/lib/python3.12/site-packages/airflow/example_dags/example_skip_dag.py took 0.245 seconds
[2024-12-08T05:15:28.137+0000] {processor.py:186} INFO - Started process (PID=1656) to work on /home/airflow/.local/lib/python3.12/site-packages/airflow/example_dags/example_skip_dag.py
[2024-12-08T05:15:28.141+0000] {processor.py:914} INFO - Processing file /home/airflow/.local/lib/python3.12/site-packages/airflow/example_dags/example_skip_dag.py for tasks to queue
[2024-12-08T05:15:28.144+0000] {logging_mixin.py:190} INFO - [2024-12-08T05:15:28.143+0000] {dagbag.py:588} INFO - Filling up the DagBag from /home/airflow/.local/lib/python3.12/site-packages/airflow/example_dags/example_skip_dag.py
[2024-12-08T05:15:28.165+0000] {processor.py:925} INFO - DAG(s) 'example_skip_dag' retrieved from /home/airflow/.local/lib/python3.12/site-packages/airflow/example_dags/example_skip_dag.py
[2024-12-08T05:15:28.241+0000] {logging_mixin.py:190} INFO - [2024-12-08T05:15:28.240+0000] {dag.py:3239} INFO - Sync 1 DAGs
[2024-12-08T05:15:28.332+0000] {logging_mixin.py:190} INFO - [2024-12-08T05:15:28.332+0000] {dag.py:4180} INFO - Setting next_dagrun for example_skip_dag to 2024-12-07 00:00:00+00:00, run_after=2024-12-08 00:00:00+00:00
[2024-12-08T05:15:28.431+0000] {processor.py:208} INFO - Processing /home/airflow/.local/lib/python3.12/site-packages/airflow/example_dags/example_skip_dag.py took 0.307 seconds
[2024-12-08T05:15:59.894+0000] {processor.py:186} INFO - Started process (PID=1753) to work on /home/airflow/.local/lib/python3.12/site-packages/airflow/example_dags/example_skip_dag.py
[2024-12-08T05:16:00.000+0000] {processor.py:914} INFO - Processing file /home/airflow/.local/lib/python3.12/site-packages/airflow/example_dags/example_skip_dag.py for tasks to queue
[2024-12-08T05:16:00.003+0000] {logging_mixin.py:190} INFO - [2024-12-08T05:16:00.002+0000] {dagbag.py:588} INFO - Filling up the DagBag from /home/airflow/.local/lib/python3.12/site-packages/airflow/example_dags/example_skip_dag.py
[2024-12-08T05:16:00.035+0000] {processor.py:925} INFO - DAG(s) 'example_skip_dag' retrieved from /home/airflow/.local/lib/python3.12/site-packages/airflow/example_dags/example_skip_dag.py
[2024-12-08T05:16:00.083+0000] {logging_mixin.py:190} INFO - [2024-12-08T05:16:00.083+0000] {dag.py:3239} INFO - Sync 1 DAGs
[2024-12-08T05:16:00.143+0000] {logging_mixin.py:190} INFO - [2024-12-08T05:16:00.143+0000] {dag.py:4180} INFO - Setting next_dagrun for example_skip_dag to 2024-12-07 00:00:00+00:00, run_after=2024-12-08 00:00:00+00:00
[2024-12-08T05:16:00.183+0000] {processor.py:208} INFO - Processing /home/airflow/.local/lib/python3.12/site-packages/airflow/example_dags/example_skip_dag.py took 0.300 seconds
[2024-12-08T05:16:31.256+0000] {processor.py:186} INFO - Started process (PID=1855) to work on /home/airflow/.local/lib/python3.12/site-packages/airflow/example_dags/example_skip_dag.py
[2024-12-08T05:16:31.258+0000] {processor.py:914} INFO - Processing file /home/airflow/.local/lib/python3.12/site-packages/airflow/example_dags/example_skip_dag.py for tasks to queue
[2024-12-08T05:16:31.260+0000] {logging_mixin.py:190} INFO - [2024-12-08T05:16:31.259+0000] {dagbag.py:588} INFO - Filling up the DagBag from /home/airflow/.local/lib/python3.12/site-packages/airflow/example_dags/example_skip_dag.py
[2024-12-08T05:16:31.275+0000] {processor.py:925} INFO - DAG(s) 'example_skip_dag' retrieved from /home/airflow/.local/lib/python3.12/site-packages/airflow/example_dags/example_skip_dag.py
[2024-12-08T05:16:31.305+0000] {logging_mixin.py:190} INFO - [2024-12-08T05:16:31.304+0000] {dag.py:3239} INFO - Sync 1 DAGs
[2024-12-08T05:16:31.351+0000] {logging_mixin.py:190} INFO - [2024-12-08T05:16:31.351+0000] {dag.py:4180} INFO - Setting next_dagrun for example_skip_dag to 2024-12-07 00:00:00+00:00, run_after=2024-12-08 00:00:00+00:00
[2024-12-08T05:16:31.385+0000] {processor.py:208} INFO - Processing /home/airflow/.local/lib/python3.12/site-packages/airflow/example_dags/example_skip_dag.py took 0.140 seconds
[2024-12-08T05:17:04.030+0000] {processor.py:186} INFO - Started process (PID=1967) to work on /home/airflow/.local/lib/python3.12/site-packages/airflow/example_dags/example_skip_dag.py
[2024-12-08T05:17:04.031+0000] {processor.py:914} INFO - Processing file /home/airflow/.local/lib/python3.12/site-packages/airflow/example_dags/example_skip_dag.py for tasks to queue
[2024-12-08T05:17:04.034+0000] {logging_mixin.py:190} INFO - [2024-12-08T05:17:04.033+0000] {dagbag.py:588} INFO - Filling up the DagBag from /home/airflow/.local/lib/python3.12/site-packages/airflow/example_dags/example_skip_dag.py
[2024-12-08T05:17:04.055+0000] {processor.py:925} INFO - DAG(s) 'example_skip_dag' retrieved from /home/airflow/.local/lib/python3.12/site-packages/airflow/example_dags/example_skip_dag.py
[2024-12-08T05:17:04.105+0000] {logging_mixin.py:190} INFO - [2024-12-08T05:17:04.105+0000] {dag.py:3239} INFO - Sync 1 DAGs
[2024-12-08T05:17:04.161+0000] {logging_mixin.py:190} INFO - [2024-12-08T05:17:04.161+0000] {dag.py:4180} INFO - Setting next_dagrun for example_skip_dag to 2024-12-07 00:00:00+00:00, run_after=2024-12-08 00:00:00+00:00
[2024-12-08T05:17:04.204+0000] {processor.py:208} INFO - Processing /home/airflow/.local/lib/python3.12/site-packages/airflow/example_dags/example_skip_dag.py took 0.190 seconds
[2024-12-08T05:17:35.070+0000] {processor.py:186} INFO - Started process (PID=2077) to work on /home/airflow/.local/lib/python3.12/site-packages/airflow/example_dags/example_skip_dag.py
[2024-12-08T05:17:35.071+0000] {processor.py:914} INFO - Processing file /home/airflow/.local/lib/python3.12/site-packages/airflow/example_dags/example_skip_dag.py for tasks to queue
[2024-12-08T05:17:35.073+0000] {logging_mixin.py:190} INFO - [2024-12-08T05:17:35.073+0000] {dagbag.py:588} INFO - Filling up the DagBag from /home/airflow/.local/lib/python3.12/site-packages/airflow/example_dags/example_skip_dag.py
[2024-12-08T05:17:35.086+0000] {processor.py:925} INFO - DAG(s) 'example_skip_dag' retrieved from /home/airflow/.local/lib/python3.12/site-packages/airflow/example_dags/example_skip_dag.py
[2024-12-08T05:17:35.119+0000] {logging_mixin.py:190} INFO - [2024-12-08T05:17:35.118+0000] {dag.py:3239} INFO - Sync 1 DAGs
[2024-12-08T05:17:35.151+0000] {logging_mixin.py:190} INFO - [2024-12-08T05:17:35.150+0000] {dag.py:4180} INFO - Setting next_dagrun for example_skip_dag to 2024-12-07 00:00:00+00:00, run_after=2024-12-08 00:00:00+00:00
[2024-12-08T05:17:35.176+0000] {processor.py:208} INFO - Processing /home/airflow/.local/lib/python3.12/site-packages/airflow/example_dags/example_skip_dag.py took 0.114 seconds
[2024-12-08T05:18:06.409+0000] {processor.py:186} INFO - Started process (PID=2186) to work on /home/airflow/.local/lib/python3.12/site-packages/airflow/example_dags/example_skip_dag.py
[2024-12-08T05:18:06.410+0000] {processor.py:914} INFO - Processing file /home/airflow/.local/lib/python3.12/site-packages/airflow/example_dags/example_skip_dag.py for tasks to queue
[2024-12-08T05:18:06.412+0000] {logging_mixin.py:190} INFO - [2024-12-08T05:18:06.412+0000] {dagbag.py:588} INFO - Filling up the DagBag from /home/airflow/.local/lib/python3.12/site-packages/airflow/example_dags/example_skip_dag.py
[2024-12-08T05:18:06.425+0000] {processor.py:925} INFO - DAG(s) 'example_skip_dag' retrieved from /home/airflow/.local/lib/python3.12/site-packages/airflow/example_dags/example_skip_dag.py
[2024-12-08T05:18:06.454+0000] {logging_mixin.py:190} INFO - [2024-12-08T05:18:06.454+0000] {dag.py:3239} INFO - Sync 1 DAGs
[2024-12-08T05:18:06.486+0000] {logging_mixin.py:190} INFO - [2024-12-08T05:18:06.486+0000] {dag.py:4180} INFO - Setting next_dagrun for example_skip_dag to 2024-12-07 00:00:00+00:00, run_after=2024-12-08 00:00:00+00:00
[2024-12-08T05:18:06.510+0000] {processor.py:208} INFO - Processing /home/airflow/.local/lib/python3.12/site-packages/airflow/example_dags/example_skip_dag.py took 0.110 seconds
[2024-12-08T05:18:41.371+0000] {processor.py:186} INFO - Started process (PID=2297) to work on /home/airflow/.local/lib/python3.12/site-packages/airflow/example_dags/example_skip_dag.py
[2024-12-08T05:18:41.881+0000] {processor.py:914} INFO - Processing file /home/airflow/.local/lib/python3.12/site-packages/airflow/example_dags/example_skip_dag.py for tasks to queue
[2024-12-08T05:18:41.884+0000] {logging_mixin.py:190} INFO - [2024-12-08T05:18:41.883+0000] {dagbag.py:588} INFO - Filling up the DagBag from /home/airflow/.local/lib/python3.12/site-packages/airflow/example_dags/example_skip_dag.py
[2024-12-08T05:18:41.902+0000] {processor.py:925} INFO - DAG(s) 'example_skip_dag' retrieved from /home/airflow/.local/lib/python3.12/site-packages/airflow/example_dags/example_skip_dag.py
[2024-12-08T05:18:41.944+0000] {logging_mixin.py:190} INFO - [2024-12-08T05:18:41.943+0000] {dag.py:3239} INFO - Sync 1 DAGs
[2024-12-08T05:18:42.001+0000] {logging_mixin.py:190} INFO - [2024-12-08T05:18:42.000+0000] {dag.py:4180} INFO - Setting next_dagrun for example_skip_dag to 2024-12-07 00:00:00+00:00, run_after=2024-12-08 00:00:00+00:00
[2024-12-08T05:18:42.033+0000] {processor.py:208} INFO - Processing /home/airflow/.local/lib/python3.12/site-packages/airflow/example_dags/example_skip_dag.py took 0.681 seconds
[2024-12-08T05:19:12.568+0000] {processor.py:186} INFO - Started process (PID=2402) to work on /home/airflow/.local/lib/python3.12/site-packages/airflow/example_dags/example_skip_dag.py
[2024-12-08T05:19:12.570+0000] {processor.py:914} INFO - Processing file /home/airflow/.local/lib/python3.12/site-packages/airflow/example_dags/example_skip_dag.py for tasks to queue
[2024-12-08T05:19:12.573+0000] {logging_mixin.py:190} INFO - [2024-12-08T05:19:12.572+0000] {dagbag.py:588} INFO - Filling up the DagBag from /home/airflow/.local/lib/python3.12/site-packages/airflow/example_dags/example_skip_dag.py
[2024-12-08T05:19:12.598+0000] {processor.py:925} INFO - DAG(s) 'example_skip_dag' retrieved from /home/airflow/.local/lib/python3.12/site-packages/airflow/example_dags/example_skip_dag.py
[2024-12-08T05:19:12.654+0000] {logging_mixin.py:190} INFO - [2024-12-08T05:19:12.653+0000] {dag.py:3239} INFO - Sync 1 DAGs
[2024-12-08T05:19:12.720+0000] {logging_mixin.py:190} INFO - [2024-12-08T05:19:12.719+0000] {dag.py:4180} INFO - Setting next_dagrun for example_skip_dag to 2024-12-07 00:00:00+00:00, run_after=2024-12-08 00:00:00+00:00
[2024-12-08T05:19:12.764+0000] {processor.py:208} INFO - Processing /home/airflow/.local/lib/python3.12/site-packages/airflow/example_dags/example_skip_dag.py took 0.211 seconds
[2024-12-08T05:19:45.080+0000] {processor.py:186} INFO - Started process (PID=2502) to work on /home/airflow/.local/lib/python3.12/site-packages/airflow/example_dags/example_skip_dag.py
[2024-12-08T05:19:45.093+0000] {processor.py:914} INFO - Processing file /home/airflow/.local/lib/python3.12/site-packages/airflow/example_dags/example_skip_dag.py for tasks to queue
[2024-12-08T05:19:45.095+0000] {logging_mixin.py:190} INFO - [2024-12-08T05:19:45.095+0000] {dagbag.py:588} INFO - Filling up the DagBag from /home/airflow/.local/lib/python3.12/site-packages/airflow/example_dags/example_skip_dag.py
[2024-12-08T05:19:45.120+0000] {processor.py:925} INFO - DAG(s) 'example_skip_dag' retrieved from /home/airflow/.local/lib/python3.12/site-packages/airflow/example_dags/example_skip_dag.py
[2024-12-08T05:19:45.163+0000] {logging_mixin.py:190} INFO - [2024-12-08T05:19:45.163+0000] {dag.py:3239} INFO - Sync 1 DAGs
[2024-12-08T05:19:45.236+0000] {logging_mixin.py:190} INFO - [2024-12-08T05:19:45.235+0000] {dag.py:4180} INFO - Setting next_dagrun for example_skip_dag to 2024-12-07 00:00:00+00:00, run_after=2024-12-08 00:00:00+00:00
[2024-12-08T05:19:45.298+0000] {processor.py:208} INFO - Processing /home/airflow/.local/lib/python3.12/site-packages/airflow/example_dags/example_skip_dag.py took 0.229 seconds
[2024-12-08T05:20:16.080+0000] {processor.py:186} INFO - Started process (PID=2572) to work on /home/airflow/.local/lib/python3.12/site-packages/airflow/example_dags/example_skip_dag.py
[2024-12-08T05:20:16.083+0000] {processor.py:914} INFO - Processing file /home/airflow/.local/lib/python3.12/site-packages/airflow/example_dags/example_skip_dag.py for tasks to queue
[2024-12-08T05:20:16.086+0000] {logging_mixin.py:190} INFO - [2024-12-08T05:20:16.085+0000] {dagbag.py:588} INFO - Filling up the DagBag from /home/airflow/.local/lib/python3.12/site-packages/airflow/example_dags/example_skip_dag.py
[2024-12-08T05:20:16.110+0000] {processor.py:925} INFO - DAG(s) 'example_skip_dag' retrieved from /home/airflow/.local/lib/python3.12/site-packages/airflow/example_dags/example_skip_dag.py
[2024-12-08T05:20:16.170+0000] {logging_mixin.py:190} INFO - [2024-12-08T05:20:16.168+0000] {dag.py:3239} INFO - Sync 1 DAGs
[2024-12-08T05:20:16.238+0000] {logging_mixin.py:190} INFO - [2024-12-08T05:20:16.237+0000] {dag.py:4180} INFO - Setting next_dagrun for example_skip_dag to 2024-12-07 00:00:00+00:00, run_after=2024-12-08 00:00:00+00:00
[2024-12-08T05:20:16.282+0000] {processor.py:208} INFO - Processing /home/airflow/.local/lib/python3.12/site-packages/airflow/example_dags/example_skip_dag.py took 0.221 seconds
[2024-12-08T05:20:46.542+0000] {processor.py:186} INFO - Started process (PID=2655) to work on /home/airflow/.local/lib/python3.12/site-packages/airflow/example_dags/example_skip_dag.py
[2024-12-08T05:20:46.543+0000] {processor.py:914} INFO - Processing file /home/airflow/.local/lib/python3.12/site-packages/airflow/example_dags/example_skip_dag.py for tasks to queue
[2024-12-08T05:20:46.545+0000] {logging_mixin.py:190} INFO - [2024-12-08T05:20:46.544+0000] {dagbag.py:588} INFO - Filling up the DagBag from /home/airflow/.local/lib/python3.12/site-packages/airflow/example_dags/example_skip_dag.py
[2024-12-08T05:20:46.556+0000] {processor.py:925} INFO - DAG(s) 'example_skip_dag' retrieved from /home/airflow/.local/lib/python3.12/site-packages/airflow/example_dags/example_skip_dag.py
[2024-12-08T05:20:46.583+0000] {logging_mixin.py:190} INFO - [2024-12-08T05:20:46.583+0000] {dag.py:3239} INFO - Sync 1 DAGs
[2024-12-08T05:20:46.614+0000] {logging_mixin.py:190} INFO - [2024-12-08T05:20:46.613+0000] {dag.py:4180} INFO - Setting next_dagrun for example_skip_dag to 2024-12-07 00:00:00+00:00, run_after=2024-12-08 00:00:00+00:00
[2024-12-08T05:20:46.637+0000] {processor.py:208} INFO - Processing /home/airflow/.local/lib/python3.12/site-packages/airflow/example_dags/example_skip_dag.py took 0.103 seconds
[2024-12-08T05:21:17.722+0000] {processor.py:186} INFO - Started process (PID=2719) to work on /home/airflow/.local/lib/python3.12/site-packages/airflow/example_dags/example_skip_dag.py
[2024-12-08T05:21:17.724+0000] {processor.py:914} INFO - Processing file /home/airflow/.local/lib/python3.12/site-packages/airflow/example_dags/example_skip_dag.py for tasks to queue
[2024-12-08T05:21:17.725+0000] {logging_mixin.py:190} INFO - [2024-12-08T05:21:17.725+0000] {dagbag.py:588} INFO - Filling up the DagBag from /home/airflow/.local/lib/python3.12/site-packages/airflow/example_dags/example_skip_dag.py
[2024-12-08T05:21:17.737+0000] {processor.py:925} INFO - DAG(s) 'example_skip_dag' retrieved from /home/airflow/.local/lib/python3.12/site-packages/airflow/example_dags/example_skip_dag.py
[2024-12-08T05:21:17.763+0000] {logging_mixin.py:190} INFO - [2024-12-08T05:21:17.763+0000] {dag.py:3239} INFO - Sync 1 DAGs
[2024-12-08T05:21:17.791+0000] {logging_mixin.py:190} INFO - [2024-12-08T05:21:17.791+0000] {dag.py:4180} INFO - Setting next_dagrun for example_skip_dag to 2024-12-07 00:00:00+00:00, run_after=2024-12-08 00:00:00+00:00
[2024-12-08T05:21:17.813+0000] {processor.py:208} INFO - Processing /home/airflow/.local/lib/python3.12/site-packages/airflow/example_dags/example_skip_dag.py took 0.100 seconds
[2024-12-08T05:21:48.833+0000] {processor.py:186} INFO - Started process (PID=2785) to work on /home/airflow/.local/lib/python3.12/site-packages/airflow/example_dags/example_skip_dag.py
[2024-12-08T05:21:48.835+0000] {processor.py:914} INFO - Processing file /home/airflow/.local/lib/python3.12/site-packages/airflow/example_dags/example_skip_dag.py for tasks to queue
[2024-12-08T05:21:48.837+0000] {logging_mixin.py:190} INFO - [2024-12-08T05:21:48.837+0000] {dagbag.py:588} INFO - Filling up the DagBag from /home/airflow/.local/lib/python3.12/site-packages/airflow/example_dags/example_skip_dag.py
[2024-12-08T05:21:48.850+0000] {processor.py:925} INFO - DAG(s) 'example_skip_dag' retrieved from /home/airflow/.local/lib/python3.12/site-packages/airflow/example_dags/example_skip_dag.py
[2024-12-08T05:21:48.878+0000] {logging_mixin.py:190} INFO - [2024-12-08T05:21:48.877+0000] {dag.py:3239} INFO - Sync 1 DAGs
[2024-12-08T05:21:48.906+0000] {logging_mixin.py:190} INFO - [2024-12-08T05:21:48.906+0000] {dag.py:4180} INFO - Setting next_dagrun for example_skip_dag to 2024-12-07 00:00:00+00:00, run_after=2024-12-08 00:00:00+00:00
[2024-12-08T05:21:48.929+0000] {processor.py:208} INFO - Processing /home/airflow/.local/lib/python3.12/site-packages/airflow/example_dags/example_skip_dag.py took 0.103 seconds
[2024-12-08T05:22:18.990+0000] {processor.py:186} INFO - Started process (PID=2849) to work on /home/airflow/.local/lib/python3.12/site-packages/airflow/example_dags/example_skip_dag.py
[2024-12-08T05:22:18.991+0000] {processor.py:914} INFO - Processing file /home/airflow/.local/lib/python3.12/site-packages/airflow/example_dags/example_skip_dag.py for tasks to queue
[2024-12-08T05:22:18.993+0000] {logging_mixin.py:190} INFO - [2024-12-08T05:22:18.993+0000] {dagbag.py:588} INFO - Filling up the DagBag from /home/airflow/.local/lib/python3.12/site-packages/airflow/example_dags/example_skip_dag.py
[2024-12-08T05:22:19.006+0000] {processor.py:925} INFO - DAG(s) 'example_skip_dag' retrieved from /home/airflow/.local/lib/python3.12/site-packages/airflow/example_dags/example_skip_dag.py
[2024-12-08T05:22:19.037+0000] {logging_mixin.py:190} INFO - [2024-12-08T05:22:19.036+0000] {dag.py:3239} INFO - Sync 1 DAGs
[2024-12-08T05:22:19.069+0000] {logging_mixin.py:190} INFO - [2024-12-08T05:22:19.068+0000] {dag.py:4180} INFO - Setting next_dagrun for example_skip_dag to 2024-12-07 00:00:00+00:00, run_after=2024-12-08 00:00:00+00:00
[2024-12-08T05:22:19.095+0000] {processor.py:208} INFO - Processing /home/airflow/.local/lib/python3.12/site-packages/airflow/example_dags/example_skip_dag.py took 0.113 seconds
[2024-12-08T05:22:49.957+0000] {processor.py:186} INFO - Started process (PID=2913) to work on /home/airflow/.local/lib/python3.12/site-packages/airflow/example_dags/example_skip_dag.py
[2024-12-08T05:22:49.959+0000] {processor.py:914} INFO - Processing file /home/airflow/.local/lib/python3.12/site-packages/airflow/example_dags/example_skip_dag.py for tasks to queue
[2024-12-08T05:22:49.961+0000] {logging_mixin.py:190} INFO - [2024-12-08T05:22:49.960+0000] {dagbag.py:588} INFO - Filling up the DagBag from /home/airflow/.local/lib/python3.12/site-packages/airflow/example_dags/example_skip_dag.py
[2024-12-08T05:22:49.978+0000] {processor.py:925} INFO - DAG(s) 'example_skip_dag' retrieved from /home/airflow/.local/lib/python3.12/site-packages/airflow/example_dags/example_skip_dag.py
[2024-12-08T05:22:50.008+0000] {logging_mixin.py:190} INFO - [2024-12-08T05:22:50.007+0000] {dag.py:3239} INFO - Sync 1 DAGs
[2024-12-08T05:22:50.041+0000] {logging_mixin.py:190} INFO - [2024-12-08T05:22:50.041+0000] {dag.py:4180} INFO - Setting next_dagrun for example_skip_dag to 2024-12-07 00:00:00+00:00, run_after=2024-12-08 00:00:00+00:00
[2024-12-08T05:22:50.067+0000] {processor.py:208} INFO - Processing /home/airflow/.local/lib/python3.12/site-packages/airflow/example_dags/example_skip_dag.py took 0.119 seconds
[2024-12-08T05:23:21.317+0000] {processor.py:186} INFO - Started process (PID=2983) to work on /home/airflow/.local/lib/python3.12/site-packages/airflow/example_dags/example_skip_dag.py
[2024-12-08T05:23:21.318+0000] {processor.py:914} INFO - Processing file /home/airflow/.local/lib/python3.12/site-packages/airflow/example_dags/example_skip_dag.py for tasks to queue
[2024-12-08T05:23:21.320+0000] {logging_mixin.py:190} INFO - [2024-12-08T05:23:21.319+0000] {dagbag.py:588} INFO - Filling up the DagBag from /home/airflow/.local/lib/python3.12/site-packages/airflow/example_dags/example_skip_dag.py
[2024-12-08T05:23:21.332+0000] {processor.py:925} INFO - DAG(s) 'example_skip_dag' retrieved from /home/airflow/.local/lib/python3.12/site-packages/airflow/example_dags/example_skip_dag.py
[2024-12-08T05:23:21.359+0000] {logging_mixin.py:190} INFO - [2024-12-08T05:23:21.359+0000] {dag.py:3239} INFO - Sync 1 DAGs
[2024-12-08T05:23:21.391+0000] {logging_mixin.py:190} INFO - [2024-12-08T05:23:21.391+0000] {dag.py:4180} INFO - Setting next_dagrun for example_skip_dag to 2024-12-07 00:00:00+00:00, run_after=2024-12-08 00:00:00+00:00
[2024-12-08T05:23:21.413+0000] {processor.py:208} INFO - Processing /home/airflow/.local/lib/python3.12/site-packages/airflow/example_dags/example_skip_dag.py took 0.105 seconds
[2024-12-08T05:23:52.612+0000] {processor.py:186} INFO - Started process (PID=3047) to work on /home/airflow/.local/lib/python3.12/site-packages/airflow/example_dags/example_skip_dag.py
[2024-12-08T05:23:52.614+0000] {processor.py:914} INFO - Processing file /home/airflow/.local/lib/python3.12/site-packages/airflow/example_dags/example_skip_dag.py for tasks to queue
[2024-12-08T05:23:52.615+0000] {logging_mixin.py:190} INFO - [2024-12-08T05:23:52.615+0000] {dagbag.py:588} INFO - Filling up the DagBag from /home/airflow/.local/lib/python3.12/site-packages/airflow/example_dags/example_skip_dag.py
[2024-12-08T05:23:52.627+0000] {processor.py:925} INFO - DAG(s) 'example_skip_dag' retrieved from /home/airflow/.local/lib/python3.12/site-packages/airflow/example_dags/example_skip_dag.py
[2024-12-08T05:23:52.654+0000] {logging_mixin.py:190} INFO - [2024-12-08T05:23:52.654+0000] {dag.py:3239} INFO - Sync 1 DAGs
[2024-12-08T05:23:52.683+0000] {logging_mixin.py:190} INFO - [2024-12-08T05:23:52.682+0000] {dag.py:4180} INFO - Setting next_dagrun for example_skip_dag to 2024-12-07 00:00:00+00:00, run_after=2024-12-08 00:00:00+00:00
[2024-12-08T05:23:52.704+0000] {processor.py:208} INFO - Processing /home/airflow/.local/lib/python3.12/site-packages/airflow/example_dags/example_skip_dag.py took 0.099 seconds
[2024-12-08T05:24:23.928+0000] {processor.py:186} INFO - Started process (PID=3114) to work on /home/airflow/.local/lib/python3.12/site-packages/airflow/example_dags/example_skip_dag.py
[2024-12-08T05:24:23.929+0000] {processor.py:914} INFO - Processing file /home/airflow/.local/lib/python3.12/site-packages/airflow/example_dags/example_skip_dag.py for tasks to queue
[2024-12-08T05:24:23.931+0000] {logging_mixin.py:190} INFO - [2024-12-08T05:24:23.930+0000] {dagbag.py:588} INFO - Filling up the DagBag from /home/airflow/.local/lib/python3.12/site-packages/airflow/example_dags/example_skip_dag.py
[2024-12-08T05:24:23.943+0000] {processor.py:925} INFO - DAG(s) 'example_skip_dag' retrieved from /home/airflow/.local/lib/python3.12/site-packages/airflow/example_dags/example_skip_dag.py
[2024-12-08T05:24:23.972+0000] {logging_mixin.py:190} INFO - [2024-12-08T05:24:23.971+0000] {dag.py:3239} INFO - Sync 1 DAGs
[2024-12-08T05:24:24.004+0000] {logging_mixin.py:190} INFO - [2024-12-08T05:24:24.004+0000] {dag.py:4180} INFO - Setting next_dagrun for example_skip_dag to 2024-12-07 00:00:00+00:00, run_after=2024-12-08 00:00:00+00:00
[2024-12-08T05:24:24.033+0000] {processor.py:208} INFO - Processing /home/airflow/.local/lib/python3.12/site-packages/airflow/example_dags/example_skip_dag.py took 0.113 seconds
[2024-12-08T05:24:55.202+0000] {processor.py:186} INFO - Started process (PID=3182) to work on /home/airflow/.local/lib/python3.12/site-packages/airflow/example_dags/example_skip_dag.py
[2024-12-08T05:24:55.203+0000] {processor.py:914} INFO - Processing file /home/airflow/.local/lib/python3.12/site-packages/airflow/example_dags/example_skip_dag.py for tasks to queue
[2024-12-08T05:24:55.205+0000] {logging_mixin.py:190} INFO - [2024-12-08T05:24:55.205+0000] {dagbag.py:588} INFO - Filling up the DagBag from /home/airflow/.local/lib/python3.12/site-packages/airflow/example_dags/example_skip_dag.py
[2024-12-08T05:24:55.216+0000] {processor.py:925} INFO - DAG(s) 'example_skip_dag' retrieved from /home/airflow/.local/lib/python3.12/site-packages/airflow/example_dags/example_skip_dag.py
[2024-12-08T05:24:55.243+0000] {logging_mixin.py:190} INFO - [2024-12-08T05:24:55.243+0000] {dag.py:3239} INFO - Sync 1 DAGs
[2024-12-08T05:24:55.271+0000] {logging_mixin.py:190} INFO - [2024-12-08T05:24:55.271+0000] {dag.py:4180} INFO - Setting next_dagrun for example_skip_dag to 2024-12-07 00:00:00+00:00, run_after=2024-12-08 00:00:00+00:00
[2024-12-08T05:24:55.293+0000] {processor.py:208} INFO - Processing /home/airflow/.local/lib/python3.12/site-packages/airflow/example_dags/example_skip_dag.py took 0.098 seconds
[2024-12-08T05:25:28.292+0000] {processor.py:186} INFO - Started process (PID=3273) to work on /home/airflow/.local/lib/python3.12/site-packages/airflow/example_dags/example_skip_dag.py
[2024-12-08T05:25:28.295+0000] {processor.py:914} INFO - Processing file /home/airflow/.local/lib/python3.12/site-packages/airflow/example_dags/example_skip_dag.py for tasks to queue
[2024-12-08T05:25:28.298+0000] {logging_mixin.py:190} INFO - [2024-12-08T05:25:28.297+0000] {dagbag.py:588} INFO - Filling up the DagBag from /home/airflow/.local/lib/python3.12/site-packages/airflow/example_dags/example_skip_dag.py
[2024-12-08T05:25:28.317+0000] {processor.py:925} INFO - DAG(s) 'example_skip_dag' retrieved from /home/airflow/.local/lib/python3.12/site-packages/airflow/example_dags/example_skip_dag.py
[2024-12-08T05:25:28.369+0000] {logging_mixin.py:190} INFO - [2024-12-08T05:25:28.369+0000] {dag.py:3239} INFO - Sync 1 DAGs
[2024-12-08T05:25:28.420+0000] {logging_mixin.py:190} INFO - [2024-12-08T05:25:28.419+0000] {dag.py:4180} INFO - Setting next_dagrun for example_skip_dag to 2024-12-07 00:00:00+00:00, run_after=2024-12-08 00:00:00+00:00
[2024-12-08T05:25:28.450+0000] {processor.py:208} INFO - Processing /home/airflow/.local/lib/python3.12/site-packages/airflow/example_dags/example_skip_dag.py took 0.168 seconds
[2024-12-08T05:26:01.699+0000] {processor.py:186} INFO - Started process (PID=3371) to work on /home/airflow/.local/lib/python3.12/site-packages/airflow/example_dags/example_skip_dag.py
[2024-12-08T05:26:01.701+0000] {processor.py:914} INFO - Processing file /home/airflow/.local/lib/python3.12/site-packages/airflow/example_dags/example_skip_dag.py for tasks to queue
[2024-12-08T05:26:01.704+0000] {logging_mixin.py:190} INFO - [2024-12-08T05:26:01.703+0000] {dagbag.py:588} INFO - Filling up the DagBag from /home/airflow/.local/lib/python3.12/site-packages/airflow/example_dags/example_skip_dag.py
[2024-12-08T05:26:01.721+0000] {processor.py:925} INFO - DAG(s) 'example_skip_dag' retrieved from /home/airflow/.local/lib/python3.12/site-packages/airflow/example_dags/example_skip_dag.py
[2024-12-08T05:26:01.764+0000] {logging_mixin.py:190} INFO - [2024-12-08T05:26:01.763+0000] {dag.py:3239} INFO - Sync 1 DAGs
[2024-12-08T05:26:01.813+0000] {logging_mixin.py:190} INFO - [2024-12-08T05:26:01.812+0000] {dag.py:4180} INFO - Setting next_dagrun for example_skip_dag to 2024-12-07 00:00:00+00:00, run_after=2024-12-08 00:00:00+00:00
[2024-12-08T05:26:01.846+0000] {processor.py:208} INFO - Processing /home/airflow/.local/lib/python3.12/site-packages/airflow/example_dags/example_skip_dag.py took 0.158 seconds
[2024-12-08T05:26:33.379+0000] {processor.py:186} INFO - Started process (PID=3435) to work on /home/airflow/.local/lib/python3.12/site-packages/airflow/example_dags/example_skip_dag.py
[2024-12-08T05:26:33.380+0000] {processor.py:914} INFO - Processing file /home/airflow/.local/lib/python3.12/site-packages/airflow/example_dags/example_skip_dag.py for tasks to queue
[2024-12-08T05:26:33.382+0000] {logging_mixin.py:190} INFO - [2024-12-08T05:26:33.382+0000] {dagbag.py:588} INFO - Filling up the DagBag from /home/airflow/.local/lib/python3.12/site-packages/airflow/example_dags/example_skip_dag.py
[2024-12-08T05:26:33.398+0000] {processor.py:925} INFO - DAG(s) 'example_skip_dag' retrieved from /home/airflow/.local/lib/python3.12/site-packages/airflow/example_dags/example_skip_dag.py
[2024-12-08T05:26:33.641+0000] {logging_mixin.py:190} INFO - [2024-12-08T05:26:33.641+0000] {dag.py:3239} INFO - Sync 1 DAGs
[2024-12-08T05:26:33.667+0000] {logging_mixin.py:190} INFO - [2024-12-08T05:26:33.666+0000] {dag.py:4180} INFO - Setting next_dagrun for example_skip_dag to 2024-12-07 00:00:00+00:00, run_after=2024-12-08 00:00:00+00:00
[2024-12-08T05:26:33.687+0000] {processor.py:208} INFO - Processing /home/airflow/.local/lib/python3.12/site-packages/airflow/example_dags/example_skip_dag.py took 0.319 seconds
[2024-12-08T05:27:04.293+0000] {processor.py:186} INFO - Started process (PID=3499) to work on /home/airflow/.local/lib/python3.12/site-packages/airflow/example_dags/example_skip_dag.py
[2024-12-08T05:27:04.295+0000] {processor.py:914} INFO - Processing file /home/airflow/.local/lib/python3.12/site-packages/airflow/example_dags/example_skip_dag.py for tasks to queue
[2024-12-08T05:27:04.297+0000] {logging_mixin.py:190} INFO - [2024-12-08T05:27:04.296+0000] {dagbag.py:588} INFO - Filling up the DagBag from /home/airflow/.local/lib/python3.12/site-packages/airflow/example_dags/example_skip_dag.py
[2024-12-08T05:27:04.309+0000] {processor.py:925} INFO - DAG(s) 'example_skip_dag' retrieved from /home/airflow/.local/lib/python3.12/site-packages/airflow/example_dags/example_skip_dag.py
[2024-12-08T05:27:04.341+0000] {logging_mixin.py:190} INFO - [2024-12-08T05:27:04.341+0000] {dag.py:3239} INFO - Sync 1 DAGs
[2024-12-08T05:27:04.570+0000] {logging_mixin.py:190} INFO - [2024-12-08T05:27:04.570+0000] {dag.py:4180} INFO - Setting next_dagrun for example_skip_dag to 2024-12-07 00:00:00+00:00, run_after=2024-12-08 00:00:00+00:00
[2024-12-08T05:27:04.593+0000] {processor.py:208} INFO - Processing /home/airflow/.local/lib/python3.12/site-packages/airflow/example_dags/example_skip_dag.py took 0.308 seconds
