[2024-12-08T04:04:50.926+0000] {processor.py:186} INFO - Started process (PID=83) to work on /home/airflow/.local/lib/python3.12/site-packages/airflow/example_dags/example_complex.py
[2024-12-08T04:04:50.927+0000] {processor.py:914} INFO - Processing file /home/airflow/.local/lib/python3.12/site-packages/airflow/example_dags/example_complex.py for tasks to queue
[2024-12-08T04:04:50.930+0000] {logging_mixin.py:190} INFO - [2024-12-08T04:04:50.930+0000] {dagbag.py:588} INFO - Filling up the DagBag from /home/airflow/.local/lib/python3.12/site-packages/airflow/example_dags/example_complex.py
[2024-12-08T04:04:50.947+0000] {processor.py:925} INFO - DAG(s) 'example_complex' retrieved from /home/airflow/.local/lib/python3.12/site-packages/airflow/example_dags/example_complex.py
[2024-12-08T04:04:50.990+0000] {logging_mixin.py:190} INFO - [2024-12-08T04:04:50.990+0000] {dag.py:3239} INFO - Sync 1 DAGs
[2024-12-08T04:04:51.009+0000] {logging_mixin.py:190} INFO - [2024-12-08T04:04:51.009+0000] {dag.py:4180} INFO - Setting next_dagrun for example_complex to None, run_after=None
[2024-12-08T04:04:51.033+0000] {processor.py:208} INFO - Processing /home/airflow/.local/lib/python3.12/site-packages/airflow/example_dags/example_complex.py took 0.115 seconds
[2024-12-08T04:05:21.258+0000] {processor.py:186} INFO - Started process (PID=145) to work on /home/airflow/.local/lib/python3.12/site-packages/airflow/example_dags/example_complex.py
[2024-12-08T04:05:21.261+0000] {processor.py:914} INFO - Processing file /home/airflow/.local/lib/python3.12/site-packages/airflow/example_dags/example_complex.py for tasks to queue
[2024-12-08T04:05:21.271+0000] {logging_mixin.py:190} INFO - [2024-12-08T04:05:21.269+0000] {dagbag.py:588} INFO - Filling up the DagBag from /home/airflow/.local/lib/python3.12/site-packages/airflow/example_dags/example_complex.py
[2024-12-08T04:05:21.319+0000] {processor.py:925} INFO - DAG(s) 'example_complex' retrieved from /home/airflow/.local/lib/python3.12/site-packages/airflow/example_dags/example_complex.py
[2024-12-08T04:05:21.399+0000] {logging_mixin.py:190} INFO - [2024-12-08T04:05:21.399+0000] {dag.py:3239} INFO - Sync 1 DAGs
[2024-12-08T04:05:21.417+0000] {logging_mixin.py:190} INFO - [2024-12-08T04:05:21.417+0000] {dag.py:4180} INFO - Setting next_dagrun for example_complex to None, run_after=None
[2024-12-08T04:05:21.441+0000] {processor.py:208} INFO - Processing /home/airflow/.local/lib/python3.12/site-packages/airflow/example_dags/example_complex.py took 0.208 seconds
[2024-12-08T04:05:52.067+0000] {processor.py:186} INFO - Started process (PID=208) to work on /home/airflow/.local/lib/python3.12/site-packages/airflow/example_dags/example_complex.py
[2024-12-08T04:05:52.069+0000] {processor.py:914} INFO - Processing file /home/airflow/.local/lib/python3.12/site-packages/airflow/example_dags/example_complex.py for tasks to queue
[2024-12-08T04:05:52.072+0000] {logging_mixin.py:190} INFO - [2024-12-08T04:05:52.072+0000] {dagbag.py:588} INFO - Filling up the DagBag from /home/airflow/.local/lib/python3.12/site-packages/airflow/example_dags/example_complex.py
[2024-12-08T04:05:52.090+0000] {processor.py:925} INFO - DAG(s) 'example_complex' retrieved from /home/airflow/.local/lib/python3.12/site-packages/airflow/example_dags/example_complex.py
[2024-12-08T04:05:52.131+0000] {logging_mixin.py:190} INFO - [2024-12-08T04:05:52.131+0000] {dag.py:3239} INFO - Sync 1 DAGs
[2024-12-08T04:05:52.149+0000] {logging_mixin.py:190} INFO - [2024-12-08T04:05:52.148+0000] {dag.py:4180} INFO - Setting next_dagrun for example_complex to None, run_after=None
[2024-12-08T04:05:52.172+0000] {processor.py:208} INFO - Processing /home/airflow/.local/lib/python3.12/site-packages/airflow/example_dags/example_complex.py took 0.114 seconds
[2024-12-08T04:06:22.630+0000] {processor.py:186} INFO - Started process (PID=271) to work on /home/airflow/.local/lib/python3.12/site-packages/airflow/example_dags/example_complex.py
[2024-12-08T04:06:22.631+0000] {processor.py:914} INFO - Processing file /home/airflow/.local/lib/python3.12/site-packages/airflow/example_dags/example_complex.py for tasks to queue
[2024-12-08T04:06:22.635+0000] {logging_mixin.py:190} INFO - [2024-12-08T04:06:22.635+0000] {dagbag.py:588} INFO - Filling up the DagBag from /home/airflow/.local/lib/python3.12/site-packages/airflow/example_dags/example_complex.py
[2024-12-08T04:06:22.654+0000] {processor.py:925} INFO - DAG(s) 'example_complex' retrieved from /home/airflow/.local/lib/python3.12/site-packages/airflow/example_dags/example_complex.py
[2024-12-08T04:06:22.701+0000] {logging_mixin.py:190} INFO - [2024-12-08T04:06:22.701+0000] {dag.py:3239} INFO - Sync 1 DAGs
[2024-12-08T04:06:22.722+0000] {logging_mixin.py:190} INFO - [2024-12-08T04:06:22.722+0000] {dag.py:4180} INFO - Setting next_dagrun for example_complex to None, run_after=None
[2024-12-08T04:06:22.749+0000] {processor.py:208} INFO - Processing /home/airflow/.local/lib/python3.12/site-packages/airflow/example_dags/example_complex.py took 0.126 seconds
[2024-12-08T04:06:52.835+0000] {processor.py:186} INFO - Started process (PID=334) to work on /home/airflow/.local/lib/python3.12/site-packages/airflow/example_dags/example_complex.py
[2024-12-08T04:06:52.837+0000] {processor.py:914} INFO - Processing file /home/airflow/.local/lib/python3.12/site-packages/airflow/example_dags/example_complex.py for tasks to queue
[2024-12-08T04:06:52.840+0000] {logging_mixin.py:190} INFO - [2024-12-08T04:06:52.840+0000] {dagbag.py:588} INFO - Filling up the DagBag from /home/airflow/.local/lib/python3.12/site-packages/airflow/example_dags/example_complex.py
[2024-12-08T04:06:52.859+0000] {processor.py:925} INFO - DAG(s) 'example_complex' retrieved from /home/airflow/.local/lib/python3.12/site-packages/airflow/example_dags/example_complex.py
[2024-12-08T04:06:52.902+0000] {logging_mixin.py:190} INFO - [2024-12-08T04:06:52.902+0000] {dag.py:3239} INFO - Sync 1 DAGs
[2024-12-08T04:06:52.921+0000] {logging_mixin.py:190} INFO - [2024-12-08T04:06:52.921+0000] {dag.py:4180} INFO - Setting next_dagrun for example_complex to None, run_after=None
[2024-12-08T04:06:52.992+0000] {processor.py:208} INFO - Processing /home/airflow/.local/lib/python3.12/site-packages/airflow/example_dags/example_complex.py took 0.168 seconds
[2024-12-08T04:07:23.833+0000] {processor.py:186} INFO - Started process (PID=397) to work on /home/airflow/.local/lib/python3.12/site-packages/airflow/example_dags/example_complex.py
[2024-12-08T04:07:23.835+0000] {processor.py:914} INFO - Processing file /home/airflow/.local/lib/python3.12/site-packages/airflow/example_dags/example_complex.py for tasks to queue
[2024-12-08T04:07:23.838+0000] {logging_mixin.py:190} INFO - [2024-12-08T04:07:23.837+0000] {dagbag.py:588} INFO - Filling up the DagBag from /home/airflow/.local/lib/python3.12/site-packages/airflow/example_dags/example_complex.py
[2024-12-08T04:07:23.851+0000] {processor.py:925} INFO - DAG(s) 'example_complex' retrieved from /home/airflow/.local/lib/python3.12/site-packages/airflow/example_dags/example_complex.py
[2024-12-08T04:07:23.889+0000] {logging_mixin.py:190} INFO - [2024-12-08T04:07:23.889+0000] {dag.py:3239} INFO - Sync 1 DAGs
[2024-12-08T04:07:23.905+0000] {logging_mixin.py:190} INFO - [2024-12-08T04:07:23.905+0000] {dag.py:4180} INFO - Setting next_dagrun for example_complex to None, run_after=None
[2024-12-08T04:07:23.926+0000] {processor.py:208} INFO - Processing /home/airflow/.local/lib/python3.12/site-packages/airflow/example_dags/example_complex.py took 0.100 seconds
[2024-12-08T04:07:55.561+0000] {processor.py:186} INFO - Started process (PID=460) to work on /home/airflow/.local/lib/python3.12/site-packages/airflow/example_dags/example_complex.py
[2024-12-08T04:07:55.642+0000] {processor.py:914} INFO - Processing file /home/airflow/.local/lib/python3.12/site-packages/airflow/example_dags/example_complex.py for tasks to queue
[2024-12-08T04:07:55.652+0000] {logging_mixin.py:190} INFO - [2024-12-08T04:07:55.651+0000] {dagbag.py:588} INFO - Filling up the DagBag from /home/airflow/.local/lib/python3.12/site-packages/airflow/example_dags/example_complex.py
[2024-12-08T04:07:55.703+0000] {processor.py:925} INFO - DAG(s) 'example_complex' retrieved from /home/airflow/.local/lib/python3.12/site-packages/airflow/example_dags/example_complex.py
[2024-12-08T04:07:55.782+0000] {logging_mixin.py:190} INFO - [2024-12-08T04:07:55.782+0000] {dag.py:3239} INFO - Sync 1 DAGs
[2024-12-08T04:07:55.807+0000] {logging_mixin.py:190} INFO - [2024-12-08T04:07:55.806+0000] {dag.py:4180} INFO - Setting next_dagrun for example_complex to None, run_after=None
[2024-12-08T04:07:55.838+0000] {processor.py:208} INFO - Processing /home/airflow/.local/lib/python3.12/site-packages/airflow/example_dags/example_complex.py took 0.297 seconds
[2024-12-08T04:08:26.215+0000] {processor.py:186} INFO - Started process (PID=523) to work on /home/airflow/.local/lib/python3.12/site-packages/airflow/example_dags/example_complex.py
[2024-12-08T04:08:26.217+0000] {processor.py:914} INFO - Processing file /home/airflow/.local/lib/python3.12/site-packages/airflow/example_dags/example_complex.py for tasks to queue
[2024-12-08T04:08:26.222+0000] {logging_mixin.py:190} INFO - [2024-12-08T04:08:26.221+0000] {dagbag.py:588} INFO - Filling up the DagBag from /home/airflow/.local/lib/python3.12/site-packages/airflow/example_dags/example_complex.py
[2024-12-08T04:08:26.245+0000] {processor.py:925} INFO - DAG(s) 'example_complex' retrieved from /home/airflow/.local/lib/python3.12/site-packages/airflow/example_dags/example_complex.py
[2024-12-08T04:08:26.311+0000] {logging_mixin.py:190} INFO - [2024-12-08T04:08:26.311+0000] {dag.py:3239} INFO - Sync 1 DAGs
[2024-12-08T04:08:26.339+0000] {logging_mixin.py:190} INFO - [2024-12-08T04:08:26.339+0000] {dag.py:4180} INFO - Setting next_dagrun for example_complex to None, run_after=None
[2024-12-08T04:08:26.374+0000] {processor.py:208} INFO - Processing /home/airflow/.local/lib/python3.12/site-packages/airflow/example_dags/example_complex.py took 0.172 seconds
[2024-12-08T04:08:57.669+0000] {processor.py:186} INFO - Started process (PID=586) to work on /home/airflow/.local/lib/python3.12/site-packages/airflow/example_dags/example_complex.py
[2024-12-08T04:08:57.672+0000] {processor.py:914} INFO - Processing file /home/airflow/.local/lib/python3.12/site-packages/airflow/example_dags/example_complex.py for tasks to queue
[2024-12-08T04:08:57.680+0000] {logging_mixin.py:190} INFO - [2024-12-08T04:08:57.678+0000] {dagbag.py:588} INFO - Filling up the DagBag from /home/airflow/.local/lib/python3.12/site-packages/airflow/example_dags/example_complex.py
[2024-12-08T04:08:57.713+0000] {processor.py:925} INFO - DAG(s) 'example_complex' retrieved from /home/airflow/.local/lib/python3.12/site-packages/airflow/example_dags/example_complex.py
[2024-12-08T04:08:57.792+0000] {logging_mixin.py:190} INFO - [2024-12-08T04:08:57.792+0000] {dag.py:3239} INFO - Sync 1 DAGs
[2024-12-08T04:08:57.811+0000] {logging_mixin.py:190} INFO - [2024-12-08T04:08:57.810+0000] {dag.py:4180} INFO - Setting next_dagrun for example_complex to None, run_after=None
[2024-12-08T04:08:57.833+0000] {processor.py:208} INFO - Processing /home/airflow/.local/lib/python3.12/site-packages/airflow/example_dags/example_complex.py took 0.181 seconds
[2024-12-08T04:09:28.348+0000] {processor.py:186} INFO - Started process (PID=649) to work on /home/airflow/.local/lib/python3.12/site-packages/airflow/example_dags/example_complex.py
[2024-12-08T04:09:28.393+0000] {processor.py:914} INFO - Processing file /home/airflow/.local/lib/python3.12/site-packages/airflow/example_dags/example_complex.py for tasks to queue
[2024-12-08T04:09:28.404+0000] {logging_mixin.py:190} INFO - [2024-12-08T04:09:28.403+0000] {dagbag.py:588} INFO - Filling up the DagBag from /home/airflow/.local/lib/python3.12/site-packages/airflow/example_dags/example_complex.py
[2024-12-08T04:09:28.452+0000] {processor.py:925} INFO - DAG(s) 'example_complex' retrieved from /home/airflow/.local/lib/python3.12/site-packages/airflow/example_dags/example_complex.py
[2024-12-08T04:09:28.567+0000] {logging_mixin.py:190} INFO - [2024-12-08T04:09:28.567+0000] {dag.py:3239} INFO - Sync 1 DAGs
[2024-12-08T04:09:28.595+0000] {logging_mixin.py:190} INFO - [2024-12-08T04:09:28.595+0000] {dag.py:4180} INFO - Setting next_dagrun for example_complex to None, run_after=None
[2024-12-08T04:09:28.630+0000] {processor.py:208} INFO - Processing /home/airflow/.local/lib/python3.12/site-packages/airflow/example_dags/example_complex.py took 0.312 seconds
[2024-12-08T04:09:58.995+0000] {processor.py:186} INFO - Started process (PID=712) to work on /home/airflow/.local/lib/python3.12/site-packages/airflow/example_dags/example_complex.py
[2024-12-08T04:09:58.996+0000] {processor.py:914} INFO - Processing file /home/airflow/.local/lib/python3.12/site-packages/airflow/example_dags/example_complex.py for tasks to queue
[2024-12-08T04:09:58.999+0000] {logging_mixin.py:190} INFO - [2024-12-08T04:09:58.999+0000] {dagbag.py:588} INFO - Filling up the DagBag from /home/airflow/.local/lib/python3.12/site-packages/airflow/example_dags/example_complex.py
[2024-12-08T04:09:59.016+0000] {processor.py:925} INFO - DAG(s) 'example_complex' retrieved from /home/airflow/.local/lib/python3.12/site-packages/airflow/example_dags/example_complex.py
[2024-12-08T04:09:59.060+0000] {logging_mixin.py:190} INFO - [2024-12-08T04:09:59.059+0000] {dag.py:3239} INFO - Sync 1 DAGs
[2024-12-08T04:09:59.079+0000] {logging_mixin.py:190} INFO - [2024-12-08T04:09:59.078+0000] {dag.py:4180} INFO - Setting next_dagrun for example_complex to None, run_after=None
[2024-12-08T04:09:59.105+0000] {processor.py:208} INFO - Processing /home/airflow/.local/lib/python3.12/site-packages/airflow/example_dags/example_complex.py took 0.117 seconds
[2024-12-08T04:10:30.114+0000] {processor.py:186} INFO - Started process (PID=775) to work on /home/airflow/.local/lib/python3.12/site-packages/airflow/example_dags/example_complex.py
[2024-12-08T04:10:30.118+0000] {processor.py:914} INFO - Processing file /home/airflow/.local/lib/python3.12/site-packages/airflow/example_dags/example_complex.py for tasks to queue
[2024-12-08T04:10:30.129+0000] {logging_mixin.py:190} INFO - [2024-12-08T04:10:30.128+0000] {dagbag.py:588} INFO - Filling up the DagBag from /home/airflow/.local/lib/python3.12/site-packages/airflow/example_dags/example_complex.py
[2024-12-08T04:10:30.187+0000] {processor.py:925} INFO - DAG(s) 'example_complex' retrieved from /home/airflow/.local/lib/python3.12/site-packages/airflow/example_dags/example_complex.py
[2024-12-08T04:10:30.267+0000] {logging_mixin.py:190} INFO - [2024-12-08T04:10:30.266+0000] {dag.py:3239} INFO - Sync 1 DAGs
[2024-12-08T04:10:30.292+0000] {logging_mixin.py:190} INFO - [2024-12-08T04:10:30.291+0000] {dag.py:4180} INFO - Setting next_dagrun for example_complex to None, run_after=None
[2024-12-08T04:10:30.351+0000] {processor.py:208} INFO - Processing /home/airflow/.local/lib/python3.12/site-packages/airflow/example_dags/example_complex.py took 0.268 seconds
[2024-12-08T04:11:00.986+0000] {processor.py:186} INFO - Started process (PID=838) to work on /home/airflow/.local/lib/python3.12/site-packages/airflow/example_dags/example_complex.py
[2024-12-08T04:11:00.990+0000] {processor.py:914} INFO - Processing file /home/airflow/.local/lib/python3.12/site-packages/airflow/example_dags/example_complex.py for tasks to queue
[2024-12-08T04:11:00.996+0000] {logging_mixin.py:190} INFO - [2024-12-08T04:11:00.995+0000] {dagbag.py:588} INFO - Filling up the DagBag from /home/airflow/.local/lib/python3.12/site-packages/airflow/example_dags/example_complex.py
[2024-12-08T04:11:01.028+0000] {processor.py:925} INFO - DAG(s) 'example_complex' retrieved from /home/airflow/.local/lib/python3.12/site-packages/airflow/example_dags/example_complex.py
[2024-12-08T04:11:01.114+0000] {logging_mixin.py:190} INFO - [2024-12-08T04:11:01.113+0000] {dag.py:3239} INFO - Sync 1 DAGs
[2024-12-08T04:11:01.134+0000] {logging_mixin.py:190} INFO - [2024-12-08T04:11:01.134+0000] {dag.py:4180} INFO - Setting next_dagrun for example_complex to None, run_after=None
[2024-12-08T04:11:01.207+0000] {processor.py:208} INFO - Processing /home/airflow/.local/lib/python3.12/site-packages/airflow/example_dags/example_complex.py took 0.244 seconds
[2024-12-08T04:11:31.937+0000] {processor.py:186} INFO - Started process (PID=901) to work on /home/airflow/.local/lib/python3.12/site-packages/airflow/example_dags/example_complex.py
[2024-12-08T04:11:31.939+0000] {processor.py:914} INFO - Processing file /home/airflow/.local/lib/python3.12/site-packages/airflow/example_dags/example_complex.py for tasks to queue
[2024-12-08T04:11:31.945+0000] {logging_mixin.py:190} INFO - [2024-12-08T04:11:31.944+0000] {dagbag.py:588} INFO - Filling up the DagBag from /home/airflow/.local/lib/python3.12/site-packages/airflow/example_dags/example_complex.py
[2024-12-08T04:11:31.962+0000] {processor.py:925} INFO - DAG(s) 'example_complex' retrieved from /home/airflow/.local/lib/python3.12/site-packages/airflow/example_dags/example_complex.py
[2024-12-08T04:11:32.006+0000] {logging_mixin.py:190} INFO - [2024-12-08T04:11:32.006+0000] {dag.py:3239} INFO - Sync 1 DAGs
[2024-12-08T04:11:32.031+0000] {logging_mixin.py:190} INFO - [2024-12-08T04:11:32.031+0000] {dag.py:4180} INFO - Setting next_dagrun for example_complex to None, run_after=None
[2024-12-08T04:11:32.058+0000] {processor.py:208} INFO - Processing /home/airflow/.local/lib/python3.12/site-packages/airflow/example_dags/example_complex.py took 0.130 seconds
[2024-12-08T04:12:02.599+0000] {processor.py:186} INFO - Started process (PID=964) to work on /home/airflow/.local/lib/python3.12/site-packages/airflow/example_dags/example_complex.py
[2024-12-08T04:12:02.600+0000] {processor.py:914} INFO - Processing file /home/airflow/.local/lib/python3.12/site-packages/airflow/example_dags/example_complex.py for tasks to queue
[2024-12-08T04:12:02.603+0000] {logging_mixin.py:190} INFO - [2024-12-08T04:12:02.603+0000] {dagbag.py:588} INFO - Filling up the DagBag from /home/airflow/.local/lib/python3.12/site-packages/airflow/example_dags/example_complex.py
[2024-12-08T04:12:02.621+0000] {processor.py:925} INFO - DAG(s) 'example_complex' retrieved from /home/airflow/.local/lib/python3.12/site-packages/airflow/example_dags/example_complex.py
[2024-12-08T04:12:02.660+0000] {logging_mixin.py:190} INFO - [2024-12-08T04:12:02.660+0000] {dag.py:3239} INFO - Sync 1 DAGs
[2024-12-08T04:12:02.679+0000] {logging_mixin.py:190} INFO - [2024-12-08T04:12:02.679+0000] {dag.py:4180} INFO - Setting next_dagrun for example_complex to None, run_after=None
[2024-12-08T04:12:02.703+0000] {processor.py:208} INFO - Processing /home/airflow/.local/lib/python3.12/site-packages/airflow/example_dags/example_complex.py took 0.111 seconds
[2024-12-08T04:12:32.828+0000] {processor.py:186} INFO - Started process (PID=1027) to work on /home/airflow/.local/lib/python3.12/site-packages/airflow/example_dags/example_complex.py
[2024-12-08T04:12:32.830+0000] {processor.py:914} INFO - Processing file /home/airflow/.local/lib/python3.12/site-packages/airflow/example_dags/example_complex.py for tasks to queue
[2024-12-08T04:12:32.833+0000] {logging_mixin.py:190} INFO - [2024-12-08T04:12:32.833+0000] {dagbag.py:588} INFO - Filling up the DagBag from /home/airflow/.local/lib/python3.12/site-packages/airflow/example_dags/example_complex.py
[2024-12-08T04:12:32.854+0000] {processor.py:925} INFO - DAG(s) 'example_complex' retrieved from /home/airflow/.local/lib/python3.12/site-packages/airflow/example_dags/example_complex.py
[2024-12-08T04:12:32.896+0000] {logging_mixin.py:190} INFO - [2024-12-08T04:12:32.896+0000] {dag.py:3239} INFO - Sync 1 DAGs
[2024-12-08T04:12:32.912+0000] {logging_mixin.py:190} INFO - [2024-12-08T04:12:32.912+0000] {dag.py:4180} INFO - Setting next_dagrun for example_complex to None, run_after=None
[2024-12-08T04:12:32.935+0000] {processor.py:208} INFO - Processing /home/airflow/.local/lib/python3.12/site-packages/airflow/example_dags/example_complex.py took 0.119 seconds
[2024-12-08T04:13:03.623+0000] {processor.py:186} INFO - Started process (PID=1091) to work on /home/airflow/.local/lib/python3.12/site-packages/airflow/example_dags/example_complex.py
[2024-12-08T04:13:03.624+0000] {processor.py:914} INFO - Processing file /home/airflow/.local/lib/python3.12/site-packages/airflow/example_dags/example_complex.py for tasks to queue
[2024-12-08T04:13:03.629+0000] {logging_mixin.py:190} INFO - [2024-12-08T04:13:03.628+0000] {dagbag.py:588} INFO - Filling up the DagBag from /home/airflow/.local/lib/python3.12/site-packages/airflow/example_dags/example_complex.py
[2024-12-08T04:13:03.647+0000] {processor.py:925} INFO - DAG(s) 'example_complex' retrieved from /home/airflow/.local/lib/python3.12/site-packages/airflow/example_dags/example_complex.py
[2024-12-08T04:13:03.691+0000] {logging_mixin.py:190} INFO - [2024-12-08T04:13:03.691+0000] {dag.py:3239} INFO - Sync 1 DAGs
[2024-12-08T04:13:03.712+0000] {logging_mixin.py:190} INFO - [2024-12-08T04:13:03.711+0000] {dag.py:4180} INFO - Setting next_dagrun for example_complex to None, run_after=None
[2024-12-08T04:13:03.740+0000] {processor.py:208} INFO - Processing /home/airflow/.local/lib/python3.12/site-packages/airflow/example_dags/example_complex.py took 0.128 seconds
[2024-12-08T04:13:34.383+0000] {processor.py:186} INFO - Started process (PID=1154) to work on /home/airflow/.local/lib/python3.12/site-packages/airflow/example_dags/example_complex.py
[2024-12-08T04:13:34.384+0000] {processor.py:914} INFO - Processing file /home/airflow/.local/lib/python3.12/site-packages/airflow/example_dags/example_complex.py for tasks to queue
[2024-12-08T04:13:34.388+0000] {logging_mixin.py:190} INFO - [2024-12-08T04:13:34.387+0000] {dagbag.py:588} INFO - Filling up the DagBag from /home/airflow/.local/lib/python3.12/site-packages/airflow/example_dags/example_complex.py
[2024-12-08T04:13:34.407+0000] {processor.py:925} INFO - DAG(s) 'example_complex' retrieved from /home/airflow/.local/lib/python3.12/site-packages/airflow/example_dags/example_complex.py
[2024-12-08T04:13:34.454+0000] {logging_mixin.py:190} INFO - [2024-12-08T04:13:34.454+0000] {dag.py:3239} INFO - Sync 1 DAGs
[2024-12-08T04:13:34.477+0000] {logging_mixin.py:190} INFO - [2024-12-08T04:13:34.477+0000] {dag.py:4180} INFO - Setting next_dagrun for example_complex to None, run_after=None
[2024-12-08T04:13:34.503+0000] {processor.py:208} INFO - Processing /home/airflow/.local/lib/python3.12/site-packages/airflow/example_dags/example_complex.py took 0.128 seconds
[2024-12-08T04:14:04.909+0000] {processor.py:186} INFO - Started process (PID=1216) to work on /home/airflow/.local/lib/python3.12/site-packages/airflow/example_dags/example_complex.py
[2024-12-08T04:14:04.911+0000] {processor.py:914} INFO - Processing file /home/airflow/.local/lib/python3.12/site-packages/airflow/example_dags/example_complex.py for tasks to queue
[2024-12-08T04:14:04.918+0000] {logging_mixin.py:190} INFO - [2024-12-08T04:14:04.917+0000] {dagbag.py:588} INFO - Filling up the DagBag from /home/airflow/.local/lib/python3.12/site-packages/airflow/example_dags/example_complex.py
[2024-12-08T04:14:04.950+0000] {processor.py:925} INFO - DAG(s) 'example_complex' retrieved from /home/airflow/.local/lib/python3.12/site-packages/airflow/example_dags/example_complex.py
[2024-12-08T04:14:04.993+0000] {logging_mixin.py:190} INFO - [2024-12-08T04:14:04.993+0000] {dag.py:3239} INFO - Sync 1 DAGs
[2024-12-08T04:14:05.012+0000] {logging_mixin.py:190} INFO - [2024-12-08T04:14:05.011+0000] {dag.py:4180} INFO - Setting next_dagrun for example_complex to None, run_after=None
[2024-12-08T04:14:05.061+0000] {processor.py:208} INFO - Processing /home/airflow/.local/lib/python3.12/site-packages/airflow/example_dags/example_complex.py took 0.167 seconds
[2024-12-08T04:14:35.876+0000] {processor.py:186} INFO - Started process (PID=1279) to work on /home/airflow/.local/lib/python3.12/site-packages/airflow/example_dags/example_complex.py
[2024-12-08T04:14:35.879+0000] {processor.py:914} INFO - Processing file /home/airflow/.local/lib/python3.12/site-packages/airflow/example_dags/example_complex.py for tasks to queue
[2024-12-08T04:14:35.883+0000] {logging_mixin.py:190} INFO - [2024-12-08T04:14:35.883+0000] {dagbag.py:588} INFO - Filling up the DagBag from /home/airflow/.local/lib/python3.12/site-packages/airflow/example_dags/example_complex.py
[2024-12-08T04:14:35.904+0000] {processor.py:925} INFO - DAG(s) 'example_complex' retrieved from /home/airflow/.local/lib/python3.12/site-packages/airflow/example_dags/example_complex.py
[2024-12-08T04:14:35.951+0000] {logging_mixin.py:190} INFO - [2024-12-08T04:14:35.951+0000] {dag.py:3239} INFO - Sync 1 DAGs
[2024-12-08T04:14:35.971+0000] {logging_mixin.py:190} INFO - [2024-12-08T04:14:35.971+0000] {dag.py:4180} INFO - Setting next_dagrun for example_complex to None, run_after=None
[2024-12-08T04:14:35.995+0000] {processor.py:208} INFO - Processing /home/airflow/.local/lib/python3.12/site-packages/airflow/example_dags/example_complex.py took 0.135 seconds
[2024-12-08T04:15:06.848+0000] {processor.py:186} INFO - Started process (PID=1342) to work on /home/airflow/.local/lib/python3.12/site-packages/airflow/example_dags/example_complex.py
[2024-12-08T04:15:06.851+0000] {processor.py:914} INFO - Processing file /home/airflow/.local/lib/python3.12/site-packages/airflow/example_dags/example_complex.py for tasks to queue
[2024-12-08T04:15:06.856+0000] {logging_mixin.py:190} INFO - [2024-12-08T04:15:06.855+0000] {dagbag.py:588} INFO - Filling up the DagBag from /home/airflow/.local/lib/python3.12/site-packages/airflow/example_dags/example_complex.py
[2024-12-08T04:15:06.880+0000] {processor.py:925} INFO - DAG(s) 'example_complex' retrieved from /home/airflow/.local/lib/python3.12/site-packages/airflow/example_dags/example_complex.py
[2024-12-08T04:15:06.917+0000] {logging_mixin.py:190} INFO - [2024-12-08T04:15:06.916+0000] {dag.py:3239} INFO - Sync 1 DAGs
[2024-12-08T04:15:06.932+0000] {logging_mixin.py:190} INFO - [2024-12-08T04:15:06.932+0000] {dag.py:4180} INFO - Setting next_dagrun for example_complex to None, run_after=None
[2024-12-08T04:15:06.954+0000] {processor.py:208} INFO - Processing /home/airflow/.local/lib/python3.12/site-packages/airflow/example_dags/example_complex.py took 0.120 seconds
[2024-12-08T04:15:37.527+0000] {processor.py:186} INFO - Started process (PID=1405) to work on /home/airflow/.local/lib/python3.12/site-packages/airflow/example_dags/example_complex.py
[2024-12-08T04:15:37.529+0000] {processor.py:914} INFO - Processing file /home/airflow/.local/lib/python3.12/site-packages/airflow/example_dags/example_complex.py for tasks to queue
[2024-12-08T04:15:37.532+0000] {logging_mixin.py:190} INFO - [2024-12-08T04:15:37.532+0000] {dagbag.py:588} INFO - Filling up the DagBag from /home/airflow/.local/lib/python3.12/site-packages/airflow/example_dags/example_complex.py
[2024-12-08T04:15:37.551+0000] {processor.py:925} INFO - DAG(s) 'example_complex' retrieved from /home/airflow/.local/lib/python3.12/site-packages/airflow/example_dags/example_complex.py
[2024-12-08T04:15:37.595+0000] {logging_mixin.py:190} INFO - [2024-12-08T04:15:37.595+0000] {dag.py:3239} INFO - Sync 1 DAGs
[2024-12-08T04:15:37.611+0000] {logging_mixin.py:190} INFO - [2024-12-08T04:15:37.611+0000] {dag.py:4180} INFO - Setting next_dagrun for example_complex to None, run_after=None
[2024-12-08T04:15:37.632+0000] {processor.py:208} INFO - Processing /home/airflow/.local/lib/python3.12/site-packages/airflow/example_dags/example_complex.py took 0.112 seconds
[2024-12-08T04:16:08.111+0000] {processor.py:186} INFO - Started process (PID=1468) to work on /home/airflow/.local/lib/python3.12/site-packages/airflow/example_dags/example_complex.py
[2024-12-08T04:16:08.113+0000] {processor.py:914} INFO - Processing file /home/airflow/.local/lib/python3.12/site-packages/airflow/example_dags/example_complex.py for tasks to queue
[2024-12-08T04:16:08.118+0000] {logging_mixin.py:190} INFO - [2024-12-08T04:16:08.117+0000] {dagbag.py:588} INFO - Filling up the DagBag from /home/airflow/.local/lib/python3.12/site-packages/airflow/example_dags/example_complex.py
[2024-12-08T04:16:08.138+0000] {processor.py:925} INFO - DAG(s) 'example_complex' retrieved from /home/airflow/.local/lib/python3.12/site-packages/airflow/example_dags/example_complex.py
[2024-12-08T04:16:08.176+0000] {logging_mixin.py:190} INFO - [2024-12-08T04:16:08.176+0000] {dag.py:3239} INFO - Sync 1 DAGs
[2024-12-08T04:16:08.193+0000] {logging_mixin.py:190} INFO - [2024-12-08T04:16:08.193+0000] {dag.py:4180} INFO - Setting next_dagrun for example_complex to None, run_after=None
[2024-12-08T04:16:08.214+0000] {processor.py:208} INFO - Processing /home/airflow/.local/lib/python3.12/site-packages/airflow/example_dags/example_complex.py took 0.114 seconds
[2024-12-08T04:16:38.906+0000] {processor.py:186} INFO - Started process (PID=1531) to work on /home/airflow/.local/lib/python3.12/site-packages/airflow/example_dags/example_complex.py
[2024-12-08T04:16:38.907+0000] {processor.py:914} INFO - Processing file /home/airflow/.local/lib/python3.12/site-packages/airflow/example_dags/example_complex.py for tasks to queue
[2024-12-08T04:16:38.910+0000] {logging_mixin.py:190} INFO - [2024-12-08T04:16:38.909+0000] {dagbag.py:588} INFO - Filling up the DagBag from /home/airflow/.local/lib/python3.12/site-packages/airflow/example_dags/example_complex.py
[2024-12-08T04:16:38.924+0000] {processor.py:925} INFO - DAG(s) 'example_complex' retrieved from /home/airflow/.local/lib/python3.12/site-packages/airflow/example_dags/example_complex.py
[2024-12-08T04:16:38.964+0000] {logging_mixin.py:190} INFO - [2024-12-08T04:16:38.964+0000] {dag.py:3239} INFO - Sync 1 DAGs
[2024-12-08T04:16:38.981+0000] {logging_mixin.py:190} INFO - [2024-12-08T04:16:38.980+0000] {dag.py:4180} INFO - Setting next_dagrun for example_complex to None, run_after=None
[2024-12-08T04:16:39.004+0000] {processor.py:208} INFO - Processing /home/airflow/.local/lib/python3.12/site-packages/airflow/example_dags/example_complex.py took 0.105 seconds
[2024-12-08T04:17:09.583+0000] {processor.py:186} INFO - Started process (PID=1594) to work on /home/airflow/.local/lib/python3.12/site-packages/airflow/example_dags/example_complex.py
[2024-12-08T04:17:09.585+0000] {processor.py:914} INFO - Processing file /home/airflow/.local/lib/python3.12/site-packages/airflow/example_dags/example_complex.py for tasks to queue
[2024-12-08T04:17:09.589+0000] {logging_mixin.py:190} INFO - [2024-12-08T04:17:09.588+0000] {dagbag.py:588} INFO - Filling up the DagBag from /home/airflow/.local/lib/python3.12/site-packages/airflow/example_dags/example_complex.py
[2024-12-08T04:17:09.618+0000] {processor.py:925} INFO - DAG(s) 'example_complex' retrieved from /home/airflow/.local/lib/python3.12/site-packages/airflow/example_dags/example_complex.py
[2024-12-08T04:17:09.667+0000] {logging_mixin.py:190} INFO - [2024-12-08T04:17:09.667+0000] {dag.py:3239} INFO - Sync 1 DAGs
[2024-12-08T04:17:09.685+0000] {logging_mixin.py:190} INFO - [2024-12-08T04:17:09.685+0000] {dag.py:4180} INFO - Setting next_dagrun for example_complex to None, run_after=None
[2024-12-08T04:17:09.707+0000] {processor.py:208} INFO - Processing /home/airflow/.local/lib/python3.12/site-packages/airflow/example_dags/example_complex.py took 0.143 seconds
[2024-12-08T04:17:40.155+0000] {processor.py:186} INFO - Started process (PID=1658) to work on /home/airflow/.local/lib/python3.12/site-packages/airflow/example_dags/example_complex.py
[2024-12-08T04:17:40.156+0000] {processor.py:914} INFO - Processing file /home/airflow/.local/lib/python3.12/site-packages/airflow/example_dags/example_complex.py for tasks to queue
[2024-12-08T04:17:40.159+0000] {logging_mixin.py:190} INFO - [2024-12-08T04:17:40.158+0000] {dagbag.py:588} INFO - Filling up the DagBag from /home/airflow/.local/lib/python3.12/site-packages/airflow/example_dags/example_complex.py
[2024-12-08T04:17:40.172+0000] {processor.py:925} INFO - DAG(s) 'example_complex' retrieved from /home/airflow/.local/lib/python3.12/site-packages/airflow/example_dags/example_complex.py
[2024-12-08T04:17:40.211+0000] {logging_mixin.py:190} INFO - [2024-12-08T04:17:40.211+0000] {dag.py:3239} INFO - Sync 1 DAGs
[2024-12-08T04:17:40.226+0000] {logging_mixin.py:190} INFO - [2024-12-08T04:17:40.226+0000] {dag.py:4180} INFO - Setting next_dagrun for example_complex to None, run_after=None
[2024-12-08T04:17:40.246+0000] {processor.py:208} INFO - Processing /home/airflow/.local/lib/python3.12/site-packages/airflow/example_dags/example_complex.py took 0.097 seconds
[2024-12-08T04:18:10.513+0000] {processor.py:186} INFO - Started process (PID=1722) to work on /home/airflow/.local/lib/python3.12/site-packages/airflow/example_dags/example_complex.py
[2024-12-08T04:18:10.515+0000] {processor.py:914} INFO - Processing file /home/airflow/.local/lib/python3.12/site-packages/airflow/example_dags/example_complex.py for tasks to queue
[2024-12-08T04:18:10.519+0000] {logging_mixin.py:190} INFO - [2024-12-08T04:18:10.518+0000] {dagbag.py:588} INFO - Filling up the DagBag from /home/airflow/.local/lib/python3.12/site-packages/airflow/example_dags/example_complex.py
[2024-12-08T04:18:10.542+0000] {processor.py:925} INFO - DAG(s) 'example_complex' retrieved from /home/airflow/.local/lib/python3.12/site-packages/airflow/example_dags/example_complex.py
[2024-12-08T04:18:10.594+0000] {logging_mixin.py:190} INFO - [2024-12-08T04:18:10.593+0000] {dag.py:3239} INFO - Sync 1 DAGs
[2024-12-08T04:18:10.613+0000] {logging_mixin.py:190} INFO - [2024-12-08T04:18:10.613+0000] {dag.py:4180} INFO - Setting next_dagrun for example_complex to None, run_after=None
[2024-12-08T04:18:10.636+0000] {processor.py:208} INFO - Processing /home/airflow/.local/lib/python3.12/site-packages/airflow/example_dags/example_complex.py took 0.134 seconds
[2024-12-08T04:18:40.892+0000] {processor.py:186} INFO - Started process (PID=1790) to work on /home/airflow/.local/lib/python3.12/site-packages/airflow/example_dags/example_complex.py
[2024-12-08T04:18:40.894+0000] {processor.py:914} INFO - Processing file /home/airflow/.local/lib/python3.12/site-packages/airflow/example_dags/example_complex.py for tasks to queue
[2024-12-08T04:18:40.897+0000] {logging_mixin.py:190} INFO - [2024-12-08T04:18:40.897+0000] {dagbag.py:588} INFO - Filling up the DagBag from /home/airflow/.local/lib/python3.12/site-packages/airflow/example_dags/example_complex.py
[2024-12-08T04:18:40.916+0000] {processor.py:925} INFO - DAG(s) 'example_complex' retrieved from /home/airflow/.local/lib/python3.12/site-packages/airflow/example_dags/example_complex.py
[2024-12-08T04:18:40.955+0000] {logging_mixin.py:190} INFO - [2024-12-08T04:18:40.955+0000] {dag.py:3239} INFO - Sync 1 DAGs
[2024-12-08T04:18:40.972+0000] {logging_mixin.py:190} INFO - [2024-12-08T04:18:40.971+0000] {dag.py:4180} INFO - Setting next_dagrun for example_complex to None, run_after=None
[2024-12-08T04:18:40.996+0000] {processor.py:208} INFO - Processing /home/airflow/.local/lib/python3.12/site-packages/airflow/example_dags/example_complex.py took 0.114 seconds
[2024-12-08T04:19:11.873+0000] {processor.py:186} INFO - Started process (PID=1853) to work on /home/airflow/.local/lib/python3.12/site-packages/airflow/example_dags/example_complex.py
[2024-12-08T04:19:11.874+0000] {processor.py:914} INFO - Processing file /home/airflow/.local/lib/python3.12/site-packages/airflow/example_dags/example_complex.py for tasks to queue
[2024-12-08T04:19:11.877+0000] {logging_mixin.py:190} INFO - [2024-12-08T04:19:11.877+0000] {dagbag.py:588} INFO - Filling up the DagBag from /home/airflow/.local/lib/python3.12/site-packages/airflow/example_dags/example_complex.py
[2024-12-08T04:19:11.896+0000] {processor.py:925} INFO - DAG(s) 'example_complex' retrieved from /home/airflow/.local/lib/python3.12/site-packages/airflow/example_dags/example_complex.py
[2024-12-08T04:19:11.947+0000] {logging_mixin.py:190} INFO - [2024-12-08T04:19:11.946+0000] {dag.py:3239} INFO - Sync 1 DAGs
[2024-12-08T04:19:11.971+0000] {logging_mixin.py:190} INFO - [2024-12-08T04:19:11.971+0000] {dag.py:4180} INFO - Setting next_dagrun for example_complex to None, run_after=None
[2024-12-08T04:19:12.000+0000] {processor.py:208} INFO - Processing /home/airflow/.local/lib/python3.12/site-packages/airflow/example_dags/example_complex.py took 0.136 seconds
[2024-12-08T04:19:42.669+0000] {processor.py:186} INFO - Started process (PID=1915) to work on /home/airflow/.local/lib/python3.12/site-packages/airflow/example_dags/example_complex.py
[2024-12-08T04:19:42.671+0000] {processor.py:914} INFO - Processing file /home/airflow/.local/lib/python3.12/site-packages/airflow/example_dags/example_complex.py for tasks to queue
[2024-12-08T04:19:42.674+0000] {logging_mixin.py:190} INFO - [2024-12-08T04:19:42.674+0000] {dagbag.py:588} INFO - Filling up the DagBag from /home/airflow/.local/lib/python3.12/site-packages/airflow/example_dags/example_complex.py
[2024-12-08T04:19:42.694+0000] {processor.py:925} INFO - DAG(s) 'example_complex' retrieved from /home/airflow/.local/lib/python3.12/site-packages/airflow/example_dags/example_complex.py
[2024-12-08T04:19:42.743+0000] {logging_mixin.py:190} INFO - [2024-12-08T04:19:42.742+0000] {dag.py:3239} INFO - Sync 1 DAGs
[2024-12-08T04:19:42.762+0000] {logging_mixin.py:190} INFO - [2024-12-08T04:19:42.762+0000] {dag.py:4180} INFO - Setting next_dagrun for example_complex to None, run_after=None
[2024-12-08T04:19:42.785+0000] {processor.py:208} INFO - Processing /home/airflow/.local/lib/python3.12/site-packages/airflow/example_dags/example_complex.py took 0.128 seconds
[2024-12-08T05:03:16.511+0000] {processor.py:186} INFO - Started process (PID=76) to work on /home/airflow/.local/lib/python3.12/site-packages/airflow/example_dags/example_complex.py
[2024-12-08T05:03:16.513+0000] {processor.py:914} INFO - Processing file /home/airflow/.local/lib/python3.12/site-packages/airflow/example_dags/example_complex.py for tasks to queue
[2024-12-08T05:03:16.517+0000] {logging_mixin.py:190} INFO - [2024-12-08T05:03:16.516+0000] {dagbag.py:588} INFO - Filling up the DagBag from /home/airflow/.local/lib/python3.12/site-packages/airflow/example_dags/example_complex.py
[2024-12-08T05:03:16.535+0000] {processor.py:925} INFO - DAG(s) 'example_complex' retrieved from /home/airflow/.local/lib/python3.12/site-packages/airflow/example_dags/example_complex.py
[2024-12-08T05:03:16.584+0000] {logging_mixin.py:190} INFO - [2024-12-08T05:03:16.583+0000] {dag.py:3239} INFO - Sync 1 DAGs
[2024-12-08T05:03:16.606+0000] {logging_mixin.py:190} INFO - [2024-12-08T05:03:16.606+0000] {dag.py:4180} INFO - Setting next_dagrun for example_complex to None, run_after=None
[2024-12-08T05:03:16.631+0000] {processor.py:208} INFO - Processing /home/airflow/.local/lib/python3.12/site-packages/airflow/example_dags/example_complex.py took 0.130 seconds
[2024-12-08T05:03:47.567+0000] {processor.py:186} INFO - Started process (PID=139) to work on /home/airflow/.local/lib/python3.12/site-packages/airflow/example_dags/example_complex.py
[2024-12-08T05:03:47.569+0000] {processor.py:914} INFO - Processing file /home/airflow/.local/lib/python3.12/site-packages/airflow/example_dags/example_complex.py for tasks to queue
[2024-12-08T05:03:47.571+0000] {logging_mixin.py:190} INFO - [2024-12-08T05:03:47.571+0000] {dagbag.py:588} INFO - Filling up the DagBag from /home/airflow/.local/lib/python3.12/site-packages/airflow/example_dags/example_complex.py
[2024-12-08T05:03:47.584+0000] {processor.py:925} INFO - DAG(s) 'example_complex' retrieved from /home/airflow/.local/lib/python3.12/site-packages/airflow/example_dags/example_complex.py
[2024-12-08T05:03:47.619+0000] {logging_mixin.py:190} INFO - [2024-12-08T05:03:47.619+0000] {dag.py:3239} INFO - Sync 1 DAGs
[2024-12-08T05:03:47.634+0000] {logging_mixin.py:190} INFO - [2024-12-08T05:03:47.634+0000] {dag.py:4180} INFO - Setting next_dagrun for example_complex to None, run_after=None
[2024-12-08T05:03:47.654+0000] {processor.py:208} INFO - Processing /home/airflow/.local/lib/python3.12/site-packages/airflow/example_dags/example_complex.py took 0.093 seconds
[2024-12-08T05:04:17.784+0000] {processor.py:186} INFO - Started process (PID=203) to work on /home/airflow/.local/lib/python3.12/site-packages/airflow/example_dags/example_complex.py
[2024-12-08T05:04:17.785+0000] {processor.py:914} INFO - Processing file /home/airflow/.local/lib/python3.12/site-packages/airflow/example_dags/example_complex.py for tasks to queue
[2024-12-08T05:04:17.788+0000] {logging_mixin.py:190} INFO - [2024-12-08T05:04:17.788+0000] {dagbag.py:588} INFO - Filling up the DagBag from /home/airflow/.local/lib/python3.12/site-packages/airflow/example_dags/example_complex.py
[2024-12-08T05:04:17.811+0000] {processor.py:925} INFO - DAG(s) 'example_complex' retrieved from /home/airflow/.local/lib/python3.12/site-packages/airflow/example_dags/example_complex.py
[2024-12-08T05:04:17.847+0000] {logging_mixin.py:190} INFO - [2024-12-08T05:04:17.847+0000] {dag.py:3239} INFO - Sync 1 DAGs
[2024-12-08T05:04:17.862+0000] {logging_mixin.py:190} INFO - [2024-12-08T05:04:17.862+0000] {dag.py:4180} INFO - Setting next_dagrun for example_complex to None, run_after=None
[2024-12-08T05:04:17.881+0000] {processor.py:208} INFO - Processing /home/airflow/.local/lib/python3.12/site-packages/airflow/example_dags/example_complex.py took 0.103 seconds
[2024-12-08T05:04:48.266+0000] {processor.py:186} INFO - Started process (PID=273) to work on /home/airflow/.local/lib/python3.12/site-packages/airflow/example_dags/example_complex.py
[2024-12-08T05:04:48.267+0000] {processor.py:914} INFO - Processing file /home/airflow/.local/lib/python3.12/site-packages/airflow/example_dags/example_complex.py for tasks to queue
[2024-12-08T05:04:48.270+0000] {logging_mixin.py:190} INFO - [2024-12-08T05:04:48.269+0000] {dagbag.py:588} INFO - Filling up the DagBag from /home/airflow/.local/lib/python3.12/site-packages/airflow/example_dags/example_complex.py
[2024-12-08T05:04:48.282+0000] {processor.py:925} INFO - DAG(s) 'example_complex' retrieved from /home/airflow/.local/lib/python3.12/site-packages/airflow/example_dags/example_complex.py
[2024-12-08T05:04:48.327+0000] {logging_mixin.py:190} INFO - [2024-12-08T05:04:48.327+0000] {dag.py:3239} INFO - Sync 1 DAGs
[2024-12-08T05:04:48.343+0000] {logging_mixin.py:190} INFO - [2024-12-08T05:04:48.343+0000] {dag.py:4180} INFO - Setting next_dagrun for example_complex to None, run_after=None
[2024-12-08T05:04:48.364+0000] {processor.py:208} INFO - Processing /home/airflow/.local/lib/python3.12/site-packages/airflow/example_dags/example_complex.py took 0.105 seconds
[2024-12-08T05:05:19.109+0000] {processor.py:186} INFO - Started process (PID=337) to work on /home/airflow/.local/lib/python3.12/site-packages/airflow/example_dags/example_complex.py
[2024-12-08T05:05:19.110+0000] {processor.py:914} INFO - Processing file /home/airflow/.local/lib/python3.12/site-packages/airflow/example_dags/example_complex.py for tasks to queue
[2024-12-08T05:05:19.114+0000] {logging_mixin.py:190} INFO - [2024-12-08T05:05:19.114+0000] {dagbag.py:588} INFO - Filling up the DagBag from /home/airflow/.local/lib/python3.12/site-packages/airflow/example_dags/example_complex.py
[2024-12-08T05:05:19.132+0000] {processor.py:925} INFO - DAG(s) 'example_complex' retrieved from /home/airflow/.local/lib/python3.12/site-packages/airflow/example_dags/example_complex.py
[2024-12-08T05:05:19.176+0000] {logging_mixin.py:190} INFO - [2024-12-08T05:05:19.176+0000] {dag.py:3239} INFO - Sync 1 DAGs
[2024-12-08T05:05:19.197+0000] {logging_mixin.py:190} INFO - [2024-12-08T05:05:19.197+0000] {dag.py:4180} INFO - Setting next_dagrun for example_complex to None, run_after=None
[2024-12-08T05:05:19.223+0000] {processor.py:208} INFO - Processing /home/airflow/.local/lib/python3.12/site-packages/airflow/example_dags/example_complex.py took 0.122 seconds
[2024-12-08T05:05:49.351+0000] {processor.py:186} INFO - Started process (PID=401) to work on /home/airflow/.local/lib/python3.12/site-packages/airflow/example_dags/example_complex.py
[2024-12-08T05:05:49.352+0000] {processor.py:914} INFO - Processing file /home/airflow/.local/lib/python3.12/site-packages/airflow/example_dags/example_complex.py for tasks to queue
[2024-12-08T05:05:49.355+0000] {logging_mixin.py:190} INFO - [2024-12-08T05:05:49.355+0000] {dagbag.py:588} INFO - Filling up the DagBag from /home/airflow/.local/lib/python3.12/site-packages/airflow/example_dags/example_complex.py
[2024-12-08T05:05:49.370+0000] {processor.py:925} INFO - DAG(s) 'example_complex' retrieved from /home/airflow/.local/lib/python3.12/site-packages/airflow/example_dags/example_complex.py
[2024-12-08T05:05:49.411+0000] {logging_mixin.py:190} INFO - [2024-12-08T05:05:49.410+0000] {dag.py:3239} INFO - Sync 1 DAGs
[2024-12-08T05:05:49.427+0000] {logging_mixin.py:190} INFO - [2024-12-08T05:05:49.427+0000] {dag.py:4180} INFO - Setting next_dagrun for example_complex to None, run_after=None
[2024-12-08T05:05:49.449+0000] {processor.py:208} INFO - Processing /home/airflow/.local/lib/python3.12/site-packages/airflow/example_dags/example_complex.py took 0.106 seconds
[2024-12-08T05:06:20.422+0000] {processor.py:186} INFO - Started process (PID=465) to work on /home/airflow/.local/lib/python3.12/site-packages/airflow/example_dags/example_complex.py
[2024-12-08T05:06:20.423+0000] {processor.py:914} INFO - Processing file /home/airflow/.local/lib/python3.12/site-packages/airflow/example_dags/example_complex.py for tasks to queue
[2024-12-08T05:06:20.427+0000] {logging_mixin.py:190} INFO - [2024-12-08T05:06:20.426+0000] {dagbag.py:588} INFO - Filling up the DagBag from /home/airflow/.local/lib/python3.12/site-packages/airflow/example_dags/example_complex.py
[2024-12-08T05:06:20.443+0000] {processor.py:925} INFO - DAG(s) 'example_complex' retrieved from /home/airflow/.local/lib/python3.12/site-packages/airflow/example_dags/example_complex.py
[2024-12-08T05:06:20.482+0000] {logging_mixin.py:190} INFO - [2024-12-08T05:06:20.482+0000] {dag.py:3239} INFO - Sync 1 DAGs
[2024-12-08T05:06:20.499+0000] {logging_mixin.py:190} INFO - [2024-12-08T05:06:20.499+0000] {dag.py:4180} INFO - Setting next_dagrun for example_complex to None, run_after=None
[2024-12-08T05:06:20.520+0000] {processor.py:208} INFO - Processing /home/airflow/.local/lib/python3.12/site-packages/airflow/example_dags/example_complex.py took 0.106 seconds
[2024-12-08T05:06:50.796+0000] {processor.py:186} INFO - Started process (PID=529) to work on /home/airflow/.local/lib/python3.12/site-packages/airflow/example_dags/example_complex.py
[2024-12-08T05:06:50.798+0000] {processor.py:914} INFO - Processing file /home/airflow/.local/lib/python3.12/site-packages/airflow/example_dags/example_complex.py for tasks to queue
[2024-12-08T05:06:50.801+0000] {logging_mixin.py:190} INFO - [2024-12-08T05:06:50.801+0000] {dagbag.py:588} INFO - Filling up the DagBag from /home/airflow/.local/lib/python3.12/site-packages/airflow/example_dags/example_complex.py
[2024-12-08T05:06:50.818+0000] {processor.py:925} INFO - DAG(s) 'example_complex' retrieved from /home/airflow/.local/lib/python3.12/site-packages/airflow/example_dags/example_complex.py
[2024-12-08T05:06:50.862+0000] {logging_mixin.py:190} INFO - [2024-12-08T05:06:50.862+0000] {dag.py:3239} INFO - Sync 1 DAGs
[2024-12-08T05:06:50.881+0000] {logging_mixin.py:190} INFO - [2024-12-08T05:06:50.880+0000] {dag.py:4180} INFO - Setting next_dagrun for example_complex to None, run_after=None
[2024-12-08T05:06:50.903+0000] {processor.py:208} INFO - Processing /home/airflow/.local/lib/python3.12/site-packages/airflow/example_dags/example_complex.py took 0.115 seconds
[2024-12-08T05:07:21.107+0000] {processor.py:186} INFO - Started process (PID=593) to work on /home/airflow/.local/lib/python3.12/site-packages/airflow/example_dags/example_complex.py
[2024-12-08T05:07:21.109+0000] {processor.py:914} INFO - Processing file /home/airflow/.local/lib/python3.12/site-packages/airflow/example_dags/example_complex.py for tasks to queue
[2024-12-08T05:07:21.113+0000] {logging_mixin.py:190} INFO - [2024-12-08T05:07:21.113+0000] {dagbag.py:588} INFO - Filling up the DagBag from /home/airflow/.local/lib/python3.12/site-packages/airflow/example_dags/example_complex.py
[2024-12-08T05:07:21.130+0000] {processor.py:925} INFO - DAG(s) 'example_complex' retrieved from /home/airflow/.local/lib/python3.12/site-packages/airflow/example_dags/example_complex.py
[2024-12-08T05:07:21.175+0000] {logging_mixin.py:190} INFO - [2024-12-08T05:07:21.175+0000] {dag.py:3239} INFO - Sync 1 DAGs
[2024-12-08T05:07:21.195+0000] {logging_mixin.py:190} INFO - [2024-12-08T05:07:21.195+0000] {dag.py:4180} INFO - Setting next_dagrun for example_complex to None, run_after=None
[2024-12-08T05:07:21.217+0000] {processor.py:208} INFO - Processing /home/airflow/.local/lib/python3.12/site-packages/airflow/example_dags/example_complex.py took 0.121 seconds
[2024-12-08T05:07:51.277+0000] {processor.py:186} INFO - Started process (PID=657) to work on /home/airflow/.local/lib/python3.12/site-packages/airflow/example_dags/example_complex.py
[2024-12-08T05:07:51.278+0000] {processor.py:914} INFO - Processing file /home/airflow/.local/lib/python3.12/site-packages/airflow/example_dags/example_complex.py for tasks to queue
[2024-12-08T05:07:51.281+0000] {logging_mixin.py:190} INFO - [2024-12-08T05:07:51.280+0000] {dagbag.py:588} INFO - Filling up the DagBag from /home/airflow/.local/lib/python3.12/site-packages/airflow/example_dags/example_complex.py
[2024-12-08T05:07:51.294+0000] {processor.py:925} INFO - DAG(s) 'example_complex' retrieved from /home/airflow/.local/lib/python3.12/site-packages/airflow/example_dags/example_complex.py
[2024-12-08T05:07:51.334+0000] {logging_mixin.py:190} INFO - [2024-12-08T05:07:51.334+0000] {dag.py:3239} INFO - Sync 1 DAGs
[2024-12-08T05:07:51.351+0000] {logging_mixin.py:190} INFO - [2024-12-08T05:07:51.351+0000] {dag.py:4180} INFO - Setting next_dagrun for example_complex to None, run_after=None
[2024-12-08T05:07:51.373+0000] {processor.py:208} INFO - Processing /home/airflow/.local/lib/python3.12/site-packages/airflow/example_dags/example_complex.py took 0.103 seconds
[2024-12-08T05:08:21.528+0000] {processor.py:186} INFO - Started process (PID=721) to work on /home/airflow/.local/lib/python3.12/site-packages/airflow/example_dags/example_complex.py
[2024-12-08T05:08:21.532+0000] {processor.py:914} INFO - Processing file /home/airflow/.local/lib/python3.12/site-packages/airflow/example_dags/example_complex.py for tasks to queue
[2024-12-08T05:08:21.540+0000] {logging_mixin.py:190} INFO - [2024-12-08T05:08:21.539+0000] {dagbag.py:588} INFO - Filling up the DagBag from /home/airflow/.local/lib/python3.12/site-packages/airflow/example_dags/example_complex.py
[2024-12-08T05:08:21.558+0000] {processor.py:925} INFO - DAG(s) 'example_complex' retrieved from /home/airflow/.local/lib/python3.12/site-packages/airflow/example_dags/example_complex.py
[2024-12-08T05:08:21.598+0000] {logging_mixin.py:190} INFO - [2024-12-08T05:08:21.598+0000] {dag.py:3239} INFO - Sync 1 DAGs
[2024-12-08T05:08:21.618+0000] {logging_mixin.py:190} INFO - [2024-12-08T05:08:21.618+0000] {dag.py:4180} INFO - Setting next_dagrun for example_complex to None, run_after=None
[2024-12-08T05:08:21.642+0000] {processor.py:208} INFO - Processing /home/airflow/.local/lib/python3.12/site-packages/airflow/example_dags/example_complex.py took 0.134 seconds
[2024-12-08T05:08:52.220+0000] {processor.py:186} INFO - Started process (PID=785) to work on /home/airflow/.local/lib/python3.12/site-packages/airflow/example_dags/example_complex.py
[2024-12-08T05:08:52.221+0000] {processor.py:914} INFO - Processing file /home/airflow/.local/lib/python3.12/site-packages/airflow/example_dags/example_complex.py for tasks to queue
[2024-12-08T05:08:52.225+0000] {logging_mixin.py:190} INFO - [2024-12-08T05:08:52.224+0000] {dagbag.py:588} INFO - Filling up the DagBag from /home/airflow/.local/lib/python3.12/site-packages/airflow/example_dags/example_complex.py
[2024-12-08T05:08:52.240+0000] {processor.py:925} INFO - DAG(s) 'example_complex' retrieved from /home/airflow/.local/lib/python3.12/site-packages/airflow/example_dags/example_complex.py
[2024-12-08T05:08:52.279+0000] {logging_mixin.py:190} INFO - [2024-12-08T05:08:52.278+0000] {dag.py:3239} INFO - Sync 1 DAGs
[2024-12-08T05:08:52.294+0000] {logging_mixin.py:190} INFO - [2024-12-08T05:08:52.294+0000] {dag.py:4180} INFO - Setting next_dagrun for example_complex to None, run_after=None
[2024-12-08T05:08:52.313+0000] {processor.py:208} INFO - Processing /home/airflow/.local/lib/python3.12/site-packages/airflow/example_dags/example_complex.py took 0.102 seconds
[2024-12-08T05:09:22.535+0000] {processor.py:186} INFO - Started process (PID=849) to work on /home/airflow/.local/lib/python3.12/site-packages/airflow/example_dags/example_complex.py
[2024-12-08T05:09:22.537+0000] {processor.py:914} INFO - Processing file /home/airflow/.local/lib/python3.12/site-packages/airflow/example_dags/example_complex.py for tasks to queue
[2024-12-08T05:09:22.540+0000] {logging_mixin.py:190} INFO - [2024-12-08T05:09:22.540+0000] {dagbag.py:588} INFO - Filling up the DagBag from /home/airflow/.local/lib/python3.12/site-packages/airflow/example_dags/example_complex.py
[2024-12-08T05:09:22.557+0000] {processor.py:925} INFO - DAG(s) 'example_complex' retrieved from /home/airflow/.local/lib/python3.12/site-packages/airflow/example_dags/example_complex.py
[2024-12-08T05:09:22.599+0000] {logging_mixin.py:190} INFO - [2024-12-08T05:09:22.599+0000] {dag.py:3239} INFO - Sync 1 DAGs
[2024-12-08T05:09:22.617+0000] {logging_mixin.py:190} INFO - [2024-12-08T05:09:22.617+0000] {dag.py:4180} INFO - Setting next_dagrun for example_complex to None, run_after=None
[2024-12-08T05:09:22.641+0000] {processor.py:208} INFO - Processing /home/airflow/.local/lib/python3.12/site-packages/airflow/example_dags/example_complex.py took 0.114 seconds
[2024-12-08T05:09:52.755+0000] {processor.py:186} INFO - Started process (PID=913) to work on /home/airflow/.local/lib/python3.12/site-packages/airflow/example_dags/example_complex.py
[2024-12-08T05:09:52.756+0000] {processor.py:914} INFO - Processing file /home/airflow/.local/lib/python3.12/site-packages/airflow/example_dags/example_complex.py for tasks to queue
[2024-12-08T05:09:52.759+0000] {logging_mixin.py:190} INFO - [2024-12-08T05:09:52.758+0000] {dagbag.py:588} INFO - Filling up the DagBag from /home/airflow/.local/lib/python3.12/site-packages/airflow/example_dags/example_complex.py
[2024-12-08T05:09:52.772+0000] {processor.py:925} INFO - DAG(s) 'example_complex' retrieved from /home/airflow/.local/lib/python3.12/site-packages/airflow/example_dags/example_complex.py
[2024-12-08T05:09:52.811+0000] {logging_mixin.py:190} INFO - [2024-12-08T05:09:52.811+0000] {dag.py:3239} INFO - Sync 1 DAGs
[2024-12-08T05:09:52.826+0000] {logging_mixin.py:190} INFO - [2024-12-08T05:09:52.826+0000] {dag.py:4180} INFO - Setting next_dagrun for example_complex to None, run_after=None
[2024-12-08T05:09:52.846+0000] {processor.py:208} INFO - Processing /home/airflow/.local/lib/python3.12/site-packages/airflow/example_dags/example_complex.py took 0.099 seconds
[2024-12-08T05:10:23.164+0000] {processor.py:186} INFO - Started process (PID=977) to work on /home/airflow/.local/lib/python3.12/site-packages/airflow/example_dags/example_complex.py
[2024-12-08T05:10:23.166+0000] {processor.py:914} INFO - Processing file /home/airflow/.local/lib/python3.12/site-packages/airflow/example_dags/example_complex.py for tasks to queue
[2024-12-08T05:10:23.169+0000] {logging_mixin.py:190} INFO - [2024-12-08T05:10:23.169+0000] {dagbag.py:588} INFO - Filling up the DagBag from /home/airflow/.local/lib/python3.12/site-packages/airflow/example_dags/example_complex.py
[2024-12-08T05:10:23.192+0000] {processor.py:925} INFO - DAG(s) 'example_complex' retrieved from /home/airflow/.local/lib/python3.12/site-packages/airflow/example_dags/example_complex.py
[2024-12-08T05:10:23.238+0000] {logging_mixin.py:190} INFO - [2024-12-08T05:10:23.238+0000] {dag.py:3239} INFO - Sync 1 DAGs
[2024-12-08T05:10:23.265+0000] {logging_mixin.py:190} INFO - [2024-12-08T05:10:23.265+0000] {dag.py:4180} INFO - Setting next_dagrun for example_complex to None, run_after=None
[2024-12-08T05:10:23.304+0000] {processor.py:208} INFO - Processing /home/airflow/.local/lib/python3.12/site-packages/airflow/example_dags/example_complex.py took 0.148 seconds
[2024-12-08T05:10:53.401+0000] {processor.py:186} INFO - Started process (PID=1041) to work on /home/airflow/.local/lib/python3.12/site-packages/airflow/example_dags/example_complex.py
[2024-12-08T05:10:53.403+0000] {processor.py:914} INFO - Processing file /home/airflow/.local/lib/python3.12/site-packages/airflow/example_dags/example_complex.py for tasks to queue
[2024-12-08T05:10:53.406+0000] {logging_mixin.py:190} INFO - [2024-12-08T05:10:53.405+0000] {dagbag.py:588} INFO - Filling up the DagBag from /home/airflow/.local/lib/python3.12/site-packages/airflow/example_dags/example_complex.py
[2024-12-08T05:10:53.420+0000] {processor.py:925} INFO - DAG(s) 'example_complex' retrieved from /home/airflow/.local/lib/python3.12/site-packages/airflow/example_dags/example_complex.py
[2024-12-08T05:10:53.457+0000] {logging_mixin.py:190} INFO - [2024-12-08T05:10:53.457+0000] {dag.py:3239} INFO - Sync 1 DAGs
[2024-12-08T05:10:53.471+0000] {logging_mixin.py:190} INFO - [2024-12-08T05:10:53.471+0000] {dag.py:4180} INFO - Setting next_dagrun for example_complex to None, run_after=None
[2024-12-08T05:10:53.489+0000] {processor.py:208} INFO - Processing /home/airflow/.local/lib/python3.12/site-packages/airflow/example_dags/example_complex.py took 0.095 seconds
[2024-12-08T05:11:23.718+0000] {processor.py:186} INFO - Started process (PID=1105) to work on /home/airflow/.local/lib/python3.12/site-packages/airflow/example_dags/example_complex.py
[2024-12-08T05:11:23.720+0000] {processor.py:914} INFO - Processing file /home/airflow/.local/lib/python3.12/site-packages/airflow/example_dags/example_complex.py for tasks to queue
[2024-12-08T05:11:23.723+0000] {logging_mixin.py:190} INFO - [2024-12-08T05:11:23.722+0000] {dagbag.py:588} INFO - Filling up the DagBag from /home/airflow/.local/lib/python3.12/site-packages/airflow/example_dags/example_complex.py
[2024-12-08T05:11:23.744+0000] {processor.py:925} INFO - DAG(s) 'example_complex' retrieved from /home/airflow/.local/lib/python3.12/site-packages/airflow/example_dags/example_complex.py
[2024-12-08T05:11:23.786+0000] {logging_mixin.py:190} INFO - [2024-12-08T05:11:23.786+0000] {dag.py:3239} INFO - Sync 1 DAGs
[2024-12-08T05:11:23.804+0000] {logging_mixin.py:190} INFO - [2024-12-08T05:11:23.804+0000] {dag.py:4180} INFO - Setting next_dagrun for example_complex to None, run_after=None
[2024-12-08T05:11:23.832+0000] {processor.py:208} INFO - Processing /home/airflow/.local/lib/python3.12/site-packages/airflow/example_dags/example_complex.py took 0.124 seconds
[2024-12-08T05:11:54.193+0000] {processor.py:186} INFO - Started process (PID=1168) to work on /home/airflow/.local/lib/python3.12/site-packages/airflow/example_dags/example_complex.py
[2024-12-08T05:11:54.195+0000] {processor.py:914} INFO - Processing file /home/airflow/.local/lib/python3.12/site-packages/airflow/example_dags/example_complex.py for tasks to queue
[2024-12-08T05:11:54.196+0000] {logging_mixin.py:190} INFO - [2024-12-08T05:11:54.196+0000] {dagbag.py:588} INFO - Filling up the DagBag from /home/airflow/.local/lib/python3.12/site-packages/airflow/example_dags/example_complex.py
[2024-12-08T05:11:54.212+0000] {processor.py:925} INFO - DAG(s) 'example_complex' retrieved from /home/airflow/.local/lib/python3.12/site-packages/airflow/example_dags/example_complex.py
[2024-12-08T05:11:54.255+0000] {logging_mixin.py:190} INFO - [2024-12-08T05:11:54.255+0000] {dag.py:3239} INFO - Sync 1 DAGs
[2024-12-08T05:11:54.274+0000] {logging_mixin.py:190} INFO - [2024-12-08T05:11:54.274+0000] {dag.py:4180} INFO - Setting next_dagrun for example_complex to None, run_after=None
[2024-12-08T05:11:54.300+0000] {processor.py:208} INFO - Processing /home/airflow/.local/lib/python3.12/site-packages/airflow/example_dags/example_complex.py took 0.113 seconds
[2024-12-08T05:12:24.702+0000] {processor.py:186} INFO - Started process (PID=1231) to work on /home/airflow/.local/lib/python3.12/site-packages/airflow/example_dags/example_complex.py
[2024-12-08T05:12:24.704+0000] {processor.py:914} INFO - Processing file /home/airflow/.local/lib/python3.12/site-packages/airflow/example_dags/example_complex.py for tasks to queue
[2024-12-08T05:12:24.706+0000] {logging_mixin.py:190} INFO - [2024-12-08T05:12:24.706+0000] {dagbag.py:588} INFO - Filling up the DagBag from /home/airflow/.local/lib/python3.12/site-packages/airflow/example_dags/example_complex.py
[2024-12-08T05:12:24.726+0000] {processor.py:925} INFO - DAG(s) 'example_complex' retrieved from /home/airflow/.local/lib/python3.12/site-packages/airflow/example_dags/example_complex.py
[2024-12-08T05:12:24.776+0000] {logging_mixin.py:190} INFO - [2024-12-08T05:12:24.775+0000] {dag.py:3239} INFO - Sync 1 DAGs
[2024-12-08T05:12:24.797+0000] {logging_mixin.py:190} INFO - [2024-12-08T05:12:24.797+0000] {dag.py:4180} INFO - Setting next_dagrun for example_complex to None, run_after=None
[2024-12-08T05:12:24.823+0000] {processor.py:208} INFO - Processing /home/airflow/.local/lib/python3.12/site-packages/airflow/example_dags/example_complex.py took 0.133 seconds
[2024-12-08T05:12:54.993+0000] {processor.py:186} INFO - Started process (PID=1294) to work on /home/airflow/.local/lib/python3.12/site-packages/airflow/example_dags/example_complex.py
[2024-12-08T05:12:54.995+0000] {processor.py:914} INFO - Processing file /home/airflow/.local/lib/python3.12/site-packages/airflow/example_dags/example_complex.py for tasks to queue
[2024-12-08T05:12:54.996+0000] {logging_mixin.py:190} INFO - [2024-12-08T05:12:54.996+0000] {dagbag.py:588} INFO - Filling up the DagBag from /home/airflow/.local/lib/python3.12/site-packages/airflow/example_dags/example_complex.py
[2024-12-08T05:12:55.013+0000] {processor.py:925} INFO - DAG(s) 'example_complex' retrieved from /home/airflow/.local/lib/python3.12/site-packages/airflow/example_dags/example_complex.py
[2024-12-08T05:12:55.060+0000] {logging_mixin.py:190} INFO - [2024-12-08T05:12:55.060+0000] {dag.py:3239} INFO - Sync 1 DAGs
[2024-12-08T05:12:55.081+0000] {logging_mixin.py:190} INFO - [2024-12-08T05:12:55.081+0000] {dag.py:4180} INFO - Setting next_dagrun for example_complex to None, run_after=None
[2024-12-08T05:12:55.108+0000] {processor.py:208} INFO - Processing /home/airflow/.local/lib/python3.12/site-packages/airflow/example_dags/example_complex.py took 0.122 seconds
[2024-12-08T05:13:25.396+0000] {processor.py:186} INFO - Started process (PID=1358) to work on /home/airflow/.local/lib/python3.12/site-packages/airflow/example_dags/example_complex.py
[2024-12-08T05:13:25.398+0000] {processor.py:914} INFO - Processing file /home/airflow/.local/lib/python3.12/site-packages/airflow/example_dags/example_complex.py for tasks to queue
[2024-12-08T05:13:25.400+0000] {logging_mixin.py:190} INFO - [2024-12-08T05:13:25.399+0000] {dagbag.py:588} INFO - Filling up the DagBag from /home/airflow/.local/lib/python3.12/site-packages/airflow/example_dags/example_complex.py
[2024-12-08T05:13:25.417+0000] {processor.py:925} INFO - DAG(s) 'example_complex' retrieved from /home/airflow/.local/lib/python3.12/site-packages/airflow/example_dags/example_complex.py
[2024-12-08T05:13:25.458+0000] {logging_mixin.py:190} INFO - [2024-12-08T05:13:25.458+0000] {dag.py:3239} INFO - Sync 1 DAGs
[2024-12-08T05:13:25.474+0000] {logging_mixin.py:190} INFO - [2024-12-08T05:13:25.474+0000] {dag.py:4180} INFO - Setting next_dagrun for example_complex to None, run_after=None
[2024-12-08T05:13:25.493+0000] {processor.py:208} INFO - Processing /home/airflow/.local/lib/python3.12/site-packages/airflow/example_dags/example_complex.py took 0.107 seconds
[2024-12-08T05:13:55.684+0000] {processor.py:186} INFO - Started process (PID=1423) to work on /home/airflow/.local/lib/python3.12/site-packages/airflow/example_dags/example_complex.py
[2024-12-08T05:13:55.685+0000] {processor.py:914} INFO - Processing file /home/airflow/.local/lib/python3.12/site-packages/airflow/example_dags/example_complex.py for tasks to queue
[2024-12-08T05:13:55.687+0000] {logging_mixin.py:190} INFO - [2024-12-08T05:13:55.686+0000] {dagbag.py:588} INFO - Filling up the DagBag from /home/airflow/.local/lib/python3.12/site-packages/airflow/example_dags/example_complex.py
[2024-12-08T05:13:55.700+0000] {processor.py:925} INFO - DAG(s) 'example_complex' retrieved from /home/airflow/.local/lib/python3.12/site-packages/airflow/example_dags/example_complex.py
[2024-12-08T05:13:55.738+0000] {logging_mixin.py:190} INFO - [2024-12-08T05:13:55.738+0000] {dag.py:3239} INFO - Sync 1 DAGs
[2024-12-08T05:13:55.755+0000] {logging_mixin.py:190} INFO - [2024-12-08T05:13:55.755+0000] {dag.py:4180} INFO - Setting next_dagrun for example_complex to None, run_after=None
[2024-12-08T05:13:55.775+0000] {processor.py:208} INFO - Processing /home/airflow/.local/lib/python3.12/site-packages/airflow/example_dags/example_complex.py took 0.097 seconds
[2024-12-08T05:14:32.095+0000] {processor.py:186} INFO - Started process (PID=1480) to work on /home/airflow/.local/lib/python3.12/site-packages/airflow/example_dags/example_complex.py
[2024-12-08T05:14:32.132+0000] {processor.py:914} INFO - Processing file /home/airflow/.local/lib/python3.12/site-packages/airflow/example_dags/example_complex.py for tasks to queue
[2024-12-08T05:14:32.134+0000] {logging_mixin.py:190} INFO - [2024-12-08T05:14:32.133+0000] {dagbag.py:588} INFO - Filling up the DagBag from /home/airflow/.local/lib/python3.12/site-packages/airflow/example_dags/example_complex.py
[2024-12-08T05:14:32.150+0000] {processor.py:925} INFO - DAG(s) 'example_complex' retrieved from /home/airflow/.local/lib/python3.12/site-packages/airflow/example_dags/example_complex.py
[2024-12-08T05:14:32.199+0000] {logging_mixin.py:190} INFO - [2024-12-08T05:14:32.199+0000] {dag.py:3239} INFO - Sync 1 DAGs
[2024-12-08T05:14:32.223+0000] {logging_mixin.py:190} INFO - [2024-12-08T05:14:32.223+0000] {dag.py:4180} INFO - Setting next_dagrun for example_complex to None, run_after=None
[2024-12-08T05:14:32.254+0000] {processor.py:208} INFO - Processing /home/airflow/.local/lib/python3.12/site-packages/airflow/example_dags/example_complex.py took 0.167 seconds
[2024-12-08T05:15:02.323+0000] {processor.py:186} INFO - Started process (PID=1585) to work on /home/airflow/.local/lib/python3.12/site-packages/airflow/example_dags/example_complex.py
[2024-12-08T05:15:02.324+0000] {processor.py:914} INFO - Processing file /home/airflow/.local/lib/python3.12/site-packages/airflow/example_dags/example_complex.py for tasks to queue
[2024-12-08T05:15:02.327+0000] {logging_mixin.py:190} INFO - [2024-12-08T05:15:02.326+0000] {dagbag.py:588} INFO - Filling up the DagBag from /home/airflow/.local/lib/python3.12/site-packages/airflow/example_dags/example_complex.py
[2024-12-08T05:15:02.356+0000] {processor.py:925} INFO - DAG(s) 'example_complex' retrieved from /home/airflow/.local/lib/python3.12/site-packages/airflow/example_dags/example_complex.py
[2024-12-08T05:15:02.417+0000] {logging_mixin.py:190} INFO - [2024-12-08T05:15:02.416+0000] {dag.py:3239} INFO - Sync 1 DAGs
[2024-12-08T05:15:02.442+0000] {logging_mixin.py:190} INFO - [2024-12-08T05:15:02.441+0000] {dag.py:4180} INFO - Setting next_dagrun for example_complex to None, run_after=None
[2024-12-08T05:15:02.470+0000] {processor.py:208} INFO - Processing /home/airflow/.local/lib/python3.12/site-packages/airflow/example_dags/example_complex.py took 0.156 seconds
[2024-12-08T05:15:33.684+0000] {processor.py:186} INFO - Started process (PID=1689) to work on /home/airflow/.local/lib/python3.12/site-packages/airflow/example_dags/example_complex.py
[2024-12-08T05:15:33.689+0000] {processor.py:914} INFO - Processing file /home/airflow/.local/lib/python3.12/site-packages/airflow/example_dags/example_complex.py for tasks to queue
[2024-12-08T05:15:33.691+0000] {logging_mixin.py:190} INFO - [2024-12-08T05:15:33.691+0000] {dagbag.py:588} INFO - Filling up the DagBag from /home/airflow/.local/lib/python3.12/site-packages/airflow/example_dags/example_complex.py
[2024-12-08T05:15:33.724+0000] {processor.py:925} INFO - DAG(s) 'example_complex' retrieved from /home/airflow/.local/lib/python3.12/site-packages/airflow/example_dags/example_complex.py
[2024-12-08T05:15:33.808+0000] {logging_mixin.py:190} INFO - [2024-12-08T05:15:33.807+0000] {dag.py:3239} INFO - Sync 1 DAGs
[2024-12-08T05:15:33.842+0000] {logging_mixin.py:190} INFO - [2024-12-08T05:15:33.841+0000] {dag.py:4180} INFO - Setting next_dagrun for example_complex to None, run_after=None
[2024-12-08T05:15:33.896+0000] {processor.py:208} INFO - Processing /home/airflow/.local/lib/python3.12/site-packages/airflow/example_dags/example_complex.py took 0.225 seconds
[2024-12-08T05:16:05.068+0000] {processor.py:186} INFO - Started process (PID=1795) to work on /home/airflow/.local/lib/python3.12/site-packages/airflow/example_dags/example_complex.py
[2024-12-08T05:16:05.070+0000] {processor.py:914} INFO - Processing file /home/airflow/.local/lib/python3.12/site-packages/airflow/example_dags/example_complex.py for tasks to queue
[2024-12-08T05:16:05.073+0000] {logging_mixin.py:190} INFO - [2024-12-08T05:16:05.072+0000] {dagbag.py:588} INFO - Filling up the DagBag from /home/airflow/.local/lib/python3.12/site-packages/airflow/example_dags/example_complex.py
[2024-12-08T05:16:05.108+0000] {processor.py:925} INFO - DAG(s) 'example_complex' retrieved from /home/airflow/.local/lib/python3.12/site-packages/airflow/example_dags/example_complex.py
[2024-12-08T05:16:05.196+0000] {logging_mixin.py:190} INFO - [2024-12-08T05:16:05.195+0000] {dag.py:3239} INFO - Sync 1 DAGs
[2024-12-08T05:16:05.236+0000] {logging_mixin.py:190} INFO - [2024-12-08T05:16:05.236+0000] {dag.py:4180} INFO - Setting next_dagrun for example_complex to None, run_after=None
[2024-12-08T05:16:05.285+0000] {processor.py:208} INFO - Processing /home/airflow/.local/lib/python3.12/site-packages/airflow/example_dags/example_complex.py took 0.228 seconds
[2024-12-08T05:16:35.446+0000] {processor.py:186} INFO - Started process (PID=1889) to work on /home/airflow/.local/lib/python3.12/site-packages/airflow/example_dags/example_complex.py
[2024-12-08T05:16:35.449+0000] {processor.py:914} INFO - Processing file /home/airflow/.local/lib/python3.12/site-packages/airflow/example_dags/example_complex.py for tasks to queue
[2024-12-08T05:16:35.452+0000] {logging_mixin.py:190} INFO - [2024-12-08T05:16:35.451+0000] {dagbag.py:588} INFO - Filling up the DagBag from /home/airflow/.local/lib/python3.12/site-packages/airflow/example_dags/example_complex.py
[2024-12-08T05:16:35.480+0000] {processor.py:925} INFO - DAG(s) 'example_complex' retrieved from /home/airflow/.local/lib/python3.12/site-packages/airflow/example_dags/example_complex.py
[2024-12-08T05:16:35.551+0000] {logging_mixin.py:190} INFO - [2024-12-08T05:16:35.550+0000] {dag.py:3239} INFO - Sync 1 DAGs
[2024-12-08T05:16:35.583+0000] {logging_mixin.py:190} INFO - [2024-12-08T05:16:35.583+0000] {dag.py:4180} INFO - Setting next_dagrun for example_complex to None, run_after=None
[2024-12-08T05:16:35.618+0000] {processor.py:208} INFO - Processing /home/airflow/.local/lib/python3.12/site-packages/airflow/example_dags/example_complex.py took 0.185 seconds
[2024-12-08T05:17:08.590+0000] {processor.py:186} INFO - Started process (PID=2008) to work on /home/airflow/.local/lib/python3.12/site-packages/airflow/example_dags/example_complex.py
[2024-12-08T05:17:08.594+0000] {processor.py:914} INFO - Processing file /home/airflow/.local/lib/python3.12/site-packages/airflow/example_dags/example_complex.py for tasks to queue
[2024-12-08T05:17:08.597+0000] {logging_mixin.py:190} INFO - [2024-12-08T05:17:08.596+0000] {dagbag.py:588} INFO - Filling up the DagBag from /home/airflow/.local/lib/python3.12/site-packages/airflow/example_dags/example_complex.py
[2024-12-08T05:17:08.644+0000] {processor.py:925} INFO - DAG(s) 'example_complex' retrieved from /home/airflow/.local/lib/python3.12/site-packages/airflow/example_dags/example_complex.py
[2024-12-08T05:17:08.756+0000] {logging_mixin.py:190} INFO - [2024-12-08T05:17:08.755+0000] {dag.py:3239} INFO - Sync 1 DAGs
[2024-12-08T05:17:08.798+0000] {logging_mixin.py:190} INFO - [2024-12-08T05:17:08.797+0000] {dag.py:4180} INFO - Setting next_dagrun for example_complex to None, run_after=None
[2024-12-08T05:17:08.842+0000] {processor.py:208} INFO - Processing /home/airflow/.local/lib/python3.12/site-packages/airflow/example_dags/example_complex.py took 0.280 seconds
[2024-12-08T05:17:39.200+0000] {processor.py:186} INFO - Started process (PID=2110) to work on /home/airflow/.local/lib/python3.12/site-packages/airflow/example_dags/example_complex.py
[2024-12-08T05:17:39.202+0000] {processor.py:914} INFO - Processing file /home/airflow/.local/lib/python3.12/site-packages/airflow/example_dags/example_complex.py for tasks to queue
[2024-12-08T05:17:39.205+0000] {logging_mixin.py:190} INFO - [2024-12-08T05:17:39.205+0000] {dagbag.py:588} INFO - Filling up the DagBag from /home/airflow/.local/lib/python3.12/site-packages/airflow/example_dags/example_complex.py
[2024-12-08T05:17:39.238+0000] {processor.py:925} INFO - DAG(s) 'example_complex' retrieved from /home/airflow/.local/lib/python3.12/site-packages/airflow/example_dags/example_complex.py
[2024-12-08T05:17:39.363+0000] {logging_mixin.py:190} INFO - [2024-12-08T05:17:39.362+0000] {dag.py:3239} INFO - Sync 1 DAGs
[2024-12-08T05:17:39.441+0000] {logging_mixin.py:190} INFO - [2024-12-08T05:17:39.440+0000] {dag.py:4180} INFO - Setting next_dagrun for example_complex to None, run_after=None
[2024-12-08T05:17:39.501+0000] {processor.py:208} INFO - Processing /home/airflow/.local/lib/python3.12/site-packages/airflow/example_dags/example_complex.py took 0.320 seconds
[2024-12-08T05:18:09.820+0000] {processor.py:186} INFO - Started process (PID=2209) to work on /home/airflow/.local/lib/python3.12/site-packages/airflow/example_dags/example_complex.py
[2024-12-08T05:18:09.822+0000] {processor.py:914} INFO - Processing file /home/airflow/.local/lib/python3.12/site-packages/airflow/example_dags/example_complex.py for tasks to queue
[2024-12-08T05:18:09.825+0000] {logging_mixin.py:190} INFO - [2024-12-08T05:18:09.824+0000] {dagbag.py:588} INFO - Filling up the DagBag from /home/airflow/.local/lib/python3.12/site-packages/airflow/example_dags/example_complex.py
[2024-12-08T05:18:09.860+0000] {processor.py:925} INFO - DAG(s) 'example_complex' retrieved from /home/airflow/.local/lib/python3.12/site-packages/airflow/example_dags/example_complex.py
[2024-12-08T05:18:09.969+0000] {logging_mixin.py:190} INFO - [2024-12-08T05:18:09.968+0000] {dag.py:3239} INFO - Sync 1 DAGs
[2024-12-08T05:18:10.016+0000] {logging_mixin.py:190} INFO - [2024-12-08T05:18:10.016+0000] {dag.py:4180} INFO - Setting next_dagrun for example_complex to None, run_after=None
[2024-12-08T05:18:10.074+0000] {processor.py:208} INFO - Processing /home/airflow/.local/lib/python3.12/site-packages/airflow/example_dags/example_complex.py took 0.269 seconds
[2024-12-08T05:18:43.009+0000] {processor.py:186} INFO - Started process (PID=2306) to work on /home/airflow/.local/lib/python3.12/site-packages/airflow/example_dags/example_complex.py
[2024-12-08T05:18:43.043+0000] {processor.py:914} INFO - Processing file /home/airflow/.local/lib/python3.12/site-packages/airflow/example_dags/example_complex.py for tasks to queue
[2024-12-08T05:18:43.045+0000] {logging_mixin.py:190} INFO - [2024-12-08T05:18:43.044+0000] {dagbag.py:588} INFO - Filling up the DagBag from /home/airflow/.local/lib/python3.12/site-packages/airflow/example_dags/example_complex.py
[2024-12-08T05:18:43.068+0000] {processor.py:925} INFO - DAG(s) 'example_complex' retrieved from /home/airflow/.local/lib/python3.12/site-packages/airflow/example_dags/example_complex.py
[2024-12-08T05:18:43.118+0000] {logging_mixin.py:190} INFO - [2024-12-08T05:18:43.118+0000] {dag.py:3239} INFO - Sync 1 DAGs
[2024-12-08T05:18:43.143+0000] {logging_mixin.py:190} INFO - [2024-12-08T05:18:43.142+0000] {dag.py:4180} INFO - Setting next_dagrun for example_complex to None, run_after=None
[2024-12-08T05:18:43.171+0000] {processor.py:208} INFO - Processing /home/airflow/.local/lib/python3.12/site-packages/airflow/example_dags/example_complex.py took 0.171 seconds
[2024-12-08T05:19:13.979+0000] {processor.py:186} INFO - Started process (PID=2411) to work on /home/airflow/.local/lib/python3.12/site-packages/airflow/example_dags/example_complex.py
[2024-12-08T05:19:13.980+0000] {processor.py:914} INFO - Processing file /home/airflow/.local/lib/python3.12/site-packages/airflow/example_dags/example_complex.py for tasks to queue
[2024-12-08T05:19:13.982+0000] {logging_mixin.py:190} INFO - [2024-12-08T05:19:13.981+0000] {dagbag.py:588} INFO - Filling up the DagBag from /home/airflow/.local/lib/python3.12/site-packages/airflow/example_dags/example_complex.py
[2024-12-08T05:19:14.007+0000] {processor.py:925} INFO - DAG(s) 'example_complex' retrieved from /home/airflow/.local/lib/python3.12/site-packages/airflow/example_dags/example_complex.py
[2024-12-08T05:19:14.067+0000] {logging_mixin.py:190} INFO - [2024-12-08T05:19:14.067+0000] {dag.py:3239} INFO - Sync 1 DAGs
[2024-12-08T05:19:14.096+0000] {logging_mixin.py:190} INFO - [2024-12-08T05:19:14.095+0000] {dag.py:4180} INFO - Setting next_dagrun for example_complex to None, run_after=None
[2024-12-08T05:19:14.160+0000] {processor.py:208} INFO - Processing /home/airflow/.local/lib/python3.12/site-packages/airflow/example_dags/example_complex.py took 0.189 seconds
[2024-12-08T05:19:46.547+0000] {processor.py:186} INFO - Started process (PID=2510) to work on /home/airflow/.local/lib/python3.12/site-packages/airflow/example_dags/example_complex.py
[2024-12-08T05:19:46.548+0000] {processor.py:914} INFO - Processing file /home/airflow/.local/lib/python3.12/site-packages/airflow/example_dags/example_complex.py for tasks to queue
[2024-12-08T05:19:46.552+0000] {logging_mixin.py:190} INFO - [2024-12-08T05:19:46.551+0000] {dagbag.py:588} INFO - Filling up the DagBag from /home/airflow/.local/lib/python3.12/site-packages/airflow/example_dags/example_complex.py
[2024-12-08T05:19:46.585+0000] {processor.py:925} INFO - DAG(s) 'example_complex' retrieved from /home/airflow/.local/lib/python3.12/site-packages/airflow/example_dags/example_complex.py
[2024-12-08T05:19:46.690+0000] {logging_mixin.py:190} INFO - [2024-12-08T05:19:46.690+0000] {dag.py:3239} INFO - Sync 1 DAGs
[2024-12-08T05:19:46.734+0000] {logging_mixin.py:190} INFO - [2024-12-08T05:19:46.734+0000] {dag.py:4180} INFO - Setting next_dagrun for example_complex to None, run_after=None
[2024-12-08T05:19:46.784+0000] {processor.py:208} INFO - Processing /home/airflow/.local/lib/python3.12/site-packages/airflow/example_dags/example_complex.py took 0.251 seconds
[2024-12-08T05:20:17.445+0000] {processor.py:186} INFO - Started process (PID=2587) to work on /home/airflow/.local/lib/python3.12/site-packages/airflow/example_dags/example_complex.py
[2024-12-08T05:20:17.448+0000] {processor.py:914} INFO - Processing file /home/airflow/.local/lib/python3.12/site-packages/airflow/example_dags/example_complex.py for tasks to queue
[2024-12-08T05:20:17.450+0000] {logging_mixin.py:190} INFO - [2024-12-08T05:20:17.449+0000] {dagbag.py:588} INFO - Filling up the DagBag from /home/airflow/.local/lib/python3.12/site-packages/airflow/example_dags/example_complex.py
[2024-12-08T05:20:17.481+0000] {processor.py:925} INFO - DAG(s) 'example_complex' retrieved from /home/airflow/.local/lib/python3.12/site-packages/airflow/example_dags/example_complex.py
[2024-12-08T05:20:17.574+0000] {logging_mixin.py:190} INFO - [2024-12-08T05:20:17.574+0000] {dag.py:3239} INFO - Sync 1 DAGs
[2024-12-08T05:20:17.617+0000] {logging_mixin.py:190} INFO - [2024-12-08T05:20:17.616+0000] {dag.py:4180} INFO - Setting next_dagrun for example_complex to None, run_after=None
[2024-12-08T05:20:17.659+0000] {processor.py:208} INFO - Processing /home/airflow/.local/lib/python3.12/site-packages/airflow/example_dags/example_complex.py took 0.227 seconds
[2024-12-08T05:20:48.306+0000] {processor.py:186} INFO - Started process (PID=2663) to work on /home/airflow/.local/lib/python3.12/site-packages/airflow/example_dags/example_complex.py
[2024-12-08T05:20:48.307+0000] {processor.py:914} INFO - Processing file /home/airflow/.local/lib/python3.12/site-packages/airflow/example_dags/example_complex.py for tasks to queue
[2024-12-08T05:20:48.309+0000] {logging_mixin.py:190} INFO - [2024-12-08T05:20:48.309+0000] {dagbag.py:588} INFO - Filling up the DagBag from /home/airflow/.local/lib/python3.12/site-packages/airflow/example_dags/example_complex.py
[2024-12-08T05:20:48.328+0000] {processor.py:925} INFO - DAG(s) 'example_complex' retrieved from /home/airflow/.local/lib/python3.12/site-packages/airflow/example_dags/example_complex.py
[2024-12-08T05:20:48.375+0000] {logging_mixin.py:190} INFO - [2024-12-08T05:20:48.374+0000] {dag.py:3239} INFO - Sync 1 DAGs
[2024-12-08T05:20:48.396+0000] {logging_mixin.py:190} INFO - [2024-12-08T05:20:48.396+0000] {dag.py:4180} INFO - Setting next_dagrun for example_complex to None, run_after=None
[2024-12-08T05:20:48.419+0000] {processor.py:208} INFO - Processing /home/airflow/.local/lib/python3.12/site-packages/airflow/example_dags/example_complex.py took 0.123 seconds
[2024-12-08T05:21:19.310+0000] {processor.py:186} INFO - Started process (PID=2726) to work on /home/airflow/.local/lib/python3.12/site-packages/airflow/example_dags/example_complex.py
[2024-12-08T05:21:19.312+0000] {processor.py:914} INFO - Processing file /home/airflow/.local/lib/python3.12/site-packages/airflow/example_dags/example_complex.py for tasks to queue
[2024-12-08T05:21:19.314+0000] {logging_mixin.py:190} INFO - [2024-12-08T05:21:19.313+0000] {dagbag.py:588} INFO - Filling up the DagBag from /home/airflow/.local/lib/python3.12/site-packages/airflow/example_dags/example_complex.py
[2024-12-08T05:21:19.331+0000] {processor.py:925} INFO - DAG(s) 'example_complex' retrieved from /home/airflow/.local/lib/python3.12/site-packages/airflow/example_dags/example_complex.py
[2024-12-08T05:21:19.378+0000] {logging_mixin.py:190} INFO - [2024-12-08T05:21:19.378+0000] {dag.py:3239} INFO - Sync 1 DAGs
[2024-12-08T05:21:19.399+0000] {logging_mixin.py:190} INFO - [2024-12-08T05:21:19.399+0000] {dag.py:4180} INFO - Setting next_dagrun for example_complex to None, run_after=None
[2024-12-08T05:21:19.422+0000] {processor.py:208} INFO - Processing /home/airflow/.local/lib/python3.12/site-packages/airflow/example_dags/example_complex.py took 0.120 seconds
[2024-12-08T05:21:50.156+0000] {processor.py:186} INFO - Started process (PID=2790) to work on /home/airflow/.local/lib/python3.12/site-packages/airflow/example_dags/example_complex.py
[2024-12-08T05:21:50.157+0000] {processor.py:914} INFO - Processing file /home/airflow/.local/lib/python3.12/site-packages/airflow/example_dags/example_complex.py for tasks to queue
[2024-12-08T05:21:50.159+0000] {logging_mixin.py:190} INFO - [2024-12-08T05:21:50.159+0000] {dagbag.py:588} INFO - Filling up the DagBag from /home/airflow/.local/lib/python3.12/site-packages/airflow/example_dags/example_complex.py
[2024-12-08T05:21:50.177+0000] {processor.py:925} INFO - DAG(s) 'example_complex' retrieved from /home/airflow/.local/lib/python3.12/site-packages/airflow/example_dags/example_complex.py
[2024-12-08T05:21:50.223+0000] {logging_mixin.py:190} INFO - [2024-12-08T05:21:50.222+0000] {dag.py:3239} INFO - Sync 1 DAGs
[2024-12-08T05:21:50.245+0000] {logging_mixin.py:190} INFO - [2024-12-08T05:21:50.245+0000] {dag.py:4180} INFO - Setting next_dagrun for example_complex to None, run_after=None
[2024-12-08T05:21:50.275+0000] {processor.py:208} INFO - Processing /home/airflow/.local/lib/python3.12/site-packages/airflow/example_dags/example_complex.py took 0.128 seconds
[2024-12-08T05:22:21.352+0000] {processor.py:186} INFO - Started process (PID=2860) to work on /home/airflow/.local/lib/python3.12/site-packages/airflow/example_dags/example_complex.py
[2024-12-08T05:22:21.353+0000] {processor.py:914} INFO - Processing file /home/airflow/.local/lib/python3.12/site-packages/airflow/example_dags/example_complex.py for tasks to queue
[2024-12-08T05:22:21.355+0000] {logging_mixin.py:190} INFO - [2024-12-08T05:22:21.355+0000] {dagbag.py:588} INFO - Filling up the DagBag from /home/airflow/.local/lib/python3.12/site-packages/airflow/example_dags/example_complex.py
[2024-12-08T05:22:21.373+0000] {processor.py:925} INFO - DAG(s) 'example_complex' retrieved from /home/airflow/.local/lib/python3.12/site-packages/airflow/example_dags/example_complex.py
[2024-12-08T05:22:21.418+0000] {logging_mixin.py:190} INFO - [2024-12-08T05:22:21.418+0000] {dag.py:3239} INFO - Sync 1 DAGs
[2024-12-08T05:22:21.437+0000] {logging_mixin.py:190} INFO - [2024-12-08T05:22:21.437+0000] {dag.py:4180} INFO - Setting next_dagrun for example_complex to None, run_after=None
[2024-12-08T05:22:21.460+0000] {processor.py:208} INFO - Processing /home/airflow/.local/lib/python3.12/site-packages/airflow/example_dags/example_complex.py took 0.116 seconds
[2024-12-08T05:22:52.205+0000] {processor.py:186} INFO - Started process (PID=2924) to work on /home/airflow/.local/lib/python3.12/site-packages/airflow/example_dags/example_complex.py
[2024-12-08T05:22:52.206+0000] {processor.py:914} INFO - Processing file /home/airflow/.local/lib/python3.12/site-packages/airflow/example_dags/example_complex.py for tasks to queue
[2024-12-08T05:22:52.208+0000] {logging_mixin.py:190} INFO - [2024-12-08T05:22:52.208+0000] {dagbag.py:588} INFO - Filling up the DagBag from /home/airflow/.local/lib/python3.12/site-packages/airflow/example_dags/example_complex.py
[2024-12-08T05:22:52.223+0000] {processor.py:925} INFO - DAG(s) 'example_complex' retrieved from /home/airflow/.local/lib/python3.12/site-packages/airflow/example_dags/example_complex.py
[2024-12-08T05:22:52.271+0000] {logging_mixin.py:190} INFO - [2024-12-08T05:22:52.270+0000] {dag.py:3239} INFO - Sync 1 DAGs
[2024-12-08T05:22:52.288+0000] {logging_mixin.py:190} INFO - [2024-12-08T05:22:52.288+0000] {dag.py:4180} INFO - Setting next_dagrun for example_complex to None, run_after=None
[2024-12-08T05:22:52.311+0000] {processor.py:208} INFO - Processing /home/airflow/.local/lib/python3.12/site-packages/airflow/example_dags/example_complex.py took 0.114 seconds
[2024-12-08T05:23:22.639+0000] {processor.py:186} INFO - Started process (PID=2987) to work on /home/airflow/.local/lib/python3.12/site-packages/airflow/example_dags/example_complex.py
[2024-12-08T05:23:22.641+0000] {processor.py:914} INFO - Processing file /home/airflow/.local/lib/python3.12/site-packages/airflow/example_dags/example_complex.py for tasks to queue
[2024-12-08T05:23:22.643+0000] {logging_mixin.py:190} INFO - [2024-12-08T05:23:22.642+0000] {dagbag.py:588} INFO - Filling up the DagBag from /home/airflow/.local/lib/python3.12/site-packages/airflow/example_dags/example_complex.py
[2024-12-08T05:23:22.665+0000] {processor.py:925} INFO - DAG(s) 'example_complex' retrieved from /home/airflow/.local/lib/python3.12/site-packages/airflow/example_dags/example_complex.py
[2024-12-08T05:23:22.714+0000] {logging_mixin.py:190} INFO - [2024-12-08T05:23:22.713+0000] {dag.py:3239} INFO - Sync 1 DAGs
[2024-12-08T05:23:22.735+0000] {logging_mixin.py:190} INFO - [2024-12-08T05:23:22.735+0000] {dag.py:4180} INFO - Setting next_dagrun for example_complex to None, run_after=None
[2024-12-08T05:23:22.762+0000] {processor.py:208} INFO - Processing /home/airflow/.local/lib/python3.12/site-packages/airflow/example_dags/example_complex.py took 0.132 seconds
[2024-12-08T05:23:52.911+0000] {processor.py:186} INFO - Started process (PID=3051) to work on /home/airflow/.local/lib/python3.12/site-packages/airflow/example_dags/example_complex.py
[2024-12-08T05:23:52.913+0000] {processor.py:914} INFO - Processing file /home/airflow/.local/lib/python3.12/site-packages/airflow/example_dags/example_complex.py for tasks to queue
[2024-12-08T05:23:52.914+0000] {logging_mixin.py:190} INFO - [2024-12-08T05:23:52.914+0000] {dagbag.py:588} INFO - Filling up the DagBag from /home/airflow/.local/lib/python3.12/site-packages/airflow/example_dags/example_complex.py
[2024-12-08T05:23:52.931+0000] {processor.py:925} INFO - DAG(s) 'example_complex' retrieved from /home/airflow/.local/lib/python3.12/site-packages/airflow/example_dags/example_complex.py
[2024-12-08T05:23:52.971+0000] {logging_mixin.py:190} INFO - [2024-12-08T05:23:52.971+0000] {dag.py:3239} INFO - Sync 1 DAGs
[2024-12-08T05:23:52.990+0000] {logging_mixin.py:190} INFO - [2024-12-08T05:23:52.990+0000] {dag.py:4180} INFO - Setting next_dagrun for example_complex to None, run_after=None
[2024-12-08T05:23:53.011+0000] {processor.py:208} INFO - Processing /home/airflow/.local/lib/python3.12/site-packages/airflow/example_dags/example_complex.py took 0.108 seconds
[2024-12-08T05:24:23.776+0000] {processor.py:186} INFO - Started process (PID=3112) to work on /home/airflow/.local/lib/python3.12/site-packages/airflow/example_dags/example_complex.py
[2024-12-08T05:24:23.777+0000] {processor.py:914} INFO - Processing file /home/airflow/.local/lib/python3.12/site-packages/airflow/example_dags/example_complex.py for tasks to queue
[2024-12-08T05:24:23.779+0000] {logging_mixin.py:190} INFO - [2024-12-08T05:24:23.779+0000] {dagbag.py:588} INFO - Filling up the DagBag from /home/airflow/.local/lib/python3.12/site-packages/airflow/example_dags/example_complex.py
[2024-12-08T05:24:23.796+0000] {processor.py:925} INFO - DAG(s) 'example_complex' retrieved from /home/airflow/.local/lib/python3.12/site-packages/airflow/example_dags/example_complex.py
[2024-12-08T05:24:23.840+0000] {logging_mixin.py:190} INFO - [2024-12-08T05:24:23.840+0000] {dag.py:3239} INFO - Sync 1 DAGs
[2024-12-08T05:24:23.861+0000] {logging_mixin.py:190} INFO - [2024-12-08T05:24:23.861+0000] {dag.py:4180} INFO - Setting next_dagrun for example_complex to None, run_after=None
[2024-12-08T05:24:23.884+0000] {processor.py:208} INFO - Processing /home/airflow/.local/lib/python3.12/site-packages/airflow/example_dags/example_complex.py took 0.116 seconds
[2024-12-08T05:24:54.357+0000] {processor.py:186} INFO - Started process (PID=3170) to work on /home/airflow/.local/lib/python3.12/site-packages/airflow/example_dags/example_complex.py
[2024-12-08T05:24:54.358+0000] {processor.py:914} INFO - Processing file /home/airflow/.local/lib/python3.12/site-packages/airflow/example_dags/example_complex.py for tasks to queue
[2024-12-08T05:24:54.360+0000] {logging_mixin.py:190} INFO - [2024-12-08T05:24:54.360+0000] {dagbag.py:588} INFO - Filling up the DagBag from /home/airflow/.local/lib/python3.12/site-packages/airflow/example_dags/example_complex.py
[2024-12-08T05:24:54.380+0000] {processor.py:925} INFO - DAG(s) 'example_complex' retrieved from /home/airflow/.local/lib/python3.12/site-packages/airflow/example_dags/example_complex.py
[2024-12-08T05:24:54.426+0000] {logging_mixin.py:190} INFO - [2024-12-08T05:24:54.425+0000] {dag.py:3239} INFO - Sync 1 DAGs
[2024-12-08T05:24:54.450+0000] {logging_mixin.py:190} INFO - [2024-12-08T05:24:54.449+0000] {dag.py:4180} INFO - Setting next_dagrun for example_complex to None, run_after=None
[2024-12-08T05:24:54.473+0000] {processor.py:208} INFO - Processing /home/airflow/.local/lib/python3.12/site-packages/airflow/example_dags/example_complex.py took 0.125 seconds
[2024-12-08T05:25:25.139+0000] {processor.py:186} INFO - Started process (PID=3251) to work on /home/airflow/.local/lib/python3.12/site-packages/airflow/example_dags/example_complex.py
[2024-12-08T05:25:25.141+0000] {processor.py:914} INFO - Processing file /home/airflow/.local/lib/python3.12/site-packages/airflow/example_dags/example_complex.py for tasks to queue
[2024-12-08T05:25:25.143+0000] {logging_mixin.py:190} INFO - [2024-12-08T05:25:25.142+0000] {dagbag.py:588} INFO - Filling up the DagBag from /home/airflow/.local/lib/python3.12/site-packages/airflow/example_dags/example_complex.py
[2024-12-08T05:25:25.166+0000] {processor.py:925} INFO - DAG(s) 'example_complex' retrieved from /home/airflow/.local/lib/python3.12/site-packages/airflow/example_dags/example_complex.py
[2024-12-08T05:25:25.228+0000] {logging_mixin.py:190} INFO - [2024-12-08T05:25:25.227+0000] {dag.py:3239} INFO - Sync 1 DAGs
[2024-12-08T05:25:25.262+0000] {logging_mixin.py:190} INFO - [2024-12-08T05:25:25.261+0000] {dag.py:4180} INFO - Setting next_dagrun for example_complex to None, run_after=None
[2024-12-08T05:25:25.296+0000] {processor.py:208} INFO - Processing /home/airflow/.local/lib/python3.12/site-packages/airflow/example_dags/example_complex.py took 0.168 seconds
[2024-12-08T05:25:56.100+0000] {processor.py:186} INFO - Started process (PID=3346) to work on /home/airflow/.local/lib/python3.12/site-packages/airflow/example_dags/example_complex.py
[2024-12-08T05:25:56.101+0000] {processor.py:914} INFO - Processing file /home/airflow/.local/lib/python3.12/site-packages/airflow/example_dags/example_complex.py for tasks to queue
[2024-12-08T05:25:56.103+0000] {logging_mixin.py:190} INFO - [2024-12-08T05:25:56.102+0000] {dagbag.py:588} INFO - Filling up the DagBag from /home/airflow/.local/lib/python3.12/site-packages/airflow/example_dags/example_complex.py
[2024-12-08T05:25:56.126+0000] {processor.py:925} INFO - DAG(s) 'example_complex' retrieved from /home/airflow/.local/lib/python3.12/site-packages/airflow/example_dags/example_complex.py
[2024-12-08T05:25:56.190+0000] {logging_mixin.py:190} INFO - [2024-12-08T05:25:56.190+0000] {dag.py:3239} INFO - Sync 1 DAGs
[2024-12-08T05:25:56.493+0000] {logging_mixin.py:190} INFO - [2024-12-08T05:25:56.492+0000] {dag.py:4180} INFO - Setting next_dagrun for example_complex to None, run_after=None
[2024-12-08T05:25:56.522+0000] {processor.py:208} INFO - Processing /home/airflow/.local/lib/python3.12/site-packages/airflow/example_dags/example_complex.py took 0.431 seconds
[2024-12-08T05:26:26.632+0000] {processor.py:186} INFO - Started process (PID=3416) to work on /home/airflow/.local/lib/python3.12/site-packages/airflow/example_dags/example_complex.py
[2024-12-08T05:26:26.633+0000] {processor.py:914} INFO - Processing file /home/airflow/.local/lib/python3.12/site-packages/airflow/example_dags/example_complex.py for tasks to queue
[2024-12-08T05:26:26.635+0000] {logging_mixin.py:190} INFO - [2024-12-08T05:26:26.634+0000] {dagbag.py:588} INFO - Filling up the DagBag from /home/airflow/.local/lib/python3.12/site-packages/airflow/example_dags/example_complex.py
[2024-12-08T05:26:26.655+0000] {processor.py:925} INFO - DAG(s) 'example_complex' retrieved from /home/airflow/.local/lib/python3.12/site-packages/airflow/example_dags/example_complex.py
[2024-12-08T05:26:26.695+0000] {logging_mixin.py:190} INFO - [2024-12-08T05:26:26.695+0000] {dag.py:3239} INFO - Sync 1 DAGs
[2024-12-08T05:26:26.925+0000] {logging_mixin.py:190} INFO - [2024-12-08T05:26:26.925+0000] {dag.py:4180} INFO - Setting next_dagrun for example_complex to None, run_after=None
[2024-12-08T05:26:26.949+0000] {processor.py:208} INFO - Processing /home/airflow/.local/lib/python3.12/site-packages/airflow/example_dags/example_complex.py took 0.325 seconds
[2024-12-08T05:26:57.050+0000] {processor.py:186} INFO - Started process (PID=3480) to work on /home/airflow/.local/lib/python3.12/site-packages/airflow/example_dags/example_complex.py
[2024-12-08T05:26:57.053+0000] {processor.py:914} INFO - Processing file /home/airflow/.local/lib/python3.12/site-packages/airflow/example_dags/example_complex.py for tasks to queue
[2024-12-08T05:26:57.059+0000] {logging_mixin.py:190} INFO - [2024-12-08T05:26:57.057+0000] {dagbag.py:588} INFO - Filling up the DagBag from /home/airflow/.local/lib/python3.12/site-packages/airflow/example_dags/example_complex.py
[2024-12-08T05:26:57.077+0000] {processor.py:925} INFO - DAG(s) 'example_complex' retrieved from /home/airflow/.local/lib/python3.12/site-packages/airflow/example_dags/example_complex.py
[2024-12-08T05:26:57.116+0000] {logging_mixin.py:190} INFO - [2024-12-08T05:26:57.116+0000] {dag.py:3239} INFO - Sync 1 DAGs
[2024-12-08T05:26:57.133+0000] {logging_mixin.py:190} INFO - [2024-12-08T05:26:57.133+0000] {dag.py:4180} INFO - Setting next_dagrun for example_complex to None, run_after=None
[2024-12-08T05:26:57.337+0000] {processor.py:208} INFO - Processing /home/airflow/.local/lib/python3.12/site-packages/airflow/example_dags/example_complex.py took 0.307 seconds
