[2024-12-08T04:04:53.833+0000] {processor.py:186} INFO - Started process (PID=94) to work on /home/airflow/.local/lib/python3.12/site-packages/airflow/example_dags/tutorial.py
[2024-12-08T04:04:53.835+0000] {processor.py:914} INFO - Processing file /home/airflow/.local/lib/python3.12/site-packages/airflow/example_dags/tutorial.py for tasks to queue
[2024-12-08T04:04:53.838+0000] {logging_mixin.py:190} INFO - [2024-12-08T04:04:53.837+0000] {dagbag.py:588} INFO - Filling up the DagBag from /home/airflow/.local/lib/python3.12/site-packages/airflow/example_dags/tutorial.py
[2024-12-08T04:04:53.847+0000] {processor.py:925} INFO - DAG(s) 'tutorial' retrieved from /home/airflow/.local/lib/python3.12/site-packages/airflow/example_dags/tutorial.py
[2024-12-08T04:04:53.872+0000] {logging_mixin.py:190} INFO - [2024-12-08T04:04:53.872+0000] {dag.py:3239} INFO - Sync 1 DAGs
[2024-12-08T04:04:53.901+0000] {logging_mixin.py:190} INFO - [2024-12-08T04:04:53.900+0000] {dag.py:4180} INFO - Setting next_dagrun for tutorial to 2024-12-07 00:00:00+00:00, run_after=2024-12-08 00:00:00+00:00
[2024-12-08T04:04:53.928+0000] {processor.py:208} INFO - Processing /home/airflow/.local/lib/python3.12/site-packages/airflow/example_dags/tutorial.py took 0.102 seconds
[2024-12-08T04:05:26.989+0000] {processor.py:186} INFO - Started process (PID=157) to work on /home/airflow/.local/lib/python3.12/site-packages/airflow/example_dags/tutorial.py
[2024-12-08T04:05:27.000+0000] {processor.py:914} INFO - Processing file /home/airflow/.local/lib/python3.12/site-packages/airflow/example_dags/tutorial.py for tasks to queue
[2024-12-08T04:05:27.003+0000] {logging_mixin.py:190} INFO - [2024-12-08T04:05:27.003+0000] {dagbag.py:588} INFO - Filling up the DagBag from /home/airflow/.local/lib/python3.12/site-packages/airflow/example_dags/tutorial.py
[2024-12-08T04:05:27.014+0000] {processor.py:925} INFO - DAG(s) 'tutorial' retrieved from /home/airflow/.local/lib/python3.12/site-packages/airflow/example_dags/tutorial.py
[2024-12-08T04:05:27.043+0000] {logging_mixin.py:190} INFO - [2024-12-08T04:05:27.043+0000] {dag.py:3239} INFO - Sync 1 DAGs
[2024-12-08T04:05:27.074+0000] {logging_mixin.py:190} INFO - [2024-12-08T04:05:27.074+0000] {dag.py:4180} INFO - Setting next_dagrun for tutorial to 2024-12-07 00:00:00+00:00, run_after=2024-12-08 00:00:00+00:00
[2024-12-08T04:05:27.104+0000] {processor.py:208} INFO - Processing /home/airflow/.local/lib/python3.12/site-packages/airflow/example_dags/tutorial.py took 0.124 seconds
[2024-12-08T04:05:57.396+0000] {processor.py:186} INFO - Started process (PID=220) to work on /home/airflow/.local/lib/python3.12/site-packages/airflow/example_dags/tutorial.py
[2024-12-08T04:05:57.400+0000] {processor.py:914} INFO - Processing file /home/airflow/.local/lib/python3.12/site-packages/airflow/example_dags/tutorial.py for tasks to queue
[2024-12-08T04:05:57.407+0000] {logging_mixin.py:190} INFO - [2024-12-08T04:05:57.406+0000] {dagbag.py:588} INFO - Filling up the DagBag from /home/airflow/.local/lib/python3.12/site-packages/airflow/example_dags/tutorial.py
[2024-12-08T04:05:57.428+0000] {processor.py:925} INFO - DAG(s) 'tutorial' retrieved from /home/airflow/.local/lib/python3.12/site-packages/airflow/example_dags/tutorial.py
[2024-12-08T04:05:57.471+0000] {logging_mixin.py:190} INFO - [2024-12-08T04:05:57.470+0000] {dag.py:3239} INFO - Sync 1 DAGs
[2024-12-08T04:05:57.511+0000] {logging_mixin.py:190} INFO - [2024-12-08T04:05:57.511+0000] {dag.py:4180} INFO - Setting next_dagrun for tutorial to 2024-12-07 00:00:00+00:00, run_after=2024-12-08 00:00:00+00:00
[2024-12-08T04:05:57.543+0000] {processor.py:208} INFO - Processing /home/airflow/.local/lib/python3.12/site-packages/airflow/example_dags/tutorial.py took 0.168 seconds
[2024-12-08T04:06:28.951+0000] {processor.py:186} INFO - Started process (PID=282) to work on /home/airflow/.local/lib/python3.12/site-packages/airflow/example_dags/tutorial.py
[2024-12-08T04:06:28.955+0000] {processor.py:914} INFO - Processing file /home/airflow/.local/lib/python3.12/site-packages/airflow/example_dags/tutorial.py for tasks to queue
[2024-12-08T04:06:28.965+0000] {logging_mixin.py:190} INFO - [2024-12-08T04:06:28.964+0000] {dagbag.py:588} INFO - Filling up the DagBag from /home/airflow/.local/lib/python3.12/site-packages/airflow/example_dags/tutorial.py
[2024-12-08T04:06:28.992+0000] {processor.py:925} INFO - DAG(s) 'tutorial' retrieved from /home/airflow/.local/lib/python3.12/site-packages/airflow/example_dags/tutorial.py
[2024-12-08T04:06:29.038+0000] {logging_mixin.py:190} INFO - [2024-12-08T04:06:29.038+0000] {dag.py:3239} INFO - Sync 1 DAGs
[2024-12-08T04:06:29.091+0000] {logging_mixin.py:190} INFO - [2024-12-08T04:06:29.090+0000] {dag.py:4180} INFO - Setting next_dagrun for tutorial to 2024-12-07 00:00:00+00:00, run_after=2024-12-08 00:00:00+00:00
[2024-12-08T04:06:29.129+0000] {processor.py:208} INFO - Processing /home/airflow/.local/lib/python3.12/site-packages/airflow/example_dags/tutorial.py took 0.192 seconds
[2024-12-08T04:07:00.208+0000] {processor.py:186} INFO - Started process (PID=345) to work on /home/airflow/.local/lib/python3.12/site-packages/airflow/example_dags/tutorial.py
[2024-12-08T04:07:00.211+0000] {processor.py:914} INFO - Processing file /home/airflow/.local/lib/python3.12/site-packages/airflow/example_dags/tutorial.py for tasks to queue
[2024-12-08T04:07:00.217+0000] {logging_mixin.py:190} INFO - [2024-12-08T04:07:00.216+0000] {dagbag.py:588} INFO - Filling up the DagBag from /home/airflow/.local/lib/python3.12/site-packages/airflow/example_dags/tutorial.py
[2024-12-08T04:07:00.234+0000] {processor.py:925} INFO - DAG(s) 'tutorial' retrieved from /home/airflow/.local/lib/python3.12/site-packages/airflow/example_dags/tutorial.py
[2024-12-08T04:07:00.297+0000] {logging_mixin.py:190} INFO - [2024-12-08T04:07:00.296+0000] {dag.py:3239} INFO - Sync 1 DAGs
[2024-12-08T04:07:00.361+0000] {logging_mixin.py:190} INFO - [2024-12-08T04:07:00.360+0000] {dag.py:4180} INFO - Setting next_dagrun for tutorial to 2024-12-07 00:00:00+00:00, run_after=2024-12-08 00:00:00+00:00
[2024-12-08T04:07:00.402+0000] {processor.py:208} INFO - Processing /home/airflow/.local/lib/python3.12/site-packages/airflow/example_dags/tutorial.py took 0.207 seconds
[2024-12-08T04:07:30.596+0000] {processor.py:186} INFO - Started process (PID=408) to work on /home/airflow/.local/lib/python3.12/site-packages/airflow/example_dags/tutorial.py
[2024-12-08T04:07:30.608+0000] {processor.py:914} INFO - Processing file /home/airflow/.local/lib/python3.12/site-packages/airflow/example_dags/tutorial.py for tasks to queue
[2024-12-08T04:07:30.611+0000] {logging_mixin.py:190} INFO - [2024-12-08T04:07:30.610+0000] {dagbag.py:588} INFO - Filling up the DagBag from /home/airflow/.local/lib/python3.12/site-packages/airflow/example_dags/tutorial.py
[2024-12-08T04:07:30.620+0000] {processor.py:925} INFO - DAG(s) 'tutorial' retrieved from /home/airflow/.local/lib/python3.12/site-packages/airflow/example_dags/tutorial.py
[2024-12-08T04:07:30.642+0000] {logging_mixin.py:190} INFO - [2024-12-08T04:07:30.642+0000] {dag.py:3239} INFO - Sync 1 DAGs
[2024-12-08T04:07:30.669+0000] {logging_mixin.py:190} INFO - [2024-12-08T04:07:30.668+0000] {dag.py:4180} INFO - Setting next_dagrun for tutorial to 2024-12-07 00:00:00+00:00, run_after=2024-12-08 00:00:00+00:00
[2024-12-08T04:07:30.692+0000] {processor.py:208} INFO - Processing /home/airflow/.local/lib/python3.12/site-packages/airflow/example_dags/tutorial.py took 0.102 seconds
[2024-12-08T04:08:02.683+0000] {processor.py:186} INFO - Started process (PID=471) to work on /home/airflow/.local/lib/python3.12/site-packages/airflow/example_dags/tutorial.py
[2024-12-08T04:08:02.685+0000] {processor.py:914} INFO - Processing file /home/airflow/.local/lib/python3.12/site-packages/airflow/example_dags/tutorial.py for tasks to queue
[2024-12-08T04:08:02.689+0000] {logging_mixin.py:190} INFO - [2024-12-08T04:08:02.688+0000] {dagbag.py:588} INFO - Filling up the DagBag from /home/airflow/.local/lib/python3.12/site-packages/airflow/example_dags/tutorial.py
[2024-12-08T04:08:02.702+0000] {processor.py:925} INFO - DAG(s) 'tutorial' retrieved from /home/airflow/.local/lib/python3.12/site-packages/airflow/example_dags/tutorial.py
[2024-12-08T04:08:02.732+0000] {logging_mixin.py:190} INFO - [2024-12-08T04:08:02.732+0000] {dag.py:3239} INFO - Sync 1 DAGs
[2024-12-08T04:08:02.780+0000] {logging_mixin.py:190} INFO - [2024-12-08T04:08:02.779+0000] {dag.py:4180} INFO - Setting next_dagrun for tutorial to 2024-12-07 00:00:00+00:00, run_after=2024-12-08 00:00:00+00:00
[2024-12-08T04:08:02.853+0000] {processor.py:208} INFO - Processing /home/airflow/.local/lib/python3.12/site-packages/airflow/example_dags/tutorial.py took 0.183 seconds
[2024-12-08T04:08:34.598+0000] {processor.py:186} INFO - Started process (PID=534) to work on /home/airflow/.local/lib/python3.12/site-packages/airflow/example_dags/tutorial.py
[2024-12-08T04:08:34.600+0000] {processor.py:914} INFO - Processing file /home/airflow/.local/lib/python3.12/site-packages/airflow/example_dags/tutorial.py for tasks to queue
[2024-12-08T04:08:34.603+0000] {logging_mixin.py:190} INFO - [2024-12-08T04:08:34.602+0000] {dagbag.py:588} INFO - Filling up the DagBag from /home/airflow/.local/lib/python3.12/site-packages/airflow/example_dags/tutorial.py
[2024-12-08T04:08:34.613+0000] {processor.py:925} INFO - DAG(s) 'tutorial' retrieved from /home/airflow/.local/lib/python3.12/site-packages/airflow/example_dags/tutorial.py
[2024-12-08T04:08:34.635+0000] {logging_mixin.py:190} INFO - [2024-12-08T04:08:34.635+0000] {dag.py:3239} INFO - Sync 1 DAGs
[2024-12-08T04:08:34.661+0000] {logging_mixin.py:190} INFO - [2024-12-08T04:08:34.661+0000] {dag.py:4180} INFO - Setting next_dagrun for tutorial to 2024-12-07 00:00:00+00:00, run_after=2024-12-08 00:00:00+00:00
[2024-12-08T04:08:34.682+0000] {processor.py:208} INFO - Processing /home/airflow/.local/lib/python3.12/site-packages/airflow/example_dags/tutorial.py took 0.092 seconds
[2024-12-08T04:09:05.924+0000] {processor.py:186} INFO - Started process (PID=597) to work on /home/airflow/.local/lib/python3.12/site-packages/airflow/example_dags/tutorial.py
[2024-12-08T04:09:05.925+0000] {processor.py:914} INFO - Processing file /home/airflow/.local/lib/python3.12/site-packages/airflow/example_dags/tutorial.py for tasks to queue
[2024-12-08T04:09:05.928+0000] {logging_mixin.py:190} INFO - [2024-12-08T04:09:05.928+0000] {dagbag.py:588} INFO - Filling up the DagBag from /home/airflow/.local/lib/python3.12/site-packages/airflow/example_dags/tutorial.py
[2024-12-08T04:09:05.938+0000] {processor.py:925} INFO - DAG(s) 'tutorial' retrieved from /home/airflow/.local/lib/python3.12/site-packages/airflow/example_dags/tutorial.py
[2024-12-08T04:09:05.961+0000] {logging_mixin.py:190} INFO - [2024-12-08T04:09:05.961+0000] {dag.py:3239} INFO - Sync 1 DAGs
[2024-12-08T04:09:05.988+0000] {logging_mixin.py:190} INFO - [2024-12-08T04:09:05.987+0000] {dag.py:4180} INFO - Setting next_dagrun for tutorial to 2024-12-07 00:00:00+00:00, run_after=2024-12-08 00:00:00+00:00
[2024-12-08T04:09:06.009+0000] {processor.py:208} INFO - Processing /home/airflow/.local/lib/python3.12/site-packages/airflow/example_dags/tutorial.py took 0.093 seconds
[2024-12-08T04:09:37.074+0000] {processor.py:186} INFO - Started process (PID=660) to work on /home/airflow/.local/lib/python3.12/site-packages/airflow/example_dags/tutorial.py
[2024-12-08T04:09:37.076+0000] {processor.py:914} INFO - Processing file /home/airflow/.local/lib/python3.12/site-packages/airflow/example_dags/tutorial.py for tasks to queue
[2024-12-08T04:09:37.079+0000] {logging_mixin.py:190} INFO - [2024-12-08T04:09:37.079+0000] {dagbag.py:588} INFO - Filling up the DagBag from /home/airflow/.local/lib/python3.12/site-packages/airflow/example_dags/tutorial.py
[2024-12-08T04:09:37.092+0000] {processor.py:925} INFO - DAG(s) 'tutorial' retrieved from /home/airflow/.local/lib/python3.12/site-packages/airflow/example_dags/tutorial.py
[2024-12-08T04:09:37.126+0000] {logging_mixin.py:190} INFO - [2024-12-08T04:09:37.125+0000] {dag.py:3239} INFO - Sync 1 DAGs
[2024-12-08T04:09:37.163+0000] {logging_mixin.py:190} INFO - [2024-12-08T04:09:37.163+0000] {dag.py:4180} INFO - Setting next_dagrun for tutorial to 2024-12-07 00:00:00+00:00, run_after=2024-12-08 00:00:00+00:00
[2024-12-08T04:09:37.193+0000] {processor.py:208} INFO - Processing /home/airflow/.local/lib/python3.12/site-packages/airflow/example_dags/tutorial.py took 0.130 seconds
[2024-12-08T04:10:08.611+0000] {processor.py:186} INFO - Started process (PID=723) to work on /home/airflow/.local/lib/python3.12/site-packages/airflow/example_dags/tutorial.py
[2024-12-08T04:10:08.612+0000] {processor.py:914} INFO - Processing file /home/airflow/.local/lib/python3.12/site-packages/airflow/example_dags/tutorial.py for tasks to queue
[2024-12-08T04:10:08.615+0000] {logging_mixin.py:190} INFO - [2024-12-08T04:10:08.615+0000] {dagbag.py:588} INFO - Filling up the DagBag from /home/airflow/.local/lib/python3.12/site-packages/airflow/example_dags/tutorial.py
[2024-12-08T04:10:08.625+0000] {processor.py:925} INFO - DAG(s) 'tutorial' retrieved from /home/airflow/.local/lib/python3.12/site-packages/airflow/example_dags/tutorial.py
[2024-12-08T04:10:08.648+0000] {logging_mixin.py:190} INFO - [2024-12-08T04:10:08.648+0000] {dag.py:3239} INFO - Sync 1 DAGs
[2024-12-08T04:10:08.679+0000] {logging_mixin.py:190} INFO - [2024-12-08T04:10:08.678+0000] {dag.py:4180} INFO - Setting next_dagrun for tutorial to 2024-12-07 00:00:00+00:00, run_after=2024-12-08 00:00:00+00:00
[2024-12-08T04:10:08.701+0000] {processor.py:208} INFO - Processing /home/airflow/.local/lib/python3.12/site-packages/airflow/example_dags/tutorial.py took 0.098 seconds
[2024-12-08T04:10:40.762+0000] {processor.py:186} INFO - Started process (PID=792) to work on /home/airflow/.local/lib/python3.12/site-packages/airflow/example_dags/tutorial.py
[2024-12-08T04:10:40.763+0000] {processor.py:914} INFO - Processing file /home/airflow/.local/lib/python3.12/site-packages/airflow/example_dags/tutorial.py for tasks to queue
[2024-12-08T04:10:40.766+0000] {logging_mixin.py:190} INFO - [2024-12-08T04:10:40.765+0000] {dagbag.py:588} INFO - Filling up the DagBag from /home/airflow/.local/lib/python3.12/site-packages/airflow/example_dags/tutorial.py
[2024-12-08T04:10:40.777+0000] {processor.py:925} INFO - DAG(s) 'tutorial' retrieved from /home/airflow/.local/lib/python3.12/site-packages/airflow/example_dags/tutorial.py
[2024-12-08T04:10:40.803+0000] {logging_mixin.py:190} INFO - [2024-12-08T04:10:40.803+0000] {dag.py:3239} INFO - Sync 1 DAGs
[2024-12-08T04:10:40.838+0000] {logging_mixin.py:190} INFO - [2024-12-08T04:10:40.838+0000] {dag.py:4180} INFO - Setting next_dagrun for tutorial to 2024-12-07 00:00:00+00:00, run_after=2024-12-08 00:00:00+00:00
[2024-12-08T04:10:40.877+0000] {processor.py:208} INFO - Processing /home/airflow/.local/lib/python3.12/site-packages/airflow/example_dags/tutorial.py took 0.123 seconds
[2024-12-08T04:11:11.864+0000] {processor.py:186} INFO - Started process (PID=855) to work on /home/airflow/.local/lib/python3.12/site-packages/airflow/example_dags/tutorial.py
[2024-12-08T04:11:11.867+0000] {processor.py:914} INFO - Processing file /home/airflow/.local/lib/python3.12/site-packages/airflow/example_dags/tutorial.py for tasks to queue
[2024-12-08T04:11:11.875+0000] {logging_mixin.py:190} INFO - [2024-12-08T04:11:11.874+0000] {dagbag.py:588} INFO - Filling up the DagBag from /home/airflow/.local/lib/python3.12/site-packages/airflow/example_dags/tutorial.py
[2024-12-08T04:11:11.893+0000] {processor.py:925} INFO - DAG(s) 'tutorial' retrieved from /home/airflow/.local/lib/python3.12/site-packages/airflow/example_dags/tutorial.py
[2024-12-08T04:11:11.930+0000] {logging_mixin.py:190} INFO - [2024-12-08T04:11:11.930+0000] {dag.py:3239} INFO - Sync 1 DAGs
[2024-12-08T04:11:11.976+0000] {logging_mixin.py:190} INFO - [2024-12-08T04:11:11.975+0000] {dag.py:4180} INFO - Setting next_dagrun for tutorial to 2024-12-07 00:00:00+00:00, run_after=2024-12-08 00:00:00+00:00
[2024-12-08T04:11:12.013+0000] {processor.py:208} INFO - Processing /home/airflow/.local/lib/python3.12/site-packages/airflow/example_dags/tutorial.py took 0.166 seconds
[2024-12-08T04:11:42.943+0000] {processor.py:186} INFO - Started process (PID=918) to work on /home/airflow/.local/lib/python3.12/site-packages/airflow/example_dags/tutorial.py
[2024-12-08T04:11:42.946+0000] {processor.py:914} INFO - Processing file /home/airflow/.local/lib/python3.12/site-packages/airflow/example_dags/tutorial.py for tasks to queue
[2024-12-08T04:11:42.953+0000] {logging_mixin.py:190} INFO - [2024-12-08T04:11:42.952+0000] {dagbag.py:588} INFO - Filling up the DagBag from /home/airflow/.local/lib/python3.12/site-packages/airflow/example_dags/tutorial.py
[2024-12-08T04:11:42.972+0000] {processor.py:925} INFO - DAG(s) 'tutorial' retrieved from /home/airflow/.local/lib/python3.12/site-packages/airflow/example_dags/tutorial.py
[2024-12-08T04:11:43.000+0000] {logging_mixin.py:190} INFO - [2024-12-08T04:11:43.000+0000] {dag.py:3239} INFO - Sync 1 DAGs
[2024-12-08T04:11:43.031+0000] {logging_mixin.py:190} INFO - [2024-12-08T04:11:43.031+0000] {dag.py:4180} INFO - Setting next_dagrun for tutorial to 2024-12-07 00:00:00+00:00, run_after=2024-12-08 00:00:00+00:00
[2024-12-08T04:11:43.057+0000] {processor.py:208} INFO - Processing /home/airflow/.local/lib/python3.12/site-packages/airflow/example_dags/tutorial.py took 0.123 seconds
[2024-12-08T04:12:14.444+0000] {processor.py:186} INFO - Started process (PID=981) to work on /home/airflow/.local/lib/python3.12/site-packages/airflow/example_dags/tutorial.py
[2024-12-08T04:12:14.445+0000] {processor.py:914} INFO - Processing file /home/airflow/.local/lib/python3.12/site-packages/airflow/example_dags/tutorial.py for tasks to queue
[2024-12-08T04:12:14.450+0000] {logging_mixin.py:190} INFO - [2024-12-08T04:12:14.449+0000] {dagbag.py:588} INFO - Filling up the DagBag from /home/airflow/.local/lib/python3.12/site-packages/airflow/example_dags/tutorial.py
[2024-12-08T04:12:14.463+0000] {processor.py:925} INFO - DAG(s) 'tutorial' retrieved from /home/airflow/.local/lib/python3.12/site-packages/airflow/example_dags/tutorial.py
[2024-12-08T04:12:14.492+0000] {logging_mixin.py:190} INFO - [2024-12-08T04:12:14.492+0000] {dag.py:3239} INFO - Sync 1 DAGs
[2024-12-08T04:12:14.523+0000] {logging_mixin.py:190} INFO - [2024-12-08T04:12:14.522+0000] {dag.py:4180} INFO - Setting next_dagrun for tutorial to 2024-12-07 00:00:00+00:00, run_after=2024-12-08 00:00:00+00:00
[2024-12-08T04:12:14.545+0000] {processor.py:208} INFO - Processing /home/airflow/.local/lib/python3.12/site-packages/airflow/example_dags/tutorial.py took 0.113 seconds
[2024-12-08T04:12:45.993+0000] {processor.py:186} INFO - Started process (PID=1045) to work on /home/airflow/.local/lib/python3.12/site-packages/airflow/example_dags/tutorial.py
[2024-12-08T04:12:45.997+0000] {processor.py:914} INFO - Processing file /home/airflow/.local/lib/python3.12/site-packages/airflow/example_dags/tutorial.py for tasks to queue
[2024-12-08T04:12:46.006+0000] {logging_mixin.py:190} INFO - [2024-12-08T04:12:46.005+0000] {dagbag.py:588} INFO - Filling up the DagBag from /home/airflow/.local/lib/python3.12/site-packages/airflow/example_dags/tutorial.py
[2024-12-08T04:12:46.038+0000] {processor.py:925} INFO - DAG(s) 'tutorial' retrieved from /home/airflow/.local/lib/python3.12/site-packages/airflow/example_dags/tutorial.py
[2024-12-08T04:12:46.089+0000] {logging_mixin.py:190} INFO - [2024-12-08T04:12:46.088+0000] {dag.py:3239} INFO - Sync 1 DAGs
[2024-12-08T04:12:46.170+0000] {logging_mixin.py:190} INFO - [2024-12-08T04:12:46.169+0000] {dag.py:4180} INFO - Setting next_dagrun for tutorial to 2024-12-07 00:00:00+00:00, run_after=2024-12-08 00:00:00+00:00
[2024-12-08T04:12:46.226+0000] {processor.py:208} INFO - Processing /home/airflow/.local/lib/python3.12/site-packages/airflow/example_dags/tutorial.py took 0.249 seconds
[2024-12-08T04:13:17.783+0000] {processor.py:186} INFO - Started process (PID=1108) to work on /home/airflow/.local/lib/python3.12/site-packages/airflow/example_dags/tutorial.py
[2024-12-08T04:13:17.785+0000] {processor.py:914} INFO - Processing file /home/airflow/.local/lib/python3.12/site-packages/airflow/example_dags/tutorial.py for tasks to queue
[2024-12-08T04:13:17.793+0000] {logging_mixin.py:190} INFO - [2024-12-08T04:13:17.791+0000] {dagbag.py:588} INFO - Filling up the DagBag from /home/airflow/.local/lib/python3.12/site-packages/airflow/example_dags/tutorial.py
[2024-12-08T04:13:17.824+0000] {processor.py:925} INFO - DAG(s) 'tutorial' retrieved from /home/airflow/.local/lib/python3.12/site-packages/airflow/example_dags/tutorial.py
[2024-12-08T04:13:17.870+0000] {logging_mixin.py:190} INFO - [2024-12-08T04:13:17.869+0000] {dag.py:3239} INFO - Sync 1 DAGs
[2024-12-08T04:13:17.910+0000] {logging_mixin.py:190} INFO - [2024-12-08T04:13:17.909+0000] {dag.py:4180} INFO - Setting next_dagrun for tutorial to 2024-12-07 00:00:00+00:00, run_after=2024-12-08 00:00:00+00:00
[2024-12-08T04:13:17.936+0000] {processor.py:208} INFO - Processing /home/airflow/.local/lib/python3.12/site-packages/airflow/example_dags/tutorial.py took 0.170 seconds
[2024-12-08T04:13:49.352+0000] {processor.py:186} INFO - Started process (PID=1170) to work on /home/airflow/.local/lib/python3.12/site-packages/airflow/example_dags/tutorial.py
[2024-12-08T04:13:49.355+0000] {processor.py:914} INFO - Processing file /home/airflow/.local/lib/python3.12/site-packages/airflow/example_dags/tutorial.py for tasks to queue
[2024-12-08T04:13:49.361+0000] {logging_mixin.py:190} INFO - [2024-12-08T04:13:49.360+0000] {dagbag.py:588} INFO - Filling up the DagBag from /home/airflow/.local/lib/python3.12/site-packages/airflow/example_dags/tutorial.py
[2024-12-08T04:13:49.379+0000] {processor.py:925} INFO - DAG(s) 'tutorial' retrieved from /home/airflow/.local/lib/python3.12/site-packages/airflow/example_dags/tutorial.py
[2024-12-08T04:13:49.406+0000] {logging_mixin.py:190} INFO - [2024-12-08T04:13:49.406+0000] {dag.py:3239} INFO - Sync 1 DAGs
[2024-12-08T04:13:49.435+0000] {logging_mixin.py:190} INFO - [2024-12-08T04:13:49.434+0000] {dag.py:4180} INFO - Setting next_dagrun for tutorial to 2024-12-07 00:00:00+00:00, run_after=2024-12-08 00:00:00+00:00
[2024-12-08T04:13:49.484+0000] {processor.py:208} INFO - Processing /home/airflow/.local/lib/python3.12/site-packages/airflow/example_dags/tutorial.py took 0.141 seconds
[2024-12-08T04:14:21.161+0000] {processor.py:186} INFO - Started process (PID=1233) to work on /home/airflow/.local/lib/python3.12/site-packages/airflow/example_dags/tutorial.py
[2024-12-08T04:14:21.162+0000] {processor.py:914} INFO - Processing file /home/airflow/.local/lib/python3.12/site-packages/airflow/example_dags/tutorial.py for tasks to queue
[2024-12-08T04:14:21.166+0000] {logging_mixin.py:190} INFO - [2024-12-08T04:14:21.166+0000] {dagbag.py:588} INFO - Filling up the DagBag from /home/airflow/.local/lib/python3.12/site-packages/airflow/example_dags/tutorial.py
[2024-12-08T04:14:21.180+0000] {processor.py:925} INFO - DAG(s) 'tutorial' retrieved from /home/airflow/.local/lib/python3.12/site-packages/airflow/example_dags/tutorial.py
[2024-12-08T04:14:21.209+0000] {logging_mixin.py:190} INFO - [2024-12-08T04:14:21.209+0000] {dag.py:3239} INFO - Sync 1 DAGs
[2024-12-08T04:14:21.244+0000] {logging_mixin.py:190} INFO - [2024-12-08T04:14:21.243+0000] {dag.py:4180} INFO - Setting next_dagrun for tutorial to 2024-12-07 00:00:00+00:00, run_after=2024-12-08 00:00:00+00:00
[2024-12-08T04:14:21.274+0000] {processor.py:208} INFO - Processing /home/airflow/.local/lib/python3.12/site-packages/airflow/example_dags/tutorial.py took 0.122 seconds
[2024-12-08T04:14:52.598+0000] {processor.py:186} INFO - Started process (PID=1296) to work on /home/airflow/.local/lib/python3.12/site-packages/airflow/example_dags/tutorial.py
[2024-12-08T04:14:52.599+0000] {processor.py:914} INFO - Processing file /home/airflow/.local/lib/python3.12/site-packages/airflow/example_dags/tutorial.py for tasks to queue
[2024-12-08T04:14:52.601+0000] {logging_mixin.py:190} INFO - [2024-12-08T04:14:52.601+0000] {dagbag.py:588} INFO - Filling up the DagBag from /home/airflow/.local/lib/python3.12/site-packages/airflow/example_dags/tutorial.py
[2024-12-08T04:14:52.610+0000] {processor.py:925} INFO - DAG(s) 'tutorial' retrieved from /home/airflow/.local/lib/python3.12/site-packages/airflow/example_dags/tutorial.py
[2024-12-08T04:14:52.632+0000] {logging_mixin.py:190} INFO - [2024-12-08T04:14:52.632+0000] {dag.py:3239} INFO - Sync 1 DAGs
[2024-12-08T04:14:52.659+0000] {logging_mixin.py:190} INFO - [2024-12-08T04:14:52.658+0000] {dag.py:4180} INFO - Setting next_dagrun for tutorial to 2024-12-07 00:00:00+00:00, run_after=2024-12-08 00:00:00+00:00
[2024-12-08T04:14:52.679+0000] {processor.py:208} INFO - Processing /home/airflow/.local/lib/python3.12/site-packages/airflow/example_dags/tutorial.py took 0.089 seconds
[2024-12-08T04:15:23.642+0000] {processor.py:186} INFO - Started process (PID=1359) to work on /home/airflow/.local/lib/python3.12/site-packages/airflow/example_dags/tutorial.py
[2024-12-08T04:15:23.643+0000] {processor.py:914} INFO - Processing file /home/airflow/.local/lib/python3.12/site-packages/airflow/example_dags/tutorial.py for tasks to queue
[2024-12-08T04:15:23.647+0000] {logging_mixin.py:190} INFO - [2024-12-08T04:15:23.647+0000] {dagbag.py:588} INFO - Filling up the DagBag from /home/airflow/.local/lib/python3.12/site-packages/airflow/example_dags/tutorial.py
[2024-12-08T04:15:23.662+0000] {processor.py:925} INFO - DAG(s) 'tutorial' retrieved from /home/airflow/.local/lib/python3.12/site-packages/airflow/example_dags/tutorial.py
[2024-12-08T04:15:23.696+0000] {logging_mixin.py:190} INFO - [2024-12-08T04:15:23.695+0000] {dag.py:3239} INFO - Sync 1 DAGs
[2024-12-08T04:15:23.728+0000] {logging_mixin.py:190} INFO - [2024-12-08T04:15:23.727+0000] {dag.py:4180} INFO - Setting next_dagrun for tutorial to 2024-12-07 00:00:00+00:00, run_after=2024-12-08 00:00:00+00:00
[2024-12-08T04:15:23.749+0000] {processor.py:208} INFO - Processing /home/airflow/.local/lib/python3.12/site-packages/airflow/example_dags/tutorial.py took 0.118 seconds
[2024-12-08T04:15:55.377+0000] {processor.py:186} INFO - Started process (PID=1422) to work on /home/airflow/.local/lib/python3.12/site-packages/airflow/example_dags/tutorial.py
[2024-12-08T04:15:55.378+0000] {processor.py:914} INFO - Processing file /home/airflow/.local/lib/python3.12/site-packages/airflow/example_dags/tutorial.py for tasks to queue
[2024-12-08T04:15:55.381+0000] {logging_mixin.py:190} INFO - [2024-12-08T04:15:55.380+0000] {dagbag.py:588} INFO - Filling up the DagBag from /home/airflow/.local/lib/python3.12/site-packages/airflow/example_dags/tutorial.py
[2024-12-08T04:15:55.390+0000] {processor.py:925} INFO - DAG(s) 'tutorial' retrieved from /home/airflow/.local/lib/python3.12/site-packages/airflow/example_dags/tutorial.py
[2024-12-08T04:15:55.412+0000] {logging_mixin.py:190} INFO - [2024-12-08T04:15:55.411+0000] {dag.py:3239} INFO - Sync 1 DAGs
[2024-12-08T04:15:55.438+0000] {logging_mixin.py:190} INFO - [2024-12-08T04:15:55.437+0000] {dag.py:4180} INFO - Setting next_dagrun for tutorial to 2024-12-07 00:00:00+00:00, run_after=2024-12-08 00:00:00+00:00
[2024-12-08T04:15:55.457+0000] {processor.py:208} INFO - Processing /home/airflow/.local/lib/python3.12/site-packages/airflow/example_dags/tutorial.py took 0.088 seconds
[2024-12-08T04:16:27.035+0000] {processor.py:186} INFO - Started process (PID=1485) to work on /home/airflow/.local/lib/python3.12/site-packages/airflow/example_dags/tutorial.py
[2024-12-08T04:16:27.036+0000] {processor.py:914} INFO - Processing file /home/airflow/.local/lib/python3.12/site-packages/airflow/example_dags/tutorial.py for tasks to queue
[2024-12-08T04:16:27.040+0000] {logging_mixin.py:190} INFO - [2024-12-08T04:16:27.040+0000] {dagbag.py:588} INFO - Filling up the DagBag from /home/airflow/.local/lib/python3.12/site-packages/airflow/example_dags/tutorial.py
[2024-12-08T04:16:27.052+0000] {processor.py:925} INFO - DAG(s) 'tutorial' retrieved from /home/airflow/.local/lib/python3.12/site-packages/airflow/example_dags/tutorial.py
[2024-12-08T04:16:27.081+0000] {logging_mixin.py:190} INFO - [2024-12-08T04:16:27.081+0000] {dag.py:3239} INFO - Sync 1 DAGs
[2024-12-08T04:16:27.116+0000] {logging_mixin.py:190} INFO - [2024-12-08T04:16:27.116+0000] {dag.py:4180} INFO - Setting next_dagrun for tutorial to 2024-12-07 00:00:00+00:00, run_after=2024-12-08 00:00:00+00:00
[2024-12-08T04:16:27.143+0000] {processor.py:208} INFO - Processing /home/airflow/.local/lib/python3.12/site-packages/airflow/example_dags/tutorial.py took 0.118 seconds
[2024-12-08T04:16:59.267+0000] {processor.py:186} INFO - Started process (PID=1548) to work on /home/airflow/.local/lib/python3.12/site-packages/airflow/example_dags/tutorial.py
[2024-12-08T04:16:59.271+0000] {processor.py:914} INFO - Processing file /home/airflow/.local/lib/python3.12/site-packages/airflow/example_dags/tutorial.py for tasks to queue
[2024-12-08T04:16:59.280+0000] {logging_mixin.py:190} INFO - [2024-12-08T04:16:59.279+0000] {dagbag.py:588} INFO - Filling up the DagBag from /home/airflow/.local/lib/python3.12/site-packages/airflow/example_dags/tutorial.py
[2024-12-08T04:16:59.308+0000] {processor.py:925} INFO - DAG(s) 'tutorial' retrieved from /home/airflow/.local/lib/python3.12/site-packages/airflow/example_dags/tutorial.py
[2024-12-08T04:16:59.355+0000] {logging_mixin.py:190} INFO - [2024-12-08T04:16:59.354+0000] {dag.py:3239} INFO - Sync 1 DAGs
[2024-12-08T04:16:59.397+0000] {logging_mixin.py:190} INFO - [2024-12-08T04:16:59.397+0000] {dag.py:4180} INFO - Setting next_dagrun for tutorial to 2024-12-07 00:00:00+00:00, run_after=2024-12-08 00:00:00+00:00
[2024-12-08T04:16:59.427+0000] {processor.py:208} INFO - Processing /home/airflow/.local/lib/python3.12/site-packages/airflow/example_dags/tutorial.py took 0.183 seconds
[2024-12-08T04:17:30.707+0000] {processor.py:186} INFO - Started process (PID=1612) to work on /home/airflow/.local/lib/python3.12/site-packages/airflow/example_dags/tutorial.py
[2024-12-08T04:17:30.708+0000] {processor.py:914} INFO - Processing file /home/airflow/.local/lib/python3.12/site-packages/airflow/example_dags/tutorial.py for tasks to queue
[2024-12-08T04:17:30.712+0000] {logging_mixin.py:190} INFO - [2024-12-08T04:17:30.711+0000] {dagbag.py:588} INFO - Filling up the DagBag from /home/airflow/.local/lib/python3.12/site-packages/airflow/example_dags/tutorial.py
[2024-12-08T04:17:30.722+0000] {processor.py:925} INFO - DAG(s) 'tutorial' retrieved from /home/airflow/.local/lib/python3.12/site-packages/airflow/example_dags/tutorial.py
[2024-12-08T04:17:30.751+0000] {logging_mixin.py:190} INFO - [2024-12-08T04:17:30.751+0000] {dag.py:3239} INFO - Sync 1 DAGs
[2024-12-08T04:17:30.780+0000] {logging_mixin.py:190} INFO - [2024-12-08T04:17:30.780+0000] {dag.py:4180} INFO - Setting next_dagrun for tutorial to 2024-12-07 00:00:00+00:00, run_after=2024-12-08 00:00:00+00:00
[2024-12-08T04:17:30.805+0000] {processor.py:208} INFO - Processing /home/airflow/.local/lib/python3.12/site-packages/airflow/example_dags/tutorial.py took 0.106 seconds
[2024-12-08T04:18:02.043+0000] {processor.py:186} INFO - Started process (PID=1675) to work on /home/airflow/.local/lib/python3.12/site-packages/airflow/example_dags/tutorial.py
[2024-12-08T04:18:02.045+0000] {processor.py:914} INFO - Processing file /home/airflow/.local/lib/python3.12/site-packages/airflow/example_dags/tutorial.py for tasks to queue
[2024-12-08T04:18:02.048+0000] {logging_mixin.py:190} INFO - [2024-12-08T04:18:02.048+0000] {dagbag.py:588} INFO - Filling up the DagBag from /home/airflow/.local/lib/python3.12/site-packages/airflow/example_dags/tutorial.py
[2024-12-08T04:18:02.060+0000] {processor.py:925} INFO - DAG(s) 'tutorial' retrieved from /home/airflow/.local/lib/python3.12/site-packages/airflow/example_dags/tutorial.py
[2024-12-08T04:18:02.087+0000] {logging_mixin.py:190} INFO - [2024-12-08T04:18:02.086+0000] {dag.py:3239} INFO - Sync 1 DAGs
[2024-12-08T04:18:02.117+0000] {logging_mixin.py:190} INFO - [2024-12-08T04:18:02.117+0000] {dag.py:4180} INFO - Setting next_dagrun for tutorial to 2024-12-07 00:00:00+00:00, run_after=2024-12-08 00:00:00+00:00
[2024-12-08T04:18:02.144+0000] {processor.py:208} INFO - Processing /home/airflow/.local/lib/python3.12/site-packages/airflow/example_dags/tutorial.py took 0.109 seconds
[2024-12-08T04:18:33.424+0000] {processor.py:186} INFO - Started process (PID=1738) to work on /home/airflow/.local/lib/python3.12/site-packages/airflow/example_dags/tutorial.py
[2024-12-08T04:18:33.425+0000] {processor.py:914} INFO - Processing file /home/airflow/.local/lib/python3.12/site-packages/airflow/example_dags/tutorial.py for tasks to queue
[2024-12-08T04:18:33.429+0000] {logging_mixin.py:190} INFO - [2024-12-08T04:18:33.429+0000] {dagbag.py:588} INFO - Filling up the DagBag from /home/airflow/.local/lib/python3.12/site-packages/airflow/example_dags/tutorial.py
[2024-12-08T04:18:33.439+0000] {processor.py:925} INFO - DAG(s) 'tutorial' retrieved from /home/airflow/.local/lib/python3.12/site-packages/airflow/example_dags/tutorial.py
[2024-12-08T04:18:33.463+0000] {logging_mixin.py:190} INFO - [2024-12-08T04:18:33.463+0000] {dag.py:3239} INFO - Sync 1 DAGs
[2024-12-08T04:18:33.502+0000] {logging_mixin.py:190} INFO - [2024-12-08T04:18:33.502+0000] {dag.py:4180} INFO - Setting next_dagrun for tutorial to 2024-12-07 00:00:00+00:00, run_after=2024-12-08 00:00:00+00:00
[2024-12-08T04:18:33.542+0000] {processor.py:208} INFO - Processing /home/airflow/.local/lib/python3.12/site-packages/airflow/example_dags/tutorial.py took 0.127 seconds
[2024-12-08T04:19:04.843+0000] {processor.py:186} INFO - Started process (PID=1801) to work on /home/airflow/.local/lib/python3.12/site-packages/airflow/example_dags/tutorial.py
[2024-12-08T04:19:04.845+0000] {processor.py:914} INFO - Processing file /home/airflow/.local/lib/python3.12/site-packages/airflow/example_dags/tutorial.py for tasks to queue
[2024-12-08T04:19:04.849+0000] {logging_mixin.py:190} INFO - [2024-12-08T04:19:04.848+0000] {dagbag.py:588} INFO - Filling up the DagBag from /home/airflow/.local/lib/python3.12/site-packages/airflow/example_dags/tutorial.py
[2024-12-08T04:19:04.864+0000] {processor.py:925} INFO - DAG(s) 'tutorial' retrieved from /home/airflow/.local/lib/python3.12/site-packages/airflow/example_dags/tutorial.py
[2024-12-08T04:19:04.904+0000] {logging_mixin.py:190} INFO - [2024-12-08T04:19:04.904+0000] {dag.py:3239} INFO - Sync 1 DAGs
[2024-12-08T04:19:04.952+0000] {logging_mixin.py:190} INFO - [2024-12-08T04:19:04.952+0000] {dag.py:4180} INFO - Setting next_dagrun for tutorial to 2024-12-07 00:00:00+00:00, run_after=2024-12-08 00:00:00+00:00
[2024-12-08T04:19:04.988+0000] {processor.py:208} INFO - Processing /home/airflow/.local/lib/python3.12/site-packages/airflow/example_dags/tutorial.py took 0.157 seconds
[2024-12-08T04:19:36.224+0000] {processor.py:186} INFO - Started process (PID=1864) to work on /home/airflow/.local/lib/python3.12/site-packages/airflow/example_dags/tutorial.py
[2024-12-08T04:19:36.225+0000] {processor.py:914} INFO - Processing file /home/airflow/.local/lib/python3.12/site-packages/airflow/example_dags/tutorial.py for tasks to queue
[2024-12-08T04:19:36.229+0000] {logging_mixin.py:190} INFO - [2024-12-08T04:19:36.228+0000] {dagbag.py:588} INFO - Filling up the DagBag from /home/airflow/.local/lib/python3.12/site-packages/airflow/example_dags/tutorial.py
[2024-12-08T04:19:36.240+0000] {processor.py:925} INFO - DAG(s) 'tutorial' retrieved from /home/airflow/.local/lib/python3.12/site-packages/airflow/example_dags/tutorial.py
[2024-12-08T04:19:36.268+0000] {logging_mixin.py:190} INFO - [2024-12-08T04:19:36.268+0000] {dag.py:3239} INFO - Sync 1 DAGs
[2024-12-08T04:19:36.301+0000] {logging_mixin.py:190} INFO - [2024-12-08T04:19:36.301+0000] {dag.py:4180} INFO - Setting next_dagrun for tutorial to 2024-12-07 00:00:00+00:00, run_after=2024-12-08 00:00:00+00:00
[2024-12-08T04:19:36.326+0000] {processor.py:208} INFO - Processing /home/airflow/.local/lib/python3.12/site-packages/airflow/example_dags/tutorial.py took 0.114 seconds
[2024-12-08T05:03:19.238+0000] {processor.py:186} INFO - Started process (PID=93) to work on /home/airflow/.local/lib/python3.12/site-packages/airflow/example_dags/tutorial.py
[2024-12-08T05:03:19.239+0000] {processor.py:914} INFO - Processing file /home/airflow/.local/lib/python3.12/site-packages/airflow/example_dags/tutorial.py for tasks to queue
[2024-12-08T05:03:19.242+0000] {logging_mixin.py:190} INFO - [2024-12-08T05:03:19.242+0000] {dagbag.py:588} INFO - Filling up the DagBag from /home/airflow/.local/lib/python3.12/site-packages/airflow/example_dags/tutorial.py
[2024-12-08T05:03:19.252+0000] {processor.py:925} INFO - DAG(s) 'tutorial' retrieved from /home/airflow/.local/lib/python3.12/site-packages/airflow/example_dags/tutorial.py
[2024-12-08T05:03:19.275+0000] {logging_mixin.py:190} INFO - [2024-12-08T05:03:19.275+0000] {dag.py:3239} INFO - Sync 1 DAGs
[2024-12-08T05:03:19.301+0000] {logging_mixin.py:190} INFO - [2024-12-08T05:03:19.301+0000] {dag.py:4180} INFO - Setting next_dagrun for tutorial to 2024-12-07 00:00:00+00:00, run_after=2024-12-08 00:00:00+00:00
[2024-12-08T05:03:19.323+0000] {processor.py:208} INFO - Processing /home/airflow/.local/lib/python3.12/site-packages/airflow/example_dags/tutorial.py took 0.092 seconds
[2024-12-08T05:03:50.456+0000] {processor.py:186} INFO - Started process (PID=157) to work on /home/airflow/.local/lib/python3.12/site-packages/airflow/example_dags/tutorial.py
[2024-12-08T05:03:50.458+0000] {processor.py:914} INFO - Processing file /home/airflow/.local/lib/python3.12/site-packages/airflow/example_dags/tutorial.py for tasks to queue
[2024-12-08T05:03:50.461+0000] {logging_mixin.py:190} INFO - [2024-12-08T05:03:50.460+0000] {dagbag.py:588} INFO - Filling up the DagBag from /home/airflow/.local/lib/python3.12/site-packages/airflow/example_dags/tutorial.py
[2024-12-08T05:03:50.471+0000] {processor.py:925} INFO - DAG(s) 'tutorial' retrieved from /home/airflow/.local/lib/python3.12/site-packages/airflow/example_dags/tutorial.py
[2024-12-08T05:03:50.495+0000] {logging_mixin.py:190} INFO - [2024-12-08T05:03:50.495+0000] {dag.py:3239} INFO - Sync 1 DAGs
[2024-12-08T05:03:50.521+0000] {logging_mixin.py:190} INFO - [2024-12-08T05:03:50.520+0000] {dag.py:4180} INFO - Setting next_dagrun for tutorial to 2024-12-07 00:00:00+00:00, run_after=2024-12-08 00:00:00+00:00
[2024-12-08T05:03:50.544+0000] {processor.py:208} INFO - Processing /home/airflow/.local/lib/python3.12/site-packages/airflow/example_dags/tutorial.py took 0.096 seconds
[2024-12-08T05:04:21.680+0000] {processor.py:186} INFO - Started process (PID=221) to work on /home/airflow/.local/lib/python3.12/site-packages/airflow/example_dags/tutorial.py
[2024-12-08T05:04:21.681+0000] {processor.py:914} INFO - Processing file /home/airflow/.local/lib/python3.12/site-packages/airflow/example_dags/tutorial.py for tasks to queue
[2024-12-08T05:04:21.684+0000] {logging_mixin.py:190} INFO - [2024-12-08T05:04:21.684+0000] {dagbag.py:588} INFO - Filling up the DagBag from /home/airflow/.local/lib/python3.12/site-packages/airflow/example_dags/tutorial.py
[2024-12-08T05:04:21.693+0000] {processor.py:925} INFO - DAG(s) 'tutorial' retrieved from /home/airflow/.local/lib/python3.12/site-packages/airflow/example_dags/tutorial.py
[2024-12-08T05:04:21.715+0000] {logging_mixin.py:190} INFO - [2024-12-08T05:04:21.715+0000] {dag.py:3239} INFO - Sync 1 DAGs
[2024-12-08T05:04:21.741+0000] {logging_mixin.py:190} INFO - [2024-12-08T05:04:21.740+0000] {dag.py:4180} INFO - Setting next_dagrun for tutorial to 2024-12-07 00:00:00+00:00, run_after=2024-12-08 00:00:00+00:00
[2024-12-08T05:04:21.760+0000] {processor.py:208} INFO - Processing /home/airflow/.local/lib/python3.12/site-packages/airflow/example_dags/tutorial.py took 0.087 seconds
[2024-12-08T05:04:53.151+0000] {processor.py:186} INFO - Started process (PID=285) to work on /home/airflow/.local/lib/python3.12/site-packages/airflow/example_dags/tutorial.py
[2024-12-08T05:04:53.153+0000] {processor.py:914} INFO - Processing file /home/airflow/.local/lib/python3.12/site-packages/airflow/example_dags/tutorial.py for tasks to queue
[2024-12-08T05:04:53.156+0000] {logging_mixin.py:190} INFO - [2024-12-08T05:04:53.156+0000] {dagbag.py:588} INFO - Filling up the DagBag from /home/airflow/.local/lib/python3.12/site-packages/airflow/example_dags/tutorial.py
[2024-12-08T05:04:53.166+0000] {processor.py:925} INFO - DAG(s) 'tutorial' retrieved from /home/airflow/.local/lib/python3.12/site-packages/airflow/example_dags/tutorial.py
[2024-12-08T05:04:53.191+0000] {logging_mixin.py:190} INFO - [2024-12-08T05:04:53.191+0000] {dag.py:3239} INFO - Sync 1 DAGs
[2024-12-08T05:04:53.220+0000] {logging_mixin.py:190} INFO - [2024-12-08T05:04:53.219+0000] {dag.py:4180} INFO - Setting next_dagrun for tutorial to 2024-12-07 00:00:00+00:00, run_after=2024-12-08 00:00:00+00:00
[2024-12-08T05:04:53.244+0000] {processor.py:208} INFO - Processing /home/airflow/.local/lib/python3.12/site-packages/airflow/example_dags/tutorial.py took 0.100 seconds
[2024-12-08T05:05:24.572+0000] {processor.py:186} INFO - Started process (PID=349) to work on /home/airflow/.local/lib/python3.12/site-packages/airflow/example_dags/tutorial.py
[2024-12-08T05:05:24.573+0000] {processor.py:914} INFO - Processing file /home/airflow/.local/lib/python3.12/site-packages/airflow/example_dags/tutorial.py for tasks to queue
[2024-12-08T05:05:24.576+0000] {logging_mixin.py:190} INFO - [2024-12-08T05:05:24.576+0000] {dagbag.py:588} INFO - Filling up the DagBag from /home/airflow/.local/lib/python3.12/site-packages/airflow/example_dags/tutorial.py
[2024-12-08T05:05:24.584+0000] {processor.py:925} INFO - DAG(s) 'tutorial' retrieved from /home/airflow/.local/lib/python3.12/site-packages/airflow/example_dags/tutorial.py
[2024-12-08T05:05:24.606+0000] {logging_mixin.py:190} INFO - [2024-12-08T05:05:24.606+0000] {dag.py:3239} INFO - Sync 1 DAGs
[2024-12-08T05:05:24.630+0000] {logging_mixin.py:190} INFO - [2024-12-08T05:05:24.630+0000] {dag.py:4180} INFO - Setting next_dagrun for tutorial to 2024-12-07 00:00:00+00:00, run_after=2024-12-08 00:00:00+00:00
[2024-12-08T05:05:24.649+0000] {processor.py:208} INFO - Processing /home/airflow/.local/lib/python3.12/site-packages/airflow/example_dags/tutorial.py took 0.084 seconds
[2024-12-08T05:05:56.058+0000] {processor.py:186} INFO - Started process (PID=413) to work on /home/airflow/.local/lib/python3.12/site-packages/airflow/example_dags/tutorial.py
[2024-12-08T05:05:56.059+0000] {processor.py:914} INFO - Processing file /home/airflow/.local/lib/python3.12/site-packages/airflow/example_dags/tutorial.py for tasks to queue
[2024-12-08T05:05:56.062+0000] {logging_mixin.py:190} INFO - [2024-12-08T05:05:56.062+0000] {dagbag.py:588} INFO - Filling up the DagBag from /home/airflow/.local/lib/python3.12/site-packages/airflow/example_dags/tutorial.py
[2024-12-08T05:05:56.072+0000] {processor.py:925} INFO - DAG(s) 'tutorial' retrieved from /home/airflow/.local/lib/python3.12/site-packages/airflow/example_dags/tutorial.py
[2024-12-08T05:05:56.099+0000] {logging_mixin.py:190} INFO - [2024-12-08T05:05:56.098+0000] {dag.py:3239} INFO - Sync 1 DAGs
[2024-12-08T05:05:56.129+0000] {logging_mixin.py:190} INFO - [2024-12-08T05:05:56.129+0000] {dag.py:4180} INFO - Setting next_dagrun for tutorial to 2024-12-07 00:00:00+00:00, run_after=2024-12-08 00:00:00+00:00
[2024-12-08T05:05:56.154+0000] {processor.py:208} INFO - Processing /home/airflow/.local/lib/python3.12/site-packages/airflow/example_dags/tutorial.py took 0.104 seconds
[2024-12-08T05:06:26.904+0000] {processor.py:186} INFO - Started process (PID=476) to work on /home/airflow/.local/lib/python3.12/site-packages/airflow/example_dags/tutorial.py
[2024-12-08T05:06:26.905+0000] {processor.py:914} INFO - Processing file /home/airflow/.local/lib/python3.12/site-packages/airflow/example_dags/tutorial.py for tasks to queue
[2024-12-08T05:06:26.908+0000] {logging_mixin.py:190} INFO - [2024-12-08T05:06:26.907+0000] {dagbag.py:588} INFO - Filling up the DagBag from /home/airflow/.local/lib/python3.12/site-packages/airflow/example_dags/tutorial.py
[2024-12-08T05:06:26.917+0000] {processor.py:925} INFO - DAG(s) 'tutorial' retrieved from /home/airflow/.local/lib/python3.12/site-packages/airflow/example_dags/tutorial.py
[2024-12-08T05:06:26.939+0000] {logging_mixin.py:190} INFO - [2024-12-08T05:06:26.939+0000] {dag.py:3239} INFO - Sync 1 DAGs
[2024-12-08T05:06:26.971+0000] {logging_mixin.py:190} INFO - [2024-12-08T05:06:26.970+0000] {dag.py:4180} INFO - Setting next_dagrun for tutorial to 2024-12-07 00:00:00+00:00, run_after=2024-12-08 00:00:00+00:00
[2024-12-08T05:06:26.995+0000] {processor.py:208} INFO - Processing /home/airflow/.local/lib/python3.12/site-packages/airflow/example_dags/tutorial.py took 0.098 seconds
[2024-12-08T05:06:58.566+0000] {processor.py:186} INFO - Started process (PID=541) to work on /home/airflow/.local/lib/python3.12/site-packages/airflow/example_dags/tutorial.py
[2024-12-08T05:06:58.567+0000] {processor.py:914} INFO - Processing file /home/airflow/.local/lib/python3.12/site-packages/airflow/example_dags/tutorial.py for tasks to queue
[2024-12-08T05:06:58.574+0000] {logging_mixin.py:190} INFO - [2024-12-08T05:06:58.572+0000] {dagbag.py:588} INFO - Filling up the DagBag from /home/airflow/.local/lib/python3.12/site-packages/airflow/example_dags/tutorial.py
[2024-12-08T05:06:58.587+0000] {processor.py:925} INFO - DAG(s) 'tutorial' retrieved from /home/airflow/.local/lib/python3.12/site-packages/airflow/example_dags/tutorial.py
[2024-12-08T05:06:58.615+0000] {logging_mixin.py:190} INFO - [2024-12-08T05:06:58.615+0000] {dag.py:3239} INFO - Sync 1 DAGs
[2024-12-08T05:06:58.646+0000] {logging_mixin.py:190} INFO - [2024-12-08T05:06:58.646+0000] {dag.py:4180} INFO - Setting next_dagrun for tutorial to 2024-12-07 00:00:00+00:00, run_after=2024-12-08 00:00:00+00:00
[2024-12-08T05:06:58.669+0000] {processor.py:208} INFO - Processing /home/airflow/.local/lib/python3.12/site-packages/airflow/example_dags/tutorial.py took 0.113 seconds
[2024-12-08T05:07:30.042+0000] {processor.py:186} INFO - Started process (PID=605) to work on /home/airflow/.local/lib/python3.12/site-packages/airflow/example_dags/tutorial.py
[2024-12-08T05:07:30.043+0000] {processor.py:914} INFO - Processing file /home/airflow/.local/lib/python3.12/site-packages/airflow/example_dags/tutorial.py for tasks to queue
[2024-12-08T05:07:30.046+0000] {logging_mixin.py:190} INFO - [2024-12-08T05:07:30.046+0000] {dagbag.py:588} INFO - Filling up the DagBag from /home/airflow/.local/lib/python3.12/site-packages/airflow/example_dags/tutorial.py
[2024-12-08T05:07:30.059+0000] {processor.py:925} INFO - DAG(s) 'tutorial' retrieved from /home/airflow/.local/lib/python3.12/site-packages/airflow/example_dags/tutorial.py
[2024-12-08T05:07:30.090+0000] {logging_mixin.py:190} INFO - [2024-12-08T05:07:30.089+0000] {dag.py:3239} INFO - Sync 1 DAGs
[2024-12-08T05:07:30.127+0000] {logging_mixin.py:190} INFO - [2024-12-08T05:07:30.126+0000] {dag.py:4180} INFO - Setting next_dagrun for tutorial to 2024-12-07 00:00:00+00:00, run_after=2024-12-08 00:00:00+00:00
[2024-12-08T05:07:30.153+0000] {processor.py:208} INFO - Processing /home/airflow/.local/lib/python3.12/site-packages/airflow/example_dags/tutorial.py took 0.121 seconds
[2024-12-08T05:08:01.701+0000] {processor.py:186} INFO - Started process (PID=669) to work on /home/airflow/.local/lib/python3.12/site-packages/airflow/example_dags/tutorial.py
[2024-12-08T05:08:01.702+0000] {processor.py:914} INFO - Processing file /home/airflow/.local/lib/python3.12/site-packages/airflow/example_dags/tutorial.py for tasks to queue
[2024-12-08T05:08:01.705+0000] {logging_mixin.py:190} INFO - [2024-12-08T05:08:01.705+0000] {dagbag.py:588} INFO - Filling up the DagBag from /home/airflow/.local/lib/python3.12/site-packages/airflow/example_dags/tutorial.py
[2024-12-08T05:08:01.717+0000] {processor.py:925} INFO - DAG(s) 'tutorial' retrieved from /home/airflow/.local/lib/python3.12/site-packages/airflow/example_dags/tutorial.py
[2024-12-08T05:08:01.745+0000] {logging_mixin.py:190} INFO - [2024-12-08T05:08:01.744+0000] {dag.py:3239} INFO - Sync 1 DAGs
[2024-12-08T05:08:01.775+0000] {logging_mixin.py:190} INFO - [2024-12-08T05:08:01.774+0000] {dag.py:4180} INFO - Setting next_dagrun for tutorial to 2024-12-07 00:00:00+00:00, run_after=2024-12-08 00:00:00+00:00
[2024-12-08T05:08:01.796+0000] {processor.py:208} INFO - Processing /home/airflow/.local/lib/python3.12/site-packages/airflow/example_dags/tutorial.py took 0.104 seconds
[2024-12-08T05:08:32.611+0000] {processor.py:186} INFO - Started process (PID=733) to work on /home/airflow/.local/lib/python3.12/site-packages/airflow/example_dags/tutorial.py
[2024-12-08T05:08:32.612+0000] {processor.py:914} INFO - Processing file /home/airflow/.local/lib/python3.12/site-packages/airflow/example_dags/tutorial.py for tasks to queue
[2024-12-08T05:08:32.616+0000] {logging_mixin.py:190} INFO - [2024-12-08T05:08:32.615+0000] {dagbag.py:588} INFO - Filling up the DagBag from /home/airflow/.local/lib/python3.12/site-packages/airflow/example_dags/tutorial.py
[2024-12-08T05:08:32.629+0000] {processor.py:925} INFO - DAG(s) 'tutorial' retrieved from /home/airflow/.local/lib/python3.12/site-packages/airflow/example_dags/tutorial.py
[2024-12-08T05:08:32.656+0000] {logging_mixin.py:190} INFO - [2024-12-08T05:08:32.656+0000] {dag.py:3239} INFO - Sync 1 DAGs
[2024-12-08T05:08:32.695+0000] {logging_mixin.py:190} INFO - [2024-12-08T05:08:32.694+0000] {dag.py:4180} INFO - Setting next_dagrun for tutorial to 2024-12-07 00:00:00+00:00, run_after=2024-12-08 00:00:00+00:00
[2024-12-08T05:08:32.719+0000] {processor.py:208} INFO - Processing /home/airflow/.local/lib/python3.12/site-packages/airflow/example_dags/tutorial.py took 0.116 seconds
[2024-12-08T05:09:03.994+0000] {processor.py:186} INFO - Started process (PID=797) to work on /home/airflow/.local/lib/python3.12/site-packages/airflow/example_dags/tutorial.py
[2024-12-08T05:09:03.996+0000] {processor.py:914} INFO - Processing file /home/airflow/.local/lib/python3.12/site-packages/airflow/example_dags/tutorial.py for tasks to queue
[2024-12-08T05:09:03.998+0000] {logging_mixin.py:190} INFO - [2024-12-08T05:09:03.998+0000] {dagbag.py:588} INFO - Filling up the DagBag from /home/airflow/.local/lib/python3.12/site-packages/airflow/example_dags/tutorial.py
[2024-12-08T05:09:04.007+0000] {processor.py:925} INFO - DAG(s) 'tutorial' retrieved from /home/airflow/.local/lib/python3.12/site-packages/airflow/example_dags/tutorial.py
[2024-12-08T05:09:04.030+0000] {logging_mixin.py:190} INFO - [2024-12-08T05:09:04.030+0000] {dag.py:3239} INFO - Sync 1 DAGs
[2024-12-08T05:09:04.056+0000] {logging_mixin.py:190} INFO - [2024-12-08T05:09:04.055+0000] {dag.py:4180} INFO - Setting next_dagrun for tutorial to 2024-12-07 00:00:00+00:00, run_after=2024-12-08 00:00:00+00:00
[2024-12-08T05:09:04.078+0000] {processor.py:208} INFO - Processing /home/airflow/.local/lib/python3.12/site-packages/airflow/example_dags/tutorial.py took 0.091 seconds
[2024-12-08T05:09:35.434+0000] {processor.py:186} INFO - Started process (PID=861) to work on /home/airflow/.local/lib/python3.12/site-packages/airflow/example_dags/tutorial.py
[2024-12-08T05:09:35.436+0000] {processor.py:914} INFO - Processing file /home/airflow/.local/lib/python3.12/site-packages/airflow/example_dags/tutorial.py for tasks to queue
[2024-12-08T05:09:35.438+0000] {logging_mixin.py:190} INFO - [2024-12-08T05:09:35.438+0000] {dagbag.py:588} INFO - Filling up the DagBag from /home/airflow/.local/lib/python3.12/site-packages/airflow/example_dags/tutorial.py
[2024-12-08T05:09:35.447+0000] {processor.py:925} INFO - DAG(s) 'tutorial' retrieved from /home/airflow/.local/lib/python3.12/site-packages/airflow/example_dags/tutorial.py
[2024-12-08T05:09:35.469+0000] {logging_mixin.py:190} INFO - [2024-12-08T05:09:35.469+0000] {dag.py:3239} INFO - Sync 1 DAGs
[2024-12-08T05:09:35.493+0000] {logging_mixin.py:190} INFO - [2024-12-08T05:09:35.493+0000] {dag.py:4180} INFO - Setting next_dagrun for tutorial to 2024-12-07 00:00:00+00:00, run_after=2024-12-08 00:00:00+00:00
[2024-12-08T05:09:35.513+0000] {processor.py:208} INFO - Processing /home/airflow/.local/lib/python3.12/site-packages/airflow/example_dags/tutorial.py took 0.085 seconds
[2024-12-08T05:10:06.734+0000] {processor.py:186} INFO - Started process (PID=925) to work on /home/airflow/.local/lib/python3.12/site-packages/airflow/example_dags/tutorial.py
[2024-12-08T05:10:06.735+0000] {processor.py:914} INFO - Processing file /home/airflow/.local/lib/python3.12/site-packages/airflow/example_dags/tutorial.py for tasks to queue
[2024-12-08T05:10:06.738+0000] {logging_mixin.py:190} INFO - [2024-12-08T05:10:06.737+0000] {dagbag.py:588} INFO - Filling up the DagBag from /home/airflow/.local/lib/python3.12/site-packages/airflow/example_dags/tutorial.py
[2024-12-08T05:10:06.747+0000] {processor.py:925} INFO - DAG(s) 'tutorial' retrieved from /home/airflow/.local/lib/python3.12/site-packages/airflow/example_dags/tutorial.py
[2024-12-08T05:10:06.770+0000] {logging_mixin.py:190} INFO - [2024-12-08T05:10:06.769+0000] {dag.py:3239} INFO - Sync 1 DAGs
[2024-12-08T05:10:06.797+0000] {logging_mixin.py:190} INFO - [2024-12-08T05:10:06.797+0000] {dag.py:4180} INFO - Setting next_dagrun for tutorial to 2024-12-07 00:00:00+00:00, run_after=2024-12-08 00:00:00+00:00
[2024-12-08T05:10:06.819+0000] {processor.py:208} INFO - Processing /home/airflow/.local/lib/python3.12/site-packages/airflow/example_dags/tutorial.py took 0.093 seconds
[2024-12-08T05:10:39.005+0000] {processor.py:186} INFO - Started process (PID=989) to work on /home/airflow/.local/lib/python3.12/site-packages/airflow/example_dags/tutorial.py
[2024-12-08T05:10:39.006+0000] {processor.py:914} INFO - Processing file /home/airflow/.local/lib/python3.12/site-packages/airflow/example_dags/tutorial.py for tasks to queue
[2024-12-08T05:10:39.011+0000] {logging_mixin.py:190} INFO - [2024-12-08T05:10:39.010+0000] {dagbag.py:588} INFO - Filling up the DagBag from /home/airflow/.local/lib/python3.12/site-packages/airflow/example_dags/tutorial.py
[2024-12-08T05:10:39.022+0000] {processor.py:925} INFO - DAG(s) 'tutorial' retrieved from /home/airflow/.local/lib/python3.12/site-packages/airflow/example_dags/tutorial.py
[2024-12-08T05:10:39.050+0000] {logging_mixin.py:190} INFO - [2024-12-08T05:10:39.050+0000] {dag.py:3239} INFO - Sync 1 DAGs
[2024-12-08T05:10:39.083+0000] {logging_mixin.py:190} INFO - [2024-12-08T05:10:39.083+0000] {dag.py:4180} INFO - Setting next_dagrun for tutorial to 2024-12-07 00:00:00+00:00, run_after=2024-12-08 00:00:00+00:00
[2024-12-08T05:10:39.109+0000] {processor.py:208} INFO - Processing /home/airflow/.local/lib/python3.12/site-packages/airflow/example_dags/tutorial.py took 0.112 seconds
[2024-12-08T05:11:09.963+0000] {processor.py:186} INFO - Started process (PID=1053) to work on /home/airflow/.local/lib/python3.12/site-packages/airflow/example_dags/tutorial.py
[2024-12-08T05:11:09.964+0000] {processor.py:914} INFO - Processing file /home/airflow/.local/lib/python3.12/site-packages/airflow/example_dags/tutorial.py for tasks to queue
[2024-12-08T05:11:09.966+0000] {logging_mixin.py:190} INFO - [2024-12-08T05:11:09.966+0000] {dagbag.py:588} INFO - Filling up the DagBag from /home/airflow/.local/lib/python3.12/site-packages/airflow/example_dags/tutorial.py
[2024-12-08T05:11:09.975+0000] {processor.py:925} INFO - DAG(s) 'tutorial' retrieved from /home/airflow/.local/lib/python3.12/site-packages/airflow/example_dags/tutorial.py
[2024-12-08T05:11:09.997+0000] {logging_mixin.py:190} INFO - [2024-12-08T05:11:09.997+0000] {dag.py:3239} INFO - Sync 1 DAGs
[2024-12-08T05:11:10.021+0000] {logging_mixin.py:190} INFO - [2024-12-08T05:11:10.021+0000] {dag.py:4180} INFO - Setting next_dagrun for tutorial to 2024-12-07 00:00:00+00:00, run_after=2024-12-08 00:00:00+00:00
[2024-12-08T05:11:10.042+0000] {processor.py:208} INFO - Processing /home/airflow/.local/lib/python3.12/site-packages/airflow/example_dags/tutorial.py took 0.086 seconds
[2024-12-08T05:11:40.514+0000] {processor.py:186} INFO - Started process (PID=1117) to work on /home/airflow/.local/lib/python3.12/site-packages/airflow/example_dags/tutorial.py
[2024-12-08T05:11:40.515+0000] {processor.py:914} INFO - Processing file /home/airflow/.local/lib/python3.12/site-packages/airflow/example_dags/tutorial.py for tasks to queue
[2024-12-08T05:11:40.516+0000] {logging_mixin.py:190} INFO - [2024-12-08T05:11:40.516+0000] {dagbag.py:588} INFO - Filling up the DagBag from /home/airflow/.local/lib/python3.12/site-packages/airflow/example_dags/tutorial.py
[2024-12-08T05:11:40.528+0000] {processor.py:925} INFO - DAG(s) 'tutorial' retrieved from /home/airflow/.local/lib/python3.12/site-packages/airflow/example_dags/tutorial.py
[2024-12-08T05:11:40.553+0000] {logging_mixin.py:190} INFO - [2024-12-08T05:11:40.553+0000] {dag.py:3239} INFO - Sync 1 DAGs
[2024-12-08T05:11:40.581+0000] {logging_mixin.py:190} INFO - [2024-12-08T05:11:40.581+0000] {dag.py:4180} INFO - Setting next_dagrun for tutorial to 2024-12-07 00:00:00+00:00, run_after=2024-12-08 00:00:00+00:00
[2024-12-08T05:11:40.601+0000] {processor.py:208} INFO - Processing /home/airflow/.local/lib/python3.12/site-packages/airflow/example_dags/tutorial.py took 0.096 seconds
[2024-12-08T05:12:12.190+0000] {processor.py:186} INFO - Started process (PID=1180) to work on /home/airflow/.local/lib/python3.12/site-packages/airflow/example_dags/tutorial.py
[2024-12-08T05:12:12.192+0000] {processor.py:914} INFO - Processing file /home/airflow/.local/lib/python3.12/site-packages/airflow/example_dags/tutorial.py for tasks to queue
[2024-12-08T05:12:12.194+0000] {logging_mixin.py:190} INFO - [2024-12-08T05:12:12.194+0000] {dagbag.py:588} INFO - Filling up the DagBag from /home/airflow/.local/lib/python3.12/site-packages/airflow/example_dags/tutorial.py
[2024-12-08T05:12:12.212+0000] {processor.py:925} INFO - DAG(s) 'tutorial' retrieved from /home/airflow/.local/lib/python3.12/site-packages/airflow/example_dags/tutorial.py
[2024-12-08T05:12:12.251+0000] {logging_mixin.py:190} INFO - [2024-12-08T05:12:12.251+0000] {dag.py:3239} INFO - Sync 1 DAGs
[2024-12-08T05:12:12.297+0000] {logging_mixin.py:190} INFO - [2024-12-08T05:12:12.297+0000] {dag.py:4180} INFO - Setting next_dagrun for tutorial to 2024-12-07 00:00:00+00:00, run_after=2024-12-08 00:00:00+00:00
[2024-12-08T05:12:12.326+0000] {processor.py:208} INFO - Processing /home/airflow/.local/lib/python3.12/site-packages/airflow/example_dags/tutorial.py took 0.149 seconds
[2024-12-08T05:12:44.050+0000] {processor.py:186} INFO - Started process (PID=1243) to work on /home/airflow/.local/lib/python3.12/site-packages/airflow/example_dags/tutorial.py
[2024-12-08T05:12:44.053+0000] {processor.py:914} INFO - Processing file /home/airflow/.local/lib/python3.12/site-packages/airflow/example_dags/tutorial.py for tasks to queue
[2024-12-08T05:12:44.056+0000] {logging_mixin.py:190} INFO - [2024-12-08T05:12:44.055+0000] {dagbag.py:588} INFO - Filling up the DagBag from /home/airflow/.local/lib/python3.12/site-packages/airflow/example_dags/tutorial.py
[2024-12-08T05:12:44.082+0000] {processor.py:925} INFO - DAG(s) 'tutorial' retrieved from /home/airflow/.local/lib/python3.12/site-packages/airflow/example_dags/tutorial.py
[2024-12-08T05:12:44.121+0000] {logging_mixin.py:190} INFO - [2024-12-08T05:12:44.121+0000] {dag.py:3239} INFO - Sync 1 DAGs
[2024-12-08T05:12:44.164+0000] {logging_mixin.py:190} INFO - [2024-12-08T05:12:44.164+0000] {dag.py:4180} INFO - Setting next_dagrun for tutorial to 2024-12-07 00:00:00+00:00, run_after=2024-12-08 00:00:00+00:00
[2024-12-08T05:12:44.190+0000] {processor.py:208} INFO - Processing /home/airflow/.local/lib/python3.12/site-packages/airflow/example_dags/tutorial.py took 0.154 seconds
[2024-12-08T05:13:15.592+0000] {processor.py:186} INFO - Started process (PID=1307) to work on /home/airflow/.local/lib/python3.12/site-packages/airflow/example_dags/tutorial.py
[2024-12-08T05:13:15.593+0000] {processor.py:914} INFO - Processing file /home/airflow/.local/lib/python3.12/site-packages/airflow/example_dags/tutorial.py for tasks to queue
[2024-12-08T05:13:15.595+0000] {logging_mixin.py:190} INFO - [2024-12-08T05:13:15.595+0000] {dagbag.py:588} INFO - Filling up the DagBag from /home/airflow/.local/lib/python3.12/site-packages/airflow/example_dags/tutorial.py
[2024-12-08T05:13:15.605+0000] {processor.py:925} INFO - DAG(s) 'tutorial' retrieved from /home/airflow/.local/lib/python3.12/site-packages/airflow/example_dags/tutorial.py
[2024-12-08T05:13:15.629+0000] {logging_mixin.py:190} INFO - [2024-12-08T05:13:15.629+0000] {dag.py:3239} INFO - Sync 1 DAGs
[2024-12-08T05:13:15.657+0000] {logging_mixin.py:190} INFO - [2024-12-08T05:13:15.657+0000] {dag.py:4180} INFO - Setting next_dagrun for tutorial to 2024-12-07 00:00:00+00:00, run_after=2024-12-08 00:00:00+00:00
[2024-12-08T05:13:15.678+0000] {processor.py:208} INFO - Processing /home/airflow/.local/lib/python3.12/site-packages/airflow/example_dags/tutorial.py took 0.092 seconds
[2024-12-08T05:13:46.301+0000] {processor.py:186} INFO - Started process (PID=1370) to work on /home/airflow/.local/lib/python3.12/site-packages/airflow/example_dags/tutorial.py
[2024-12-08T05:13:46.302+0000] {processor.py:914} INFO - Processing file /home/airflow/.local/lib/python3.12/site-packages/airflow/example_dags/tutorial.py for tasks to queue
[2024-12-08T05:13:46.304+0000] {logging_mixin.py:190} INFO - [2024-12-08T05:13:46.304+0000] {dagbag.py:588} INFO - Filling up the DagBag from /home/airflow/.local/lib/python3.12/site-packages/airflow/example_dags/tutorial.py
[2024-12-08T05:13:46.315+0000] {processor.py:925} INFO - DAG(s) 'tutorial' retrieved from /home/airflow/.local/lib/python3.12/site-packages/airflow/example_dags/tutorial.py
[2024-12-08T05:13:46.343+0000] {logging_mixin.py:190} INFO - [2024-12-08T05:13:46.343+0000] {dag.py:3239} INFO - Sync 1 DAGs
[2024-12-08T05:13:46.380+0000] {logging_mixin.py:190} INFO - [2024-12-08T05:13:46.380+0000] {dag.py:4180} INFO - Setting next_dagrun for tutorial to 2024-12-07 00:00:00+00:00, run_after=2024-12-08 00:00:00+00:00
[2024-12-08T05:13:46.403+0000] {processor.py:208} INFO - Processing /home/airflow/.local/lib/python3.12/site-packages/airflow/example_dags/tutorial.py took 0.110 seconds
[2024-12-08T05:14:20.945+0000] {processor.py:186} INFO - Started process (PID=1445) to work on /home/airflow/.local/lib/python3.12/site-packages/airflow/example_dags/tutorial.py
[2024-12-08T05:14:20.947+0000] {processor.py:914} INFO - Processing file /home/airflow/.local/lib/python3.12/site-packages/airflow/example_dags/tutorial.py for tasks to queue
[2024-12-08T05:14:20.960+0000] {logging_mixin.py:190} INFO - [2024-12-08T05:14:20.955+0000] {dagbag.py:588} INFO - Filling up the DagBag from /home/airflow/.local/lib/python3.12/site-packages/airflow/example_dags/tutorial.py
[2024-12-08T05:14:21.016+0000] {processor.py:925} INFO - DAG(s) 'tutorial' retrieved from /home/airflow/.local/lib/python3.12/site-packages/airflow/example_dags/tutorial.py
[2024-12-08T05:14:21.094+0000] {logging_mixin.py:190} INFO - [2024-12-08T05:14:21.094+0000] {dag.py:3239} INFO - Sync 1 DAGs
[2024-12-08T05:14:21.181+0000] {logging_mixin.py:190} INFO - [2024-12-08T05:14:21.180+0000] {dag.py:4180} INFO - Setting next_dagrun for tutorial to 2024-12-07 00:00:00+00:00, run_after=2024-12-08 00:00:00+00:00
[2024-12-08T05:14:21.239+0000] {processor.py:208} INFO - Processing /home/airflow/.local/lib/python3.12/site-packages/airflow/example_dags/tutorial.py took 0.325 seconds
[2024-12-08T05:14:53.783+0000] {processor.py:186} INFO - Started process (PID=1550) to work on /home/airflow/.local/lib/python3.12/site-packages/airflow/example_dags/tutorial.py
[2024-12-08T05:14:53.784+0000] {processor.py:914} INFO - Processing file /home/airflow/.local/lib/python3.12/site-packages/airflow/example_dags/tutorial.py for tasks to queue
[2024-12-08T05:14:53.792+0000] {logging_mixin.py:190} INFO - [2024-12-08T05:14:53.791+0000] {dagbag.py:588} INFO - Filling up the DagBag from /home/airflow/.local/lib/python3.12/site-packages/airflow/example_dags/tutorial.py
[2024-12-08T05:14:53.816+0000] {processor.py:925} INFO - DAG(s) 'tutorial' retrieved from /home/airflow/.local/lib/python3.12/site-packages/airflow/example_dags/tutorial.py
[2024-12-08T05:14:53.892+0000] {logging_mixin.py:190} INFO - [2024-12-08T05:14:53.892+0000] {dag.py:3239} INFO - Sync 1 DAGs
[2024-12-08T05:14:53.973+0000] {logging_mixin.py:190} INFO - [2024-12-08T05:14:53.972+0000] {dag.py:4180} INFO - Setting next_dagrun for tutorial to 2024-12-07 00:00:00+00:00, run_after=2024-12-08 00:00:00+00:00
[2024-12-08T05:14:54.034+0000] {processor.py:208} INFO - Processing /home/airflow/.local/lib/python3.12/site-packages/airflow/example_dags/tutorial.py took 0.268 seconds
[2024-12-08T05:15:24.993+0000] {processor.py:186} INFO - Started process (PID=1637) to work on /home/airflow/.local/lib/python3.12/site-packages/airflow/example_dags/tutorial.py
[2024-12-08T05:15:24.999+0000] {processor.py:914} INFO - Processing file /home/airflow/.local/lib/python3.12/site-packages/airflow/example_dags/tutorial.py for tasks to queue
[2024-12-08T05:15:25.002+0000] {logging_mixin.py:190} INFO - [2024-12-08T05:15:25.001+0000] {dagbag.py:588} INFO - Filling up the DagBag from /home/airflow/.local/lib/python3.12/site-packages/airflow/example_dags/tutorial.py
[2024-12-08T05:15:25.021+0000] {processor.py:925} INFO - DAG(s) 'tutorial' retrieved from /home/airflow/.local/lib/python3.12/site-packages/airflow/example_dags/tutorial.py
[2024-12-08T05:15:25.137+0000] {logging_mixin.py:190} INFO - [2024-12-08T05:15:25.136+0000] {dag.py:3239} INFO - Sync 1 DAGs
[2024-12-08T05:15:25.189+0000] {logging_mixin.py:190} INFO - [2024-12-08T05:15:25.188+0000] {dag.py:4180} INFO - Setting next_dagrun for tutorial to 2024-12-07 00:00:00+00:00, run_after=2024-12-08 00:00:00+00:00
[2024-12-08T05:15:25.259+0000] {processor.py:208} INFO - Processing /home/airflow/.local/lib/python3.12/site-packages/airflow/example_dags/tutorial.py took 0.279 seconds
[2024-12-08T05:15:57.292+0000] {processor.py:186} INFO - Started process (PID=1742) to work on /home/airflow/.local/lib/python3.12/site-packages/airflow/example_dags/tutorial.py
[2024-12-08T05:15:57.294+0000] {processor.py:914} INFO - Processing file /home/airflow/.local/lib/python3.12/site-packages/airflow/example_dags/tutorial.py for tasks to queue
[2024-12-08T05:15:57.299+0000] {logging_mixin.py:190} INFO - [2024-12-08T05:15:57.298+0000] {dagbag.py:588} INFO - Filling up the DagBag from /home/airflow/.local/lib/python3.12/site-packages/airflow/example_dags/tutorial.py
[2024-12-08T05:15:57.326+0000] {processor.py:925} INFO - DAG(s) 'tutorial' retrieved from /home/airflow/.local/lib/python3.12/site-packages/airflow/example_dags/tutorial.py
[2024-12-08T05:15:57.391+0000] {logging_mixin.py:190} INFO - [2024-12-08T05:15:57.390+0000] {dag.py:3239} INFO - Sync 1 DAGs
[2024-12-08T05:15:57.491+0000] {logging_mixin.py:190} INFO - [2024-12-08T05:15:57.489+0000] {dag.py:4180} INFO - Setting next_dagrun for tutorial to 2024-12-07 00:00:00+00:00, run_after=2024-12-08 00:00:00+00:00
[2024-12-08T05:15:57.540+0000] {processor.py:208} INFO - Processing /home/airflow/.local/lib/python3.12/site-packages/airflow/example_dags/tutorial.py took 0.262 seconds
[2024-12-08T05:16:29.623+0000] {processor.py:186} INFO - Started process (PID=1844) to work on /home/airflow/.local/lib/python3.12/site-packages/airflow/example_dags/tutorial.py
[2024-12-08T05:16:29.626+0000] {processor.py:914} INFO - Processing file /home/airflow/.local/lib/python3.12/site-packages/airflow/example_dags/tutorial.py for tasks to queue
[2024-12-08T05:16:29.638+0000] {logging_mixin.py:190} INFO - [2024-12-08T05:16:29.635+0000] {dagbag.py:588} INFO - Filling up the DagBag from /home/airflow/.local/lib/python3.12/site-packages/airflow/example_dags/tutorial.py
[2024-12-08T05:16:29.656+0000] {processor.py:925} INFO - DAG(s) 'tutorial' retrieved from /home/airflow/.local/lib/python3.12/site-packages/airflow/example_dags/tutorial.py
[2024-12-08T05:16:29.699+0000] {logging_mixin.py:190} INFO - [2024-12-08T05:16:29.698+0000] {dag.py:3239} INFO - Sync 1 DAGs
[2024-12-08T05:16:29.761+0000] {logging_mixin.py:190} INFO - [2024-12-08T05:16:29.760+0000] {dag.py:4180} INFO - Setting next_dagrun for tutorial to 2024-12-07 00:00:00+00:00, run_after=2024-12-08 00:00:00+00:00
[2024-12-08T05:16:29.813+0000] {processor.py:208} INFO - Processing /home/airflow/.local/lib/python3.12/site-packages/airflow/example_dags/tutorial.py took 0.211 seconds
[2024-12-08T05:17:02.492+0000] {processor.py:186} INFO - Started process (PID=1956) to work on /home/airflow/.local/lib/python3.12/site-packages/airflow/example_dags/tutorial.py
[2024-12-08T05:17:02.495+0000] {processor.py:914} INFO - Processing file /home/airflow/.local/lib/python3.12/site-packages/airflow/example_dags/tutorial.py for tasks to queue
[2024-12-08T05:17:02.502+0000] {logging_mixin.py:190} INFO - [2024-12-08T05:17:02.499+0000] {dagbag.py:588} INFO - Filling up the DagBag from /home/airflow/.local/lib/python3.12/site-packages/airflow/example_dags/tutorial.py
[2024-12-08T05:17:02.531+0000] {processor.py:925} INFO - DAG(s) 'tutorial' retrieved from /home/airflow/.local/lib/python3.12/site-packages/airflow/example_dags/tutorial.py
[2024-12-08T05:17:02.600+0000] {logging_mixin.py:190} INFO - [2024-12-08T05:17:02.600+0000] {dag.py:3239} INFO - Sync 1 DAGs
[2024-12-08T05:17:02.688+0000] {logging_mixin.py:190} INFO - [2024-12-08T05:17:02.687+0000] {dag.py:4180} INFO - Setting next_dagrun for tutorial to 2024-12-07 00:00:00+00:00, run_after=2024-12-08 00:00:00+00:00
[2024-12-08T05:17:02.738+0000] {processor.py:208} INFO - Processing /home/airflow/.local/lib/python3.12/site-packages/airflow/example_dags/tutorial.py took 0.269 seconds
[2024-12-08T05:17:33.222+0000] {processor.py:186} INFO - Started process (PID=2066) to work on /home/airflow/.local/lib/python3.12/site-packages/airflow/example_dags/tutorial.py
[2024-12-08T05:17:33.224+0000] {processor.py:914} INFO - Processing file /home/airflow/.local/lib/python3.12/site-packages/airflow/example_dags/tutorial.py for tasks to queue
[2024-12-08T05:17:33.227+0000] {logging_mixin.py:190} INFO - [2024-12-08T05:17:33.226+0000] {dagbag.py:588} INFO - Filling up the DagBag from /home/airflow/.local/lib/python3.12/site-packages/airflow/example_dags/tutorial.py
[2024-12-08T05:17:33.239+0000] {processor.py:925} INFO - DAG(s) 'tutorial' retrieved from /home/airflow/.local/lib/python3.12/site-packages/airflow/example_dags/tutorial.py
[2024-12-08T05:17:33.267+0000] {logging_mixin.py:190} INFO - [2024-12-08T05:17:33.266+0000] {dag.py:3239} INFO - Sync 1 DAGs
[2024-12-08T05:17:33.299+0000] {logging_mixin.py:190} INFO - [2024-12-08T05:17:33.299+0000] {dag.py:4180} INFO - Setting next_dagrun for tutorial to 2024-12-07 00:00:00+00:00, run_after=2024-12-08 00:00:00+00:00
[2024-12-08T05:17:33.326+0000] {processor.py:208} INFO - Processing /home/airflow/.local/lib/python3.12/site-packages/airflow/example_dags/tutorial.py took 0.111 seconds
[2024-12-08T05:18:05.328+0000] {processor.py:186} INFO - Started process (PID=2176) to work on /home/airflow/.local/lib/python3.12/site-packages/airflow/example_dags/tutorial.py
[2024-12-08T05:18:05.329+0000] {processor.py:914} INFO - Processing file /home/airflow/.local/lib/python3.12/site-packages/airflow/example_dags/tutorial.py for tasks to queue
[2024-12-08T05:18:05.333+0000] {logging_mixin.py:190} INFO - [2024-12-08T05:18:05.332+0000] {dagbag.py:588} INFO - Filling up the DagBag from /home/airflow/.local/lib/python3.12/site-packages/airflow/example_dags/tutorial.py
[2024-12-08T05:18:05.354+0000] {processor.py:925} INFO - DAG(s) 'tutorial' retrieved from /home/airflow/.local/lib/python3.12/site-packages/airflow/example_dags/tutorial.py
[2024-12-08T05:18:05.398+0000] {logging_mixin.py:190} INFO - [2024-12-08T05:18:05.397+0000] {dag.py:3239} INFO - Sync 1 DAGs
[2024-12-08T05:18:05.449+0000] {logging_mixin.py:190} INFO - [2024-12-08T05:18:05.449+0000] {dag.py:4180} INFO - Setting next_dagrun for tutorial to 2024-12-07 00:00:00+00:00, run_after=2024-12-08 00:00:00+00:00
[2024-12-08T05:18:05.484+0000] {processor.py:208} INFO - Processing /home/airflow/.local/lib/python3.12/site-packages/airflow/example_dags/tutorial.py took 0.167 seconds
[2024-12-08T05:18:38.324+0000] {processor.py:186} INFO - Started process (PID=2287) to work on /home/airflow/.local/lib/python3.12/site-packages/airflow/example_dags/tutorial.py
[2024-12-08T05:18:38.359+0000] {processor.py:914} INFO - Processing file /home/airflow/.local/lib/python3.12/site-packages/airflow/example_dags/tutorial.py for tasks to queue
[2024-12-08T05:18:38.362+0000] {logging_mixin.py:190} INFO - [2024-12-08T05:18:38.361+0000] {dagbag.py:588} INFO - Filling up the DagBag from /home/airflow/.local/lib/python3.12/site-packages/airflow/example_dags/tutorial.py
[2024-12-08T05:18:38.392+0000] {processor.py:925} INFO - DAG(s) 'tutorial' retrieved from /home/airflow/.local/lib/python3.12/site-packages/airflow/example_dags/tutorial.py
[2024-12-08T05:18:38.455+0000] {logging_mixin.py:190} INFO - [2024-12-08T05:18:38.455+0000] {dag.py:3239} INFO - Sync 1 DAGs
[2024-12-08T05:18:38.516+0000] {logging_mixin.py:190} INFO - [2024-12-08T05:18:38.515+0000] {dag.py:4180} INFO - Setting next_dagrun for tutorial to 2024-12-07 00:00:00+00:00, run_after=2024-12-08 00:00:00+00:00
[2024-12-08T05:18:38.576+0000] {processor.py:208} INFO - Processing /home/airflow/.local/lib/python3.12/site-packages/airflow/example_dags/tutorial.py took 0.267 seconds
[2024-12-08T05:19:10.742+0000] {processor.py:186} INFO - Started process (PID=2392) to work on /home/airflow/.local/lib/python3.12/site-packages/airflow/example_dags/tutorial.py
[2024-12-08T05:19:10.746+0000] {processor.py:914} INFO - Processing file /home/airflow/.local/lib/python3.12/site-packages/airflow/example_dags/tutorial.py for tasks to queue
[2024-12-08T05:19:10.752+0000] {logging_mixin.py:190} INFO - [2024-12-08T05:19:10.751+0000] {dagbag.py:588} INFO - Filling up the DagBag from /home/airflow/.local/lib/python3.12/site-packages/airflow/example_dags/tutorial.py
[2024-12-08T05:19:10.776+0000] {processor.py:925} INFO - DAG(s) 'tutorial' retrieved from /home/airflow/.local/lib/python3.12/site-packages/airflow/example_dags/tutorial.py
[2024-12-08T05:19:10.857+0000] {logging_mixin.py:190} INFO - [2024-12-08T05:19:10.856+0000] {dag.py:3239} INFO - Sync 1 DAGs
[2024-12-08T05:19:10.935+0000] {logging_mixin.py:190} INFO - [2024-12-08T05:19:10.935+0000] {dag.py:4180} INFO - Setting next_dagrun for tutorial to 2024-12-07 00:00:00+00:00, run_after=2024-12-08 00:00:00+00:00
[2024-12-08T05:19:11.014+0000] {processor.py:208} INFO - Processing /home/airflow/.local/lib/python3.12/site-packages/airflow/example_dags/tutorial.py took 0.298 seconds
[2024-12-08T05:19:42.798+0000] {processor.py:186} INFO - Started process (PID=2487) to work on /home/airflow/.local/lib/python3.12/site-packages/airflow/example_dags/tutorial.py
[2024-12-08T05:19:42.800+0000] {processor.py:914} INFO - Processing file /home/airflow/.local/lib/python3.12/site-packages/airflow/example_dags/tutorial.py for tasks to queue
[2024-12-08T05:19:42.803+0000] {logging_mixin.py:190} INFO - [2024-12-08T05:19:42.802+0000] {dagbag.py:588} INFO - Filling up the DagBag from /home/airflow/.local/lib/python3.12/site-packages/airflow/example_dags/tutorial.py
[2024-12-08T05:19:42.837+0000] {processor.py:925} INFO - DAG(s) 'tutorial' retrieved from /home/airflow/.local/lib/python3.12/site-packages/airflow/example_dags/tutorial.py
[2024-12-08T05:19:42.900+0000] {logging_mixin.py:190} INFO - [2024-12-08T05:19:42.900+0000] {dag.py:3239} INFO - Sync 1 DAGs
[2024-12-08T05:19:42.988+0000] {logging_mixin.py:190} INFO - [2024-12-08T05:19:42.987+0000] {dag.py:4180} INFO - Setting next_dagrun for tutorial to 2024-12-07 00:00:00+00:00, run_after=2024-12-08 00:00:00+00:00
[2024-12-08T05:19:43.050+0000] {processor.py:208} INFO - Processing /home/airflow/.local/lib/python3.12/site-packages/airflow/example_dags/tutorial.py took 0.268 seconds
[2024-12-08T05:20:13.914+0000] {processor.py:186} INFO - Started process (PID=2561) to work on /home/airflow/.local/lib/python3.12/site-packages/airflow/example_dags/tutorial.py
[2024-12-08T05:20:13.915+0000] {processor.py:914} INFO - Processing file /home/airflow/.local/lib/python3.12/site-packages/airflow/example_dags/tutorial.py for tasks to queue
[2024-12-08T05:20:13.918+0000] {logging_mixin.py:190} INFO - [2024-12-08T05:20:13.917+0000] {dagbag.py:588} INFO - Filling up the DagBag from /home/airflow/.local/lib/python3.12/site-packages/airflow/example_dags/tutorial.py
[2024-12-08T05:20:13.932+0000] {processor.py:925} INFO - DAG(s) 'tutorial' retrieved from /home/airflow/.local/lib/python3.12/site-packages/airflow/example_dags/tutorial.py
[2024-12-08T05:20:13.958+0000] {logging_mixin.py:190} INFO - [2024-12-08T05:20:13.958+0000] {dag.py:3239} INFO - Sync 1 DAGs
[2024-12-08T05:20:13.998+0000] {logging_mixin.py:190} INFO - [2024-12-08T05:20:13.998+0000] {dag.py:4180} INFO - Setting next_dagrun for tutorial to 2024-12-07 00:00:00+00:00, run_after=2024-12-08 00:00:00+00:00
[2024-12-08T05:20:14.026+0000] {processor.py:208} INFO - Processing /home/airflow/.local/lib/python3.12/site-packages/airflow/example_dags/tutorial.py took 0.124 seconds
[2024-12-08T05:20:44.777+0000] {processor.py:186} INFO - Started process (PID=2645) to work on /home/airflow/.local/lib/python3.12/site-packages/airflow/example_dags/tutorial.py
[2024-12-08T05:20:44.779+0000] {processor.py:914} INFO - Processing file /home/airflow/.local/lib/python3.12/site-packages/airflow/example_dags/tutorial.py for tasks to queue
[2024-12-08T05:20:44.780+0000] {logging_mixin.py:190} INFO - [2024-12-08T05:20:44.780+0000] {dagbag.py:588} INFO - Filling up the DagBag from /home/airflow/.local/lib/python3.12/site-packages/airflow/example_dags/tutorial.py
[2024-12-08T05:20:44.792+0000] {processor.py:925} INFO - DAG(s) 'tutorial' retrieved from /home/airflow/.local/lib/python3.12/site-packages/airflow/example_dags/tutorial.py
[2024-12-08T05:20:44.822+0000] {logging_mixin.py:190} INFO - [2024-12-08T05:20:44.822+0000] {dag.py:3239} INFO - Sync 1 DAGs
[2024-12-08T05:20:44.863+0000] {logging_mixin.py:190} INFO - [2024-12-08T05:20:44.863+0000] {dag.py:4180} INFO - Setting next_dagrun for tutorial to 2024-12-07 00:00:00+00:00, run_after=2024-12-08 00:00:00+00:00
[2024-12-08T05:20:44.895+0000] {processor.py:208} INFO - Processing /home/airflow/.local/lib/python3.12/site-packages/airflow/example_dags/tutorial.py took 0.126 seconds
[2024-12-08T05:21:15.641+0000] {processor.py:186} INFO - Started process (PID=2709) to work on /home/airflow/.local/lib/python3.12/site-packages/airflow/example_dags/tutorial.py
[2024-12-08T05:21:15.642+0000] {processor.py:914} INFO - Processing file /home/airflow/.local/lib/python3.12/site-packages/airflow/example_dags/tutorial.py for tasks to queue
[2024-12-08T05:21:15.645+0000] {logging_mixin.py:190} INFO - [2024-12-08T05:21:15.644+0000] {dagbag.py:588} INFO - Filling up the DagBag from /home/airflow/.local/lib/python3.12/site-packages/airflow/example_dags/tutorial.py
[2024-12-08T05:21:15.656+0000] {processor.py:925} INFO - DAG(s) 'tutorial' retrieved from /home/airflow/.local/lib/python3.12/site-packages/airflow/example_dags/tutorial.py
[2024-12-08T05:21:15.683+0000] {logging_mixin.py:190} INFO - [2024-12-08T05:21:15.683+0000] {dag.py:3239} INFO - Sync 1 DAGs
[2024-12-08T05:21:15.714+0000] {logging_mixin.py:190} INFO - [2024-12-08T05:21:15.714+0000] {dag.py:4180} INFO - Setting next_dagrun for tutorial to 2024-12-07 00:00:00+00:00, run_after=2024-12-08 00:00:00+00:00
[2024-12-08T05:21:15.737+0000] {processor.py:208} INFO - Processing /home/airflow/.local/lib/python3.12/site-packages/airflow/example_dags/tutorial.py took 0.104 seconds
[2024-12-08T05:21:46.721+0000] {processor.py:186} INFO - Started process (PID=2773) to work on /home/airflow/.local/lib/python3.12/site-packages/airflow/example_dags/tutorial.py
[2024-12-08T05:21:46.723+0000] {processor.py:914} INFO - Processing file /home/airflow/.local/lib/python3.12/site-packages/airflow/example_dags/tutorial.py for tasks to queue
[2024-12-08T05:21:46.724+0000] {logging_mixin.py:190} INFO - [2024-12-08T05:21:46.724+0000] {dagbag.py:588} INFO - Filling up the DagBag from /home/airflow/.local/lib/python3.12/site-packages/airflow/example_dags/tutorial.py
[2024-12-08T05:21:46.735+0000] {processor.py:925} INFO - DAG(s) 'tutorial' retrieved from /home/airflow/.local/lib/python3.12/site-packages/airflow/example_dags/tutorial.py
[2024-12-08T05:21:46.757+0000] {logging_mixin.py:190} INFO - [2024-12-08T05:21:46.757+0000] {dag.py:3239} INFO - Sync 1 DAGs
[2024-12-08T05:21:46.783+0000] {logging_mixin.py:190} INFO - [2024-12-08T05:21:46.783+0000] {dag.py:4180} INFO - Setting next_dagrun for tutorial to 2024-12-07 00:00:00+00:00, run_after=2024-12-08 00:00:00+00:00
[2024-12-08T05:21:46.804+0000] {processor.py:208} INFO - Processing /home/airflow/.local/lib/python3.12/site-packages/airflow/example_dags/tutorial.py took 0.090 seconds
[2024-12-08T05:22:17.899+0000] {processor.py:186} INFO - Started process (PID=2837) to work on /home/airflow/.local/lib/python3.12/site-packages/airflow/example_dags/tutorial.py
[2024-12-08T05:22:17.901+0000] {processor.py:914} INFO - Processing file /home/airflow/.local/lib/python3.12/site-packages/airflow/example_dags/tutorial.py for tasks to queue
[2024-12-08T05:22:17.904+0000] {logging_mixin.py:190} INFO - [2024-12-08T05:22:17.903+0000] {dagbag.py:588} INFO - Filling up the DagBag from /home/airflow/.local/lib/python3.12/site-packages/airflow/example_dags/tutorial.py
[2024-12-08T05:22:17.920+0000] {processor.py:925} INFO - DAG(s) 'tutorial' retrieved from /home/airflow/.local/lib/python3.12/site-packages/airflow/example_dags/tutorial.py
[2024-12-08T05:22:17.949+0000] {logging_mixin.py:190} INFO - [2024-12-08T05:22:17.949+0000] {dag.py:3239} INFO - Sync 1 DAGs
[2024-12-08T05:22:17.984+0000] {logging_mixin.py:190} INFO - [2024-12-08T05:22:17.983+0000] {dag.py:4180} INFO - Setting next_dagrun for tutorial to 2024-12-07 00:00:00+00:00, run_after=2024-12-08 00:00:00+00:00
[2024-12-08T05:22:18.009+0000] {processor.py:208} INFO - Processing /home/airflow/.local/lib/python3.12/site-packages/airflow/example_dags/tutorial.py took 0.120 seconds
[2024-12-08T05:22:48.924+0000] {processor.py:186} INFO - Started process (PID=2901) to work on /home/airflow/.local/lib/python3.12/site-packages/airflow/example_dags/tutorial.py
[2024-12-08T05:22:48.925+0000] {processor.py:914} INFO - Processing file /home/airflow/.local/lib/python3.12/site-packages/airflow/example_dags/tutorial.py for tasks to queue
[2024-12-08T05:22:48.927+0000] {logging_mixin.py:190} INFO - [2024-12-08T05:22:48.926+0000] {dagbag.py:588} INFO - Filling up the DagBag from /home/airflow/.local/lib/python3.12/site-packages/airflow/example_dags/tutorial.py
[2024-12-08T05:22:48.939+0000] {processor.py:925} INFO - DAG(s) 'tutorial' retrieved from /home/airflow/.local/lib/python3.12/site-packages/airflow/example_dags/tutorial.py
[2024-12-08T05:22:48.963+0000] {logging_mixin.py:190} INFO - [2024-12-08T05:22:48.963+0000] {dag.py:3239} INFO - Sync 1 DAGs
[2024-12-08T05:22:48.992+0000] {logging_mixin.py:190} INFO - [2024-12-08T05:22:48.992+0000] {dag.py:4180} INFO - Setting next_dagrun for tutorial to 2024-12-07 00:00:00+00:00, run_after=2024-12-08 00:00:00+00:00
[2024-12-08T05:22:49.015+0000] {processor.py:208} INFO - Processing /home/airflow/.local/lib/python3.12/site-packages/airflow/example_dags/tutorial.py took 0.100 seconds
[2024-12-08T05:23:20.307+0000] {processor.py:186} INFO - Started process (PID=2965) to work on /home/airflow/.local/lib/python3.12/site-packages/airflow/example_dags/tutorial.py
[2024-12-08T05:23:20.309+0000] {processor.py:914} INFO - Processing file /home/airflow/.local/lib/python3.12/site-packages/airflow/example_dags/tutorial.py for tasks to queue
[2024-12-08T05:23:20.310+0000] {logging_mixin.py:190} INFO - [2024-12-08T05:23:20.310+0000] {dagbag.py:588} INFO - Filling up the DagBag from /home/airflow/.local/lib/python3.12/site-packages/airflow/example_dags/tutorial.py
[2024-12-08T05:23:20.320+0000] {processor.py:925} INFO - DAG(s) 'tutorial' retrieved from /home/airflow/.local/lib/python3.12/site-packages/airflow/example_dags/tutorial.py
[2024-12-08T05:23:20.343+0000] {logging_mixin.py:190} INFO - [2024-12-08T05:23:20.343+0000] {dag.py:3239} INFO - Sync 1 DAGs
[2024-12-08T05:23:20.372+0000] {logging_mixin.py:190} INFO - [2024-12-08T05:23:20.372+0000] {dag.py:4180} INFO - Setting next_dagrun for tutorial to 2024-12-07 00:00:00+00:00, run_after=2024-12-08 00:00:00+00:00
[2024-12-08T05:23:20.393+0000] {processor.py:208} INFO - Processing /home/airflow/.local/lib/python3.12/site-packages/airflow/example_dags/tutorial.py took 0.092 seconds
[2024-12-08T05:23:51.725+0000] {processor.py:186} INFO - Started process (PID=3037) to work on /home/airflow/.local/lib/python3.12/site-packages/airflow/example_dags/tutorial.py
[2024-12-08T05:23:51.727+0000] {processor.py:914} INFO - Processing file /home/airflow/.local/lib/python3.12/site-packages/airflow/example_dags/tutorial.py for tasks to queue
[2024-12-08T05:23:51.729+0000] {logging_mixin.py:190} INFO - [2024-12-08T05:23:51.728+0000] {dagbag.py:588} INFO - Filling up the DagBag from /home/airflow/.local/lib/python3.12/site-packages/airflow/example_dags/tutorial.py
[2024-12-08T05:23:51.739+0000] {processor.py:925} INFO - DAG(s) 'tutorial' retrieved from /home/airflow/.local/lib/python3.12/site-packages/airflow/example_dags/tutorial.py
[2024-12-08T05:23:51.763+0000] {logging_mixin.py:190} INFO - [2024-12-08T05:23:51.763+0000] {dag.py:3239} INFO - Sync 1 DAGs
[2024-12-08T05:23:51.790+0000] {logging_mixin.py:190} INFO - [2024-12-08T05:23:51.790+0000] {dag.py:4180} INFO - Setting next_dagrun for tutorial to 2024-12-07 00:00:00+00:00, run_after=2024-12-08 00:00:00+00:00
[2024-12-08T05:23:51.812+0000] {processor.py:208} INFO - Processing /home/airflow/.local/lib/python3.12/site-packages/airflow/example_dags/tutorial.py took 0.093 seconds
[2024-12-08T05:24:22.928+0000] {processor.py:186} INFO - Started process (PID=3101) to work on /home/airflow/.local/lib/python3.12/site-packages/airflow/example_dags/tutorial.py
[2024-12-08T05:24:22.929+0000] {processor.py:914} INFO - Processing file /home/airflow/.local/lib/python3.12/site-packages/airflow/example_dags/tutorial.py for tasks to queue
[2024-12-08T05:24:22.931+0000] {logging_mixin.py:190} INFO - [2024-12-08T05:24:22.930+0000] {dagbag.py:588} INFO - Filling up the DagBag from /home/airflow/.local/lib/python3.12/site-packages/airflow/example_dags/tutorial.py
[2024-12-08T05:24:22.943+0000] {processor.py:925} INFO - DAG(s) 'tutorial' retrieved from /home/airflow/.local/lib/python3.12/site-packages/airflow/example_dags/tutorial.py
[2024-12-08T05:24:22.969+0000] {logging_mixin.py:190} INFO - [2024-12-08T05:24:22.968+0000] {dag.py:3239} INFO - Sync 1 DAGs
[2024-12-08T05:24:22.998+0000] {logging_mixin.py:190} INFO - [2024-12-08T05:24:22.998+0000] {dag.py:4180} INFO - Setting next_dagrun for tutorial to 2024-12-07 00:00:00+00:00, run_after=2024-12-08 00:00:00+00:00
[2024-12-08T05:24:23.019+0000] {processor.py:208} INFO - Processing /home/airflow/.local/lib/python3.12/site-packages/airflow/example_dags/tutorial.py took 0.098 seconds
[2024-12-08T05:24:54.516+0000] {processor.py:186} INFO - Started process (PID=3172) to work on /home/airflow/.local/lib/python3.12/site-packages/airflow/example_dags/tutorial.py
[2024-12-08T05:24:54.517+0000] {processor.py:914} INFO - Processing file /home/airflow/.local/lib/python3.12/site-packages/airflow/example_dags/tutorial.py for tasks to queue
[2024-12-08T05:24:54.519+0000] {logging_mixin.py:190} INFO - [2024-12-08T05:24:54.518+0000] {dagbag.py:588} INFO - Filling up the DagBag from /home/airflow/.local/lib/python3.12/site-packages/airflow/example_dags/tutorial.py
[2024-12-08T05:24:54.531+0000] {processor.py:925} INFO - DAG(s) 'tutorial' retrieved from /home/airflow/.local/lib/python3.12/site-packages/airflow/example_dags/tutorial.py
[2024-12-08T05:24:54.556+0000] {logging_mixin.py:190} INFO - [2024-12-08T05:24:54.556+0000] {dag.py:3239} INFO - Sync 1 DAGs
[2024-12-08T05:24:54.585+0000] {logging_mixin.py:190} INFO - [2024-12-08T05:24:54.585+0000] {dag.py:4180} INFO - Setting next_dagrun for tutorial to 2024-12-07 00:00:00+00:00, run_after=2024-12-08 00:00:00+00:00
[2024-12-08T05:24:54.607+0000] {processor.py:208} INFO - Processing /home/airflow/.local/lib/python3.12/site-packages/airflow/example_dags/tutorial.py took 0.099 seconds
[2024-12-08T05:25:26.817+0000] {processor.py:186} INFO - Started process (PID=3258) to work on /home/airflow/.local/lib/python3.12/site-packages/airflow/example_dags/tutorial.py
[2024-12-08T05:25:26.819+0000] {processor.py:914} INFO - Processing file /home/airflow/.local/lib/python3.12/site-packages/airflow/example_dags/tutorial.py for tasks to queue
[2024-12-08T05:25:26.820+0000] {logging_mixin.py:190} INFO - [2024-12-08T05:25:26.820+0000] {dagbag.py:588} INFO - Filling up the DagBag from /home/airflow/.local/lib/python3.12/site-packages/airflow/example_dags/tutorial.py
[2024-12-08T05:25:26.834+0000] {processor.py:925} INFO - DAG(s) 'tutorial' retrieved from /home/airflow/.local/lib/python3.12/site-packages/airflow/example_dags/tutorial.py
[2024-12-08T05:25:26.862+0000] {logging_mixin.py:190} INFO - [2024-12-08T05:25:26.862+0000] {dag.py:3239} INFO - Sync 1 DAGs
[2024-12-08T05:25:26.900+0000] {logging_mixin.py:190} INFO - [2024-12-08T05:25:26.899+0000] {dag.py:4180} INFO - Setting next_dagrun for tutorial to 2024-12-07 00:00:00+00:00, run_after=2024-12-08 00:00:00+00:00
[2024-12-08T05:25:26.925+0000] {processor.py:208} INFO - Processing /home/airflow/.local/lib/python3.12/site-packages/airflow/example_dags/tutorial.py took 0.118 seconds
[2024-12-08T05:25:59.608+0000] {processor.py:186} INFO - Started process (PID=3354) to work on /home/airflow/.local/lib/python3.12/site-packages/airflow/example_dags/tutorial.py
[2024-12-08T05:25:59.609+0000] {processor.py:914} INFO - Processing file /home/airflow/.local/lib/python3.12/site-packages/airflow/example_dags/tutorial.py for tasks to queue
[2024-12-08T05:25:59.612+0000] {logging_mixin.py:190} INFO - [2024-12-08T05:25:59.611+0000] {dagbag.py:588} INFO - Filling up the DagBag from /home/airflow/.local/lib/python3.12/site-packages/airflow/example_dags/tutorial.py
[2024-12-08T05:25:59.626+0000] {processor.py:925} INFO - DAG(s) 'tutorial' retrieved from /home/airflow/.local/lib/python3.12/site-packages/airflow/example_dags/tutorial.py
[2024-12-08T05:25:59.666+0000] {logging_mixin.py:190} INFO - [2024-12-08T05:25:59.666+0000] {dag.py:3239} INFO - Sync 1 DAGs
[2024-12-08T05:25:59.722+0000] {logging_mixin.py:190} INFO - [2024-12-08T05:25:59.722+0000] {dag.py:4180} INFO - Setting next_dagrun for tutorial to 2024-12-07 00:00:00+00:00, run_after=2024-12-08 00:00:00+00:00
[2024-12-08T05:25:59.757+0000] {processor.py:208} INFO - Processing /home/airflow/.local/lib/python3.12/site-packages/airflow/example_dags/tutorial.py took 0.160 seconds
[2024-12-08T05:26:30.820+0000] {processor.py:186} INFO - Started process (PID=3424) to work on /home/airflow/.local/lib/python3.12/site-packages/airflow/example_dags/tutorial.py
[2024-12-08T05:26:30.822+0000] {processor.py:914} INFO - Processing file /home/airflow/.local/lib/python3.12/site-packages/airflow/example_dags/tutorial.py for tasks to queue
[2024-12-08T05:26:30.827+0000] {logging_mixin.py:190} INFO - [2024-12-08T05:26:30.826+0000] {dagbag.py:588} INFO - Filling up the DagBag from /home/airflow/.local/lib/python3.12/site-packages/airflow/example_dags/tutorial.py
[2024-12-08T05:26:30.850+0000] {processor.py:925} INFO - DAG(s) 'tutorial' retrieved from /home/airflow/.local/lib/python3.12/site-packages/airflow/example_dags/tutorial.py
[2024-12-08T05:26:30.891+0000] {logging_mixin.py:190} INFO - [2024-12-08T05:26:30.891+0000] {dag.py:3239} INFO - Sync 1 DAGs
[2024-12-08T05:26:31.204+0000] {logging_mixin.py:190} INFO - [2024-12-08T05:26:31.204+0000] {dag.py:4180} INFO - Setting next_dagrun for tutorial to 2024-12-07 00:00:00+00:00, run_after=2024-12-08 00:00:00+00:00
[2024-12-08T05:26:31.234+0000] {processor.py:208} INFO - Processing /home/airflow/.local/lib/python3.12/site-packages/airflow/example_dags/tutorial.py took 0.426 seconds
[2024-12-08T05:27:02.192+0000] {processor.py:186} INFO - Started process (PID=3488) to work on /home/airflow/.local/lib/python3.12/site-packages/airflow/example_dags/tutorial.py
[2024-12-08T05:27:02.193+0000] {processor.py:914} INFO - Processing file /home/airflow/.local/lib/python3.12/site-packages/airflow/example_dags/tutorial.py for tasks to queue
[2024-12-08T05:27:02.195+0000] {logging_mixin.py:190} INFO - [2024-12-08T05:27:02.194+0000] {dagbag.py:588} INFO - Filling up the DagBag from /home/airflow/.local/lib/python3.12/site-packages/airflow/example_dags/tutorial.py
[2024-12-08T05:27:02.205+0000] {processor.py:925} INFO - DAG(s) 'tutorial' retrieved from /home/airflow/.local/lib/python3.12/site-packages/airflow/example_dags/tutorial.py
[2024-12-08T05:27:02.228+0000] {logging_mixin.py:190} INFO - [2024-12-08T05:27:02.228+0000] {dag.py:3239} INFO - Sync 1 DAGs
[2024-12-08T05:27:02.446+0000] {logging_mixin.py:190} INFO - [2024-12-08T05:27:02.446+0000] {dag.py:4180} INFO - Setting next_dagrun for tutorial to 2024-12-07 00:00:00+00:00, run_after=2024-12-08 00:00:00+00:00
[2024-12-08T05:27:02.467+0000] {processor.py:208} INFO - Processing /home/airflow/.local/lib/python3.12/site-packages/airflow/example_dags/tutorial.py took 0.282 seconds
