[2024-12-08T05:16:38.868+0000] {local_task_job_runner.py:123} INFO - ::group::Pre task execution logs
[2024-12-08T05:16:38.910+0000] {taskinstance.py:2613} INFO - Dependencies all met for dep_context=non-requeueable deps ti=<TaskInstance: fetch_and_store_amazon_books.create_table scheduled__2024-08-17T00:00:00+00:00 [queued]>
[2024-12-08T05:16:38.937+0000] {taskinstance.py:2613} INFO - Dependencies all met for dep_context=requeueable deps ti=<TaskInstance: fetch_and_store_amazon_books.create_table scheduled__2024-08-17T00:00:00+00:00 [queued]>
[2024-12-08T05:16:38.938+0000] {taskinstance.py:2866} INFO - Starting attempt 1 of 2
[2024-12-08T05:16:39.316+0000] {taskinstance.py:2889} INFO - Executing <Task(PostgresOperator): create_table> on 2024-08-17 00:00:00+00:00
[2024-12-08T05:16:39.332+0000] {warnings.py:112} WARNING - /home/***/.local/lib/python3.12/site-packages/***/task/task_runner/standard_task_runner.py:70: DeprecationWarning: This process (pid=894) is multi-threaded, use of fork() may lead to deadlocks in the child.
  pid = os.fork()

[2024-12-08T05:16:39.335+0000] {standard_task_runner.py:72} INFO - Started process 928 to run task
[2024-12-08T05:16:39.352+0000] {standard_task_runner.py:104} INFO - Running: ['***', 'tasks', 'run', 'fetch_and_store_amazon_books', 'create_table', 'scheduled__2024-08-17T00:00:00+00:00', '--job-id', '175', '--raw', '--subdir', 'DAGS_FOLDER/app.py', '--cfg-path', '/tmp/tmpsddtv9ba']
[2024-12-08T05:16:39.355+0000] {standard_task_runner.py:105} INFO - Job 175: Subtask create_table
[2024-12-08T05:16:39.535+0000] {task_command.py:467} INFO - Running <TaskInstance: fetch_and_store_amazon_books.create_table scheduled__2024-08-17T00:00:00+00:00 [running]> on host 2b2f4f7613f2
[2024-12-08T05:16:39.924+0000] {taskinstance.py:3132} INFO - Exporting env vars: AIRFLOW_CTX_DAG_OWNER='***' AIRFLOW_CTX_DAG_ID='fetch_and_store_amazon_books' AIRFLOW_CTX_TASK_ID='create_table' AIRFLOW_CTX_EXECUTION_DATE='2024-08-17T00:00:00+00:00' AIRFLOW_CTX_TRY_NUMBER='1' AIRFLOW_CTX_DAG_RUN_ID='scheduled__2024-08-17T00:00:00+00:00'
[2024-12-08T05:16:39.937+0000] {logging_mixin.py:190} INFO - Task instance is in running state
[2024-12-08T05:16:39.938+0000] {logging_mixin.py:190} INFO -  Previous state of the Task instance: queued
[2024-12-08T05:16:39.942+0000] {logging_mixin.py:190} INFO - Current task name:create_table state:running start_date:2024-12-08 05:16:38.915385+00:00
[2024-12-08T05:16:39.946+0000] {logging_mixin.py:190} INFO - Dag name:fetch_and_store_amazon_books and current dag run status:running
[2024-12-08T05:16:39.947+0000] {taskinstance.py:731} INFO - ::endgroup::
[2024-12-08T05:16:39.954+0000] {sql.py:278} INFO - Executing: 
    CREATE TABLE IF NOT EXISTS books (
        id SERIAL PRIMARY KEY,
        title TEXT NOT NULL,
        authors TEXT,
        price TEXT,
        rating TEXT
    );
    
[2024-12-08T05:16:40.034+0000] {base.py:84} INFO - Retrieving connection 'books_connection'
[2024-12-08T05:16:40.053+0000] {base.py:84} INFO - Retrieving connection 'books_connection'
[2024-12-08T05:16:40.064+0000] {sql.py:544} INFO - Running statement: 
    CREATE TABLE IF NOT EXISTS books (
        id SERIAL PRIMARY KEY,
        title TEXT NOT NULL,
        authors TEXT,
        price TEXT,
        rating TEXT
    );
    , parameters: None
[2024-12-08T05:16:40.093+0000] {taskinstance.py:340} INFO - ::group::Post task execution logs
[2024-12-08T05:16:40.094+0000] {taskinstance.py:352} INFO - Marking task as SUCCESS. dag_id=fetch_and_store_amazon_books, task_id=create_table, run_id=scheduled__2024-08-17T00:00:00+00:00, execution_date=20240817T000000, start_date=20241208T051638, end_date=20241208T051640
[2024-12-08T05:16:40.139+0000] {logging_mixin.py:190} INFO - Task instance in success state
[2024-12-08T05:16:40.140+0000] {logging_mixin.py:190} INFO -  Previous state of the Task instance: running
[2024-12-08T05:16:40.142+0000] {logging_mixin.py:190} INFO - Dag name:fetch_and_store_amazon_books queued_at:2024-12-08 05:16:22.337922+00:00
[2024-12-08T05:16:40.143+0000] {logging_mixin.py:190} INFO - Task hostname:2b2f4f7613f2 operator:PostgresOperator
[2024-12-08T05:16:40.189+0000] {local_task_job_runner.py:266} INFO - Task exited with return code 0
[2024-12-08T05:16:40.239+0000] {taskinstance.py:3895} INFO - 1 downstream tasks scheduled from follow-on schedule check
[2024-12-08T05:16:40.266+0000] {local_task_job_runner.py:245} INFO - ::endgroup::
