[2024-12-08T05:17:54.918+0000] {local_task_job_runner.py:123} INFO - ::group::Pre task execution logs
[2024-12-08T05:17:54.951+0000] {taskinstance.py:2613} INFO - Dependencies all met for dep_context=non-requeueable deps ti=<TaskInstance: fetch_and_store_amazon_books.create_table scheduled__2024-09-13T00:00:00+00:00 [queued]>
[2024-12-08T05:17:54.969+0000] {taskinstance.py:2613} INFO - Dependencies all met for dep_context=requeueable deps ti=<TaskInstance: fetch_and_store_amazon_books.create_table scheduled__2024-09-13T00:00:00+00:00 [queued]>
[2024-12-08T05:17:54.971+0000] {taskinstance.py:2866} INFO - Starting attempt 1 of 2
[2024-12-08T05:17:55.003+0000] {taskinstance.py:2889} INFO - Executing <Task(PostgresOperator): create_table> on 2024-09-13 00:00:00+00:00
[2024-12-08T05:17:55.017+0000] {warnings.py:112} WARNING - /home/***/.local/lib/python3.12/site-packages/***/task/task_runner/standard_task_runner.py:70: DeprecationWarning: This process (pid=1299) is multi-threaded, use of fork() may lead to deadlocks in the child.
  pid = os.fork()

[2024-12-08T05:17:55.023+0000] {standard_task_runner.py:72} INFO - Started process 1328 to run task
[2024-12-08T05:17:55.022+0000] {standard_task_runner.py:104} INFO - Running: ['***', 'tasks', 'run', 'fetch_and_store_amazon_books', 'create_table', 'scheduled__2024-09-13T00:00:00+00:00', '--job-id', '272', '--raw', '--subdir', 'DAGS_FOLDER/app.py', '--cfg-path', '/tmp/tmp4074xbfi']
[2024-12-08T05:17:55.029+0000] {standard_task_runner.py:105} INFO - Job 272: Subtask create_table
[2024-12-08T05:17:55.125+0000] {task_command.py:467} INFO - Running <TaskInstance: fetch_and_store_amazon_books.create_table scheduled__2024-09-13T00:00:00+00:00 [running]> on host 2b2f4f7613f2
[2024-12-08T05:17:55.330+0000] {taskinstance.py:3132} INFO - Exporting env vars: AIRFLOW_CTX_DAG_OWNER='***' AIRFLOW_CTX_DAG_ID='fetch_and_store_amazon_books' AIRFLOW_CTX_TASK_ID='create_table' AIRFLOW_CTX_EXECUTION_DATE='2024-09-13T00:00:00+00:00' AIRFLOW_CTX_TRY_NUMBER='1' AIRFLOW_CTX_DAG_RUN_ID='scheduled__2024-09-13T00:00:00+00:00'
[2024-12-08T05:17:55.333+0000] {logging_mixin.py:190} INFO - Task instance is in running state
[2024-12-08T05:17:55.334+0000] {logging_mixin.py:190} INFO -  Previous state of the Task instance: queued
[2024-12-08T05:17:55.335+0000] {logging_mixin.py:190} INFO - Current task name:create_table state:running start_date:2024-12-08 05:17:54.952500+00:00
[2024-12-08T05:17:55.335+0000] {logging_mixin.py:190} INFO - Dag name:fetch_and_store_amazon_books and current dag run status:running
[2024-12-08T05:17:55.336+0000] {taskinstance.py:731} INFO - ::endgroup::
[2024-12-08T05:17:55.337+0000] {sql.py:278} INFO - Executing: 
    CREATE TABLE IF NOT EXISTS books (
        id SERIAL PRIMARY KEY,
        title TEXT NOT NULL,
        authors TEXT,
        price TEXT,
        rating TEXT
    );
    
[2024-12-08T05:17:55.366+0000] {base.py:84} INFO - Retrieving connection 'books_connection'
[2024-12-08T05:17:55.387+0000] {base.py:84} INFO - Retrieving connection 'books_connection'
[2024-12-08T05:17:55.403+0000] {sql.py:544} INFO - Running statement: 
    CREATE TABLE IF NOT EXISTS books (
        id SERIAL PRIMARY KEY,
        title TEXT NOT NULL,
        authors TEXT,
        price TEXT,
        rating TEXT
    );
    , parameters: None
[2024-12-08T05:17:55.424+0000] {taskinstance.py:340} INFO - ::group::Post task execution logs
[2024-12-08T05:17:55.426+0000] {taskinstance.py:352} INFO - Marking task as SUCCESS. dag_id=fetch_and_store_amazon_books, task_id=create_table, run_id=scheduled__2024-09-13T00:00:00+00:00, execution_date=20240913T000000, start_date=20241208T051754, end_date=20241208T051755
[2024-12-08T05:17:55.446+0000] {logging_mixin.py:190} INFO - Task instance in success state
[2024-12-08T05:17:55.447+0000] {logging_mixin.py:190} INFO -  Previous state of the Task instance: running
[2024-12-08T05:17:55.448+0000] {logging_mixin.py:190} INFO - Dag name:fetch_and_store_amazon_books queued_at:2024-12-08 05:17:36.730269+00:00
[2024-12-08T05:17:55.449+0000] {logging_mixin.py:190} INFO - Task hostname:2b2f4f7613f2 operator:PostgresOperator
[2024-12-08T05:17:55.490+0000] {local_task_job_runner.py:266} INFO - Task exited with return code 0
[2024-12-08T05:17:55.533+0000] {taskinstance.py:3895} INFO - 1 downstream tasks scheduled from follow-on schedule check
[2024-12-08T05:17:55.536+0000] {local_task_job_runner.py:245} INFO - ::endgroup::
