[2024-12-08T05:15:21.417+0000] {local_task_job_runner.py:123} INFO - ::group::Pre task execution logs
[2024-12-08T05:15:21.481+0000] {taskinstance.py:2613} INFO - Dependencies all met for dep_context=non-requeueable deps ti=<TaskInstance: fetch_and_store_amazon_books.create_table scheduled__2024-07-08T00:00:00+00:00 [queued]>
[2024-12-08T05:15:21.506+0000] {taskinstance.py:2613} INFO - Dependencies all met for dep_context=requeueable deps ti=<TaskInstance: fetch_and_store_amazon_books.create_table scheduled__2024-07-08T00:00:00+00:00 [queued]>
[2024-12-08T05:15:21.508+0000] {taskinstance.py:2866} INFO - Starting attempt 1 of 2
[2024-12-08T05:15:21.545+0000] {taskinstance.py:2889} INFO - Executing <Task(PostgresOperator): create_table> on 2024-07-08 00:00:00+00:00
[2024-12-08T05:15:21.558+0000] {warnings.py:112} WARNING - /home/***/.local/lib/python3.12/site-packages/***/task/task_runner/standard_task_runner.py:70: DeprecationWarning: This process (pid=478) is multi-threaded, use of fork() may lead to deadlocks in the child.
  pid = os.fork()

[2024-12-08T05:15:21.563+0000] {standard_task_runner.py:72} INFO - Started process 508 to run task
[2024-12-08T05:15:21.562+0000] {standard_task_runner.py:104} INFO - Running: ['***', 'tasks', 'run', 'fetch_and_store_amazon_books', 'create_table', 'scheduled__2024-07-08T00:00:00+00:00', '--job-id', '74', '--raw', '--subdir', 'DAGS_FOLDER/app.py', '--cfg-path', '/tmp/tmpgk87jaxl']
[2024-12-08T05:15:21.564+0000] {standard_task_runner.py:105} INFO - Job 74: Subtask create_table
[2024-12-08T05:15:21.671+0000] {task_command.py:467} INFO - Running <TaskInstance: fetch_and_store_amazon_books.create_table scheduled__2024-07-08T00:00:00+00:00 [running]> on host 2b2f4f7613f2
[2024-12-08T05:15:21.892+0000] {taskinstance.py:3132} INFO - Exporting env vars: AIRFLOW_CTX_DAG_OWNER='***' AIRFLOW_CTX_DAG_ID='fetch_and_store_amazon_books' AIRFLOW_CTX_TASK_ID='create_table' AIRFLOW_CTX_EXECUTION_DATE='2024-07-08T00:00:00+00:00' AIRFLOW_CTX_TRY_NUMBER='1' AIRFLOW_CTX_DAG_RUN_ID='scheduled__2024-07-08T00:00:00+00:00'
[2024-12-08T05:15:21.896+0000] {logging_mixin.py:190} INFO - Task instance is in running state
[2024-12-08T05:15:21.897+0000] {logging_mixin.py:190} INFO -  Previous state of the Task instance: queued
[2024-12-08T05:15:21.898+0000] {logging_mixin.py:190} INFO - Current task name:create_table state:running start_date:2024-12-08 05:15:21.482659+00:00
[2024-12-08T05:15:21.899+0000] {logging_mixin.py:190} INFO - Dag name:fetch_and_store_amazon_books and current dag run status:running
[2024-12-08T05:15:21.900+0000] {taskinstance.py:731} INFO - ::endgroup::
[2024-12-08T05:15:21.901+0000] {sql.py:278} INFO - Executing: 
    CREATE TABLE IF NOT EXISTS books (
        id SERIAL PRIMARY KEY,
        title TEXT NOT NULL,
        authors TEXT,
        price TEXT,
        rating TEXT
    );
    
[2024-12-08T05:15:21.923+0000] {base.py:84} INFO - Retrieving connection 'books_connection'
[2024-12-08T05:15:21.939+0000] {base.py:84} INFO - Retrieving connection 'books_connection'
[2024-12-08T05:15:21.945+0000] {sql.py:544} INFO - Running statement: 
    CREATE TABLE IF NOT EXISTS books (
        id SERIAL PRIMARY KEY,
        title TEXT NOT NULL,
        authors TEXT,
        price TEXT,
        rating TEXT
    );
    , parameters: None
[2024-12-08T05:15:21.966+0000] {taskinstance.py:340} INFO - ::group::Post task execution logs
[2024-12-08T05:15:21.967+0000] {taskinstance.py:352} INFO - Marking task as SUCCESS. dag_id=fetch_and_store_amazon_books, task_id=create_table, run_id=scheduled__2024-07-08T00:00:00+00:00, execution_date=20240708T000000, start_date=20241208T051521, end_date=20241208T051521
[2024-12-08T05:15:21.990+0000] {logging_mixin.py:190} INFO - Task instance in success state
[2024-12-08T05:15:21.991+0000] {logging_mixin.py:190} INFO -  Previous state of the Task instance: running
[2024-12-08T05:15:21.992+0000] {logging_mixin.py:190} INFO - Dag name:fetch_and_store_amazon_books queued_at:2024-12-08 05:15:02.714182+00:00
[2024-12-08T05:15:21.993+0000] {logging_mixin.py:190} INFO - Task hostname:2b2f4f7613f2 operator:PostgresOperator
[2024-12-08T05:15:22.026+0000] {local_task_job_runner.py:266} INFO - Task exited with return code 0
[2024-12-08T05:15:22.079+0000] {taskinstance.py:3895} INFO - 1 downstream tasks scheduled from follow-on schedule check
[2024-12-08T05:15:22.082+0000] {local_task_job_runner.py:245} INFO - ::endgroup::
