[2024-12-08T05:16:40.896+0000] {local_task_job_runner.py:123} INFO - ::group::Pre task execution logs
[2024-12-08T05:16:40.985+0000] {taskinstance.py:2613} INFO - Dependencies all met for dep_context=non-requeueable deps ti=<TaskInstance: fetch_and_store_amazon_books.fetch_book_data scheduled__2024-08-18T00:00:00+00:00 [queued]>
[2024-12-08T05:16:41.029+0000] {taskinstance.py:2613} INFO - Dependencies all met for dep_context=requeueable deps ti=<TaskInstance: fetch_and_store_amazon_books.fetch_book_data scheduled__2024-08-18T00:00:00+00:00 [queued]>
[2024-12-08T05:16:41.031+0000] {taskinstance.py:2866} INFO - Starting attempt 1 of 2
[2024-12-08T05:16:41.072+0000] {taskinstance.py:2889} INFO - Executing <Task(PythonOperator): fetch_book_data> on 2024-08-18 00:00:00+00:00
[2024-12-08T05:16:41.091+0000] {warnings.py:112} WARNING - /home/***/.local/lib/python3.12/site-packages/***/task/task_runner/standard_task_runner.py:70: DeprecationWarning: This process (pid=900) is multi-threaded, use of fork() may lead to deadlocks in the child.
  pid = os.fork()

[2024-12-08T05:16:41.094+0000] {standard_task_runner.py:72} INFO - Started process 938 to run task
[2024-12-08T05:16:41.109+0000] {standard_task_runner.py:104} INFO - Running: ['***', 'tasks', 'run', 'fetch_and_store_amazon_books', 'fetch_book_data', 'scheduled__2024-08-18T00:00:00+00:00', '--job-id', '176', '--raw', '--subdir', 'DAGS_FOLDER/app.py', '--cfg-path', '/tmp/tmpgyyhs6wo']
[2024-12-08T05:16:41.111+0000] {standard_task_runner.py:105} INFO - Job 176: Subtask fetch_book_data
[2024-12-08T05:16:41.283+0000] {task_command.py:467} INFO - Running <TaskInstance: fetch_and_store_amazon_books.fetch_book_data scheduled__2024-08-18T00:00:00+00:00 [running]> on host 2b2f4f7613f2
[2024-12-08T05:16:41.624+0000] {taskinstance.py:3132} INFO - Exporting env vars: AIRFLOW_CTX_DAG_OWNER='***' AIRFLOW_CTX_DAG_ID='fetch_and_store_amazon_books' AIRFLOW_CTX_TASK_ID='fetch_book_data' AIRFLOW_CTX_EXECUTION_DATE='2024-08-18T00:00:00+00:00' AIRFLOW_CTX_TRY_NUMBER='1' AIRFLOW_CTX_DAG_RUN_ID='scheduled__2024-08-18T00:00:00+00:00'
[2024-12-08T05:16:41.628+0000] {logging_mixin.py:190} INFO - Task instance is in running state
[2024-12-08T05:16:41.629+0000] {logging_mixin.py:190} INFO -  Previous state of the Task instance: queued
[2024-12-08T05:16:41.631+0000] {logging_mixin.py:190} INFO - Current task name:fetch_book_data state:running start_date:2024-12-08 05:16:40.995432+00:00
[2024-12-08T05:16:41.632+0000] {logging_mixin.py:190} INFO - Dag name:fetch_and_store_amazon_books and current dag run status:running
[2024-12-08T05:16:41.633+0000] {taskinstance.py:731} INFO - ::endgroup::
[2024-12-08T05:16:46.736+0000] {python.py:240} INFO - Done. Returned value was: None
[2024-12-08T05:16:46.756+0000] {taskinstance.py:340} INFO - ::group::Post task execution logs
[2024-12-08T05:16:46.757+0000] {taskinstance.py:352} INFO - Marking task as SUCCESS. dag_id=fetch_and_store_amazon_books, task_id=fetch_book_data, run_id=scheduled__2024-08-18T00:00:00+00:00, execution_date=20240818T000000, start_date=20241208T051640, end_date=20241208T051646
[2024-12-08T05:16:46.776+0000] {logging_mixin.py:190} INFO - Task instance in success state
[2024-12-08T05:16:46.777+0000] {logging_mixin.py:190} INFO -  Previous state of the Task instance: running
[2024-12-08T05:16:46.778+0000] {logging_mixin.py:190} INFO - Dag name:fetch_and_store_amazon_books queued_at:2024-12-08 05:16:35.502276+00:00
[2024-12-08T05:16:46.781+0000] {logging_mixin.py:190} INFO - Task hostname:2b2f4f7613f2 operator:PythonOperator
[2024-12-08T05:16:46.806+0000] {local_task_job_runner.py:266} INFO - Task exited with return code 0
[2024-12-08T05:16:46.856+0000] {taskinstance.py:3895} INFO - 1 downstream tasks scheduled from follow-on schedule check
[2024-12-08T05:16:46.859+0000] {local_task_job_runner.py:245} INFO - ::endgroup::
