[2024-12-08T05:15:47.616+0000] {local_task_job_runner.py:123} INFO - ::group::Pre task execution logs
[2024-12-08T05:15:47.692+0000] {taskinstance.py:2613} INFO - Dependencies all met for dep_context=non-requeueable deps ti=<TaskInstance: fetch_and_store_amazon_books.create_table scheduled__2024-07-20T00:00:00+00:00 [queued]>
[2024-12-08T05:15:47.739+0000] {taskinstance.py:2613} INFO - Dependencies all met for dep_context=requeueable deps ti=<TaskInstance: fetch_and_store_amazon_books.create_table scheduled__2024-07-20T00:00:00+00:00 [queued]>
[2024-12-08T05:15:47.740+0000] {taskinstance.py:2866} INFO - Starting attempt 1 of 2
[2024-12-08T05:15:47.838+0000] {taskinstance.py:2889} INFO - Executing <Task(PostgresOperator): create_table> on 2024-07-20 00:00:00+00:00
[2024-12-08T05:15:47.859+0000] {warnings.py:112} WARNING - /home/***/.local/lib/python3.12/site-packages/***/task/task_runner/standard_task_runner.py:70: DeprecationWarning: This process (pid=612) is multi-threaded, use of fork() may lead to deadlocks in the child.
  pid = os.fork()

[2024-12-08T05:15:47.872+0000] {standard_task_runner.py:72} INFO - Started process 645 to run task
[2024-12-08T05:15:47.872+0000] {standard_task_runner.py:104} INFO - Running: ['***', 'tasks', 'run', 'fetch_and_store_amazon_books', 'create_table', 'scheduled__2024-07-20T00:00:00+00:00', '--job-id', '104', '--raw', '--subdir', 'DAGS_FOLDER/app.py', '--cfg-path', '/tmp/tmp7cqrixpf']
[2024-12-08T05:15:47.876+0000] {standard_task_runner.py:105} INFO - Job 104: Subtask create_table
[2024-12-08T05:15:48.029+0000] {task_command.py:467} INFO - Running <TaskInstance: fetch_and_store_amazon_books.create_table scheduled__2024-07-20T00:00:00+00:00 [running]> on host 2b2f4f7613f2
[2024-12-08T05:15:48.317+0000] {taskinstance.py:3132} INFO - Exporting env vars: AIRFLOW_CTX_DAG_OWNER='***' AIRFLOW_CTX_DAG_ID='fetch_and_store_amazon_books' AIRFLOW_CTX_TASK_ID='create_table' AIRFLOW_CTX_EXECUTION_DATE='2024-07-20T00:00:00+00:00' AIRFLOW_CTX_TRY_NUMBER='1' AIRFLOW_CTX_DAG_RUN_ID='scheduled__2024-07-20T00:00:00+00:00'
[2024-12-08T05:15:48.357+0000] {logging_mixin.py:190} INFO - Task instance is in running state
[2024-12-08T05:15:48.359+0000] {logging_mixin.py:190} INFO -  Previous state of the Task instance: queued
[2024-12-08T05:15:48.360+0000] {logging_mixin.py:190} INFO - Current task name:create_table state:running start_date:2024-12-08 05:15:47.694021+00:00
[2024-12-08T05:15:48.361+0000] {logging_mixin.py:190} INFO - Dag name:fetch_and_store_amazon_books and current dag run status:running
[2024-12-08T05:15:48.362+0000] {taskinstance.py:731} INFO - ::endgroup::
[2024-12-08T05:15:48.363+0000] {sql.py:278} INFO - Executing: 
    CREATE TABLE IF NOT EXISTS books (
        id SERIAL PRIMARY KEY,
        title TEXT NOT NULL,
        authors TEXT,
        price TEXT,
        rating TEXT
    );
    
[2024-12-08T05:15:48.385+0000] {base.py:84} INFO - Retrieving connection 'books_connection'
[2024-12-08T05:15:48.447+0000] {base.py:84} INFO - Retrieving connection 'books_connection'
[2024-12-08T05:15:48.459+0000] {sql.py:544} INFO - Running statement: 
    CREATE TABLE IF NOT EXISTS books (
        id SERIAL PRIMARY KEY,
        title TEXT NOT NULL,
        authors TEXT,
        price TEXT,
        rating TEXT
    );
    , parameters: None
[2024-12-08T05:15:48.491+0000] {taskinstance.py:340} INFO - ::group::Post task execution logs
[2024-12-08T05:15:48.497+0000] {taskinstance.py:352} INFO - Marking task as SUCCESS. dag_id=fetch_and_store_amazon_books, task_id=create_table, run_id=scheduled__2024-07-20T00:00:00+00:00, execution_date=20240720T000000, start_date=20241208T051547, end_date=20241208T051548
[2024-12-08T05:15:48.560+0000] {logging_mixin.py:190} INFO - Task instance in success state
[2024-12-08T05:15:48.566+0000] {logging_mixin.py:190} INFO -  Previous state of the Task instance: running
[2024-12-08T05:15:48.567+0000] {logging_mixin.py:190} INFO - Dag name:fetch_and_store_amazon_books queued_at:2024-12-08 05:15:32.958299+00:00
[2024-12-08T05:15:48.567+0000] {logging_mixin.py:190} INFO - Task hostname:2b2f4f7613f2 operator:PostgresOperator
[2024-12-08T05:15:48.636+0000] {local_task_job_runner.py:266} INFO - Task exited with return code 0
[2024-12-08T05:15:48.722+0000] {local_task_job_runner.py:245} INFO - ::endgroup::
