[2024-12-08T05:19:32.217+0000] {local_task_job_runner.py:123} INFO - ::group::Pre task execution logs
[2024-12-08T05:19:32.252+0000] {taskinstance.py:2613} INFO - Dependencies all met for dep_context=non-requeueable deps ti=<TaskInstance: fetch_and_store_amazon_books.create_table scheduled__2024-10-24T00:00:00+00:00 [queued]>
[2024-12-08T05:19:32.273+0000] {taskinstance.py:2613} INFO - Dependencies all met for dep_context=requeueable deps ti=<TaskInstance: fetch_and_store_amazon_books.create_table scheduled__2024-10-24T00:00:00+00:00 [queued]>
[2024-12-08T05:19:32.274+0000] {taskinstance.py:2866} INFO - Starting attempt 1 of 2
[2024-12-08T05:19:32.319+0000] {taskinstance.py:2889} INFO - Executing <Task(PostgresOperator): create_table> on 2024-10-24 00:00:00+00:00
[2024-12-08T05:19:32.340+0000] {warnings.py:112} WARNING - /home/***/.local/lib/python3.12/site-packages/***/task/task_runner/standard_task_runner.py:70: DeprecationWarning: This process (pid=1817) is multi-threaded, use of fork() may lead to deadlocks in the child.
  pid = os.fork()

[2024-12-08T05:19:32.351+0000] {standard_task_runner.py:72} INFO - Started process 1839 to run task
[2024-12-08T05:19:32.356+0000] {standard_task_runner.py:104} INFO - Running: ['***', 'tasks', 'run', 'fetch_and_store_amazon_books', 'create_table', 'scheduled__2024-10-24T00:00:00+00:00', '--job-id', '399', '--raw', '--subdir', 'DAGS_FOLDER/app.py', '--cfg-path', '/tmp/tmpn5d_1xk6']
[2024-12-08T05:19:32.358+0000] {standard_task_runner.py:105} INFO - Job 399: Subtask create_table
[2024-12-08T05:19:32.483+0000] {task_command.py:467} INFO - Running <TaskInstance: fetch_and_store_amazon_books.create_table scheduled__2024-10-24T00:00:00+00:00 [running]> on host 2b2f4f7613f2
[2024-12-08T05:19:32.651+0000] {taskinstance.py:3132} INFO - Exporting env vars: AIRFLOW_CTX_DAG_OWNER='***' AIRFLOW_CTX_DAG_ID='fetch_and_store_amazon_books' AIRFLOW_CTX_TASK_ID='create_table' AIRFLOW_CTX_EXECUTION_DATE='2024-10-24T00:00:00+00:00' AIRFLOW_CTX_TRY_NUMBER='1' AIRFLOW_CTX_DAG_RUN_ID='scheduled__2024-10-24T00:00:00+00:00'
[2024-12-08T05:19:32.654+0000] {logging_mixin.py:190} INFO - Task instance is in running state
[2024-12-08T05:19:32.655+0000] {logging_mixin.py:190} INFO -  Previous state of the Task instance: queued
[2024-12-08T05:19:32.656+0000] {logging_mixin.py:190} INFO - Current task name:create_table state:running start_date:2024-12-08 05:19:32.253622+00:00
[2024-12-08T05:19:32.658+0000] {logging_mixin.py:190} INFO - Dag name:fetch_and_store_amazon_books and current dag run status:running
[2024-12-08T05:19:32.659+0000] {taskinstance.py:731} INFO - ::endgroup::
[2024-12-08T05:19:32.660+0000] {sql.py:278} INFO - Executing: 
    CREATE TABLE IF NOT EXISTS books (
        id SERIAL PRIMARY KEY,
        title TEXT NOT NULL,
        authors TEXT,
        price TEXT,
        rating TEXT
    );
    
[2024-12-08T05:19:32.678+0000] {base.py:84} INFO - Retrieving connection 'books_connection'
[2024-12-08T05:19:32.721+0000] {base.py:84} INFO - Retrieving connection 'books_connection'
[2024-12-08T05:19:32.730+0000] {sql.py:544} INFO - Running statement: 
    CREATE TABLE IF NOT EXISTS books (
        id SERIAL PRIMARY KEY,
        title TEXT NOT NULL,
        authors TEXT,
        price TEXT,
        rating TEXT
    );
    , parameters: None
[2024-12-08T05:19:32.757+0000] {taskinstance.py:340} INFO - ::group::Post task execution logs
[2024-12-08T05:19:32.758+0000] {taskinstance.py:352} INFO - Marking task as SUCCESS. dag_id=fetch_and_store_amazon_books, task_id=create_table, run_id=scheduled__2024-10-24T00:00:00+00:00, execution_date=20241024T000000, start_date=20241208T051932, end_date=20241208T051932
[2024-12-08T05:19:32.786+0000] {logging_mixin.py:190} INFO - Task instance in success state
[2024-12-08T05:19:32.787+0000] {logging_mixin.py:190} INFO -  Previous state of the Task instance: running
[2024-12-08T05:19:32.788+0000] {logging_mixin.py:190} INFO - Dag name:fetch_and_store_amazon_books queued_at:2024-12-08 05:19:22.434804+00:00
[2024-12-08T05:19:32.789+0000] {logging_mixin.py:190} INFO - Task hostname:2b2f4f7613f2 operator:PostgresOperator
[2024-12-08T05:19:32.814+0000] {local_task_job_runner.py:266} INFO - Task exited with return code 0
[2024-12-08T05:19:32.860+0000] {taskinstance.py:3895} INFO - 1 downstream tasks scheduled from follow-on schedule check
[2024-12-08T05:19:32.875+0000] {local_task_job_runner.py:245} INFO - ::endgroup::
